#
# There is insufficient memory for the Java Runtime Environment to continue.
# Native memory allocation (malloc) failed to allocate 32744 bytes for ChunkPool::allocate
# Possible reasons:
#   The system is out of physical RAM or swap space
#   The process is running with CompressedOops enabled, and the Java Heap may be blocking the growth of the native heap
# Possible solutions:
#   Reduce memory load on the system
#   Increase physical memory or swap space
#   Check if swap backing store is full
#   Decrease Java heap size (-Xmx/-Xms)
#   Decrease number of Java threads
#   Decrease Java thread stack sizes (-Xss)
#   Set larger code cache with -XX:ReservedCodeCacheSize=
#   JVM is running with Unscaled Compressed Oops mode in which the Java heap is
#     placed in the first 4GB address space. The Java Heap base address is the
#     maximum limit for the native heap growth. Please use -XX:HeapBaseMinAddress
#     to set the Java Heap base and to place the Java Heap above 4GB virtual address.
# This output file may be truncated or incomplete.
#
#  Out of Memory Error (arena.cpp:79), pid=23280, tid=6668
#
# JRE version: OpenJDK Runtime Environment Microsoft-8902769 (17.0.10+7) (build 17.0.10+7-LTS)
# Java VM: OpenJDK 64-Bit Server VM Microsoft-8902769 (17.0.10+7-LTS, mixed mode, sharing, tiered, compressed oops, compressed class ptrs, g1 gc, windows-amd64)
# No core dump will be written. Minidumps are not enabled by default on client versions of Windows
#

---------------  S U M M A R Y ------------

Command Line: -Xmx64m -Xms64m -Dorg.gradle.appname=gradlew C:\Utils\UtilsApp\android\\gradle\wrapper\gradle-wrapper.jar assembleRelease

Host: AMD Ryzen 5 5600H with Radeon Graphics         12 cores, 7G,  Windows 11 64 bit Build 26100 (10.0.26100.5074)
Time: Fri Sep 12 15:09:12 2025 India Standard Time elapsed time: 182.309739 seconds (0d 0h 3m 2s)

---------------  T H R E A D  ---------------

Current thread (0x000002477f0b5c50):  JavaThread "C2 CompilerThread0" daemon [_thread_in_native, id=6668, stack(0x000000b1e1f00000,0x000000b1e2000000)]


Current CompileTask:
C2: 182310 1912       4       org.gradle.internal.logging.console.DefaultRedrawableLabel::redraw (163 bytes)

Stack: [0x000000b1e1f00000,0x000000b1e2000000]
Native frames: (J=compiled Java code, j=interpreted, Vv=VM code, C=native code)
V  [jvm.dll+0x67f829]
V  [jvm.dll+0x83750a]
V  [jvm.dll+0x838fce]
V  [jvm.dll+0x839633]
V  [jvm.dll+0x247cbf]
V  [jvm.dll+0xac721]
V  [jvm.dll+0xacb6c]
V  [jvm.dll+0x60ae40]
V  [jvm.dll+0x60afd9]
V  [jvm.dll+0x610ba7]
V  [jvm.dll+0x611a32]
V  [jvm.dll+0x60ff84]
V  [jvm.dll+0x21a278]
V  [jvm.dll+0x219821]
V  [jvm.dll+0x1a5176]
V  [jvm.dll+0x22957e]
V  [jvm.dll+0x22774c]
V  [jvm.dll+0x7ec5d7]
V  [jvm.dll+0x7e69da]
V  [jvm.dll+0x67e715]
C  [ucrtbase.dll+0x37b0]
C  [KERNEL32.DLL+0x2e8d7]
C  [ntdll.dll+0x8d9c]


---------------  P R O C E S S  ---------------

Threads class SMR info:
_java_thread_list=0x000002475c77caf0, length=13, elements={
0x0000024779cddf70, 0x000002477f0936b0, 0x000002477f094180, 0x000002477f0b05c0,
0x000002477f0b1ea0, 0x000002477f0b2770, 0x000002477f0b3040, 0x000002477f0b5c50,
0x000002477f0c3a80, 0x000002477f0d4b50, 0x0000024716c42aa0, 0x0000024716c45e90,
0x000002475c930080
}

Java Threads: ( => current thread )
  0x0000024779cddf70 JavaThread "main" [_thread_in_native, id=21016, stack(0x000000b1e1200000,0x000000b1e1300000)]
  0x000002477f0936b0 JavaThread "Reference Handler" daemon [_thread_blocked, id=29224, stack(0x000000b1e1900000,0x000000b1e1a00000)]
  0x000002477f094180 JavaThread "Finalizer" daemon [_thread_blocked, id=2488, stack(0x000000b1e1a00000,0x000000b1e1b00000)]
  0x000002477f0b05c0 JavaThread "Signal Dispatcher" daemon [_thread_blocked, id=9404, stack(0x000000b1e1b00000,0x000000b1e1c00000)]
  0x000002477f0b1ea0 JavaThread "Attach Listener" daemon [_thread_blocked, id=14304, stack(0x000000b1e1c00000,0x000000b1e1d00000)]
  0x000002477f0b2770 JavaThread "Service Thread" daemon [_thread_blocked, id=21544, stack(0x000000b1e1d00000,0x000000b1e1e00000)]
  0x000002477f0b3040 JavaThread "Monitor Deflation Thread" daemon [_thread_blocked, id=28140, stack(0x000000b1e1e00000,0x000000b1e1f00000)]
=>0x000002477f0b5c50 JavaThread "C2 CompilerThread0" daemon [_thread_in_native, id=6668, stack(0x000000b1e1f00000,0x000000b1e2000000)]
  0x000002477f0c3a80 JavaThread "C1 CompilerThread0" daemon [_thread_blocked, id=29544, stack(0x000000b1e2000000,0x000000b1e2100000)]
  0x000002477f0d4b50 JavaThread "Sweeper thread" daemon [_thread_blocked, id=30504, stack(0x000000b1e2100000,0x000000b1e2200000)]
  0x0000024716c42aa0 JavaThread "Notification Thread" daemon [_thread_blocked, id=18880, stack(0x000000b1e2200000,0x000000b1e2300000)]
  0x0000024716c45e90 JavaThread "Common-Cleaner" daemon [_thread_blocked, id=29472, stack(0x000000b1e2400000,0x000000b1e2500000)]
  0x000002475c930080 JavaThread "pool-1-thread-1" [_thread_blocked, id=14852, stack(0x000000b1e2800000,0x000000b1e2900000)]

Other Threads:
  0x000002477f08f8f0 VMThread "VM Thread" [stack: 0x000000b1e1800000,0x000000b1e1900000] [id=18256]
  0x0000024716c451d0 WatcherThread [stack: 0x000000b1e2300000,0x000000b1e2400000] [id=10512]
  0x0000024779cff4a0 GCTaskThread "GC Thread#0" [stack: 0x000000b1e1300000,0x000000b1e1400000] [id=20244]
  0x000002475c091680 GCTaskThread "GC Thread#1" [stack: 0x000000b1e2500000,0x000000b1e2600000] [id=18608]
  0x000002475c0bef00 GCTaskThread "GC Thread#2" [stack: 0x000000b1e2600000,0x000000b1e2700000] [id=21376]
  0x0000024716f77320 GCTaskThread "GC Thread#3" [stack: 0x000000b1e2700000,0x000000b1e2800000] [id=22656]
  0x000002475c7f9370 GCTaskThread "GC Thread#4" [stack: 0x000000b1e2900000,0x000000b1e2a00000] [id=27060]
  0x000002475cb0bab0 GCTaskThread "GC Thread#5" [stack: 0x000000b1e2a00000,0x000000b1e2b00000] [id=28788]
  0x000002475cb21e90 GCTaskThread "GC Thread#6" [stack: 0x000000b1e2b00000,0x000000b1e2c00000] [id=20660]
  0x0000024779d00b00 ConcurrentGCThread "G1 Main Marker" [stack: 0x000000b1e1400000,0x000000b1e1500000] [id=26188]
  0x0000024779d02100 ConcurrentGCThread "G1 Conc#0" [stack: 0x000000b1e1500000,0x000000b1e1600000] [id=3780]
  0x0000024779d8e3a0 ConcurrentGCThread "G1 Refine#0" [stack: 0x000000b1e1600000,0x000000b1e1700000] [id=28644]
  0x000002475cb22150 ConcurrentGCThread "G1 Refine#1" [stack: 0x000000b1e2c00000,0x000000b1e2d00000] [id=13012]
  0x0000024779d8eb80 ConcurrentGCThread "G1 Service" [stack: 0x000000b1e1700000,0x000000b1e1800000] [id=24996]

Threads with active compile tasks:
C2 CompilerThread0   183363 1912       4       org.gradle.internal.logging.console.DefaultRedrawableLabel::redraw (163 bytes)

VM state: not at safepoint (normal execution)

VM Mutex/Monitor currently owned by a thread: None

Heap address: 0x00000000fc000000, size: 64 MB, Compressed Oops mode: 32-bit

CDS archive(s) mapped at: [0x0000024717000000-0x0000024717bb0000-0x0000024717bb0000), size 12255232, SharedBaseAddress: 0x0000024717000000, ArchiveRelocationMode: 1.
Compressed class space mapped at: 0x0000024718000000-0x0000024758000000, reserved size: 1073741824
Narrow klass base: 0x0000024717000000, Narrow klass shift: 0, Narrow klass range: 0x100000000

GC Precious Log:
 CPUs: 12 total, 12 available
 Memory: 7521M
 Large Page Support: Disabled
 NUMA Support: Disabled
 Compressed Oops: Enabled (32-bit)
 Heap Region Size: 1M
 Heap Min Capacity: 64M
 Heap Initial Capacity: 64M
 Heap Max Capacity: 64M
 Pre-touch: Disabled
 Parallel Workers: 10
 Concurrent Workers: 3
 Concurrent Refinement Workers: 10
 Periodic GC: Disabled

Heap:
 garbage-first heap   total 65536K, used 20409K [0x00000000fc000000, 0x0000000100000000)
  region size 1024K, 14 young (14336K), 4 survivors (4096K)
 Metaspace       used 9354K, committed 9600K, reserved 1114112K
  class space    used 1231K, committed 1344K, reserved 1048576K

Heap Regions: E=young(eden), S=young(survivor), O=old, HS=humongous(starts), HC=humongous(continues), CS=collection set, F=free, OA=open archive, CA=closed archive, TAMS=top-at-mark-start (previous, next)
|   0|0x00000000fc000000, 0x00000000fc100000, 0x00000000fc100000|100%|HS|  |TAMS 0x00000000fc000000, 0x00000000fc000000| Complete 
|   1|0x00000000fc100000, 0x00000000fc200000, 0x00000000fc200000|100%|HC|  |TAMS 0x00000000fc100000, 0x00000000fc100000| Complete 
|   2|0x00000000fc200000, 0x00000000fc300000, 0x00000000fc300000|100%|HC|  |TAMS 0x00000000fc200000, 0x00000000fc200000| Complete 
|   3|0x00000000fc300000, 0x00000000fc400000, 0x00000000fc400000|100%| O|  |TAMS 0x00000000fc300000, 0x00000000fc300000| Untracked 
|   4|0x00000000fc400000, 0x00000000fc500000, 0x00000000fc500000|100%| O|  |TAMS 0x00000000fc400000, 0x00000000fc400000| Untracked 
|   5|0x00000000fc500000, 0x00000000fc600000, 0x00000000fc600000|100%| O|  |TAMS 0x00000000fc500000, 0x00000000fc500000| Untracked 
|   6|0x00000000fc600000, 0x00000000fc6ee400, 0x00000000fc700000| 93%| O|  |TAMS 0x00000000fc600000, 0x00000000fc600000| Untracked 
|   7|0x00000000fc700000, 0x00000000fc700000, 0x00000000fc800000|  0%| F|  |TAMS 0x00000000fc700000, 0x00000000fc700000| Untracked 
|   8|0x00000000fc800000, 0x00000000fc800000, 0x00000000fc900000|  0%| F|  |TAMS 0x00000000fc800000, 0x00000000fc800000| Untracked 
|   9|0x00000000fc900000, 0x00000000fc900000, 0x00000000fca00000|  0%| F|  |TAMS 0x00000000fc900000, 0x00000000fc900000| Untracked 
|  10|0x00000000fca00000, 0x00000000fca00000, 0x00000000fcb00000|  0%| F|  |TAMS 0x00000000fca00000, 0x00000000fca00000| Untracked 
|  11|0x00000000fcb00000, 0x00000000fcb00000, 0x00000000fcc00000|  0%| F|  |TAMS 0x00000000fcb00000, 0x00000000fcb00000| Untracked 
|  12|0x00000000fcc00000, 0x00000000fcc00000, 0x00000000fcd00000|  0%| F|  |TAMS 0x00000000fcc00000, 0x00000000fcc00000| Untracked 
|  13|0x00000000fcd00000, 0x00000000fcd00000, 0x00000000fce00000|  0%| F|  |TAMS 0x00000000fcd00000, 0x00000000fcd00000| Untracked 
|  14|0x00000000fce00000, 0x00000000fce00000, 0x00000000fcf00000|  0%| F|  |TAMS 0x00000000fce00000, 0x00000000fce00000| Untracked 
|  15|0x00000000fcf00000, 0x00000000fcf00000, 0x00000000fd000000|  0%| F|  |TAMS 0x00000000fcf00000, 0x00000000fcf00000| Untracked 
|  16|0x00000000fd000000, 0x00000000fd000000, 0x00000000fd100000|  0%| F|  |TAMS 0x00000000fd000000, 0x00000000fd000000| Untracked 
|  17|0x00000000fd100000, 0x00000000fd100000, 0x00000000fd200000|  0%| F|  |TAMS 0x00000000fd100000, 0x00000000fd100000| Untracked 
|  18|0x00000000fd200000, 0x00000000fd200000, 0x00000000fd300000|  0%| F|  |TAMS 0x00000000fd200000, 0x00000000fd200000| Untracked 
|  19|0x00000000fd300000, 0x00000000fd300000, 0x00000000fd400000|  0%| F|  |TAMS 0x00000000fd300000, 0x00000000fd300000| Untracked 
|  20|0x00000000fd400000, 0x00000000fd400000, 0x00000000fd500000|  0%| F|  |TAMS 0x00000000fd400000, 0x00000000fd400000| Untracked 
|  21|0x00000000fd500000, 0x00000000fd500000, 0x00000000fd600000|  0%| F|  |TAMS 0x00000000fd500000, 0x00000000fd500000| Untracked 
|  22|0x00000000fd600000, 0x00000000fd600000, 0x00000000fd700000|  0%| F|  |TAMS 0x00000000fd600000, 0x00000000fd600000| Untracked 
|  23|0x00000000fd700000, 0x00000000fd700000, 0x00000000fd800000|  0%| F|  |TAMS 0x00000000fd700000, 0x00000000fd700000| Untracked 
|  24|0x00000000fd800000, 0x00000000fd800000, 0x00000000fd900000|  0%| F|  |TAMS 0x00000000fd800000, 0x00000000fd800000| Untracked 
|  25|0x00000000fd900000, 0x00000000fd900000, 0x00000000fda00000|  0%| F|  |TAMS 0x00000000fd900000, 0x00000000fd900000| Untracked 
|  26|0x00000000fda00000, 0x00000000fda00000, 0x00000000fdb00000|  0%| F|  |TAMS 0x00000000fda00000, 0x00000000fda00000| Untracked 
|  27|0x00000000fdb00000, 0x00000000fdb00000, 0x00000000fdc00000|  0%| F|  |TAMS 0x00000000fdb00000, 0x00000000fdb00000| Untracked 
|  28|0x00000000fdc00000, 0x00000000fdd00000, 0x00000000fdd00000|100%| S|CS|TAMS 0x00000000fdc00000, 0x00000000fdc00000| Complete 
|  29|0x00000000fdd00000, 0x00000000fde00000, 0x00000000fde00000|100%| S|CS|TAMS 0x00000000fdd00000, 0x00000000fdd00000| Complete 
|  30|0x00000000fde00000, 0x00000000fdf00000, 0x00000000fdf00000|100%| S|CS|TAMS 0x00000000fde00000, 0x00000000fde00000| Complete 
|  31|0x00000000fdf00000, 0x00000000fe000000, 0x00000000fe000000|100%| S|CS|TAMS 0x00000000fdf00000, 0x00000000fdf00000| Complete 
|  32|0x00000000fe000000, 0x00000000fe000000, 0x00000000fe100000|  0%| F|  |TAMS 0x00000000fe000000, 0x00000000fe000000| Untracked 
|  33|0x00000000fe100000, 0x00000000fe100000, 0x00000000fe200000|  0%| F|  |TAMS 0x00000000fe100000, 0x00000000fe100000| Untracked 
|  34|0x00000000fe200000, 0x00000000fe200000, 0x00000000fe300000|  0%| F|  |TAMS 0x00000000fe200000, 0x00000000fe200000| Untracked 
|  35|0x00000000fe300000, 0x00000000fe300000, 0x00000000fe400000|  0%| F|  |TAMS 0x00000000fe300000, 0x00000000fe300000| Untracked 
|  36|0x00000000fe400000, 0x00000000fe400000, 0x00000000fe500000|  0%| F|  |TAMS 0x00000000fe400000, 0x00000000fe400000| Untracked 
|  37|0x00000000fe500000, 0x00000000fe500000, 0x00000000fe600000|  0%| F|  |TAMS 0x00000000fe500000, 0x00000000fe500000| Untracked 
|  38|0x00000000fe600000, 0x00000000fe600000, 0x00000000fe700000|  0%| F|  |TAMS 0x00000000fe600000, 0x00000000fe600000| Untracked 
|  39|0x00000000fe700000, 0x00000000fe700000, 0x00000000fe800000|  0%| F|  |TAMS 0x00000000fe700000, 0x00000000fe700000| Untracked 
|  40|0x00000000fe800000, 0x00000000fe800000, 0x00000000fe900000|  0%| F|  |TAMS 0x00000000fe800000, 0x00000000fe800000| Untracked 
|  41|0x00000000fe900000, 0x00000000fe900000, 0x00000000fea00000|  0%| F|  |TAMS 0x00000000fe900000, 0x00000000fe900000| Untracked 
|  42|0x00000000fea00000, 0x00000000fea00000, 0x00000000feb00000|  0%| F|  |TAMS 0x00000000fea00000, 0x00000000fea00000| Untracked 
|  43|0x00000000feb00000, 0x00000000feb00000, 0x00000000fec00000|  0%| F|  |TAMS 0x00000000feb00000, 0x00000000feb00000| Untracked 
|  44|0x00000000fec00000, 0x00000000fec00000, 0x00000000fed00000|  0%| F|  |TAMS 0x00000000fec00000, 0x00000000fec00000| Untracked 
|  45|0x00000000fed00000, 0x00000000fed00000, 0x00000000fee00000|  0%| F|  |TAMS 0x00000000fed00000, 0x00000000fed00000| Untracked 
|  46|0x00000000fee00000, 0x00000000fee00000, 0x00000000fef00000|  0%| F|  |TAMS 0x00000000fee00000, 0x00000000fee00000| Untracked 
|  47|0x00000000fef00000, 0x00000000fef00000, 0x00000000ff000000|  0%| F|  |TAMS 0x00000000fef00000, 0x00000000fef00000| Untracked 
|  48|0x00000000ff000000, 0x00000000ff000000, 0x00000000ff100000|  0%| F|  |TAMS 0x00000000ff000000, 0x00000000ff000000| Untracked 
|  49|0x00000000ff100000, 0x00000000ff100000, 0x00000000ff200000|  0%| F|  |TAMS 0x00000000ff100000, 0x00000000ff100000| Untracked 
|  50|0x00000000ff200000, 0x00000000ff200000, 0x00000000ff300000|  0%| F|  |TAMS 0x00000000ff200000, 0x00000000ff200000| Untracked 
|  51|0x00000000ff300000, 0x00000000ff300000, 0x00000000ff400000|  0%| F|  |TAMS 0x00000000ff300000, 0x00000000ff300000| Untracked 
|  52|0x00000000ff400000, 0x00000000ff400000, 0x00000000ff500000|  0%| F|  |TAMS 0x00000000ff400000, 0x00000000ff400000| Untracked 
|  53|0x00000000ff500000, 0x00000000ff500000, 0x00000000ff600000|  0%| F|  |TAMS 0x00000000ff500000, 0x00000000ff500000| Untracked 
|  54|0x00000000ff600000, 0x00000000ff6486a0, 0x00000000ff700000| 28%| E|  |TAMS 0x00000000ff600000, 0x00000000ff600000| Complete 
|  55|0x00000000ff700000, 0x00000000ff800000, 0x00000000ff800000|100%| E|CS|TAMS 0x00000000ff700000, 0x00000000ff700000| Complete 
|  56|0x00000000ff800000, 0x00000000ff900000, 0x00000000ff900000|100%| E|CS|TAMS 0x00000000ff800000, 0x00000000ff800000| Complete 
|  57|0x00000000ff900000, 0x00000000ffa00000, 0x00000000ffa00000|100%| E|CS|TAMS 0x00000000ff900000, 0x00000000ff900000| Complete 
|  58|0x00000000ffa00000, 0x00000000ffb00000, 0x00000000ffb00000|100%| E|CS|TAMS 0x00000000ffa00000, 0x00000000ffa00000| Complete 
|  59|0x00000000ffb00000, 0x00000000ffc00000, 0x00000000ffc00000|100%| E|CS|TAMS 0x00000000ffb00000, 0x00000000ffb00000| Complete 
|  60|0x00000000ffc00000, 0x00000000ffd00000, 0x00000000ffd00000|100%| E|CS|TAMS 0x00000000ffc00000, 0x00000000ffc00000| Complete 
|  61|0x00000000ffd00000, 0x00000000ffe00000, 0x00000000ffe00000|100%| E|CS|TAMS 0x00000000ffd00000, 0x00000000ffd00000| Complete 
|  62|0x00000000ffe00000, 0x00000000fff00000, 0x00000000fff00000|100%| E|CS|TAMS 0x00000000ffe00000, 0x00000000ffe00000| Complete 
|  63|0x00000000fff00000, 0x0000000100000000, 0x0000000100000000|100%| E|CS|TAMS 0x00000000fff00000, 0x00000000fff00000| Complete 

Card table byte_map: [0x000002477a0e0000,0x000002477a100000] _byte_map_base: 0x0000024779900000

Marking Bits (Prev, Next): (CMBitMap*) 0x0000024779cff9d0, (CMBitMap*) 0x0000024779cffa10
 Prev Bits: [0x000002477c280000, 0x000002477c380000)
 Next Bits: [0x000002477c380000, 0x000002477c480000)

Polling page: 0x0000024779fa0000

Metaspace:

Usage:
  Non-class:      7.93 MB used.
      Class:      1.20 MB used.
       Both:      9.14 MB used.

Virtual space:
  Non-class space:       64.00 MB reserved,       8.06 MB ( 13%) committed,  1 nodes.
      Class space:        1.00 GB reserved,       1.31 MB ( <1%) committed,  1 nodes.
             Both:        1.06 GB reserved,       9.38 MB ( <1%) committed. 

Chunk freelists:
   Non-Class:  7.67 MB
       Class:  14.51 MB
        Both:  22.19 MB

MaxMetaspaceSize: unlimited
CompressedClassSpaceSize: 1.00 GB
Initial GC threshold: 21.00 MB
Current GC threshold: 21.00 MB
CDS: on
MetaspaceReclaimPolicy: balanced
 - commit_granule_bytes: 65536.
 - commit_granule_words: 8192.
 - virtual_space_node_default_size: 8388608.
 - enlarge_chunks_in_place: 1.
 - new_chunks_are_fully_committed: 0.
 - uncommit_free_chunks: 1.
 - use_allocation_guard: 0.
 - handle_deallocations: 1.


Internal statistics:

num_allocs_failed_limit: 0.
num_arena_births: 78.
num_arena_deaths: 0.
num_vsnodes_births: 2.
num_vsnodes_deaths: 0.
num_space_committed: 150.
num_space_uncommitted: 0.
num_chunks_returned_to_freelist: 0.
num_chunks_taken_from_freelist: 342.
num_chunk_merges: 0.
num_chunk_splits: 226.
num_chunks_enlarged: 178.
num_inconsistent_stats: 0.

CodeHeap 'non-profiled nmethods': size=120000Kb used=722Kb max_used=722Kb free=119277Kb
 bounds [0x000002470f530000, 0x000002470f7a0000, 0x0000024716a60000]
CodeHeap 'profiled nmethods': size=120000Kb used=3635Kb max_used=3635Kb free=116365Kb
 bounds [0x0000024707a60000, 0x0000024707df0000, 0x000002470ef90000]
CodeHeap 'non-nmethods': size=5760Kb used=1172Kb max_used=1189Kb free=4588Kb
 bounds [0x000002470ef90000, 0x000002470f200000, 0x000002470f530000]
 total_blobs=2379 nmethods=1911 adapters=381
 compilation: enabled
              stopped_count=0, restarted_count=0
 full_count=0

Compilation events (20 events):
Event: 171.876 Thread 0x000002477f0c3a80 1903       3       sun.nio.cs.StreamEncoder::implWrite (137 bytes)
Event: 171.876 Thread 0x000002477f0b5c50 nmethod 1902 0x000002470f5e3e10 code [0x000002470f5e3f80, 0x000002470f5e4038]
Event: 171.879 Thread 0x000002477f0c3a80 nmethod 1903 0x0000024707de9690 code [0x0000024707de9900, 0x0000024707dea2c8]
Event: 172.886 Thread 0x000002477f0c3a80 1904       3       com.google.common.collect.Iterators$ArrayItr::<init> (13 bytes)
Event: 172.887 Thread 0x000002477f0c3a80 nmethod 1904 0x0000024707dea690 code [0x0000024707dea860, 0x0000024707deac08]
Event: 172.887 Thread 0x000002477f0c3a80 1905       3       com.google.common.collect.AbstractIndexedListIterator::<init> (21 bytes)
Event: 172.888 Thread 0x000002477f0c3a80 nmethod 1905 0x0000024707deae10 code [0x0000024707deafe0, 0x0000024707deb2c8]
Event: 172.888 Thread 0x000002477f0c3a80 1906       3       com.google.common.collect.UnmodifiableListIterator::<init> (5 bytes)
Event: 172.888 Thread 0x000002477f0c3a80 nmethod 1906 0x0000024707deb410 code [0x0000024707deb5c0, 0x0000024707deb778]
Event: 173.886 Thread 0x000002477f0c3a80 1907       3       com.google.common.collect.ImmutableList::iterator (5 bytes)
Event: 173.888 Thread 0x000002477f0c3a80 nmethod 1907 0x0000024707deb890 code [0x0000024707deba40, 0x0000024707debdc8]
Event: 173.888 Thread 0x000002477f0c3a80 1908       3       com.google.common.collect.ImmutableList::iterator (5 bytes)
Event: 173.890 Thread 0x000002477f0c3a80 nmethod 1908 0x0000024707debf10 code [0x0000024707dec120, 0x0000024707dec8d8]
Event: 176.876 Thread 0x000002477f0b5c50 1909       4       com.google.common.base.Preconditions::checkNotNull (14 bytes)
Event: 176.876 Thread 0x000002477f0b5c50 nmethod 1909 0x000002470f5e4110 code [0x000002470f5e4280, 0x000002470f5e42f8]
Event: 179.181 Thread 0x000002477f0b5c50 1910       4       java.lang.AbstractStringBuilder::shift (37 bytes)
Event: 179.182 Thread 0x000002477f0b5c50 nmethod 1910 0x000002470f5e4410 code [0x000002470f5e4580, 0x000002470f5e4698]
Event: 180.076 Thread 0x000002477f0b5c50 1911       4       java.util.concurrent.ScheduledThreadPoolExecutor::canRunInCurrentRunState (61 bytes)
Event: 180.079 Thread 0x000002477f0b5c50 nmethod 1911 0x000002470f5e4790 code [0x000002470f5e4900, 0x000002470f5e49b8]
Event: 180.282 Thread 0x000002477f0b5c50 1912       4       org.gradle.internal.logging.console.DefaultRedrawableLabel::redraw (163 bytes)

GC Heap History (4 events):
Event: 0.429 GC heap before
{Heap before GC invocations=0 (full 0):
 garbage-first heap   total 65536K, used 22528K [0x00000000fc000000, 0x0000000100000000)
  region size 1024K, 23 young (23552K), 0 survivors (0K)
 Metaspace       used 1699K, committed 1792K, reserved 1114112K
  class space    used 157K, committed 192K, reserved 1048576K
}
Event: 0.432 GC heap after
{Heap after GC invocations=1 (full 0):
 garbage-first heap   total 65536K, used 1840K [0x00000000fc000000, 0x0000000100000000)
  region size 1024K, 2 young (2048K), 2 survivors (2048K)
 Metaspace       used 1699K, committed 1792K, reserved 1114112K
  class space    used 157K, committed 192K, reserved 1048576K
}
Event: 1.220 GC heap before
{Heap before GC invocations=1 (full 0):
 garbage-first heap   total 65536K, used 34608K [0x00000000fc000000, 0x0000000100000000)
  region size 1024K, 32 young (32768K), 2 survivors (2048K)
 Metaspace       used 7327K, committed 7552K, reserved 1114112K
  class space    used 991K, committed 1088K, reserved 1048576K
}
Event: 1.226 GC heap after
{Heap after GC invocations=2 (full 0):
 garbage-first heap   total 65536K, used 11193K [0x00000000fc000000, 0x0000000100000000)
  region size 1024K, 4 young (4096K), 4 survivors (4096K)
 Metaspace       used 7327K, committed 7552K, reserved 1114112K
  class space    used 991K, committed 1088K, reserved 1048576K
}

Dll operation events (13 events):
Event: 0.010 Loaded shared library C:\Program Files\Microsoft\jdk-17.0.10.7-hotspot\bin\java.dll
Event: 0.026 Loaded shared library C:\Program Files\Microsoft\jdk-17.0.10.7-hotspot\bin\jsvml.dll
Event: 0.053 Loaded shared library C:\Program Files\Microsoft\jdk-17.0.10.7-hotspot\bin\net.dll
Event: 0.055 Loaded shared library C:\Program Files\Microsoft\jdk-17.0.10.7-hotspot\bin\nio.dll
Event: 0.059 Loaded shared library C:\Program Files\Microsoft\jdk-17.0.10.7-hotspot\bin\zip.dll
Event: 0.065 Loaded shared library C:\Program Files\Microsoft\jdk-17.0.10.7-hotspot\bin\verify.dll
Event: 0.434 Loaded shared library C:\Program Files\Microsoft\jdk-17.0.10.7-hotspot\bin\jimage.dll
Event: 0.777 Loaded shared library C:\Program Files\Microsoft\jdk-17.0.10.7-hotspot\bin\management.dll
Event: 0.779 Loaded shared library C:\Program Files\Microsoft\jdk-17.0.10.7-hotspot\bin\management_ext.dll
Event: 0.821 Loaded shared library C:\Users\Mazahir Ali\.gradle\native\1def1411415f61bf3af743bc5b6707747c0891f09f0c88961ee8f79bc544acac\windows-amd64\native-platform.dll
Event: 0.854 Loaded shared library C:\Users\Mazahir Ali\.gradle\native\jansi\1.18\windows64\jansi.dll
Event: 1.146 Loaded shared library C:\Program Files\Microsoft\jdk-17.0.10.7-hotspot\bin\extnet.dll
Event: 1.387 Loaded shared library C:\Program Files\Microsoft\jdk-17.0.10.7-hotspot\bin\sunmscapi.dll

Deoptimization events (20 events):
Event: 1.374 Thread 0x0000024779cddf70 Uncommon trap: trap_request=0xffffffde fr.pc=0x000002470f56d954 relative=0x00000000000000b4
Event: 1.374 Thread 0x0000024779cddf70 Uncommon trap: reason=class_check action=maybe_recompile pc=0x000002470f56d954 method=java.util.AbstractList$Itr.next()Ljava/lang/Object; @ 14 c2
Event: 1.374 Thread 0x0000024779cddf70 DEOPT PACKING pc=0x000002470f56d954 sp=0x000000b1e12fc840
Event: 1.374 Thread 0x0000024779cddf70 DEOPT UNPACKING pc=0x000002470efe69a3 sp=0x000000b1e12fc7d8 mode 2
Event: 1.410 Thread 0x0000024779cddf70 Uncommon trap: trap_request=0xffffffde fr.pc=0x000002470f56d5f4 relative=0x0000000000000074
Event: 1.410 Thread 0x0000024779cddf70 Uncommon trap: reason=class_check action=maybe_recompile pc=0x000002470f56d5f4 method=java.util.AbstractList$Itr.hasNext()Z @ 8 c2
Event: 1.410 Thread 0x0000024779cddf70 DEOPT PACKING pc=0x000002470f56d5f4 sp=0x000000b1e12fc0a0
Event: 1.410 Thread 0x0000024779cddf70 DEOPT UNPACKING pc=0x000002470efe69a3 sp=0x000000b1e12fc038 mode 2
Event: 1.410 Thread 0x0000024779cddf70 Uncommon trap: trap_request=0xffffffde fr.pc=0x000002470f56d954 relative=0x00000000000000b4
Event: 1.410 Thread 0x0000024779cddf70 Uncommon trap: reason=class_check action=maybe_recompile pc=0x000002470f56d954 method=java.util.AbstractList$Itr.next()Ljava/lang/Object; @ 14 c2
Event: 1.410 Thread 0x0000024779cddf70 DEOPT PACKING pc=0x000002470f56d954 sp=0x000000b1e12fc090
Event: 1.410 Thread 0x0000024779cddf70 DEOPT UNPACKING pc=0x000002470efe69a3 sp=0x000000b1e12fc028 mode 2
Event: 1.444 Thread 0x0000024779cddf70 Uncommon trap: trap_request=0xffffffde fr.pc=0x000002470f56d5f4 relative=0x0000000000000074
Event: 1.444 Thread 0x0000024779cddf70 Uncommon trap: reason=class_check action=maybe_recompile pc=0x000002470f56d5f4 method=java.util.AbstractList$Itr.hasNext()Z @ 8 c2
Event: 1.444 Thread 0x0000024779cddf70 DEOPT PACKING pc=0x000002470f56d5f4 sp=0x000000b1e12fd050
Event: 1.444 Thread 0x0000024779cddf70 DEOPT UNPACKING pc=0x000002470efe69a3 sp=0x000000b1e12fcfe8 mode 2
Event: 1.482 Thread 0x000002475c930080 Uncommon trap: trap_request=0xffffffde fr.pc=0x000002470f56d954 relative=0x00000000000000b4
Event: 1.482 Thread 0x000002475c930080 Uncommon trap: reason=class_check action=maybe_recompile pc=0x000002470f56d954 method=java.util.AbstractList$Itr.next()Ljava/lang/Object; @ 14 c2
Event: 1.482 Thread 0x000002475c930080 DEOPT PACKING pc=0x000002470f56d954 sp=0x000000b1e28fe800
Event: 1.482 Thread 0x000002475c930080 DEOPT UNPACKING pc=0x000002470efe69a3 sp=0x000000b1e28fe798 mode 2

Classes unloaded (0 events):
No events

Classes redefined (0 events):
No events

Internal exceptions (20 events):
Event: 0.775 Thread 0x0000024779cddf70 Exception <a 'java/lang/NoSuchMethodError'{0x00000000ff0ce738}: 'java.lang.Object java.lang.invoke.DirectMethodHandle$Holder.invokeStaticInit(java.lang.Object)'> (0x00000000ff0ce738) 
thrown [s\src\hotspot\share\interpreter\linkResolver.cpp, line 759]
Event: 0.784 Thread 0x0000024779cddf70 Exception <a 'java/lang/NoSuchMethodError'{0x00000000ff0e95c8}: 'int java.lang.invoke.DirectMethodHandle$Holder.invokeSpecial(java.lang.Object, java.lang.Object, java.lang.Object)'> (0x00000000ff0e95c8) 
thrown [s\src\hotspot\share\interpreter\linkResolver.cpp, line 759]
Event: 0.791 Thread 0x0000024779cddf70 Exception <a 'java/lang/NoSuchMethodError'{0x00000000fef27640}: 'void java.lang.invoke.DirectMethodHandle$Holder.invokeStatic(java.lang.Object, java.lang.Object)'> (0x00000000fef27640) 
thrown [s\src\hotspot\share\interpreter\linkResolver.cpp, line 759]
Event: 0.792 Thread 0x0000024779cddf70 Implicit null exception at 0x000002470f59480f to 0x000002470f594d54
Event: 0.792 Thread 0x0000024779cddf70 Implicit null exception at 0x000002470f57a68a to 0x000002470f57abd0
Event: 0.792 Thread 0x0000024779cddf70 Implicit null exception at 0x000002470f560f0f to 0x000002470f560f89
Event: 0.804 Thread 0x0000024779cddf70 Exception <a 'java/lang/NoClassDefFoundError'{0x00000000fefa4168}: org/slf4j/impl/StaticMarkerBinder> (0x00000000fefa4168) 
thrown [s\src\hotspot\share\classfile\systemDictionary.cpp, line 245]
Event: 0.830 Thread 0x0000024779cddf70 Exception <a 'java/lang/NoSuchMethodError'{0x00000000feec9e60}: 'java.lang.Object java.lang.invoke.Invokers$Holder.invoker(java.lang.Object, java.lang.Object, java.lang.Object)'> (0x00000000feec9e60) 
thrown [s\src\hotspot\share\interpreter\linkResolver.cpp, line 759]
Event: 0.831 Thread 0x0000024779cddf70 Exception <a 'java/lang/NoSuchMethodError'{0x00000000feed2fb8}: 'java.lang.Object java.lang.invoke.DirectMethodHandle$Holder.invokeStatic(java.lang.Object, java.lang.Object, int)'> (0x00000000feed2fb8) 
thrown [s\src\hotspot\share\interpreter\linkResolver.cpp, line 759]
Event: 0.832 Thread 0x0000024779cddf70 Exception <a 'java/lang/NoSuchMethodError'{0x00000000feedeca8}: 'void java.lang.invoke.DelegatingMethodHandle$Holder.delegate(java.lang.Object, java.lang.Object, int, java.lang.Object)'> (0x00000000feedeca8) 
thrown [s\src\hotspot\share\interpreter\linkResolver.cpp, line 759]
Event: 0.834 Thread 0x0000024779cddf70 Exception <a 'java/lang/NoSuchMethodError'{0x00000000feef22f0}: 'java.lang.Object java.lang.invoke.Invokers$Holder.invokeExact_MT(java.lang.Object, java.lang.Object, java.lang.Object, java.lang.Object)'> (0x00000000feef22f0) 
thrown [s\src\hotspot\share\interpreter\linkResolver.cpp, line 759]
Event: 0.839 Thread 0x0000024779cddf70 Exception <a 'java/lang/NoSuchMethodError'{0x00000000fed1d510}: 'java.lang.Object java.lang.invoke.DirectMethodHandle$Holder.invokeVirtual(java.lang.Object, java.lang.Object, java.lang.Object)'> (0x00000000fed1d510) 
thrown [s\src\hotspot\share\interpreter\linkResolver.cpp, line 759]
Event: 0.908 Thread 0x0000024779cddf70 Exception <a 'java/lang/NoSuchMethodError'{0x00000000fe9344d8}: 'java.lang.Object java.lang.invoke.DirectMethodHandle$Holder.newInvokeSpecial(java.lang.Object, java.lang.Object, java.lang.Object, java.lang.Object, java.lang.Object)'> (0x00000000fe9344d8) 
thrown [s\src\hotspot\share\interpreter\linkResolver.cpp, line 759]
Event: 0.926 Thread 0x0000024779cddf70 Exception <a 'java/lang/NoSuchMethodError'{0x00000000fe662fa8}: 'void java.lang.invoke.DirectMethodHandle$Holder.invokeSpecial(java.lang.Object, java.lang.Object, java.lang.Object)'> (0x00000000fe662fa8) 
thrown [s\src\hotspot\share\interpreter\linkResolver.cpp, line 759]
Event: 1.149 Thread 0x0000024779cddf70 Exception <a 'java/lang/NoSuchMethodError'{0x00000000fe4d5918}: 'void java.lang.invoke.DirectMethodHandle$Holder.invokeStatic(java.lang.Object, java.lang.Object, java.lang.Object)'> (0x00000000fe4d5918) 
thrown [s\src\hotspot\share\interpreter\linkResolver.cpp, line 759]
Event: 1.199 Thread 0x0000024779cddf70 Exception <a 'java/lang/NoSuchMethodError'{0x00000000fe1bf360}: 'java.lang.Object java.lang.invoke.DirectMethodHandle$Holder.newInvokeSpecial(java.lang.Object, java.lang.Object, java.lang.Object, java.lang.Object, java.lang.Object, java.lang.Object, java.lang.Object, java.lang.Object, java.lang.Object, java.lang.Object, java.lang.Object, java.lang.Object, java.lang.Object, java.lang.Object, java.lang.Object, java.lang.Object, java.lang.Object, java.lang.Object, java.lang.Object, java.lang.Object, java.lang
Event: 1.200 Thread 0x0000024779cddf70 Exception <a 'java/lang/NoSuchMethodError'{0x00000000fe1cb968}: 'java.lang.Object java.lang.invoke.Invokers$Holder.linkToTargetMethod(java.lang.Object, java.lang.Object, java.lang.Object, java.lang.Object, java.lang.Object, java.lang.Object, java.lang.Object, java.lang.Object, java.lang.Object, java.lang.Object, java.lang.Object, java.lang.Object, java.lang.Object, java.lang.Object, java.lang.Object, java.lang.Object, java.lang.Object, java.lang.Object, java.lang.Object, java.lang.Object, java.lang.Object,
Event: 1.246 Thread 0x0000024779cddf70 Exception <a 'java/lang/NoSuchMethodError'{0x00000000ffe30480}: 'java.lang.Object java.lang.invoke.DirectMethodHandle$Holder.invokeStaticInit(java.lang.Object, int, int, int, int)'> (0x00000000ffe30480) 
thrown [s\src\hotspot\share\interpreter\linkResolver.cpp, line 759]
Event: 1.342 Thread 0x0000024779cddf70 Exception <a 'java/lang/NoSuchMethodError'{0x00000000ffed6e78}: 'java.lang.Object java.lang.invoke.DirectMethodHandle$Holder.invokeStaticInit(java.lang.Object, java.lang.Object, int, int, int, int)'> (0x00000000ffed6e78) 
thrown [s\src\hotspot\share\interpreter\linkResolver.cpp, line 759]
Event: 1.361 Thread 0x0000024779cddf70 Implicit null exception at 0x000002470f5723f2 to 0x000002470f5729c0

VM Operations (20 events):
Event: 81.347 Executing VM operation: Cleanup
Event: 81.347 Executing VM operation: Cleanup done
Event: 120.516 Executing VM operation: Cleanup
Event: 120.516 Executing VM operation: Cleanup done
Event: 121.523 Executing VM operation: Cleanup
Event: 121.523 Executing VM operation: Cleanup done
Event: 123.530 Executing VM operation: Cleanup
Event: 123.530 Executing VM operation: Cleanup done
Event: 135.573 Executing VM operation: Cleanup
Event: 135.573 Executing VM operation: Cleanup done
Event: 150.629 Executing VM operation: Cleanup
Event: 150.629 Executing VM operation: Cleanup done
Event: 160.663 Executing VM operation: Cleanup
Event: 160.663 Executing VM operation: Cleanup done
Event: 167.685 Executing VM operation: Cleanup
Event: 167.685 Executing VM operation: Cleanup done
Event: 173.725 Executing VM operation: Cleanup
Event: 173.725 Executing VM operation: Cleanup done
Event: 175.728 Executing VM operation: Cleanup
Event: 175.728 Executing VM operation: Cleanup done

Events (20 events):
Event: 1.422 loading class sun/nio/ch/SinkChannelImpl done
Event: 1.424 loading class sun/nio/ch/SelectionKeyImpl
Event: 1.424 loading class java/nio/channels/spi/AbstractSelectionKey
Event: 1.424 loading class java/nio/channels/SelectionKey
Event: 1.424 loading class java/nio/channels/SelectionKey done
Event: 1.424 loading class java/nio/channels/spi/AbstractSelectionKey done
Event: 1.424 loading class sun/nio/ch/SelectionKeyImpl done
Event: 1.424 loading class java/lang/invoke/ConstantBootstraps
Event: 1.424 loading class java/lang/invoke/ConstantBootstraps done
Event: 1.438 loading class jdk/internal/misc/ScopedMemoryAccess$Scope
Event: 1.438 loading class jdk/internal/misc/ScopedMemoryAccess$Scope done
Event: 1.444 loading class java/nio/channels/spi/AbstractSelector$1
Event: 1.444 loading class java/nio/channels/spi/AbstractSelector$1 done
Event: 1.482 loading class java/util/AbstractList$ListItr
Event: 1.482 loading class java/util/AbstractList$ListItr done
Event: 1.557 loading class java/util/concurrent/Executors$FinalizableDelegatedExecutorService
Event: 1.557 loading class java/util/concurrent/Executors$FinalizableDelegatedExecutorService done
Event: 1.776 Thread 0x000002475cb919b0 Thread exited: 0x000002475cb919b0
Event: 7.384 loading class java/util/ArrayList$ListItr
Event: 7.384 loading class java/util/ArrayList$ListItr done


Dynamic libraries:
0x00007ff7ae420000 - 0x00007ff7ae42e000 	C:\Program Files\Microsoft\jdk-17.0.10.7-hotspot\bin\java.exe
0x00007ffe5c980000 - 0x00007ffe5cbe9000 	C:\WINDOWS\SYSTEM32\ntdll.dll
0x00007ffe5b510000 - 0x00007ffe5b5d9000 	C:\WINDOWS\System32\KERNEL32.DLL
0x00007ffe5a100000 - 0x00007ffe5a4f3000 	C:\WINDOWS\System32\KERNELBASE.dll
0x00007ffe59bc0000 - 0x00007ffe59d0b000 	C:\WINDOWS\System32\ucrtbase.dll
0x00007ffdc5c20000 - 0x00007ffdc5c3b000 	C:\Program Files\Microsoft\jdk-17.0.10.7-hotspot\bin\VCRUNTIME140.dll
0x00007ffdc5c00000 - 0x00007ffdc5c17000 	C:\Program Files\Microsoft\jdk-17.0.10.7-hotspot\bin\jli.dll
0x00007ffe5a960000 - 0x00007ffe5ab24000 	C:\WINDOWS\System32\USER32.dll
0x00007ffe3d9b0000 - 0x00007ffe3dc43000 	C:\WINDOWS\WinSxS\amd64_microsoft.windows.common-controls_6595b64144ccf1df_6.0.26100.5074_none_3e0d6f78e32fd63f\COMCTL32.dll
0x00007ffe5a500000 - 0x00007ffe5a527000 	C:\WINDOWS\System32\win32u.dll
0x00007ffe5c030000 - 0x00007ffe5c0d9000 	C:\WINDOWS\System32\msvcrt.dll
0x00007ffe5bc50000 - 0x00007ffe5bc7b000 	C:\WINDOWS\System32\GDI32.dll
0x00007ffe59e80000 - 0x00007ffe59fad000 	C:\WINDOWS\System32\gdi32full.dll
0x00007ffe59b10000 - 0x00007ffe59bb3000 	C:\WINDOWS\System32\msvcp_win.dll
0x00007ffe5b890000 - 0x00007ffe5b8bf000 	C:\WINDOWS\System32\IMM32.DLL
0x00007ffdc7b60000 - 0x00007ffdc7b6c000 	C:\Program Files\Microsoft\jdk-17.0.10.7-hotspot\bin\vcruntime140_1.dll
0x00007ffdb0ac0000 - 0x00007ffdb0b4d000 	C:\Program Files\Microsoft\jdk-17.0.10.7-hotspot\bin\msvcp140.dll
0x00007ffdafe50000 - 0x00007ffdb0ab5000 	C:\Program Files\Microsoft\jdk-17.0.10.7-hotspot\bin\server\jvm.dll
0x00007ffe5bc80000 - 0x00007ffe5bd34000 	C:\WINDOWS\System32\ADVAPI32.dll
0x00007ffe5bef0000 - 0x00007ffe5bf96000 	C:\WINDOWS\System32\sechost.dll
0x00007ffe5a840000 - 0x00007ffe5a958000 	C:\WINDOWS\System32\RPCRT4.dll
0x00007ffe59990000 - 0x00007ffe599ee000 	C:\WINDOWS\SYSTEM32\POWRPROF.dll
0x00007ffdc70d0000 - 0x00007ffdc70da000 	C:\WINDOWS\SYSTEM32\WSOCK32.dll
0x00007ffe528e0000 - 0x00007ffe528eb000 	C:\WINDOWS\SYSTEM32\VERSION.dll
0x00007ffe50d00000 - 0x00007ffe50d35000 	C:\WINDOWS\SYSTEM32\WINMM.dll
0x00007ffe5ab30000 - 0x00007ffe5aba4000 	C:\WINDOWS\System32\WS2_32.dll
0x00007ffe59970000 - 0x00007ffe59984000 	C:\WINDOWS\SYSTEM32\UMPDC.dll
0x00007ffe588d0000 - 0x00007ffe588eb000 	C:\WINDOWS\SYSTEM32\kernel.appcore.dll
0x00007ffdc6ea0000 - 0x00007ffdc6eaa000 	C:\Program Files\Microsoft\jdk-17.0.10.7-hotspot\bin\jimage.dll
0x00007ffe4bc70000 - 0x00007ffe4beb2000 	C:\WINDOWS\SYSTEM32\DBGHELP.DLL
0x00007ffe5b8d0000 - 0x00007ffe5bc4b000 	C:\WINDOWS\System32\combase.dll
0x00007ffe5a750000 - 0x00007ffe5a827000 	C:\WINDOWS\System32\OLEAUT32.dll
0x00007ffe40240000 - 0x00007ffe4027d000 	C:\WINDOWS\SYSTEM32\dbgcore.DLL
0x00007ffe5a530000 - 0x00007ffe5a5c9000 	C:\WINDOWS\System32\bcryptPrimitives.dll
0x00007ffdc4c30000 - 0x00007ffdc4c55000 	C:\Program Files\Microsoft\jdk-17.0.10.7-hotspot\bin\java.dll
0x00007ffdafd70000 - 0x00007ffdafe47000 	C:\Program Files\Microsoft\jdk-17.0.10.7-hotspot\bin\jsvml.dll
0x00007ffe5c0e0000 - 0x00007ffe5c82d000 	C:\WINDOWS\System32\SHELL32.dll
0x00007ffe59d10000 - 0x00007ffe59e7c000 	C:\WINDOWS\System32\wintypes.dll
0x00007ffe57750000 - 0x00007ffe57fa9000 	C:\WINDOWS\SYSTEM32\windows.storage.dll
0x00007ffe5b340000 - 0x00007ffe5b430000 	C:\WINDOWS\System32\SHCORE.dll
0x00007ffe5b440000 - 0x00007ffe5b4a2000 	C:\WINDOWS\System32\shlwapi.dll
0x00007ffe59a30000 - 0x00007ffe59a59000 	C:\WINDOWS\SYSTEM32\profapi.dll
0x00007ffdc4a50000 - 0x00007ffdc4a69000 	C:\Program Files\Microsoft\jdk-17.0.10.7-hotspot\bin\net.dll
0x00007ffe52200000 - 0x00007ffe5231f000 	C:\WINDOWS\SYSTEM32\WINHTTP.dll
0x00007ffe58e70000 - 0x00007ffe58edb000 	C:\WINDOWS\system32\mswsock.dll
0x00007ffdc4a30000 - 0x00007ffdc4a46000 	C:\Program Files\Microsoft\jdk-17.0.10.7-hotspot\bin\nio.dll
0x00007ffdc47e0000 - 0x00007ffdc47f8000 	C:\Program Files\Microsoft\jdk-17.0.10.7-hotspot\bin\zip.dll
0x00007ffdc47d0000 - 0x00007ffdc47e0000 	C:\Program Files\Microsoft\jdk-17.0.10.7-hotspot\bin\verify.dll
0x00007ffe51130000 - 0x00007ffe51139000 	C:\Program Files\Microsoft\jdk-17.0.10.7-hotspot\bin\management.dll
0x00007ffe51120000 - 0x00007ffe5112b000 	C:\Program Files\Microsoft\jdk-17.0.10.7-hotspot\bin\management_ext.dll
0x00007ffe5a830000 - 0x00007ffe5a838000 	C:\WINDOWS\System32\PSAPI.DLL
0x00007ffe50f10000 - 0x00007ffe50f37000 	C:\Users\Mazahir Ali\.gradle\native\1def1411415f61bf3af743bc5b6707747c0891f09f0c88961ee8f79bc544acac\windows-amd64\native-platform.dll
0x00007ffe55030000 - 0x00007ffe5503a000 	C:\Users\Mazahir Ali\.gradle\native\jansi\1.18\windows64\jansi.dll
0x00007ffe582c0000 - 0x00007ffe582f4000 	C:\WINDOWS\SYSTEM32\IPHLPAPI.DLL
0x00007ffe5b2a0000 - 0x00007ffe5b2aa000 	C:\WINDOWS\System32\NSI.dll
0x00007ffe53130000 - 0x00007ffe5314e000 	C:\WINDOWS\SYSTEM32\dhcpcsvc6.DLL
0x00007ffe528f0000 - 0x00007ffe52913000 	C:\WINDOWS\SYSTEM32\dhcpcsvc.DLL
0x00007ffe58350000 - 0x00007ffe58476000 	C:\WINDOWS\SYSTEM32\DNSAPI.dll
0x00007ffe422c0000 - 0x00007ffe422c9000 	C:\Program Files\Microsoft\jdk-17.0.10.7-hotspot\bin\extnet.dll
0x00007ffe59110000 - 0x00007ffe5912b000 	C:\WINDOWS\SYSTEM32\CRYPTSP.dll
0x00007ffe58830000 - 0x00007ffe5886b000 	C:\WINDOWS\system32\rsaenh.dll
0x00007ffe58f10000 - 0x00007ffe58f3b000 	C:\WINDOWS\SYSTEM32\USERENV.dll
0x00007ffe59a00000 - 0x00007ffe59a26000 	C:\WINDOWS\SYSTEM32\bcrypt.dll
0x00007ffe59130000 - 0x00007ffe5913c000 	C:\WINDOWS\SYSTEM32\CRYPTBASE.dll
0x00007ffe422a0000 - 0x00007ffe422ae000 	C:\Program Files\Microsoft\jdk-17.0.10.7-hotspot\bin\sunmscapi.dll
0x00007ffe5a5d0000 - 0x00007ffe5a747000 	C:\WINDOWS\System32\CRYPT32.dll
0x00007ffe59330000 - 0x00007ffe59360000 	C:\WINDOWS\SYSTEM32\ncrypt.dll
0x00007ffe592e0000 - 0x00007ffe5931f000 	C:\WINDOWS\SYSTEM32\NTASN1.dll
0x00007ffdf7a90000 - 0x00007ffdf7a98000 	C:\WINDOWS\system32\wshunix.dll

dbghelp: loaded successfully - version: 4.0.5 - missing functions: none
symbol engine: initialized successfully - sym options: 0x614 - pdb path: .;C:\Program Files\Microsoft\jdk-17.0.10.7-hotspot\bin;C:\WINDOWS\SYSTEM32;C:\WINDOWS\WinSxS\amd64_microsoft.windows.common-controls_6595b64144ccf1df_6.0.26100.5074_none_3e0d6f78e32fd63f;C:\Program Files\Microsoft\jdk-17.0.10.7-hotspot\bin\server;C:\Users\Mazahir Ali\.gradle\native\1def1411415f61bf3af743bc5b6707747c0891f09f0c88961ee8f79bc544acac\windows-amd64;C:\Users\Mazahir Ali\.gradle\native\jansi\1.18\windows64

VM Arguments:
jvm_args: -Xmx64m -Xms64m -Dorg.gradle.appname=gradlew 
java_command: C:\Utils\UtilsApp\android\\gradle\wrapper\gradle-wrapper.jar assembleRelease
java_class_path (initial): C:\Utils\UtilsApp\android\\gradle\wrapper\gradle-wrapper.jar
Launcher Type: SUN_STANDARD

[Global flags]
     intx CICompilerCount                          = 4                                         {product} {ergonomic}
     uint ConcGCThreads                            = 3                                         {product} {ergonomic}
     uint G1ConcRefinementThreads                  = 10                                        {product} {ergonomic}
   size_t G1HeapRegionSize                         = 1048576                                   {product} {ergonomic}
    uintx GCDrainStackTargetSize                   = 64                                        {product} {ergonomic}
   size_t InitialHeapSize                          = 67108864                                  {product} {command line}
   size_t MarkStackSize                            = 4194304                                   {product} {ergonomic}
   size_t MaxHeapSize                              = 67108864                                  {product} {command line}
   size_t MaxNewSize                               = 39845888                                  {product} {ergonomic}
   size_t MinHeapDeltaBytes                        = 1048576                                   {product} {ergonomic}
   size_t MinHeapSize                              = 67108864                                  {product} {command line}
    uintx NonNMethodCodeHeapSize                   = 5839372                                {pd product} {ergonomic}
    uintx NonProfiledCodeHeapSize                  = 122909434                              {pd product} {ergonomic}
    uintx ProfiledCodeHeapSize                     = 122909434                              {pd product} {ergonomic}
    uintx ReservedCodeCacheSize                    = 251658240                              {pd product} {ergonomic}
     bool SegmentedCodeCache                       = true                                      {product} {ergonomic}
   size_t SoftMaxHeapSize                          = 67108864                               {manageable} {ergonomic}
     bool UseCompressedClassPointers               = true                           {product lp64_product} {ergonomic}
     bool UseCompressedOops                        = true                           {product lp64_product} {ergonomic}
     bool UseG1GC                                  = true                                      {product} {ergonomic}
     bool UseLargePagesIndividualAllocation        = false                                  {pd product} {ergonomic}

Logging:
Log output configuration:
 #0: stdout all=warning uptime,level,tags
 #1: stderr all=off uptime,level,tags

Environment Variables:
JAVA_HOME=C:\Program Files\Microsoft\jdk-17.0.10.7-hotspot\
PATH=C:\Python313\Scripts\;C:\Python313\;C:\Program Files\Eclipse Adoptium\jdk-17.0.10.7-hotspot\bin;C:\Program Files\Microsoft\jdk-17.0.10.7-hotspot\bin;C:\Python312\Scripts\;C:\Python312\;C:\Program Files\Common Files\Oracle\Java\javapath;C:\windows\system32;C:\windows;C:\windows\System32\Wbem;C:\windows\System32\WindowsPowerShell\v1.0\;C:\windows\System32\OpenSSH\;C:\Program Files (x86)\NVIDIA Corporation\PhysX\Common;C:\Program Files\NVIDIA Corporation\NVIDIA NvDLISR;C:\Program Files\MySQL\MySQL Server 8.0\bin;C:\WINDOWS\system32;C:\WINDOWS;C:\WINDOWS\System32\Wbem;C:\WINDOWS\System32\WindowsPowerShell\v1.0\;C:\WINDOWS\System32\OpenSSH\;C:\TDM-GCC-32\bin;C:\Program Files\MongoDB\Server\6.0\bin;C:\Users\Mazahir Ali\Desktop\mongosh-1.8.0-win32-x64.zip\mongosh-1.8.0-win32-x64\bin;C:\ProgramData\chocolatey\bin;C:\Users\Mazahir Ali\AppData\Local\Android\Sdk\platform-tools;C:\Program Files\HP\HP One Agent;C:\Program Files\Git\cmd;C:\Program Files\nodejs\;C:\Program Files\Docker\Docker\resources\bin;C:\WINDOWS\system32;C:\WINDOWS;C:\WINDOWS\System32\Wbem;C:\WINDOWS\System32\WindowsPowerShell\v1.0\;C:\WINDOWS\System32\OpenSSH\;C:\flutter\bin;;c:\Users\Mazahir Ali\AppData\Local\Programs\cursor\resources\app\bin;C:\Program Files\Cloudflare\Cloudflare WARP\;C:\Program Files\MySQL\MySQL Shell 8.0\bin\;C:\Users\Mazahir Ali\AppData\Local\Microsoft\WindowsApps;C:\Users\Mazahir Ali\AppData\Local\Programs\Microsoft VS Code\bin;C:\Program Files\JetBrains\IntelliJ IDEA Community Edition 2022.2.1\bin;;C:\Users\Mazahir Ali\AppData\Local\Programs\Hyper\resources\bin;C:\Program Files\nodejs;C:\Program Files\heroku\bin;C:\Program Files\MongoDB\Server\6.0\bin;C:\Users\Mazahir Ali\Desktop\mongosh-1.8.0-win32-x64.zip\mongosh-1.8.0-win32-x64\bin;C:\Program Files\Java\jdk-18.0.2.1\bin;C:\Users\Mazahir Ali\AppData\Local\Android\Sdk\platform-tools;C:\Users\Mazahir Ali\AppData\Local\Android\Sdk;C:\Program Files\OpenSSL-Win64\bin;C:\Users\Mazahir Ali\AppData\Roaming\npm;C:\src\flutter\bin;C:\Users
USERNAME=Mazahir Ali
LANG=en_US.UTF-8
OS=Windows_NT
PROCESSOR_IDENTIFIER=AMD64 Family 25 Model 80 Stepping 0, AuthenticAMD
TMP=C:\Users\MAZAHI~1\AppData\Local\Temp
TEMP=C:\Users\MAZAHI~1\AppData\Local\Temp



Periodic native trim disabled


---------------  S Y S T E M  ---------------

OS:
 Windows 11 64 bit Build 26100 (10.0.26100.5074)
OS uptime: 0 days 14:26 hours
Hyper-V role detected

CPU: total 12 (initial active 12) (12 cores per cpu, 2 threads per core) family 25 model 80 stepping 0 microcode 0xa50000d, cx8, cmov, fxsr, ht, mmx, 3dnowpref, sse, sse2, sse3, ssse3, sse4a, sse4.1, sse4.2, popcnt, lzcnt, tsc, tscinvbit, avx, avx2, aes, erms, clmul, bmi1, bmi2, adx, sha, fma, vzeroupper, clflush, clflushopt, hv
Processor Information for processor 0
  Max Mhz: 3301, Current Mhz: 412, Mhz Limit: 0
Processor Information for processor 1
  Max Mhz: 3301, Current Mhz: 412, Mhz Limit: 0
Processor Information for processor 2
  Max Mhz: 3301, Current Mhz: 2630, Mhz Limit: 3301
Processor Information for processor 3
  Max Mhz: 3301, Current Mhz: 2630, Mhz Limit: 3301
Processor Information for processor 4
  Max Mhz: 3301, Current Mhz: 2630, Mhz Limit: 3301
Processor Information for processor 5
  Max Mhz: 3301, Current Mhz: 2630, Mhz Limit: 3301
Processor Information for processor 6
  Max Mhz: 3301, Current Mhz: 2630, Mhz Limit: 3301
Processor Information for processor 7
  Max Mhz: 3301, Current Mhz: 2630, Mhz Limit: 3301
Processor Information for processor 8
  Max Mhz: 3301, Current Mhz: 2630, Mhz Limit: 3301
Processor Information for processor 9
  Max Mhz: 3301, Current Mhz: 2630, Mhz Limit: 3301
Processor Information for processor 10
  Max Mhz: 3301, Current Mhz: 3301, Mhz Limit: 3301
Processor Information for processor 11
  Max Mhz: 3301, Current Mhz: 2630, Mhz Limit: 3301

Memory: 4k page, system-wide physical 7521M (590M free)
TotalPageFile size 31073M (AvailPageFile size 0M)
current process WorkingSet (physical memory assigned to process): 17M, peak: 107M
current process commit charge ("private bytes"): 170M, peak: 172M

vm_info: OpenJDK 64-Bit Server VM (17.0.10+7-LTS) for windows-amd64 JRE (17.0.10+7-LTS), built on Jan 10 2024 19:47:12 by "MicrosoftCorporation" with MS VC++ 16.10 / 16.11 (VS2019)

END.
