#
# There is insufficient memory for the Java Runtime Environment to continue.
# Native memory allocation (malloc) failed to allocate 32744 bytes for ChunkPool::allocate
# Possible reasons:
#   The system is out of physical RAM or swap space
#   The process is running with CompressedOops enabled, and the Java Heap may be blocking the growth of the native heap
# Possible solutions:
#   Reduce memory load on the system
#   Increase physical memory or swap space
#   Check if swap backing store is full
#   Decrease Java heap size (-Xmx/-Xms)
#   Decrease number of Java threads
#   Decrease Java thread stack sizes (-Xss)
#   Set larger code cache with -XX:ReservedCodeCacheSize=
#   JVM is running with Unscaled Compressed Oops mode in which the Java heap is
#     placed in the first 4GB address space. The Java Heap base address is the
#     maximum limit for the native heap growth. Please use -XX:HeapBaseMinAddress
#     to set the Java Heap base and to place the Java Heap above 4GB virtual address.
# This output file may be truncated or incomplete.
#
#  Out of Memory Error (arena.cpp:79), pid=19696, tid=29292
#
# JRE version: OpenJDK Runtime Environment Microsoft-8902769 (17.0.10+7) (build 17.0.10+7-LTS)
# Java VM: OpenJDK 64-Bit Server VM Microsoft-8902769 (17.0.10+7-LTS, mixed mode, sharing, tiered, compressed oops, compressed class ptrs, g1 gc, windows-amd64)
# No core dump will be written. Minidumps are not enabled by default on client versions of Windows
#

---------------  S U M M A R Y ------------

Command Line: -Xmx64m -Xms64m -Dorg.gradle.appname=gradlew C:\Utils\UtilsApp\android\\gradle\wrapper\gradle-wrapper.jar app:installDebug -PreactNativeDevServerPort=8081

Host: AMD Ryzen 5 5600H with Radeon Graphics         , 12 cores, 7G,  Windows 11 , 64 bit Build 26100 (10.0.26100.4484)
Time: Tue Aug 12 16:36:21 2025 India Standard Time elapsed time: 182.534204 seconds (0d 0h 3m 2s)

---------------  T H R E A D  ---------------

Current thread (0x0000018418bd6fd0):  JavaThread "C2 CompilerThread0" daemon [_thread_in_native, id=29292, stack(0x0000006d6ba00000,0x0000006d6bb00000)]


Current CompileTask:
C2: 182534 2047       4       org.gradle.internal.logging.console.DefaultRedrawableLabel::redraw (163 bytes)

Stack: [0x0000006d6ba00000,0x0000006d6bb00000]
Native frames: (J=compiled Java code, j=interpreted, Vv=VM code, C=native code)
V  [jvm.dll+0x67f829]
V  [jvm.dll+0x83750a]
V  [jvm.dll+0x838fce]
V  [jvm.dll+0x839633]
V  [jvm.dll+0x247cbf]
V  [jvm.dll+0xac721]
V  [jvm.dll+0xacb6c]
V  [jvm.dll+0x2a4db6]
V  [jvm.dll+0x2a4b74]
V  [jvm.dll+0x7faa8a]
V  [jvm.dll+0x7f8f0c]
V  [jvm.dll+0x7f894a]
V  [jvm.dll+0x34b8b0]
V  [jvm.dll+0x69c0f0]
V  [jvm.dll+0x698091]
V  [jvm.dll+0x68fffb]
V  [jvm.dll+0x68f637]
V  [jvm.dll+0x68d522]
V  [jvm.dll+0x1a846c]
V  [jvm.dll+0x2ae924]
V  [jvm.dll+0x698035]
V  [jvm.dll+0x68fffb]
V  [jvm.dll+0x68f637]
V  [jvm.dll+0x68d522]
V  [jvm.dll+0x1a846c]
V  [jvm.dll+0x2ae924]
V  [jvm.dll+0x698035]
V  [jvm.dll+0x68fffb]
V  [jvm.dll+0x68f637]
V  [jvm.dll+0x68d522]
V  [jvm.dll+0x1a846c]
V  [jvm.dll+0x2193d8]
V  [jvm.dll+0x1a5176]
V  [jvm.dll+0x22957e]
V  [jvm.dll+0x22774c]
V  [jvm.dll+0x7ec5d7]
V  [jvm.dll+0x7e69da]
V  [jvm.dll+0x67e715]
C  [ucrtbase.dll+0x37b0]
C  [KERNEL32.DLL+0x2e8d7]
C  [ntdll.dll+0x3c34c]


---------------  P R O C E S S  ---------------

Threads class SMR info:
_java_thread_list=0x000001845f4fe6c0, length=13, elements={
0x000001847e0eb370, 0x0000018418bb3810, 0x0000018418bb4f40, 0x0000018418bcd7c0,
0x0000018418bd0190, 0x0000018418bd16c0, 0x0000018418bd4c00, 0x0000018418bd6fd0,
0x0000018418bdc100, 0x0000018418be4f20, 0x000001845e08ad00, 0x000001845e093640,
0x000001845eab4050
}

Java Threads: ( => current thread )
  0x000001847e0eb370 JavaThread "main" [_thread_in_native, id=28696, stack(0x0000006d6ad00000,0x0000006d6ae00000)]
  0x0000018418bb3810 JavaThread "Reference Handler" daemon [_thread_blocked, id=27536, stack(0x0000006d6b400000,0x0000006d6b500000)]
  0x0000018418bb4f40 JavaThread "Finalizer" daemon [_thread_blocked, id=29664, stack(0x0000006d6b500000,0x0000006d6b600000)]
  0x0000018418bcd7c0 JavaThread "Signal Dispatcher" daemon [_thread_blocked, id=29640, stack(0x0000006d6b600000,0x0000006d6b700000)]
  0x0000018418bd0190 JavaThread "Attach Listener" daemon [_thread_blocked, id=29608, stack(0x0000006d6b700000,0x0000006d6b800000)]
  0x0000018418bd16c0 JavaThread "Service Thread" daemon [_thread_blocked, id=29276, stack(0x0000006d6b800000,0x0000006d6b900000)]
  0x0000018418bd4c00 JavaThread "Monitor Deflation Thread" daemon [_thread_blocked, id=28708, stack(0x0000006d6b900000,0x0000006d6ba00000)]
=>0x0000018418bd6fd0 JavaThread "C2 CompilerThread0" daemon [_thread_in_native, id=29292, stack(0x0000006d6ba00000,0x0000006d6bb00000)]
  0x0000018418bdc100 JavaThread "C1 CompilerThread0" daemon [_thread_blocked, id=28716, stack(0x0000006d6bb00000,0x0000006d6bc00000)]
  0x0000018418be4f20 JavaThread "Sweeper thread" daemon [_thread_blocked, id=24264, stack(0x0000006d6bc00000,0x0000006d6bd00000)]
  0x000001845e08ad00 JavaThread "Notification Thread" daemon [_thread_blocked, id=28460, stack(0x0000006d6bd00000,0x0000006d6be00000)]
  0x000001845e093640 JavaThread "Common-Cleaner" daemon [_thread_blocked, id=28700, stack(0x0000006d6bf00000,0x0000006d6c000000)]
  0x000001845eab4050 JavaThread "pool-1-thread-1" [_thread_blocked, id=17256, stack(0x0000006d6c500000,0x0000006d6c600000)]

Other Threads:
  0x0000018418badfa0 VMThread "VM Thread" [stack: 0x0000006d6b300000,0x0000006d6b400000] [id=28764]
  0x000001845e0931f0 WatcherThread [stack: 0x0000006d6be00000,0x0000006d6bf00000] [id=28736]
  0x000001847e10ed60 GCTaskThread "GC Thread#0" [stack: 0x0000006d6ae00000,0x0000006d6af00000] [id=28168]
  0x000001845e35fb70 GCTaskThread "GC Thread#1" [stack: 0x0000006d6c200000,0x0000006d6c300000] [id=29296]
  0x000001845e3d9a70 GCTaskThread "GC Thread#2" [stack: 0x0000006d6c300000,0x0000006d6c400000] [id=28240]
  0x000001845e618560 GCTaskThread "GC Thread#3" [stack: 0x0000006d6c400000,0x0000006d6c500000] [id=29508]
  0x000001845ef78050 GCTaskThread "GC Thread#4" [stack: 0x0000006d6c000000,0x0000006d6c100000] [id=27180]
  0x000001845f2e6120 GCTaskThread "GC Thread#5" [stack: 0x0000006d6c100000,0x0000006d6c200000] [id=12504]
  0x000001845f338e60 GCTaskThread "GC Thread#6" [stack: 0x0000006d6c600000,0x0000006d6c700000] [id=4940]
  0x000001847e1104b0 ConcurrentGCThread "G1 Main Marker" [stack: 0x0000006d6af00000,0x0000006d6b000000] [id=24684]
  0x000001847e111ba0 ConcurrentGCThread "G1 Conc#0" [stack: 0x0000006d6b000000,0x0000006d6b100000] [id=28364]
  0x000001847e17fbf0 ConcurrentGCThread "G1 Refine#0" [stack: 0x0000006d6b100000,0x0000006d6b200000] [id=28548]
  0x000001845ef77960 ConcurrentGCThread "G1 Refine#1" [stack: 0x0000006d6c700000,0x0000006d6c800000] [id=29284]
  0x000001847e180620 ConcurrentGCThread "G1 Service" [stack: 0x0000006d6b200000,0x0000006d6b300000] [id=28440]

Threads with active compile tasks:
C2 CompilerThread0   183585 2047       4       org.gradle.internal.logging.console.DefaultRedrawableLabel::redraw (163 bytes)

VM state: not at safepoint (normal execution)

VM Mutex/Monitor currently owned by a thread: None

Heap address: 0x00000000fc000000, size: 64 MB, Compressed Oops mode: 32-bit

CDS archive(s) mapped at: [0x0000018419000000-0x0000018419bb0000-0x0000018419bb0000), size 12255232, SharedBaseAddress: 0x0000018419000000, ArchiveRelocationMode: 1.
Compressed class space mapped at: 0x000001841a000000-0x000001845a000000, reserved size: 1073741824
Narrow klass base: 0x0000018419000000, Narrow klass shift: 0, Narrow klass range: 0x100000000

GC Precious Log:
 CPUs: 12 total, 12 available
 Memory: 7521M
 Large Page Support: Disabled
 NUMA Support: Disabled
 Compressed Oops: Enabled (32-bit)
 Heap Region Size: 1M
 Heap Min Capacity: 64M
 Heap Initial Capacity: 64M
 Heap Max Capacity: 64M
 Pre-touch: Disabled
 Parallel Workers: 10
 Concurrent Workers: 3
 Concurrent Refinement Workers: 10
 Periodic GC: Disabled

Heap:
 garbage-first heap   total 65536K, used 21451K [0x00000000fc000000, 0x0000000100000000)
  region size 1024K, 15 young (15360K), 4 survivors (4096K)
 Metaspace       used 9635K, committed 9856K, reserved 1114112K
  class space    used 1260K, committed 1344K, reserved 1048576K

Heap Regions: E=young(eden), S=young(survivor), O=old, HS=humongous(starts), HC=humongous(continues), CS=collection set, F=free, OA=open archive, CA=closed archive, TAMS=top-at-mark-start (previous, next)
|   0|0x00000000fc000000, 0x00000000fc100000, 0x00000000fc100000|100%|HS|  |TAMS 0x00000000fc000000, 0x00000000fc000000| Complete 
|   1|0x00000000fc100000, 0x00000000fc200000, 0x00000000fc200000|100%|HC|  |TAMS 0x00000000fc100000, 0x00000000fc100000| Complete 
|   2|0x00000000fc200000, 0x00000000fc300000, 0x00000000fc300000|100%|HC|  |TAMS 0x00000000fc200000, 0x00000000fc200000| Complete 
|   3|0x00000000fc300000, 0x00000000fc400000, 0x00000000fc400000|100%| O|  |TAMS 0x00000000fc300000, 0x00000000fc300000| Untracked 
|   4|0x00000000fc400000, 0x00000000fc500000, 0x00000000fc500000|100%| O|  |TAMS 0x00000000fc400000, 0x00000000fc400000| Untracked 
|   5|0x00000000fc500000, 0x00000000fc600000, 0x00000000fc600000|100%| O|  |TAMS 0x00000000fc500000, 0x00000000fc500000| Untracked 
|   6|0x00000000fc600000, 0x00000000fc6f2c00, 0x00000000fc700000| 94%| O|  |TAMS 0x00000000fc600000, 0x00000000fc600000| Untracked 
|   7|0x00000000fc700000, 0x00000000fc700000, 0x00000000fc800000|  0%| F|  |TAMS 0x00000000fc700000, 0x00000000fc700000| Untracked 
|   8|0x00000000fc800000, 0x00000000fc800000, 0x00000000fc900000|  0%| F|  |TAMS 0x00000000fc800000, 0x00000000fc800000| Untracked 
|   9|0x00000000fc900000, 0x00000000fc900000, 0x00000000fca00000|  0%| F|  |TAMS 0x00000000fc900000, 0x00000000fc900000| Untracked 
|  10|0x00000000fca00000, 0x00000000fca00000, 0x00000000fcb00000|  0%| F|  |TAMS 0x00000000fca00000, 0x00000000fca00000| Untracked 
|  11|0x00000000fcb00000, 0x00000000fcb00000, 0x00000000fcc00000|  0%| F|  |TAMS 0x00000000fcb00000, 0x00000000fcb00000| Untracked 
|  12|0x00000000fcc00000, 0x00000000fcc00000, 0x00000000fcd00000|  0%| F|  |TAMS 0x00000000fcc00000, 0x00000000fcc00000| Untracked 
|  13|0x00000000fcd00000, 0x00000000fcd00000, 0x00000000fce00000|  0%| F|  |TAMS 0x00000000fcd00000, 0x00000000fcd00000| Untracked 
|  14|0x00000000fce00000, 0x00000000fce00000, 0x00000000fcf00000|  0%| F|  |TAMS 0x00000000fce00000, 0x00000000fce00000| Untracked 
|  15|0x00000000fcf00000, 0x00000000fcf00000, 0x00000000fd000000|  0%| F|  |TAMS 0x00000000fcf00000, 0x00000000fcf00000| Untracked 
|  16|0x00000000fd000000, 0x00000000fd000000, 0x00000000fd100000|  0%| F|  |TAMS 0x00000000fd000000, 0x00000000fd000000| Untracked 
|  17|0x00000000fd100000, 0x00000000fd100000, 0x00000000fd200000|  0%| F|  |TAMS 0x00000000fd100000, 0x00000000fd100000| Untracked 
|  18|0x00000000fd200000, 0x00000000fd200000, 0x00000000fd300000|  0%| F|  |TAMS 0x00000000fd200000, 0x00000000fd200000| Untracked 
|  19|0x00000000fd300000, 0x00000000fd300000, 0x00000000fd400000|  0%| F|  |TAMS 0x00000000fd300000, 0x00000000fd300000| Untracked 
|  20|0x00000000fd400000, 0x00000000fd400000, 0x00000000fd500000|  0%| F|  |TAMS 0x00000000fd400000, 0x00000000fd400000| Untracked 
|  21|0x00000000fd500000, 0x00000000fd500000, 0x00000000fd600000|  0%| F|  |TAMS 0x00000000fd500000, 0x00000000fd500000| Untracked 
|  22|0x00000000fd600000, 0x00000000fd600000, 0x00000000fd700000|  0%| F|  |TAMS 0x00000000fd600000, 0x00000000fd600000| Untracked 
|  23|0x00000000fd700000, 0x00000000fd700000, 0x00000000fd800000|  0%| F|  |TAMS 0x00000000fd700000, 0x00000000fd700000| Untracked 
|  24|0x00000000fd800000, 0x00000000fd800000, 0x00000000fd900000|  0%| F|  |TAMS 0x00000000fd800000, 0x00000000fd800000| Untracked 
|  25|0x00000000fd900000, 0x00000000fd900000, 0x00000000fda00000|  0%| F|  |TAMS 0x00000000fd900000, 0x00000000fd900000| Untracked 
|  26|0x00000000fda00000, 0x00000000fda00000, 0x00000000fdb00000|  0%| F|  |TAMS 0x00000000fda00000, 0x00000000fda00000| Untracked 
|  27|0x00000000fdb00000, 0x00000000fdb00000, 0x00000000fdc00000|  0%| F|  |TAMS 0x00000000fdb00000, 0x00000000fdb00000| Untracked 
|  28|0x00000000fdc00000, 0x00000000fdd00000, 0x00000000fdd00000|100%| S|CS|TAMS 0x00000000fdc00000, 0x00000000fdc00000| Complete 
|  29|0x00000000fdd00000, 0x00000000fde00000, 0x00000000fde00000|100%| S|CS|TAMS 0x00000000fdd00000, 0x00000000fdd00000| Complete 
|  30|0x00000000fde00000, 0x00000000fdf00000, 0x00000000fdf00000|100%| S|CS|TAMS 0x00000000fde00000, 0x00000000fde00000| Complete 
|  31|0x00000000fdf00000, 0x00000000fe000000, 0x00000000fe000000|100%| S|CS|TAMS 0x00000000fdf00000, 0x00000000fdf00000| Complete 
|  32|0x00000000fe000000, 0x00000000fe000000, 0x00000000fe100000|  0%| F|  |TAMS 0x00000000fe000000, 0x00000000fe000000| Untracked 
|  33|0x00000000fe100000, 0x00000000fe100000, 0x00000000fe200000|  0%| F|  |TAMS 0x00000000fe100000, 0x00000000fe100000| Untracked 
|  34|0x00000000fe200000, 0x00000000fe200000, 0x00000000fe300000|  0%| F|  |TAMS 0x00000000fe200000, 0x00000000fe200000| Untracked 
|  35|0x00000000fe300000, 0x00000000fe300000, 0x00000000fe400000|  0%| F|  |TAMS 0x00000000fe300000, 0x00000000fe300000| Untracked 
|  36|0x00000000fe400000, 0x00000000fe400000, 0x00000000fe500000|  0%| F|  |TAMS 0x00000000fe400000, 0x00000000fe400000| Untracked 
|  37|0x00000000fe500000, 0x00000000fe500000, 0x00000000fe600000|  0%| F|  |TAMS 0x00000000fe500000, 0x00000000fe500000| Untracked 
|  38|0x00000000fe600000, 0x00000000fe600000, 0x00000000fe700000|  0%| F|  |TAMS 0x00000000fe600000, 0x00000000fe600000| Untracked 
|  39|0x00000000fe700000, 0x00000000fe700000, 0x00000000fe800000|  0%| F|  |TAMS 0x00000000fe700000, 0x00000000fe700000| Untracked 
|  40|0x00000000fe800000, 0x00000000fe800000, 0x00000000fe900000|  0%| F|  |TAMS 0x00000000fe800000, 0x00000000fe800000| Untracked 
|  41|0x00000000fe900000, 0x00000000fe900000, 0x00000000fea00000|  0%| F|  |TAMS 0x00000000fe900000, 0x00000000fe900000| Untracked 
|  42|0x00000000fea00000, 0x00000000fea00000, 0x00000000feb00000|  0%| F|  |TAMS 0x00000000fea00000, 0x00000000fea00000| Untracked 
|  43|0x00000000feb00000, 0x00000000feb00000, 0x00000000fec00000|  0%| F|  |TAMS 0x00000000feb00000, 0x00000000feb00000| Untracked 
|  44|0x00000000fec00000, 0x00000000fec00000, 0x00000000fed00000|  0%| F|  |TAMS 0x00000000fec00000, 0x00000000fec00000| Untracked 
|  45|0x00000000fed00000, 0x00000000fed00000, 0x00000000fee00000|  0%| F|  |TAMS 0x00000000fed00000, 0x00000000fed00000| Untracked 
|  46|0x00000000fee00000, 0x00000000fee00000, 0x00000000fef00000|  0%| F|  |TAMS 0x00000000fee00000, 0x00000000fee00000| Untracked 
|  47|0x00000000fef00000, 0x00000000fef00000, 0x00000000ff000000|  0%| F|  |TAMS 0x00000000fef00000, 0x00000000fef00000| Untracked 
|  48|0x00000000ff000000, 0x00000000ff000000, 0x00000000ff100000|  0%| F|  |TAMS 0x00000000ff000000, 0x00000000ff000000| Untracked 
|  49|0x00000000ff100000, 0x00000000ff100000, 0x00000000ff200000|  0%| F|  |TAMS 0x00000000ff100000, 0x00000000ff100000| Untracked 
|  50|0x00000000ff200000, 0x00000000ff200000, 0x00000000ff300000|  0%| F|  |TAMS 0x00000000ff200000, 0x00000000ff200000| Untracked 
|  51|0x00000000ff300000, 0x00000000ff300000, 0x00000000ff400000|  0%| F|  |TAMS 0x00000000ff300000, 0x00000000ff300000| Untracked 
|  52|0x00000000ff400000, 0x00000000ff400000, 0x00000000ff500000|  0%| F|  |TAMS 0x00000000ff400000, 0x00000000ff400000| Untracked 
|  53|0x00000000ff500000, 0x00000000ff5d82f0, 0x00000000ff600000| 84%| E|  |TAMS 0x00000000ff500000, 0x00000000ff500000| Complete 
|  54|0x00000000ff600000, 0x00000000ff700000, 0x00000000ff700000|100%| E|CS|TAMS 0x00000000ff600000, 0x00000000ff600000| Complete 
|  55|0x00000000ff700000, 0x00000000ff800000, 0x00000000ff800000|100%| E|CS|TAMS 0x00000000ff700000, 0x00000000ff700000| Complete 
|  56|0x00000000ff800000, 0x00000000ff900000, 0x00000000ff900000|100%| E|CS|TAMS 0x00000000ff800000, 0x00000000ff800000| Complete 
|  57|0x00000000ff900000, 0x00000000ffa00000, 0x00000000ffa00000|100%| E|CS|TAMS 0x00000000ff900000, 0x00000000ff900000| Complete 
|  58|0x00000000ffa00000, 0x00000000ffb00000, 0x00000000ffb00000|100%| E|CS|TAMS 0x00000000ffa00000, 0x00000000ffa00000| Complete 
|  59|0x00000000ffb00000, 0x00000000ffc00000, 0x00000000ffc00000|100%| E|CS|TAMS 0x00000000ffb00000, 0x00000000ffb00000| Complete 
|  60|0x00000000ffc00000, 0x00000000ffd00000, 0x00000000ffd00000|100%| E|CS|TAMS 0x00000000ffc00000, 0x00000000ffc00000| Complete 
|  61|0x00000000ffd00000, 0x00000000ffe00000, 0x00000000ffe00000|100%| E|CS|TAMS 0x00000000ffd00000, 0x00000000ffd00000| Complete 
|  62|0x00000000ffe00000, 0x00000000fff00000, 0x00000000fff00000|100%| E|CS|TAMS 0x00000000ffe00000, 0x00000000ffe00000| Complete 
|  63|0x00000000fff00000, 0x0000000100000000, 0x0000000100000000|100%| E|CS|TAMS 0x00000000fff00000, 0x00000000fff00000| Complete 

Card table byte_map: [0x000001847c060000,0x000001847c080000] _byte_map_base: 0x000001847b880000

Marking Bits (Prev, Next): (CMBitMap*) 0x000001847e10f380, (CMBitMap*) 0x000001847e10f3c0
 Prev Bits: [0x000001847e700000, 0x000001847e800000)
 Next Bits: [0x000001847e800000, 0x000001847e900000)

Polling page: 0x000001847c000000

Metaspace:

Usage:
  Non-class:      8.18 MB used.
      Class:      1.23 MB used.
       Both:      9.41 MB used.

Virtual space:
  Non-class space:       64.00 MB reserved,       8.31 MB ( 13%) committed,  1 nodes.
      Class space:        1.00 GB reserved,       1.31 MB ( <1%) committed,  1 nodes.
             Both:        1.06 GB reserved,       9.62 MB ( <1%) committed. 

Chunk freelists:
   Non-Class:  7.64 MB
       Class:  14.51 MB
        Both:  22.15 MB

MaxMetaspaceSize: unlimited
CompressedClassSpaceSize: 1.00 GB
Initial GC threshold: 21.00 MB
Current GC threshold: 21.00 MB
CDS: on
MetaspaceReclaimPolicy: balanced
 - commit_granule_bytes: 65536.
 - commit_granule_words: 8192.
 - virtual_space_node_default_size: 8388608.
 - enlarge_chunks_in_place: 1.
 - new_chunks_are_fully_committed: 0.
 - uncommit_free_chunks: 1.
 - use_allocation_guard: 0.
 - handle_deallocations: 1.


Internal statistics:

num_allocs_failed_limit: 0.
num_arena_births: 80.
num_arena_deaths: 0.
num_vsnodes_births: 2.
num_vsnodes_deaths: 0.
num_space_committed: 154.
num_space_uncommitted: 0.
num_chunks_returned_to_freelist: 0.
num_chunks_taken_from_freelist: 348.
num_chunk_merges: 0.
num_chunk_splits: 227.
num_chunks_enlarged: 181.
num_inconsistent_stats: 0.

CodeHeap 'non-profiled nmethods': size=120000Kb used=840Kb max_used=840Kb free=119159Kb
 bounds [0x000001840f530000, 0x000001840f7a0000, 0x0000018416a60000]
CodeHeap 'profiled nmethods': size=120000Kb used=3932Kb max_used=3932Kb free=116067Kb
 bounds [0x0000018407a60000, 0x0000018407e40000, 0x000001840ef90000]
CodeHeap 'non-nmethods': size=5760Kb used=1177Kb max_used=1195Kb free=4582Kb
 bounds [0x000001840ef90000, 0x000001840f200000, 0x000001840f530000]
 total_blobs=2515 nmethods=2046 adapters=381
 compilation: enabled
              stopped_count=0, restarted_count=0
 full_count=0

Compilation events (20 events):
Event: 154.034 Thread 0x0000018418bdc100 nmethod 2037 0x0000018407e34790 code [0x0000018407e349c0, 0x0000018407e35068]
Event: 154.401 Thread 0x0000018418bd6fd0 2038       4       java.util.concurrent.ThreadPoolExecutor::afterExecute (1 bytes)
Event: 154.401 Thread 0x0000018418bd6fd0 nmethod 2038 0x000001840f600e10 code [0x000001840f600f80, 0x000001840f600ff8]
Event: 154.542 Thread 0x0000018418bd6fd0 2039       4       java.util.concurrent.locks.AbstractQueuedSynchronizer$Node::setStatusRelaxed (12 bytes)
Event: 154.663 Thread 0x0000018418bd6fd0 nmethod 2039 0x000001840f601110 code [0x000001840f601280, 0x000001840f6012f8]
Event: 158.000 Thread 0x0000018418bdc100 2040       3       org.gradle.internal.logging.console.DefaultColorMap$CompositeColor::on (40 bytes)
Event: 158.001 Thread 0x0000018418bdc100 nmethod 2040 0x0000018407e35310 code [0x0000018407e35500, 0x0000018407e35af8]
Event: 158.001 Thread 0x0000018418bdc100 2042       3       org.gradle.internal.logging.console.DefaultColorMap$CompositeColor::off (43 bytes)
Event: 158.001 Thread 0x0000018418bdc100 nmethod 2042 0x0000018407e35c90 code [0x0000018407e35e80, 0x0000018407e364a8]
Event: 158.001 Thread 0x0000018418bdc100 2041       3       org.gradle.internal.logging.console.DefaultColorMap$ForegroundColor::on (10 bytes)
Event: 158.004 Thread 0x0000018418bdc100 nmethod 2041 0x0000018407e36690 code [0x0000018407e36880, 0x0000018407e36ed8]
Event: 161.997 Thread 0x0000018418bd6fd0 2043       4       com.google.common.base.Preconditions::checkNotNull (14 bytes)
Event: 161.998 Thread 0x0000018418bd6fd0 nmethod 2043 0x000001840f601410 code [0x000001840f601580, 0x000001840f6015f8]
Event: 167.002 Thread 0x0000018418bd6fd0 2044       4       java.lang.Integer::valueOf (32 bytes)
Event: 167.004 Thread 0x0000018418bd6fd0 nmethod 2044 0x000001840f601710 code [0x000001840f6018a0, 0x000001840f601978]
Event: 174.507 Thread 0x0000018418bd6fd0 2045       4       java.lang.AbstractStringBuilder::shift (37 bytes)
Event: 174.510 Thread 0x0000018418bd6fd0 nmethod 2045 0x000001840f601a10 code [0x000001840f601b80, 0x000001840f601c98]
Event: 180.009 Thread 0x0000018418bd6fd0 2046       4       java.util.concurrent.ScheduledThreadPoolExecutor::canRunInCurrentRunState (61 bytes)
Event: 180.012 Thread 0x0000018418bd6fd0 nmethod 2046 0x000001840f601d90 code [0x000001840f601f00, 0x000001840f601fb8]
Event: 180.506 Thread 0x0000018418bd6fd0 2047       4       org.gradle.internal.logging.console.DefaultRedrawableLabel::redraw (163 bytes)

GC Heap History (4 events):
Event: 0.316 GC heap before
{Heap before GC invocations=0 (full 0):
 garbage-first heap   total 65536K, used 22528K [0x00000000fc000000, 0x0000000100000000)
  region size 1024K, 23 young (23552K), 0 survivors (0K)
 Metaspace       used 1692K, committed 1792K, reserved 1114112K
  class space    used 157K, committed 192K, reserved 1048576K
}
Event: 0.319 GC heap after
{Heap after GC invocations=1 (full 0):
 garbage-first heap   total 65536K, used 1824K [0x00000000fc000000, 0x0000000100000000)
  region size 1024K, 2 young (2048K), 2 survivors (2048K)
 Metaspace       used 1692K, committed 1792K, reserved 1114112K
  class space    used 157K, committed 192K, reserved 1048576K
}
Event: 1.362 GC heap before
{Heap before GC invocations=1 (full 0):
 garbage-first heap   total 65536K, used 34592K [0x00000000fc000000, 0x0000000100000000)
  region size 1024K, 32 young (32768K), 2 survivors (2048K)
 Metaspace       used 7403K, committed 7552K, reserved 1114112K
  class space    used 1006K, committed 1088K, reserved 1048576K
}
Event: 1.367 GC heap after
{Heap after GC invocations=2 (full 0):
 garbage-first heap   total 65536K, used 11211K [0x00000000fc000000, 0x0000000100000000)
  region size 1024K, 4 young (4096K), 4 survivors (4096K)
 Metaspace       used 7403K, committed 7552K, reserved 1114112K
  class space    used 1006K, committed 1088K, reserved 1048576K
}

Dll operation events (13 events):
Event: 0.008 Loaded shared library C:\Program Files\Microsoft\jdk-17.0.10.7-hotspot\bin\java.dll
Event: 0.024 Loaded shared library C:\Program Files\Microsoft\jdk-17.0.10.7-hotspot\bin\jsvml.dll
Event: 0.048 Loaded shared library C:\Program Files\Microsoft\jdk-17.0.10.7-hotspot\bin\net.dll
Event: 0.049 Loaded shared library C:\Program Files\Microsoft\jdk-17.0.10.7-hotspot\bin\nio.dll
Event: 0.052 Loaded shared library C:\Program Files\Microsoft\jdk-17.0.10.7-hotspot\bin\zip.dll
Event: 0.056 Loaded shared library C:\Program Files\Microsoft\jdk-17.0.10.7-hotspot\bin\verify.dll
Event: 0.322 Loaded shared library C:\Program Files\Microsoft\jdk-17.0.10.7-hotspot\bin\jimage.dll
Event: 0.616 Loaded shared library C:\Program Files\Microsoft\jdk-17.0.10.7-hotspot\bin\management.dll
Event: 0.621 Loaded shared library C:\Program Files\Microsoft\jdk-17.0.10.7-hotspot\bin\management_ext.dll
Event: 0.739 Loaded shared library C:\Users\Mazahir Ali\.gradle\native\1def1411415f61bf3af743bc5b6707747c0891f09f0c88961ee8f79bc544acac\windows-amd64\native-platform.dll
Event: 0.774 Loaded shared library C:\Users\Mazahir Ali\.gradle\native\jansi\1.18\windows64\jansi.dll
Event: 1.292 Loaded shared library C:\Program Files\Microsoft\jdk-17.0.10.7-hotspot\bin\extnet.dll
Event: 1.745 Loaded shared library C:\Program Files\Microsoft\jdk-17.0.10.7-hotspot\bin\sunmscapi.dll

Deoptimization events (20 events):
Event: 1.797 Thread 0x000001847e0eb370 DEOPT PACKING pc=0x000001840f566874 sp=0x0000006d6adfd570
Event: 1.797 Thread 0x000001847e0eb370 DEOPT UNPACKING pc=0x000001840efe69a3 sp=0x0000006d6adfd508 mode 2
Event: 2.200 Thread 0x000001845eab4050 DEOPT PACKING pc=0x0000018407d04549 sp=0x0000006d6c5fdfc0
Event: 2.200 Thread 0x000001845eab4050 DEOPT UNPACKING pc=0x000001840efe7143 sp=0x0000006d6c5fd4d0 mode 0
Event: 2.295 Thread 0x000001845eab4050 Uncommon trap: trap_request=0xffffffde fr.pc=0x000001840f566bd4 relative=0x00000000000000b4
Event: 2.295 Thread 0x000001845eab4050 Uncommon trap: reason=class_check action=maybe_recompile pc=0x000001840f566bd4 method=java.util.AbstractList$Itr.next()Ljava/lang/Object; @ 14 c2
Event: 2.295 Thread 0x000001845eab4050 DEOPT PACKING pc=0x000001840f566bd4 sp=0x0000006d6c5feb90
Event: 2.295 Thread 0x000001845eab4050 DEOPT UNPACKING pc=0x000001840efe69a3 sp=0x0000006d6c5feb28 mode 2
Event: 30.881 Thread 0x000001847e0eb370 DEOPT PACKING pc=0x0000018407d1e6cd sp=0x0000006d6adfd0f0
Event: 30.881 Thread 0x000001847e0eb370 DEOPT UNPACKING pc=0x000001840efe7143 sp=0x0000006d6adfc588 mode 0
Event: 135.694 Thread 0x000001847e0eb370 Uncommon trap: trap_request=0xffffff45 fr.pc=0x000001840f5f2b2c relative=0x000000000000050c
Event: 135.695 Thread 0x000001847e0eb370 Uncommon trap: reason=unstable_if action=reinterpret pc=0x000001840f5f2b2c method=com.esotericsoftware.kryo.io.Input.readUtf8(I)V @ 79 c2
Event: 135.695 Thread 0x000001847e0eb370 DEOPT PACKING pc=0x000001840f5f2b2c sp=0x0000006d6adfd2a0
Event: 135.696 Thread 0x000001847e0eb370 DEOPT UNPACKING pc=0x000001840efe69a3 sp=0x0000006d6adfd238 mode 2
Event: 135.724 Thread 0x000001845eab4050 DEOPT PACKING pc=0x0000018407d4f003 sp=0x0000006d6c5fe0b0
Event: 135.724 Thread 0x000001845eab4050 DEOPT UNPACKING pc=0x000001840efe7143 sp=0x0000006d6c5fd520 mode 0
Event: 135.758 Thread 0x000001847e0eb370 DEOPT PACKING pc=0x0000018407e31b35 sp=0x0000006d6adfd2a0
Event: 135.758 Thread 0x000001847e0eb370 DEOPT UNPACKING pc=0x000001840efe7143 sp=0x0000006d6adfc738 mode 0
Event: 149.908 Thread 0x000001847e0eb370 DEOPT PACKING pc=0x0000018407e31b35 sp=0x0000006d6adfd210
Event: 149.909 Thread 0x000001847e0eb370 DEOPT UNPACKING pc=0x000001840efe7143 sp=0x0000006d6adfc6a8 mode 0

Classes unloaded (0 events):
No events

Classes redefined (0 events):
No events

Internal exceptions (20 events):
Event: 0.614 Thread 0x000001847e0eb370 Exception <a 'java/lang/NoSuchMethodError'{0x00000000ff074fc0}: 'java.lang.Object java.lang.invoke.DirectMethodHandle$Holder.invokeStaticInit(java.lang.Object)'> (0x00000000ff074fc0) 
thrown [s\src\hotspot\share\interpreter\linkResolver.cpp, line 759]
Event: 0.630 Thread 0x000001847e0eb370 Exception <a 'java/lang/NoSuchMethodError'{0x00000000ff08ffa8}: 'int java.lang.invoke.DirectMethodHandle$Holder.invokeSpecial(java.lang.Object, java.lang.Object, java.lang.Object)'> (0x00000000ff08ffa8) 
thrown [s\src\hotspot\share\interpreter\linkResolver.cpp, line 759]
Event: 0.636 Thread 0x000001847e0eb370 Exception <a 'java/lang/NoSuchMethodError'{0x00000000ff0cd5d8}: 'void java.lang.invoke.DirectMethodHandle$Holder.invokeStatic(java.lang.Object, java.lang.Object)'> (0x00000000ff0cd5d8) 
thrown [s\src\hotspot\share\interpreter\linkResolver.cpp, line 759]
Event: 0.637 Thread 0x000001847e0eb370 Implicit null exception at 0x000001840f59758a to 0x000001840f597ad0
Event: 0.637 Thread 0x000001847e0eb370 Implicit null exception at 0x000001840f57688f to 0x000001840f576dd8
Event: 0.637 Thread 0x000001847e0eb370 Implicit null exception at 0x000001840f56118f to 0x000001840f561209
Event: 0.691 Thread 0x000001847e0eb370 Exception <a 'java/lang/NoClassDefFoundError'{0x00000000fef49ce0}: org/slf4j/impl/StaticMarkerBinder> (0x00000000fef49ce0) 
thrown [s\src\hotspot\share\classfile\systemDictionary.cpp, line 245]
Event: 0.748 Thread 0x000001847e0eb370 Exception <a 'java/lang/NoSuchMethodError'{0x00000000fee6fb88}: 'java.lang.Object java.lang.invoke.Invokers$Holder.invoker(java.lang.Object, java.lang.Object, java.lang.Object)'> (0x00000000fee6fb88) 
thrown [s\src\hotspot\share\interpreter\linkResolver.cpp, line 759]
Event: 0.750 Thread 0x000001847e0eb370 Exception <a 'java/lang/NoSuchMethodError'{0x00000000fee78ce0}: 'java.lang.Object java.lang.invoke.DirectMethodHandle$Holder.invokeStatic(java.lang.Object, java.lang.Object, int)'> (0x00000000fee78ce0) 
thrown [s\src\hotspot\share\interpreter\linkResolver.cpp, line 759]
Event: 0.751 Thread 0x000001847e0eb370 Exception <a 'java/lang/NoSuchMethodError'{0x00000000fee84e20}: 'void java.lang.invoke.DelegatingMethodHandle$Holder.delegate(java.lang.Object, java.lang.Object, int, java.lang.Object)'> (0x00000000fee84e20) 
thrown [s\src\hotspot\share\interpreter\linkResolver.cpp, line 759]
Event: 0.753 Thread 0x000001847e0eb370 Exception <a 'java/lang/NoSuchMethodError'{0x00000000fee98468}: 'java.lang.Object java.lang.invoke.Invokers$Holder.invokeExact_MT(java.lang.Object, java.lang.Object, java.lang.Object, java.lang.Object)'> (0x00000000fee98468) 
thrown [s\src\hotspot\share\interpreter\linkResolver.cpp, line 759]
Event: 0.756 Thread 0x000001847e0eb370 Exception <a 'java/lang/NoSuchMethodError'{0x00000000feebb370}: 'java.lang.Object java.lang.invoke.DirectMethodHandle$Holder.invokeVirtual(java.lang.Object, java.lang.Object, java.lang.Object)'> (0x00000000feebb370) 
thrown [s\src\hotspot\share\interpreter\linkResolver.cpp, line 759]
Event: 0.840 Thread 0x000001847e0eb370 Exception <a 'java/lang/NoSuchMethodError'{0x00000000feae2d58}: 'java.lang.Object java.lang.invoke.DirectMethodHandle$Holder.newInvokeSpecial(java.lang.Object, java.lang.Object, java.lang.Object, java.lang.Object, java.lang.Object)'> (0x00000000feae2d58) 
thrown [s\src\hotspot\share\interpreter\linkResolver.cpp, line 759]
Event: 0.863 Thread 0x000001847e0eb370 Exception <a 'java/lang/NoSuchMethodError'{0x00000000fe6131d0}: 'void java.lang.invoke.DirectMethodHandle$Holder.invokeSpecial(java.lang.Object, java.lang.Object, java.lang.Object)'> (0x00000000fe6131d0) 
thrown [s\src\hotspot\share\interpreter\linkResolver.cpp, line 759]
Event: 1.294 Thread 0x000001847e0eb370 Exception <a 'java/lang/NoSuchMethodError'{0x00000000fe48e8b8}: 'void java.lang.invoke.DirectMethodHandle$Holder.invokeStatic(java.lang.Object, java.lang.Object, java.lang.Object)'> (0x00000000fe48e8b8) 
thrown [s\src\hotspot\share\interpreter\linkResolver.cpp, line 759]
Event: 1.340 Thread 0x000001847e0eb370 Exception <a 'java/lang/NoSuchMethodError'{0x00000000fe15dc60}: 'java.lang.Object java.lang.invoke.DirectMethodHandle$Holder.newInvokeSpecial(java.lang.Object, java.lang.Object, java.lang.Object, java.lang.Object, java.lang.Object, java.lang.Object, java.lang.Object, java.lang.Object, java.lang.Object, java.lang.Object, java.lang.Object, java.lang.Object, java.lang.Object, java.lang.Object, java.lang.Object, java.lang.Object, java.lang.Object, java.lang.Object, java.lang.Object, java.lang.Object, java.lang
Event: 1.341 Thread 0x000001847e0eb370 Exception <a 'java/lang/NoSuchMethodError'{0x00000000fe16a268}: 'java.lang.Object java.lang.invoke.Invokers$Holder.linkToTargetMethod(java.lang.Object, java.lang.Object, java.lang.Object, java.lang.Object, java.lang.Object, java.lang.Object, java.lang.Object, java.lang.Object, java.lang.Object, java.lang.Object, java.lang.Object, java.lang.Object, java.lang.Object, java.lang.Object, java.lang.Object, java.lang.Object, java.lang.Object, java.lang.Object, java.lang.Object, java.lang.Object, java.lang.Object,
Event: 1.382 Thread 0x000001847e0eb370 Exception <a 'java/lang/NoSuchMethodError'{0x00000000fffd21b0}: 'java.lang.Object java.lang.invoke.DirectMethodHandle$Holder.invokeStaticInit(java.lang.Object, int, int, int, int)'> (0x00000000fffd21b0) 
thrown [s\src\hotspot\share\interpreter\linkResolver.cpp, line 759]
Event: 1.696 Thread 0x000001847e0eb370 Exception <a 'java/lang/NoSuchMethodError'{0x00000000ffd0b470}: 'java.lang.Object java.lang.invoke.DirectMethodHandle$Holder.invokeStaticInit(java.lang.Object, java.lang.Object, int, int, int, int)'> (0x00000000ffd0b470) 
thrown [s\src\hotspot\share\interpreter\linkResolver.cpp, line 759]
Event: 1.715 Thread 0x000001847e0eb370 Implicit null exception at 0x000001840f5758f2 to 0x000001840f575ec0

VM Operations (20 events):
Event: 95.401 Executing VM operation: Cleanup
Event: 95.401 Executing VM operation: Cleanup done
Event: 99.434 Executing VM operation: Cleanup
Event: 99.434 Executing VM operation: Cleanup done
Event: 102.463 Executing VM operation: Cleanup
Event: 102.464 Executing VM operation: Cleanup done
Event: 104.491 Executing VM operation: Cleanup
Event: 104.492 Executing VM operation: Cleanup done
Event: 116.610 Executing VM operation: Cleanup
Event: 116.637 Executing VM operation: Cleanup done
Event: 120.122 Executing VM operation: HandshakeAllThreads
Event: 120.127 Executing VM operation: HandshakeAllThreads done
Event: 128.217 Executing VM operation: Cleanup
Event: 128.249 Executing VM operation: Cleanup done
Event: 136.334 Executing VM operation: Cleanup
Event: 136.335 Executing VM operation: Cleanup done
Event: 159.522 Executing VM operation: Cleanup
Event: 159.522 Executing VM operation: Cleanup done
Event: 180.273 Executing VM operation: HandshakeAllThreads
Event: 180.273 Executing VM operation: HandshakeAllThreads done

Events (20 events):
Event: 27.516 loading class jdk/internal/logger/LazyLoggers$LazyLoggerFactories
Event: 27.516 loading class jdk/internal/logger/LazyLoggers$LazyLoggerFactories done
Event: 27.525 loading class jdk/internal/logger/LoggerFinderLoader
Event: 27.526 loading class jdk/internal/logger/LoggerFinderLoader done
Event: 27.535 loading class jdk/internal/logger/LoggerFinderLoader$TemporaryLoggerFinder
Event: 27.536 loading class jdk/internal/logger/LoggerFinderLoader$TemporaryLoggerFinder done
Event: 27.542 loading class sun/util/logging/internal/LoggingProviderImpl$JULWrapper
Event: 27.542 loading class sun/util/logging/PlatformLogger$ConfigurableBridge$LoggerConfiguration
Event: 27.543 loading class sun/util/logging/PlatformLogger$ConfigurableBridge$LoggerConfiguration done
Event: 27.543 loading class sun/util/logging/internal/LoggingProviderImpl$JULWrapper done
Event: 27.544 loading class java/io/ObjectInputFilter
Event: 27.544 loading class java/io/ObjectInputFilter done
Event: 27.545 loading class java/io/ObjectInputFilter$Config$BuiltinFilterFactory
Event: 27.546 loading class java/io/ObjectInputFilter$Config$BuiltinFilterFactory done
Event: 27.546 loading class jdk/internal/access/JavaObjectInputFilterAccess
Event: 27.546 loading class jdk/internal/access/JavaObjectInputFilterAccess done
Event: 27.547 loading class java/lang/System$Logger$Level
Event: 27.547 loading class java/lang/System$Logger$Level done
Event: 27.548 loading class java/io/Bits
Event: 27.549 loading class java/io/Bits done


Dynamic libraries:
0x00007ff672440000 - 0x00007ff67244e000 	C:\Program Files\Microsoft\jdk-17.0.10.7-hotspot\bin\java.exe
0x00007ffd97ee0000 - 0x00007ffd98148000 	C:\WINDOWS\SYSTEM32\ntdll.dll
0x00007ffd95db0000 - 0x00007ffd95e79000 	C:\WINDOWS\System32\KERNEL32.DLL
0x00007ffd95240000 - 0x00007ffd9562d000 	C:\WINDOWS\System32\KERNELBASE.dll
0x00007ffd950f0000 - 0x00007ffd9523b000 	C:\WINDOWS\System32\ucrtbase.dll
0x00007ffd8cf30000 - 0x00007ffd8cf47000 	C:\Program Files\Microsoft\jdk-17.0.10.7-hotspot\bin\jli.dll
0x00007ffd97cd0000 - 0x00007ffd97e9c000 	C:\WINDOWS\System32\USER32.dll
0x00007ffd8cca0000 - 0x00007ffd8ccbb000 	C:\Program Files\Microsoft\jdk-17.0.10.7-hotspot\bin\VCRUNTIME140.dll
0x00007ffd95030000 - 0x00007ffd95057000 	C:\WINDOWS\System32\win32u.dll
0x00007ffd970a0000 - 0x00007ffd970cb000 	C:\WINDOWS\System32\GDI32.dll
0x00007ffd79390000 - 0x00007ffd7962a000 	C:\WINDOWS\WinSxS\amd64_microsoft.windows.common-controls_6595b64144ccf1df_6.0.26100.4484_none_3e0e6d4ce32ef3b3\COMCTL32.dll
0x00007ffd95910000 - 0x00007ffd95a47000 	C:\WINDOWS\System32\gdi32full.dll
0x00007ffd95bd0000 - 0x00007ffd95c73000 	C:\WINDOWS\System32\msvcp_win.dll
0x00007ffd975a0000 - 0x00007ffd97649000 	C:\WINDOWS\System32\msvcrt.dll
0x00007ffd965b0000 - 0x00007ffd965df000 	C:\WINDOWS\System32\IMM32.DLL
0x00007ffd902d0000 - 0x00007ffd902dc000 	C:\Program Files\Microsoft\jdk-17.0.10.7-hotspot\bin\vcruntime140_1.dll
0x00007ffd1a4d0000 - 0x00007ffd1a55d000 	C:\Program Files\Microsoft\jdk-17.0.10.7-hotspot\bin\msvcp140.dll
0x00007ffcb58a0000 - 0x00007ffcb6505000 	C:\Program Files\Microsoft\jdk-17.0.10.7-hotspot\bin\server\jvm.dll
0x00007ffd97c10000 - 0x00007ffd97cc4000 	C:\WINDOWS\System32\ADVAPI32.dll
0x00007ffd96500000 - 0x00007ffd965a6000 	C:\WINDOWS\System32\sechost.dll
0x00007ffd95e90000 - 0x00007ffd95fa8000 	C:\WINDOWS\System32\RPCRT4.dll
0x00007ffd8c5c0000 - 0x00007ffd8c5f5000 	C:\WINDOWS\SYSTEM32\WINMM.dll
0x00007ffd94ea0000 - 0x00007ffd94efe000 	C:\WINDOWS\SYSTEM32\POWRPROF.dll
0x00007ffd61aa0000 - 0x00007ffd61aaa000 	C:\WINDOWS\SYSTEM32\WSOCK32.dll
0x00007ffd8dbc0000 - 0x00007ffd8dbcb000 	C:\WINDOWS\SYSTEM32\VERSION.dll
0x00007ffd970d0000 - 0x00007ffd97144000 	C:\WINDOWS\System32\WS2_32.dll
0x00007ffd94e80000 - 0x00007ffd94e94000 	C:\WINDOWS\SYSTEM32\UMPDC.dll
0x00007ffd93db0000 - 0x00007ffd93dcb000 	C:\WINDOWS\SYSTEM32\kernel.appcore.dll
0x00007ffd8eb60000 - 0x00007ffd8eb6a000 	C:\Program Files\Microsoft\jdk-17.0.10.7-hotspot\bin\jimage.dll
0x00007ffd85c10000 - 0x00007ffd85e51000 	C:\WINDOWS\SYSTEM32\DBGHELP.DLL
0x00007ffd977c0000 - 0x00007ffd97b46000 	C:\WINDOWS\System32\combase.dll
0x00007ffd973c0000 - 0x00007ffd974a0000 	C:\WINDOWS\System32\OLEAUT32.dll
0x00007ffd741f0000 - 0x00007ffd74233000 	C:\WINDOWS\SYSTEM32\dbgcore.DLL
0x00007ffd956f0000 - 0x00007ffd95789000 	C:\WINDOWS\System32\bcryptPrimitives.dll
0x00007ffd3e680000 - 0x00007ffd3e6a5000 	C:\Program Files\Microsoft\jdk-17.0.10.7-hotspot\bin\java.dll
0x00007ffcdfa30000 - 0x00007ffcdfb07000 	C:\Program Files\Microsoft\jdk-17.0.10.7-hotspot\bin\jsvml.dll
0x00007ffd96950000 - 0x00007ffd9709a000 	C:\WINDOWS\System32\SHELL32.dll
0x00007ffd95790000 - 0x00007ffd95904000 	C:\WINDOWS\System32\wintypes.dll
0x00007ffd92c50000 - 0x00007ffd934ab000 	C:\WINDOWS\SYSTEM32\windows.storage.dll
0x00007ffd95c80000 - 0x00007ffd95d75000 	C:\WINDOWS\System32\SHCORE.dll
0x00007ffd974b0000 - 0x00007ffd9751a000 	C:\WINDOWS\System32\shlwapi.dll
0x00007ffd94f40000 - 0x00007ffd94f6f000 	C:\WINDOWS\SYSTEM32\profapi.dll
0x00007ffd6ae50000 - 0x00007ffd6ae69000 	C:\Program Files\Microsoft\jdk-17.0.10.7-hotspot\bin\net.dll
0x00007ffd8a420000 - 0x00007ffd8a53e000 	C:\WINDOWS\SYSTEM32\WINHTTP.dll
0x00007ffd94360000 - 0x00007ffd943ca000 	C:\WINDOWS\system32\mswsock.dll
0x00007ffd6a290000 - 0x00007ffd6a2a6000 	C:\Program Files\Microsoft\jdk-17.0.10.7-hotspot\bin\nio.dll
0x00007ffd68eb0000 - 0x00007ffd68ec8000 	C:\Program Files\Microsoft\jdk-17.0.10.7-hotspot\bin\zip.dll
0x00007ffd73f30000 - 0x00007ffd73f40000 	C:\Program Files\Microsoft\jdk-17.0.10.7-hotspot\bin\verify.dll
0x00007ffd72910000 - 0x00007ffd72919000 	C:\Program Files\Microsoft\jdk-17.0.10.7-hotspot\bin\management.dll
0x00007ffd71310000 - 0x00007ffd7131b000 	C:\Program Files\Microsoft\jdk-17.0.10.7-hotspot\bin\management_ext.dll
0x00007ffd96010000 - 0x00007ffd96018000 	C:\WINDOWS\System32\PSAPI.DLL
0x00007ffd3d350000 - 0x00007ffd3d377000 	C:\Users\Mazahir Ali\.gradle\native\1def1411415f61bf3af743bc5b6707747c0891f09f0c88961ee8f79bc544acac\windows-amd64\native-platform.dll
0x00007ffd8edc0000 - 0x00007ffd8edca000 	C:\Users\Mazahir Ali\.gradle\native\jansi\1.18\windows64\jansi.dll
0x00007ffd937b0000 - 0x00007ffd937e3000 	C:\WINDOWS\SYSTEM32\IPHLPAPI.DLL
0x00007ffd97b50000 - 0x00007ffd97b5a000 	C:\WINDOWS\System32\NSI.dll
0x00007ffd8c490000 - 0x00007ffd8c4af000 	C:\WINDOWS\SYSTEM32\dhcpcsvc6.DLL
0x00007ffd8a3f0000 - 0x00007ffd8a415000 	C:\WINDOWS\SYSTEM32\dhcpcsvc.DLL
0x00007ffd93840000 - 0x00007ffd93966000 	C:\WINDOWS\SYSTEM32\DNSAPI.dll
0x00007ffd6eee0000 - 0x00007ffd6eee9000 	C:\Program Files\Microsoft\jdk-17.0.10.7-hotspot\bin\extnet.dll
0x00007ffd94610000 - 0x00007ffd9462b000 	C:\WINDOWS\SYSTEM32\CRYPTSP.dll
0x00007ffd93d10000 - 0x00007ffd93d4b000 	C:\WINDOWS\system32\rsaenh.dll
0x00007ffd94400000 - 0x00007ffd9442b000 	C:\WINDOWS\SYSTEM32\USERENV.dll
0x00007ffd94f10000 - 0x00007ffd94f36000 	C:\WINDOWS\SYSTEM32\bcrypt.dll
0x00007ffd94630000 - 0x00007ffd9463c000 	C:\WINDOWS\SYSTEM32\CRYPTBASE.dll
0x00007ffd690f0000 - 0x00007ffd690fe000 	C:\Program Files\Microsoft\jdk-17.0.10.7-hotspot\bin\sunmscapi.dll
0x00007ffd95a50000 - 0x00007ffd95bc7000 	C:\WINDOWS\System32\CRYPT32.dll
0x00007ffd94830000 - 0x00007ffd94860000 	C:\WINDOWS\SYSTEM32\ncrypt.dll
0x00007ffd947e0000 - 0x00007ffd9481f000 	C:\WINDOWS\SYSTEM32\NTASN1.dll
0x00007ffcfbb20000 - 0x00007ffcfbb28000 	C:\WINDOWS\system32\wshunix.dll

dbghelp: loaded successfully - version: 4.0.5 - missing functions: none
symbol engine: initialized successfully - sym options: 0x614 - pdb path: .;C:\Program Files\Microsoft\jdk-17.0.10.7-hotspot\bin;C:\WINDOWS\SYSTEM32;C:\WINDOWS\WinSxS\amd64_microsoft.windows.common-controls_6595b64144ccf1df_6.0.26100.4484_none_3e0e6d4ce32ef3b3;C:\Program Files\Microsoft\jdk-17.0.10.7-hotspot\bin\server;C:\Users\Mazahir Ali\.gradle\native\1def1411415f61bf3af743bc5b6707747c0891f09f0c88961ee8f79bc544acac\windows-amd64;C:\Users\Mazahir Ali\.gradle\native\jansi\1.18\windows64

VM Arguments:
jvm_args: -Xmx64m -Xms64m -Dorg.gradle.appname=gradlew 
java_command: C:\Utils\UtilsApp\android\\gradle\wrapper\gradle-wrapper.jar app:installDebug -PreactNativeDevServerPort=8081
java_class_path (initial): C:\Utils\UtilsApp\android\\gradle\wrapper\gradle-wrapper.jar
Launcher Type: SUN_STANDARD

[Global flags]
     intx CICompilerCount                          = 4                                         {product} {ergonomic}
     uint ConcGCThreads                            = 3                                         {product} {ergonomic}
     uint G1ConcRefinementThreads                  = 10                                        {product} {ergonomic}
   size_t G1HeapRegionSize                         = 1048576                                   {product} {ergonomic}
    uintx GCDrainStackTargetSize                   = 64                                        {product} {ergonomic}
   size_t InitialHeapSize                          = 67108864                                  {product} {command line}
   size_t MarkStackSize                            = 4194304                                   {product} {ergonomic}
   size_t MaxHeapSize                              = 67108864                                  {product} {command line}
   size_t MaxNewSize                               = 39845888                                  {product} {ergonomic}
   size_t MinHeapDeltaBytes                        = 1048576                                   {product} {ergonomic}
   size_t MinHeapSize                              = 67108864                                  {product} {command line}
    uintx NonNMethodCodeHeapSize                   = 5839372                                {pd product} {ergonomic}
    uintx NonProfiledCodeHeapSize                  = 122909434                              {pd product} {ergonomic}
    uintx ProfiledCodeHeapSize                     = 122909434                              {pd product} {ergonomic}
    uintx ReservedCodeCacheSize                    = 251658240                              {pd product} {ergonomic}
     bool SegmentedCodeCache                       = true                                      {product} {ergonomic}
   size_t SoftMaxHeapSize                          = 67108864                               {manageable} {ergonomic}
     bool UseCompressedClassPointers               = true                           {product lp64_product} {ergonomic}
     bool UseCompressedOops                        = true                           {product lp64_product} {ergonomic}
     bool UseG1GC                                  = true                                      {product} {ergonomic}
     bool UseLargePagesIndividualAllocation        = false                                  {pd product} {ergonomic}

Logging:
Log output configuration:
 #0: stdout all=warning uptime,level,tags
 #1: stderr all=off uptime,level,tags

Environment Variables:
JAVA_HOME=C:\Program Files\Microsoft\jdk-17.0.10.7-hotspot\
PATH=C:\Utils\UtilsApp\node_modules\.bin;C:\Utils\UtilsApp\node_modules\.bin;C:\Utils\node_modules\.bin;C:\node_modules\.bin;C:\Program Files\nodejs\node_modules\npm\node_modules\@npmcli\run-script\lib\node-gyp-bin;C:\Python313\Scripts\;C:\Python313\;C:\Program Files\Eclipse Adoptium\jdk-17.0.10.7-hotspot\bin;C:\Program Files\Microsoft\jdk-17.0.10.7-hotspot\bin;C:\Python312\Scripts\;C:\Python312\;C:\Program Files\Common Files\Oracle\Java\javapath;C:\windows\system32;C:\windows;C:\windows\System32\Wbem;C:\windows\System32\WindowsPowerShell\v1.0\;C:\windows\System32\OpenSSH\;C:\Program Files (x86)\NVIDIA Corporation\PhysX\Common;C:\Program Files\NVIDIA Corporation\NVIDIA NvDLISR;C:\Program Files\MySQL\MySQL Server 8.0\bin;C:\WINDOWS\system32;C:\WINDOWS;C:\WINDOWS\System32\Wbem;C:\WINDOWS\System32\WindowsPowerShell\v1.0\;C:\WINDOWS\System32\OpenSSH\;C:\TDM-GCC-32\bin;C:\Program Files\MongoDB\Server\6.0\bin;C:\Users\Mazahir Ali\Desktop\mongosh-1.8.0-win32-x64.zip\mongosh-1.8.0-win32-x64\bin;C:\ProgramData\chocolatey\bin;C:\Users\Mazahir Ali\AppData\Local\Android\Sdk\platform-tools;C:\Program Files\HP\HP One Agent;C:\Program Files\Git\cmd;C:\Program Files\nodejs\;C:\Program Files\Docker\Docker\resources\bin;C:\WINDOWS\system32;C:\WINDOWS;C:\WINDOWS\System32\Wbem;C:\WINDOWS\System32\WindowsPowerShell\v1.0\;C:\WINDOWS\System32\OpenSSH\;C:\flutter\bin;;c:\Users\Mazahir Ali\AppData\Local\Programs\cursor\resources\app\bin;C:\Program Files\Cloudflare\Cloudflare WARP\;C:\Program Files\MySQL\MySQL Shell 8.0\bin\;C:\Users\Mazahir Ali\AppData\Local\Microsoft\WindowsApps;C:\Users\Mazahir Ali\AppData\Local\Programs\Microsoft VS Code\bin;C:\Program Files\JetBrains\IntelliJ IDEA Community Edition 2022.2.1\bin;;C:\Users\Mazahir Ali\AppData\Local\Programs\Hyper\resources\bin;C:\Program Files\nodejs;C:\Program Files\heroku\bin;C:\Program Files\MongoDB\Server\6.0\bin;C:\Users\Mazahir Ali\Desktop\mongosh-1.8.0-win32-x64.zip\mongosh-1.8.0-win32-x64\bin;C:\Program Files\Java\jdk-18.0.2.1\bin;C:
USERNAME=Mazahir Ali
LANG=en_US.UTF-8
OS=Windows_NT
PROCESSOR_IDENTIFIER=AMD64 Family 25 Model 80 Stepping 0, AuthenticAMD
TMP=C:\Users\MAZAHI~1\AppData\Local\Temp
TEMP=C:\Users\MAZAHI~1\AppData\Local\Temp



Periodic native trim disabled


---------------  S Y S T E M  ---------------

OS:
 Windows 11 , 64 bit Build 26100 (10.0.26100.4484)
OS uptime: 0 days 21:12 hours
Hyper-V role detected

CPU: total 12 (initial active 12) (12 cores per cpu, 2 threads per core) family 25 model 80 stepping 0 microcode 0xa50000d, cx8, cmov, fxsr, ht, mmx, 3dnowpref, sse, sse2, sse3, ssse3, sse4a, sse4.1, sse4.2, popcnt, lzcnt, tsc, tscinvbit, avx, avx2, aes, erms, clmul, bmi1, bmi2, adx, sha, fma, vzeroupper, clflush, clflushopt, hv
Processor Information for processor 0
  Max Mhz: 3301, Current Mhz: 2630, Mhz Limit: 3301
Processor Information for processor 1
  Max Mhz: 3301, Current Mhz: 3301, Mhz Limit: 3301
Processor Information for processor 2
  Max Mhz: 3301, Current Mhz: 2630, Mhz Limit: 3301
Processor Information for processor 3
  Max Mhz: 3301, Current Mhz: 2630, Mhz Limit: 3301
Processor Information for processor 4
  Max Mhz: 3301, Current Mhz: 2630, Mhz Limit: 3301
Processor Information for processor 5
  Max Mhz: 3301, Current Mhz: 2630, Mhz Limit: 3301
Processor Information for processor 6
  Max Mhz: 3301, Current Mhz: 2630, Mhz Limit: 3301
Processor Information for processor 7
  Max Mhz: 3301, Current Mhz: 2630, Mhz Limit: 3301
Processor Information for processor 8
  Max Mhz: 3301, Current Mhz: 2630, Mhz Limit: 3301
Processor Information for processor 9
  Max Mhz: 3301, Current Mhz: 2630, Mhz Limit: 3301
Processor Information for processor 10
  Max Mhz: 3301, Current Mhz: 3301, Mhz Limit: 3301
Processor Information for processor 11
  Max Mhz: 3301, Current Mhz: 2630, Mhz Limit: 3301

Memory: 4k page, system-wide physical 7521M (757M free)
TotalPageFile size 31073M (AvailPageFile size 0M)
current process WorkingSet (physical memory assigned to process): 17M, peak: 114M
current process commit charge ("private bytes"): 170M, peak: 179M

vm_info: OpenJDK 64-Bit Server VM (17.0.10+7-LTS) for windows-amd64 JRE (17.0.10+7-LTS), built on Jan 10 2024 19:47:12 by "MicrosoftCorporation" with MS VC++ 16.10 / 16.11 (VS2019)

END.
