#
# There is insufficient memory for the Java Runtime Environment to continue.
# Native memory allocation (malloc) failed to allocate 32744 bytes for ChunkPool::allocate
# Possible reasons:
#   The system is out of physical RAM or swap space
#   The process is running with CompressedOops enabled, and the Java Heap may be blocking the growth of the native heap
# Possible solutions:
#   Reduce memory load on the system
#   Increase physical memory or swap space
#   Check if swap backing store is full
#   Decrease Java heap size (-Xmx/-Xms)
#   Decrease number of Java threads
#   Decrease Java thread stack sizes (-Xss)
#   Set larger code cache with -XX:ReservedCodeCacheSize=
#   JVM is running with Unscaled Compressed Oops mode in which the Java heap is
#     placed in the first 4GB address space. The Java Heap base address is the
#     maximum limit for the native heap growth. Please use -XX:HeapBaseMinAddress
#     to set the Java Heap base and to place the Java Heap above 4GB virtual address.
# This output file may be truncated or incomplete.
#
#  Out of Memory Error (arena.cpp:79), pid=11488, tid=1940
#
# JRE version: OpenJDK Runtime Environment Microsoft-8902769 (17.0.10+7) (build 17.0.10+7-LTS)
# Java VM: OpenJDK 64-Bit Server VM Microsoft-8902769 (17.0.10+7-LTS, mixed mode, sharing, tiered, compressed oops, compressed class ptrs, g1 gc, windows-amd64)
# No core dump will be written. Minidumps are not enabled by default on client versions of Windows
#

---------------  S U M M A R Y ------------

Command Line: -Xmx64m -Xms64m -Dorg.gradle.appname=gradlew C:\Utils\UtilsApp\android\\gradle\wrapper\gradle-wrapper.jar app:installDebug -PreactNativeDevServerPort=8081

Host: AMD Ryzen 5 5600H with Radeon Graphics         12 cores, 7G,  Windows 11 64 bit Build 26100 (10.0.26100.5074)
Time: Thu Oct  2 11:55:27 2025 India Standard Time elapsed time: 152.007263 seconds (0d 0h 2m 32s)

---------------  T H R E A D  ---------------

Current thread (0x0000019448da0580):  JavaThread "C2 CompilerThread0" daemon [_thread_in_native, id=1940, stack(0x0000008d26200000,0x0000008d26300000)]


Current CompileTask:
C2: 152007 2064   !   4       net.rubygrapefruit.platform.internal.WindowsTerminal::getTerminalSize (84 bytes)

Stack: [0x0000008d26200000,0x0000008d26300000]
Native frames: (J=compiled Java code, j=interpreted, Vv=VM code, C=native code)
V  [jvm.dll+0x67f829]
V  [jvm.dll+0x83750a]
V  [jvm.dll+0x838fce]
V  [jvm.dll+0x839633]
V  [jvm.dll+0x247cbf]
V  [jvm.dll+0xac721]
V  [jvm.dll+0xacb6c]
V  [jvm.dll+0x11f088]
V  [jvm.dll+0x6a9511]
V  [jvm.dll+0x1bd28e]
V  [jvm.dll+0x21a559]
V  [jvm.dll+0x219821]
V  [jvm.dll+0x1a5176]
V  [jvm.dll+0x22957e]
V  [jvm.dll+0x22774c]
V  [jvm.dll+0x7ec5d7]
V  [jvm.dll+0x7e69da]
V  [jvm.dll+0x67e715]
C  [ucrtbase.dll+0x37b0]
C  [KERNEL32.DLL+0x2e8d7]
C  [ntdll.dll+0x8d9c]


---------------  P R O C E S S  ---------------

Threads class SMR info:
_java_thread_list=0x000001948ef0c1a0, length=13, elements={
0x000001942d1c0040, 0x0000019448d6a4f0, 0x0000019448d6abd0, 0x0000019448d84130,
0x0000019448d86620, 0x0000019448d86b00, 0x0000019448d86fe0, 0x0000019448da0580,
0x0000019448da4ab0, 0x0000019448da4fd0, 0x000001948e09b6d0, 0x000001948e0bbe60,
0x000001948ecbc190
}

Java Threads: ( => current thread )
  0x000001942d1c0040 JavaThread "main" [_thread_in_native, id=16412, stack(0x0000008d25500000,0x0000008d25600000)]
  0x0000019448d6a4f0 JavaThread "Reference Handler" daemon [_thread_blocked, id=29936, stack(0x0000008d25c00000,0x0000008d25d00000)]
  0x0000019448d6abd0 JavaThread "Finalizer" daemon [_thread_blocked, id=32356, stack(0x0000008d25d00000,0x0000008d25e00000)]
  0x0000019448d84130 JavaThread "Signal Dispatcher" daemon [_thread_blocked, id=4296, stack(0x0000008d25e00000,0x0000008d25f00000)]
  0x0000019448d86620 JavaThread "Attach Listener" daemon [_thread_blocked, id=25020, stack(0x0000008d25f00000,0x0000008d26000000)]
  0x0000019448d86b00 JavaThread "Service Thread" daemon [_thread_blocked, id=17172, stack(0x0000008d26000000,0x0000008d26100000)]
  0x0000019448d86fe0 JavaThread "Monitor Deflation Thread" daemon [_thread_blocked, id=30872, stack(0x0000008d26100000,0x0000008d26200000)]
=>0x0000019448da0580 JavaThread "C2 CompilerThread0" daemon [_thread_in_native, id=1940, stack(0x0000008d26200000,0x0000008d26300000)]
  0x0000019448da4ab0 JavaThread "C1 CompilerThread0" daemon [_thread_blocked, id=17716, stack(0x0000008d26300000,0x0000008d26400000)]
  0x0000019448da4fd0 JavaThread "Sweeper thread" daemon [_thread_blocked, id=6312, stack(0x0000008d26400000,0x0000008d26500000)]
  0x000001948e09b6d0 JavaThread "Notification Thread" daemon [_thread_blocked, id=6392, stack(0x0000008d26500000,0x0000008d26600000)]
  0x000001948e0bbe60 JavaThread "Common-Cleaner" daemon [_thread_blocked, id=29520, stack(0x0000008d26700000,0x0000008d26800000)]
  0x000001948ecbc190 JavaThread "pool-1-thread-1" [_thread_blocked, id=25764, stack(0x0000008d26c00000,0x0000008d26d00000)]

Other Threads:
  0x0000019448d63b10 VMThread "VM Thread" [stack: 0x0000008d25b00000,0x0000008d25c00000] [id=24560]
  0x000001948e0bbbc0 WatcherThread [stack: 0x0000008d26600000,0x0000008d26700000] [id=32716]
  0x000001942d1e1310 GCTaskThread "GC Thread#0" [stack: 0x0000008d25600000,0x0000008d25700000] [id=19212]
  0x000001948e4219d0 GCTaskThread "GC Thread#1" [stack: 0x0000008d26900000,0x0000008d26a00000] [id=2892]
  0x000001948e43a510 GCTaskThread "GC Thread#2" [stack: 0x0000008d26a00000,0x0000008d26b00000] [id=31084]
  0x000001948e43a7d0 GCTaskThread "GC Thread#3" [stack: 0x0000008d26b00000,0x0000008d26c00000] [id=31832]
  0x000001948f193920 GCTaskThread "GC Thread#4" [stack: 0x0000008d26d00000,0x0000008d26e00000] [id=30860]
  0x000001948f193be0 GCTaskThread "GC Thread#5" [stack: 0x0000008d26e00000,0x0000008d26f00000] [id=26080]
  0x000001948eeeaeb0 GCTaskThread "GC Thread#6" [stack: 0x0000008d26f00000,0x0000008d27000000] [id=4776]
  0x000001942d1e2970 ConcurrentGCThread "G1 Main Marker" [stack: 0x0000008d25700000,0x0000008d25800000] [id=2944]
  0x000001942d1e3f70 ConcurrentGCThread "G1 Conc#0" [stack: 0x0000008d25800000,0x0000008d25900000] [id=23576]
  0x000001942d254d40 ConcurrentGCThread "G1 Refine#0" [stack: 0x0000008d25900000,0x0000008d25a00000] [id=13176]
  0x000001942d258150 ConcurrentGCThread "G1 Service" [stack: 0x0000008d25a00000,0x0000008d25b00000] [id=7380]

Threads with active compile tasks:
C2 CompilerThread0   153220 2064   !   4       net.rubygrapefruit.platform.internal.WindowsTerminal::getTerminalSize (84 bytes)

VM state: not at safepoint (normal execution)

VM Mutex/Monitor currently owned by a thread: None

Heap address: 0x00000000fc000000, size: 64 MB, Compressed Oops mode: 32-bit

CDS archive(s) mapped at: [0x0000019449000000-0x0000019449bb0000-0x0000019449bb0000), size 12255232, SharedBaseAddress: 0x0000019449000000, ArchiveRelocationMode: 1.
Compressed class space mapped at: 0x000001944a000000-0x000001948a000000, reserved size: 1073741824
Narrow klass base: 0x0000019449000000, Narrow klass shift: 0, Narrow klass range: 0x100000000

GC Precious Log:
 CPUs: 12 total, 12 available
 Memory: 7521M
 Large Page Support: Disabled
 NUMA Support: Disabled
 Compressed Oops: Enabled (32-bit)
 Heap Region Size: 1M
 Heap Min Capacity: 64M
 Heap Initial Capacity: 64M
 Heap Max Capacity: 64M
 Pre-touch: Disabled
 Parallel Workers: 10
 Concurrent Workers: 3
 Concurrent Refinement Workers: 10
 Periodic GC: Disabled

Heap:
 garbage-first heap   total 65536K, used 22712K [0x00000000fc000000, 0x0000000100000000)
  region size 1024K, 16 young (16384K), 4 survivors (4096K)
 Metaspace       used 9634K, committed 9856K, reserved 1114112K
  class space    used 1257K, committed 1344K, reserved 1048576K

Heap Regions: E=young(eden), S=young(survivor), O=old, HS=humongous(starts), HC=humongous(continues), CS=collection set, F=free, OA=open archive, CA=closed archive, TAMS=top-at-mark-start (previous, next)
|   0|0x00000000fc000000, 0x00000000fc100000, 0x00000000fc100000|100%|HS|  |TAMS 0x00000000fc000000, 0x00000000fc000000| Complete 
|   1|0x00000000fc100000, 0x00000000fc200000, 0x00000000fc200000|100%|HC|  |TAMS 0x00000000fc100000, 0x00000000fc100000| Complete 
|   2|0x00000000fc200000, 0x00000000fc300000, 0x00000000fc300000|100%|HC|  |TAMS 0x00000000fc200000, 0x00000000fc200000| Complete 
|   3|0x00000000fc300000, 0x00000000fc400000, 0x00000000fc400000|100%| O|  |TAMS 0x00000000fc300000, 0x00000000fc300000| Untracked 
|   4|0x00000000fc400000, 0x00000000fc500000, 0x00000000fc500000|100%| O|  |TAMS 0x00000000fc400000, 0x00000000fc400000| Untracked 
|   5|0x00000000fc500000, 0x00000000fc600000, 0x00000000fc600000|100%| O|  |TAMS 0x00000000fc500000, 0x00000000fc500000| Untracked 
|   6|0x00000000fc600000, 0x00000000fc700000, 0x00000000fc700000|100%| O|  |TAMS 0x00000000fc600000, 0x00000000fc600000| Untracked 
|   7|0x00000000fc700000, 0x00000000fc72e000, 0x00000000fc800000| 17%| O|  |TAMS 0x00000000fc700000, 0x00000000fc700000| Untracked 
|   8|0x00000000fc800000, 0x00000000fc800000, 0x00000000fc900000|  0%| F|  |TAMS 0x00000000fc800000, 0x00000000fc800000| Untracked 
|   9|0x00000000fc900000, 0x00000000fc900000, 0x00000000fca00000|  0%| F|  |TAMS 0x00000000fc900000, 0x00000000fc900000| Untracked 
|  10|0x00000000fca00000, 0x00000000fca00000, 0x00000000fcb00000|  0%| F|  |TAMS 0x00000000fca00000, 0x00000000fca00000| Untracked 
|  11|0x00000000fcb00000, 0x00000000fcb00000, 0x00000000fcc00000|  0%| F|  |TAMS 0x00000000fcb00000, 0x00000000fcb00000| Untracked 
|  12|0x00000000fcc00000, 0x00000000fcc00000, 0x00000000fcd00000|  0%| F|  |TAMS 0x00000000fcc00000, 0x00000000fcc00000| Untracked 
|  13|0x00000000fcd00000, 0x00000000fcd00000, 0x00000000fce00000|  0%| F|  |TAMS 0x00000000fcd00000, 0x00000000fcd00000| Untracked 
|  14|0x00000000fce00000, 0x00000000fce00000, 0x00000000fcf00000|  0%| F|  |TAMS 0x00000000fce00000, 0x00000000fce00000| Untracked 
|  15|0x00000000fcf00000, 0x00000000fcf00000, 0x00000000fd000000|  0%| F|  |TAMS 0x00000000fcf00000, 0x00000000fcf00000| Untracked 
|  16|0x00000000fd000000, 0x00000000fd000000, 0x00000000fd100000|  0%| F|  |TAMS 0x00000000fd000000, 0x00000000fd000000| Untracked 
|  17|0x00000000fd100000, 0x00000000fd100000, 0x00000000fd200000|  0%| F|  |TAMS 0x00000000fd100000, 0x00000000fd100000| Untracked 
|  18|0x00000000fd200000, 0x00000000fd200000, 0x00000000fd300000|  0%| F|  |TAMS 0x00000000fd200000, 0x00000000fd200000| Untracked 
|  19|0x00000000fd300000, 0x00000000fd300000, 0x00000000fd400000|  0%| F|  |TAMS 0x00000000fd300000, 0x00000000fd300000| Untracked 
|  20|0x00000000fd400000, 0x00000000fd400000, 0x00000000fd500000|  0%| F|  |TAMS 0x00000000fd400000, 0x00000000fd400000| Untracked 
|  21|0x00000000fd500000, 0x00000000fd500000, 0x00000000fd600000|  0%| F|  |TAMS 0x00000000fd500000, 0x00000000fd500000| Untracked 
|  22|0x00000000fd600000, 0x00000000fd600000, 0x00000000fd700000|  0%| F|  |TAMS 0x00000000fd600000, 0x00000000fd600000| Untracked 
|  23|0x00000000fd700000, 0x00000000fd700000, 0x00000000fd800000|  0%| F|  |TAMS 0x00000000fd700000, 0x00000000fd700000| Untracked 
|  24|0x00000000fd800000, 0x00000000fd800000, 0x00000000fd900000|  0%| F|  |TAMS 0x00000000fd800000, 0x00000000fd800000| Untracked 
|  25|0x00000000fd900000, 0x00000000fd900000, 0x00000000fda00000|  0%| F|  |TAMS 0x00000000fd900000, 0x00000000fd900000| Untracked 
|  26|0x00000000fda00000, 0x00000000fda00000, 0x00000000fdb00000|  0%| F|  |TAMS 0x00000000fda00000, 0x00000000fda00000| Untracked 
|  27|0x00000000fdb00000, 0x00000000fdb00000, 0x00000000fdc00000|  0%| F|  |TAMS 0x00000000fdb00000, 0x00000000fdb00000| Untracked 
|  28|0x00000000fdc00000, 0x00000000fdd00000, 0x00000000fdd00000|100%| S|CS|TAMS 0x00000000fdc00000, 0x00000000fdc00000| Complete 
|  29|0x00000000fdd00000, 0x00000000fde00000, 0x00000000fde00000|100%| S|CS|TAMS 0x00000000fdd00000, 0x00000000fdd00000| Complete 
|  30|0x00000000fde00000, 0x00000000fdf00000, 0x00000000fdf00000|100%| S|CS|TAMS 0x00000000fde00000, 0x00000000fde00000| Complete 
|  31|0x00000000fdf00000, 0x00000000fe000000, 0x00000000fe000000|100%| S|CS|TAMS 0x00000000fdf00000, 0x00000000fdf00000| Complete 
|  32|0x00000000fe000000, 0x00000000fe000000, 0x00000000fe100000|  0%| F|  |TAMS 0x00000000fe000000, 0x00000000fe000000| Untracked 
|  33|0x00000000fe100000, 0x00000000fe100000, 0x00000000fe200000|  0%| F|  |TAMS 0x00000000fe100000, 0x00000000fe100000| Untracked 
|  34|0x00000000fe200000, 0x00000000fe200000, 0x00000000fe300000|  0%| F|  |TAMS 0x00000000fe200000, 0x00000000fe200000| Untracked 
|  35|0x00000000fe300000, 0x00000000fe300000, 0x00000000fe400000|  0%| F|  |TAMS 0x00000000fe300000, 0x00000000fe300000| Untracked 
|  36|0x00000000fe400000, 0x00000000fe400000, 0x00000000fe500000|  0%| F|  |TAMS 0x00000000fe400000, 0x00000000fe400000| Untracked 
|  37|0x00000000fe500000, 0x00000000fe500000, 0x00000000fe600000|  0%| F|  |TAMS 0x00000000fe500000, 0x00000000fe500000| Untracked 
|  38|0x00000000fe600000, 0x00000000fe600000, 0x00000000fe700000|  0%| F|  |TAMS 0x00000000fe600000, 0x00000000fe600000| Untracked 
|  39|0x00000000fe700000, 0x00000000fe700000, 0x00000000fe800000|  0%| F|  |TAMS 0x00000000fe700000, 0x00000000fe700000| Untracked 
|  40|0x00000000fe800000, 0x00000000fe800000, 0x00000000fe900000|  0%| F|  |TAMS 0x00000000fe800000, 0x00000000fe800000| Untracked 
|  41|0x00000000fe900000, 0x00000000fe900000, 0x00000000fea00000|  0%| F|  |TAMS 0x00000000fe900000, 0x00000000fe900000| Untracked 
|  42|0x00000000fea00000, 0x00000000fea00000, 0x00000000feb00000|  0%| F|  |TAMS 0x00000000fea00000, 0x00000000fea00000| Untracked 
|  43|0x00000000feb00000, 0x00000000feb00000, 0x00000000fec00000|  0%| F|  |TAMS 0x00000000feb00000, 0x00000000feb00000| Untracked 
|  44|0x00000000fec00000, 0x00000000fec00000, 0x00000000fed00000|  0%| F|  |TAMS 0x00000000fec00000, 0x00000000fec00000| Untracked 
|  45|0x00000000fed00000, 0x00000000fed00000, 0x00000000fee00000|  0%| F|  |TAMS 0x00000000fed00000, 0x00000000fed00000| Untracked 
|  46|0x00000000fee00000, 0x00000000fee00000, 0x00000000fef00000|  0%| F|  |TAMS 0x00000000fee00000, 0x00000000fee00000| Untracked 
|  47|0x00000000fef00000, 0x00000000fef00000, 0x00000000ff000000|  0%| F|  |TAMS 0x00000000fef00000, 0x00000000fef00000| Untracked 
|  48|0x00000000ff000000, 0x00000000ff000000, 0x00000000ff100000|  0%| F|  |TAMS 0x00000000ff000000, 0x00000000ff000000| Untracked 
|  49|0x00000000ff100000, 0x00000000ff100000, 0x00000000ff200000|  0%| F|  |TAMS 0x00000000ff100000, 0x00000000ff100000| Untracked 
|  50|0x00000000ff200000, 0x00000000ff200000, 0x00000000ff300000|  0%| F|  |TAMS 0x00000000ff200000, 0x00000000ff200000| Untracked 
|  51|0x00000000ff300000, 0x00000000ff300000, 0x00000000ff400000|  0%| F|  |TAMS 0x00000000ff300000, 0x00000000ff300000| Untracked 
|  52|0x00000000ff400000, 0x00000000ff468678, 0x00000000ff500000| 40%| E|  |TAMS 0x00000000ff400000, 0x00000000ff400000| Complete 
|  53|0x00000000ff500000, 0x00000000ff600000, 0x00000000ff600000|100%| E|CS|TAMS 0x00000000ff500000, 0x00000000ff500000| Complete 
|  54|0x00000000ff600000, 0x00000000ff700000, 0x00000000ff700000|100%| E|CS|TAMS 0x00000000ff600000, 0x00000000ff600000| Complete 
|  55|0x00000000ff700000, 0x00000000ff800000, 0x00000000ff800000|100%| E|CS|TAMS 0x00000000ff700000, 0x00000000ff700000| Complete 
|  56|0x00000000ff800000, 0x00000000ff900000, 0x00000000ff900000|100%| E|CS|TAMS 0x00000000ff800000, 0x00000000ff800000| Complete 
|  57|0x00000000ff900000, 0x00000000ffa00000, 0x00000000ffa00000|100%| E|CS|TAMS 0x00000000ff900000, 0x00000000ff900000| Complete 
|  58|0x00000000ffa00000, 0x00000000ffb00000, 0x00000000ffb00000|100%| E|CS|TAMS 0x00000000ffa00000, 0x00000000ffa00000| Complete 
|  59|0x00000000ffb00000, 0x00000000ffc00000, 0x00000000ffc00000|100%| E|CS|TAMS 0x00000000ffb00000, 0x00000000ffb00000| Complete 
|  60|0x00000000ffc00000, 0x00000000ffd00000, 0x00000000ffd00000|100%| E|CS|TAMS 0x00000000ffc00000, 0x00000000ffc00000| Complete 
|  61|0x00000000ffd00000, 0x00000000ffe00000, 0x00000000ffe00000|100%| E|CS|TAMS 0x00000000ffd00000, 0x00000000ffd00000| Complete 
|  62|0x00000000ffe00000, 0x00000000fff00000, 0x00000000fff00000|100%| E|CS|TAMS 0x00000000ffe00000, 0x00000000ffe00000| Complete 
|  63|0x00000000fff00000, 0x0000000100000000, 0x0000000100000000|100%| E|CS|TAMS 0x00000000fff00000, 0x00000000fff00000| Complete 

Card table byte_map: [0x000001942d270000,0x000001942d290000] _byte_map_base: 0x000001942ca90000

Marking Bits (Prev, Next): (CMBitMap*) 0x000001942d1e1840, (CMBitMap*) 0x000001942d1e1880
 Prev Bits: [0x0000019445f70000, 0x0000019446070000)
 Next Bits: [0x0000019446070000, 0x0000019446170000)

Polling page: 0x000001942cf10000

Metaspace:

Usage:
  Non-class:      8.18 MB used.
      Class:      1.23 MB used.
       Both:      9.41 MB used.

Virtual space:
  Non-class space:       64.00 MB reserved,       8.31 MB ( 13%) committed,  1 nodes.
      Class space:        1.00 GB reserved,       1.31 MB ( <1%) committed,  1 nodes.
             Both:        1.06 GB reserved,       9.62 MB ( <1%) committed. 

Chunk freelists:
   Non-Class:  7.62 MB
       Class:  14.51 MB
        Both:  22.13 MB

MaxMetaspaceSize: unlimited
CompressedClassSpaceSize: 1.00 GB
Initial GC threshold: 21.00 MB
Current GC threshold: 21.00 MB
CDS: on
MetaspaceReclaimPolicy: balanced
 - commit_granule_bytes: 65536.
 - commit_granule_words: 8192.
 - virtual_space_node_default_size: 8388608.
 - enlarge_chunks_in_place: 1.
 - new_chunks_are_fully_committed: 0.
 - uncommit_free_chunks: 1.
 - use_allocation_guard: 0.
 - handle_deallocations: 1.


Internal statistics:

num_allocs_failed_limit: 0.
num_arena_births: 80.
num_arena_deaths: 0.
num_vsnodes_births: 2.
num_vsnodes_deaths: 0.
num_space_committed: 154.
num_space_uncommitted: 0.
num_chunks_returned_to_freelist: 0.
num_chunks_taken_from_freelist: 347.
num_chunk_merges: 0.
num_chunk_splits: 229.
num_chunks_enlarged: 187.
num_inconsistent_stats: 0.

CodeHeap 'non-profiled nmethods': size=120000Kb used=857Kb max_used=857Kb free=119142Kb
 bounds [0x000001943ddb0000, 0x000001943e020000, 0x00000194452e0000]
CodeHeap 'profiled nmethods': size=120000Kb used=3958Kb max_used=3958Kb free=116042Kb
 bounds [0x00000194362e0000, 0x00000194366c0000, 0x000001943d810000]
CodeHeap 'non-nmethods': size=5760Kb used=1178Kb max_used=1199Kb free=4581Kb
 bounds [0x000001943d810000, 0x000001943da80000, 0x000001943ddb0000]
 total_blobs=2533 nmethods=2064 adapters=381
 compilation: enabled
              stopped_count=0, restarted_count=0
 full_count=0

Compilation events (20 events):
Event: 137.781 Thread 0x0000019448da4ab0 nmethod 2054 0x00000194366b9490 code [0x00000194366b9640, 0x00000194366b9808]
Event: 138.076 Thread 0x0000019448da4ab0 2055       3       org.gradle.internal.logging.console.MultiLineBuildProgressArea::getBuildProgressLabels (8 bytes)
Event: 138.093 Thread 0x0000019448da4ab0 nmethod 2055 0x00000194366b9910 code [0x00000194366b9aa0, 0x00000194366b9be8]
Event: 138.388 Thread 0x0000019448da4ab0 2056       3       org.gradle.internal.logging.console.ConsoleLayoutCalculator::calculateNumWorkersForConsoleDisplay (42 bytes)
Event: 138.398 Thread 0x0000019448da4ab0 nmethod 2056 0x00000194366b9c90 code [0x00000194366b9e60, 0x00000194366ba2a8]
Event: 139.084 Thread 0x0000019448da4ab0 2057       3       org.gradle.internal.logging.console.WorkInProgressRenderer::resizeTo (80 bytes)
Event: 139.087 Thread 0x0000019448da4ab0 nmethod 2057 0x00000194366ba510 code [0x00000194366ba740, 0x00000194366bae88]
Event: 141.584 Thread 0x0000019448da0580 2058       4       java.util.concurrent.ThreadPoolExecutor::beforeExecute (1 bytes)
Event: 141.585 Thread 0x0000019448da0580 nmethod 2058 0x000001943de82b10 code [0x000001943de82c80, 0x000001943de82cf8]
Event: 142.880 Thread 0x0000019448da0580 2059       4       org.gradle.internal.logging.console.DefaultWorkInProgressFormatter::format (102 bytes)
Event: 142.934 Thread 0x0000019448da0580 nmethod 2059 0x000001943de82e10 code [0x000001943de83080, 0x000001943de84ea8]
Event: 146.191 Thread 0x0000019448da4ab0 2060       3       java.util.ArrayList::rangeCheckForAdd (26 bytes)
Event: 146.193 Thread 0x0000019448da4ab0 nmethod 2060 0x00000194366bb210 code [0x00000194366bb440, 0x00000194366bbae8]
Event: 146.193 Thread 0x0000019448da4ab0 2061       3       org.gradle.internal.logging.console.DefaultColorMap$1::on (1 bytes)
Event: 146.193 Thread 0x0000019448da4ab0 nmethod 2061 0x00000194366bbd90 code [0x00000194366bbf20, 0x00000194366bc038]
Event: 146.193 Thread 0x0000019448da4ab0 2062       3       org.gradle.internal.logging.console.DefaultColorMap$1::off (1 bytes)
Event: 146.193 Thread 0x0000019448da4ab0 nmethod 2062 0x00000194366bc110 code [0x00000194366bc2a0, 0x00000194366bc3b8]
Event: 147.294 Thread 0x0000019448da0580 2063       4       java.lang.Thread::interrupted (23 bytes)
Event: 147.296 Thread 0x0000019448da0580 nmethod 2063 0x000001943de86290 code [0x000001943de86400, 0x000001943de86478]
Event: 149.755 Thread 0x0000019448da0580 2064   !   4       net.rubygrapefruit.platform.internal.WindowsTerminal::getTerminalSize (84 bytes)

GC Heap History (4 events):
Event: 0.375 GC heap before
{Heap before GC invocations=0 (full 0):
 garbage-first heap   total 65536K, used 22528K [0x00000000fc000000, 0x0000000100000000)
  region size 1024K, 23 young (23552K), 0 survivors (0K)
 Metaspace       used 1690K, committed 1792K, reserved 1114112K
  class space    used 157K, committed 192K, reserved 1048576K
}
Event: 0.378 GC heap after
{Heap after GC invocations=1 (full 0):
 garbage-first heap   total 65536K, used 1824K [0x00000000fc000000, 0x0000000100000000)
  region size 1024K, 2 young (2048K), 2 survivors (2048K)
 Metaspace       used 1690K, committed 1792K, reserved 1114112K
  class space    used 157K, committed 192K, reserved 1048576K
}
Event: 1.123 GC heap before
{Heap before GC invocations=1 (full 0):
 garbage-first heap   total 65536K, used 34592K [0x00000000fc000000, 0x0000000100000000)
  region size 1024K, 32 young (32768K), 2 survivors (2048K)
 Metaspace       used 7390K, committed 7552K, reserved 1114112K
  class space    used 1001K, committed 1088K, reserved 1048576K
}
Event: 1.127 GC heap after
{Heap after GC invocations=2 (full 0):
 garbage-first heap   total 65536K, used 11448K [0x00000000fc000000, 0x0000000100000000)
  region size 1024K, 4 young (4096K), 4 survivors (4096K)
 Metaspace       used 7390K, committed 7552K, reserved 1114112K
  class space    used 1001K, committed 1088K, reserved 1048576K
}

Dll operation events (13 events):
Event: 0.011 Loaded shared library C:\Program Files\Microsoft\jdk-17.0.10.7-hotspot\bin\java.dll
Event: 0.025 Loaded shared library C:\Program Files\Microsoft\jdk-17.0.10.7-hotspot\bin\jsvml.dll
Event: 0.049 Loaded shared library C:\Program Files\Microsoft\jdk-17.0.10.7-hotspot\bin\net.dll
Event: 0.050 Loaded shared library C:\Program Files\Microsoft\jdk-17.0.10.7-hotspot\bin\nio.dll
Event: 0.053 Loaded shared library C:\Program Files\Microsoft\jdk-17.0.10.7-hotspot\bin\zip.dll
Event: 0.058 Loaded shared library C:\Program Files\Microsoft\jdk-17.0.10.7-hotspot\bin\verify.dll
Event: 0.380 Loaded shared library C:\Program Files\Microsoft\jdk-17.0.10.7-hotspot\bin\jimage.dll
Event: 0.673 Loaded shared library C:\Program Files\Microsoft\jdk-17.0.10.7-hotspot\bin\management.dll
Event: 0.675 Loaded shared library C:\Program Files\Microsoft\jdk-17.0.10.7-hotspot\bin\management_ext.dll
Event: 0.726 Loaded shared library C:\Users\Mazahir Ali\.gradle\native\1def1411415f61bf3af743bc5b6707747c0891f09f0c88961ee8f79bc544acac\windows-amd64\native-platform.dll
Event: 0.755 Loaded shared library C:\Users\Mazahir Ali\.gradle\native\jansi\1.18\windows64\jansi.dll
Event: 1.051 Loaded shared library C:\Program Files\Microsoft\jdk-17.0.10.7-hotspot\bin\extnet.dll
Event: 1.331 Loaded shared library C:\Program Files\Microsoft\jdk-17.0.10.7-hotspot\bin\sunmscapi.dll

Deoptimization events (20 events):
Event: 6.477 Thread 0x000001948ecbc190 DEOPT PACKING pc=0x000001943dde9254 sp=0x0000008d26cfecf0
Event: 6.477 Thread 0x000001948ecbc190 DEOPT UNPACKING pc=0x000001943d8669a3 sp=0x0000008d26cfec88 mode 2
Event: 35.756 Thread 0x000001942d1c0040 DEOPT PACKING pc=0x00000194365acccd sp=0x0000008d255fcb80
Event: 35.757 Thread 0x000001942d1c0040 DEOPT UNPACKING pc=0x000001943d867143 sp=0x0000008d255fc018 mode 0
Event: 97.190 Thread 0x000001948ecbc190 DEOPT PACKING pc=0x00000194365d9b03 sp=0x0000008d26cfe8c0
Event: 97.194 Thread 0x000001948ecbc190 DEOPT UNPACKING pc=0x000001943d867143 sp=0x0000008d26cfdd30 mode 0
Event: 104.447 Thread 0x000001942d1c0040 Uncommon trap: trap_request=0xffffff45 fr.pc=0x000001943de6c92c relative=0x000000000000050c
Event: 104.447 Thread 0x000001942d1c0040 Uncommon trap: reason=unstable_if action=reinterpret pc=0x000001943de6c92c method=com.esotericsoftware.kryo.io.Input.readUtf8(I)V @ 79 c2
Event: 104.447 Thread 0x000001942d1c0040 DEOPT PACKING pc=0x000001943de6c92c sp=0x0000008d255fcd20
Event: 104.448 Thread 0x000001942d1c0040 DEOPT UNPACKING pc=0x000001943d8669a3 sp=0x0000008d255fccb8 mode 2
Event: 104.453 Thread 0x000001942d1c0040 DEOPT PACKING pc=0x00000194366aaeb5 sp=0x0000008d255fcd30
Event: 104.453 Thread 0x000001942d1c0040 DEOPT UNPACKING pc=0x000001943d867143 sp=0x0000008d255fc1c8 mode 0
Event: 104.531 Thread 0x000001942d1c0040 DEOPT PACKING pc=0x00000194366aaeb5 sp=0x0000008d255fcca0
Event: 104.531 Thread 0x000001942d1c0040 DEOPT UNPACKING pc=0x000001943d867143 sp=0x0000008d255fc138 mode 0
Event: 108.877 Thread 0x000001942d1c0040 DEOPT PACKING pc=0x00000194366aaeb5 sp=0x0000008d255fcca0
Event: 108.877 Thread 0x000001942d1c0040 DEOPT UNPACKING pc=0x000001943d867143 sp=0x0000008d255fc138 mode 0
Event: 124.589 Thread 0x000001942d1c0040 DEOPT PACKING pc=0x00000194366aaeb5 sp=0x0000008d255fcca0
Event: 124.589 Thread 0x000001942d1c0040 DEOPT UNPACKING pc=0x000001943d867143 sp=0x0000008d255fc138 mode 0
Event: 136.481 Thread 0x000001942d1c0040 DEOPT PACKING pc=0x00000194366aaeb5 sp=0x0000008d255fcca0
Event: 136.481 Thread 0x000001942d1c0040 DEOPT UNPACKING pc=0x000001943d867143 sp=0x0000008d255fc138 mode 0

Classes unloaded (0 events):
No events

Classes redefined (0 events):
No events

Internal exceptions (20 events):
Event: 0.671 Thread 0x000001942d1c0040 Exception <a 'java/lang/NoSuchMethodError'{0x00000000ff090ad8}: 'java.lang.Object java.lang.invoke.DirectMethodHandle$Holder.invokeStaticInit(java.lang.Object)'> (0x00000000ff090ad8) 
thrown [s\src\hotspot\share\interpreter\linkResolver.cpp, line 759]
Event: 0.681 Thread 0x000001942d1c0040 Exception <a 'java/lang/NoSuchMethodError'{0x00000000ff0ab878}: 'int java.lang.invoke.DirectMethodHandle$Holder.invokeSpecial(java.lang.Object, java.lang.Object, java.lang.Object)'> (0x00000000ff0ab878) 
thrown [s\src\hotspot\share\interpreter\linkResolver.cpp, line 759]
Event: 0.687 Thread 0x000001942d1c0040 Exception <a 'java/lang/NoSuchMethodError'{0x00000000ff0e8ea8}: 'void java.lang.invoke.DirectMethodHandle$Holder.invokeStatic(java.lang.Object, java.lang.Object)'> (0x00000000ff0e8ea8) 
thrown [s\src\hotspot\share\interpreter\linkResolver.cpp, line 759]
Event: 0.689 Thread 0x000001942d1c0040 Implicit null exception at 0x000001943de1a28a to 0x000001943de1a7d0
Event: 0.689 Thread 0x000001942d1c0040 Implicit null exception at 0x000001943ddf598f to 0x000001943ddf5ed8
Event: 0.689 Thread 0x000001942d1c0040 Implicit null exception at 0x000001943dde960f to 0x000001943dde9689
Event: 0.703 Thread 0x000001942d1c0040 Exception <a 'java/lang/NoClassDefFoundError'{0x00000000fef67208}: org/slf4j/impl/StaticMarkerBinder> (0x00000000fef67208) 
thrown [s\src\hotspot\share\classfile\systemDictionary.cpp, line 245]
Event: 0.734 Thread 0x000001942d1c0040 Exception <a 'java/lang/NoSuchMethodError'{0x00000000fee8d0c8}: 'java.lang.Object java.lang.invoke.Invokers$Holder.invoker(java.lang.Object, java.lang.Object, java.lang.Object)'> (0x00000000fee8d0c8) 
thrown [s\src\hotspot\share\interpreter\linkResolver.cpp, line 759]
Event: 0.735 Thread 0x000001942d1c0040 Exception <a 'java/lang/NoSuchMethodError'{0x00000000fee96220}: 'java.lang.Object java.lang.invoke.DirectMethodHandle$Holder.invokeStatic(java.lang.Object, java.lang.Object, int)'> (0x00000000fee96220) 
thrown [s\src\hotspot\share\interpreter\linkResolver.cpp, line 759]
Event: 0.736 Thread 0x000001942d1c0040 Exception <a 'java/lang/NoSuchMethodError'{0x00000000feea1f10}: 'void java.lang.invoke.DelegatingMethodHandle$Holder.delegate(java.lang.Object, java.lang.Object, int, java.lang.Object)'> (0x00000000feea1f10) 
thrown [s\src\hotspot\share\interpreter\linkResolver.cpp, line 759]
Event: 0.738 Thread 0x000001942d1c0040 Exception <a 'java/lang/NoSuchMethodError'{0x00000000feeb5558}: 'java.lang.Object java.lang.invoke.Invokers$Holder.invokeExact_MT(java.lang.Object, java.lang.Object, java.lang.Object, java.lang.Object)'> (0x00000000feeb5558) 
thrown [s\src\hotspot\share\interpreter\linkResolver.cpp, line 759]
Event: 0.742 Thread 0x000001942d1c0040 Exception <a 'java/lang/NoSuchMethodError'{0x00000000feedf4d8}: 'java.lang.Object java.lang.invoke.DirectMethodHandle$Holder.invokeVirtual(java.lang.Object, java.lang.Object, java.lang.Object)'> (0x00000000feedf4d8) 
thrown [s\src\hotspot\share\interpreter\linkResolver.cpp, line 759]
Event: 0.820 Thread 0x000001942d1c0040 Exception <a 'java/lang/NoSuchMethodError'{0x00000000fe9021e8}: 'java.lang.Object java.lang.invoke.DirectMethodHandle$Holder.newInvokeSpecial(java.lang.Object, java.lang.Object, java.lang.Object, java.lang.Object, java.lang.Object)'> (0x00000000fe9021e8) 
thrown [s\src\hotspot\share\interpreter\linkResolver.cpp, line 759]
Event: 0.841 Thread 0x000001942d1c0040 Exception <a 'java/lang/NoSuchMethodError'{0x00000000fe631f00}: 'void java.lang.invoke.DirectMethodHandle$Holder.invokeSpecial(java.lang.Object, java.lang.Object, java.lang.Object)'> (0x00000000fe631f00) 
thrown [s\src\hotspot\share\interpreter\linkResolver.cpp, line 759]
Event: 1.054 Thread 0x000001942d1c0040 Exception <a 'java/lang/NoSuchMethodError'{0x00000000fe45e5a0}: 'void java.lang.invoke.DirectMethodHandle$Holder.invokeStatic(java.lang.Object, java.lang.Object, java.lang.Object)'> (0x00000000fe45e5a0) 
thrown [s\src\hotspot\share\interpreter\linkResolver.cpp, line 759]
Event: 1.101 Thread 0x000001942d1c0040 Exception <a 'java/lang/NoSuchMethodError'{0x00000000fe17a508}: 'java.lang.Object java.lang.invoke.DirectMethodHandle$Holder.newInvokeSpecial(java.lang.Object, java.lang.Object, java.lang.Object, java.lang.Object, java.lang.Object, java.lang.Object, java.lang.Object, java.lang.Object, java.lang.Object, java.lang.Object, java.lang.Object, java.lang.Object, java.lang.Object, java.lang.Object, java.lang.Object, java.lang.Object, java.lang.Object, java.lang.Object, java.lang.Object, java.lang.Object, java.lang
Event: 1.102 Thread 0x000001942d1c0040 Exception <a 'java/lang/NoSuchMethodError'{0x00000000fe186d50}: 'java.lang.Object java.lang.invoke.Invokers$Holder.linkToTargetMethod(java.lang.Object, java.lang.Object, java.lang.Object, java.lang.Object, java.lang.Object, java.lang.Object, java.lang.Object, java.lang.Object, java.lang.Object, java.lang.Object, java.lang.Object, java.lang.Object, java.lang.Object, java.lang.Object, java.lang.Object, java.lang.Object, java.lang.Object, java.lang.Object, java.lang.Object, java.lang.Object, java.lang.Object,
Event: 1.144 Thread 0x000001942d1c0040 Exception <a 'java/lang/NoSuchMethodError'{0x00000000fffed9c8}: 'java.lang.Object java.lang.invoke.DirectMethodHandle$Holder.invokeStaticInit(java.lang.Object, int, int, int, int)'> (0x00000000fffed9c8) 
thrown [s\src\hotspot\share\interpreter\linkResolver.cpp, line 759]
Event: 1.262 Thread 0x000001942d1c0040 Exception <a 'java/lang/NoSuchMethodError'{0x00000000ffe6ddc0}: 'java.lang.Object java.lang.invoke.DirectMethodHandle$Holder.invokeStaticInit(java.lang.Object, java.lang.Object, int, int, int, int)'> (0x00000000ffe6ddc0) 
thrown [s\src\hotspot\share\interpreter\linkResolver.cpp, line 759]
Event: 1.288 Thread 0x000001942d1c0040 Implicit null exception at 0x000001943ddf4cf2 to 0x000001943ddf52c0

VM Operations (20 events):
Event: 104.557 Executing VM operation: Cleanup
Event: 104.557 Executing VM operation: Cleanup done
Event: 105.563 Executing VM operation: Cleanup
Event: 105.563 Executing VM operation: Cleanup done
Event: 107.579 Executing VM operation: Cleanup
Event: 107.579 Executing VM operation: Cleanup done
Event: 108.590 Executing VM operation: Cleanup
Event: 108.595 Executing VM operation: Cleanup done
Event: 120.367 Executing VM operation: HandshakeAllThreads
Event: 120.368 Executing VM operation: HandshakeAllThreads done
Event: 125.389 Executing VM operation: Cleanup
Event: 125.389 Executing VM operation: Cleanup done
Event: 126.397 Executing VM operation: Cleanup
Event: 126.397 Executing VM operation: Cleanup done
Event: 128.409 Executing VM operation: Cleanup
Event: 128.409 Executing VM operation: Cleanup done
Event: 137.470 Executing VM operation: Cleanup
Event: 137.470 Executing VM operation: Cleanup done
Event: 146.557 Executing VM operation: Cleanup
Event: 146.557 Executing VM operation: Cleanup done

Events (20 events):
Event: 31.650 loading class jdk/internal/logger/LazyLoggers$LazyLoggerFactories
Event: 31.650 loading class jdk/internal/logger/LazyLoggers$LazyLoggerFactories done
Event: 31.653 loading class jdk/internal/logger/LoggerFinderLoader
Event: 31.655 loading class jdk/internal/logger/LoggerFinderLoader done
Event: 31.661 loading class jdk/internal/logger/LoggerFinderLoader$TemporaryLoggerFinder
Event: 31.664 loading class jdk/internal/logger/LoggerFinderLoader$TemporaryLoggerFinder done
Event: 31.669 loading class sun/util/logging/internal/LoggingProviderImpl$JULWrapper
Event: 31.673 loading class sun/util/logging/PlatformLogger$ConfigurableBridge$LoggerConfiguration
Event: 31.673 loading class sun/util/logging/PlatformLogger$ConfigurableBridge$LoggerConfiguration done
Event: 31.673 loading class sun/util/logging/internal/LoggingProviderImpl$JULWrapper done
Event: 31.674 loading class java/io/ObjectInputFilter
Event: 31.675 loading class java/io/ObjectInputFilter done
Event: 31.676 loading class java/io/ObjectInputFilter$Config$BuiltinFilterFactory
Event: 31.677 loading class java/io/ObjectInputFilter$Config$BuiltinFilterFactory done
Event: 31.677 loading class jdk/internal/access/JavaObjectInputFilterAccess
Event: 31.677 loading class jdk/internal/access/JavaObjectInputFilterAccess done
Event: 31.677 loading class java/lang/System$Logger$Level
Event: 31.678 loading class java/lang/System$Logger$Level done
Event: 31.679 loading class java/io/Bits
Event: 31.679 loading class java/io/Bits done


Dynamic libraries:
0x00007ff6eaa40000 - 0x00007ff6eaa4e000 	C:\Program Files\Microsoft\jdk-17.0.10.7-hotspot\bin\java.exe
0x00007ffc56500000 - 0x00007ffc56769000 	C:\WINDOWS\SYSTEM32\ntdll.dll
0x00007ffc54c70000 - 0x00007ffc54d39000 	C:\WINDOWS\System32\KERNEL32.DLL
0x00007ffc53890000 - 0x00007ffc53c83000 	C:\WINDOWS\System32\KERNELBASE.dll
0x00007ffc53d50000 - 0x00007ffc53e9b000 	C:\WINDOWS\System32\ucrtbase.dll
0x00007ffc29180000 - 0x00007ffc2919b000 	C:\Program Files\Microsoft\jdk-17.0.10.7-hotspot\bin\VCRUNTIME140.dll
0x00007ffc24120000 - 0x00007ffc24137000 	C:\Program Files\Microsoft\jdk-17.0.10.7-hotspot\bin\jli.dll
0x00007ffc54700000 - 0x00007ffc548c4000 	C:\WINDOWS\System32\USER32.dll
0x00007ffc53730000 - 0x00007ffc53757000 	C:\WINDOWS\System32\win32u.dll
0x00007ffc3a1f0000 - 0x00007ffc3a483000 	C:\WINDOWS\WinSxS\amd64_microsoft.windows.common-controls_6595b64144ccf1df_6.0.26100.5074_none_3e0d6f78e32fd63f\COMCTL32.dll
0x00007ffc545d0000 - 0x00007ffc545fb000 	C:\WINDOWS\System32\GDI32.dll
0x00007ffc53760000 - 0x00007ffc5388d000 	C:\WINDOWS\System32\gdi32full.dll
0x00007ffc55c40000 - 0x00007ffc55ce9000 	C:\WINDOWS\System32\msvcrt.dll
0x00007ffc54220000 - 0x00007ffc542c3000 	C:\WINDOWS\System32\msvcp_win.dll
0x00007ffc54b30000 - 0x00007ffc54b5f000 	C:\WINDOWS\System32\IMM32.DLL
0x00007ffc36ce0000 - 0x00007ffc36cec000 	C:\Program Files\Microsoft\jdk-17.0.10.7-hotspot\bin\vcruntime140_1.dll
0x00007ffbf9db0000 - 0x00007ffbf9e3d000 	C:\Program Files\Microsoft\jdk-17.0.10.7-hotspot\bin\msvcp140.dll
0x00007ffbe3110000 - 0x00007ffbe3d75000 	C:\Program Files\Microsoft\jdk-17.0.10.7-hotspot\bin\server\jvm.dll
0x00007ffc55420000 - 0x00007ffc554d4000 	C:\WINDOWS\System32\ADVAPI32.dll
0x00007ffc56070000 - 0x00007ffc56116000 	C:\WINDOWS\System32\sechost.dll
0x00007ffc544b0000 - 0x00007ffc545c8000 	C:\WINDOWS\System32\RPCRT4.dll
0x00007ffc53510000 - 0x00007ffc5356e000 	C:\WINDOWS\SYSTEM32\POWRPROF.dll
0x00007ffbd61d0000 - 0x00007ffbd61da000 	C:\WINDOWS\SYSTEM32\WSOCK32.dll
0x00007ffc4b650000 - 0x00007ffc4b685000 	C:\WINDOWS\SYSTEM32\WINMM.dll
0x00007ffc4cc30000 - 0x00007ffc4cc3b000 	C:\WINDOWS\SYSTEM32\VERSION.dll
0x00007ffc549e0000 - 0x00007ffc54a54000 	C:\WINDOWS\System32\WS2_32.dll
0x00007ffc534f0000 - 0x00007ffc53504000 	C:\WINDOWS\SYSTEM32\UMPDC.dll
0x00007ffc523b0000 - 0x00007ffc523cb000 	C:\WINDOWS\SYSTEM32\kernel.appcore.dll
0x00007ffc322c0000 - 0x00007ffc322ca000 	C:\Program Files\Microsoft\jdk-17.0.10.7-hotspot\bin\jimage.dll
0x00007ffc46b20000 - 0x00007ffc46d62000 	C:\WINDOWS\SYSTEM32\DBGHELP.DLL
0x00007ffc55cf0000 - 0x00007ffc5606b000 	C:\WINDOWS\System32\combase.dll
0x00007ffc548d0000 - 0x00007ffc549a7000 	C:\WINDOWS\System32\OLEAUT32.dll
0x00007ffc34df0000 - 0x00007ffc34e2d000 	C:\WINDOWS\SYSTEM32\dbgcore.DLL
0x00007ffc53690000 - 0x00007ffc53729000 	C:\WINDOWS\System32\bcryptPrimitives.dll
0x00007ffc13230000 - 0x00007ffc13255000 	C:\Program Files\Microsoft\jdk-17.0.10.7-hotspot\bin\java.dll
0x00007ffbe71d0000 - 0x00007ffbe72a7000 	C:\Program Files\Microsoft\jdk-17.0.10.7-hotspot\bin\jsvml.dll
0x00007ffc554f0000 - 0x00007ffc55c3d000 	C:\WINDOWS\System32\SHELL32.dll
0x00007ffc53ea0000 - 0x00007ffc5400c000 	C:\WINDOWS\System32\wintypes.dll
0x00007ffc512d0000 - 0x00007ffc51b29000 	C:\WINDOWS\SYSTEM32\windows.storage.dll
0x00007ffc54600000 - 0x00007ffc546f0000 	C:\WINDOWS\System32\SHCORE.dll
0x00007ffc56450000 - 0x00007ffc564b2000 	C:\WINDOWS\System32\shlwapi.dll
0x00007ffc535b0000 - 0x00007ffc535d9000 	C:\WINDOWS\SYSTEM32\profapi.dll
0x00007ffc1f000000 - 0x00007ffc1f019000 	C:\Program Files\Microsoft\jdk-17.0.10.7-hotspot\bin\net.dll
0x00007ffc4c5f0000 - 0x00007ffc4c70f000 	C:\WINDOWS\SYSTEM32\WINHTTP.dll
0x00007ffc529f0000 - 0x00007ffc52a5b000 	C:\WINDOWS\system32\mswsock.dll
0x00007ffc1ef60000 - 0x00007ffc1ef76000 	C:\Program Files\Microsoft\jdk-17.0.10.7-hotspot\bin\nio.dll
0x00007ffc1ed90000 - 0x00007ffc1eda8000 	C:\Program Files\Microsoft\jdk-17.0.10.7-hotspot\bin\zip.dll
0x00007ffc31f40000 - 0x00007ffc31f50000 	C:\Program Files\Microsoft\jdk-17.0.10.7-hotspot\bin\verify.dll
0x00007ffc271a0000 - 0x00007ffc271a9000 	C:\Program Files\Microsoft\jdk-17.0.10.7-hotspot\bin\management.dll
0x00007ffc270c0000 - 0x00007ffc270cb000 	C:\Program Files\Microsoft\jdk-17.0.10.7-hotspot\bin\management_ext.dll
0x00007ffc549b0000 - 0x00007ffc549b8000 	C:\WINDOWS\System32\PSAPI.DLL
0x00007ffc261b0000 - 0x00007ffc261d7000 	C:\Users\Mazahir Ali\.gradle\native\1def1411415f61bf3af743bc5b6707747c0891f09f0c88961ee8f79bc544acac\windows-amd64\native-platform.dll
0x00007ffc36540000 - 0x00007ffc3654a000 	C:\Users\Mazahir Ali\.gradle\native\jansi\1.18\windows64\jansi.dll
0x00007ffc51e30000 - 0x00007ffc51e64000 	C:\WINDOWS\SYSTEM32\IPHLPAPI.DLL
0x00007ffc542d0000 - 0x00007ffc542da000 	C:\WINDOWS\System32\NSI.dll
0x00007ffc4cba0000 - 0x00007ffc4cbbe000 	C:\WINDOWS\SYSTEM32\dhcpcsvc6.DLL
0x00007ffc4c090000 - 0x00007ffc4c0b3000 	C:\WINDOWS\SYSTEM32\dhcpcsvc.DLL
0x00007ffc51f20000 - 0x00007ffc52046000 	C:\WINDOWS\SYSTEM32\DNSAPI.dll
0x00007ffc25c00000 - 0x00007ffc25c09000 	C:\Program Files\Microsoft\jdk-17.0.10.7-hotspot\bin\extnet.dll
0x00007ffc52c90000 - 0x00007ffc52cab000 	C:\WINDOWS\SYSTEM32\CRYPTSP.dll
0x00007ffc523d0000 - 0x00007ffc5240b000 	C:\WINDOWS\system32\rsaenh.dll
0x00007ffc52a90000 - 0x00007ffc52abb000 	C:\WINDOWS\SYSTEM32\USERENV.dll
0x00007ffc53580000 - 0x00007ffc535a6000 	C:\WINDOWS\SYSTEM32\bcrypt.dll
0x00007ffc52cb0000 - 0x00007ffc52cbc000 	C:\WINDOWS\SYSTEM32\CRYPTBASE.dll
0x00007ffc20e40000 - 0x00007ffc20e4e000 	C:\Program Files\Microsoft\jdk-17.0.10.7-hotspot\bin\sunmscapi.dll
0x00007ffc54010000 - 0x00007ffc54187000 	C:\WINDOWS\System32\CRYPT32.dll
0x00007ffc52eb0000 - 0x00007ffc52ee0000 	C:\WINDOWS\SYSTEM32\ncrypt.dll
0x00007ffc52e60000 - 0x00007ffc52e9f000 	C:\WINDOWS\SYSTEM32\NTASN1.dll
0x00007ffbc3210000 - 0x00007ffbc3218000 	C:\WINDOWS\system32\wshunix.dll

dbghelp: loaded successfully - version: 4.0.5 - missing functions: none
symbol engine: initialized successfully - sym options: 0x614 - pdb path: .;C:\Program Files\Microsoft\jdk-17.0.10.7-hotspot\bin;C:\WINDOWS\SYSTEM32;C:\WINDOWS\WinSxS\amd64_microsoft.windows.common-controls_6595b64144ccf1df_6.0.26100.5074_none_3e0d6f78e32fd63f;C:\Program Files\Microsoft\jdk-17.0.10.7-hotspot\bin\server;C:\Users\Mazahir Ali\.gradle\native\1def1411415f61bf3af743bc5b6707747c0891f09f0c88961ee8f79bc544acac\windows-amd64;C:\Users\Mazahir Ali\.gradle\native\jansi\1.18\windows64

VM Arguments:
jvm_args: -Xmx64m -Xms64m -Dorg.gradle.appname=gradlew 
java_command: C:\Utils\UtilsApp\android\\gradle\wrapper\gradle-wrapper.jar app:installDebug -PreactNativeDevServerPort=8081
java_class_path (initial): C:\Utils\UtilsApp\android\\gradle\wrapper\gradle-wrapper.jar
Launcher Type: SUN_STANDARD

[Global flags]
     intx CICompilerCount                          = 4                                         {product} {ergonomic}
     uint ConcGCThreads                            = 3                                         {product} {ergonomic}
     uint G1ConcRefinementThreads                  = 10                                        {product} {ergonomic}
   size_t G1HeapRegionSize                         = 1048576                                   {product} {ergonomic}
    uintx GCDrainStackTargetSize                   = 64                                        {product} {ergonomic}
   size_t InitialHeapSize                          = 67108864                                  {product} {command line}
   size_t MarkStackSize                            = 4194304                                   {product} {ergonomic}
   size_t MaxHeapSize                              = 67108864                                  {product} {command line}
   size_t MaxNewSize                               = 39845888                                  {product} {ergonomic}
   size_t MinHeapDeltaBytes                        = 1048576                                   {product} {ergonomic}
   size_t MinHeapSize                              = 67108864                                  {product} {command line}
    uintx NonNMethodCodeHeapSize                   = 5839372                                {pd product} {ergonomic}
    uintx NonProfiledCodeHeapSize                  = 122909434                              {pd product} {ergonomic}
    uintx ProfiledCodeHeapSize                     = 122909434                              {pd product} {ergonomic}
    uintx ReservedCodeCacheSize                    = 251658240                              {pd product} {ergonomic}
     bool SegmentedCodeCache                       = true                                      {product} {ergonomic}
   size_t SoftMaxHeapSize                          = 67108864                               {manageable} {ergonomic}
     bool UseCompressedClassPointers               = true                           {product lp64_product} {ergonomic}
     bool UseCompressedOops                        = true                           {product lp64_product} {ergonomic}
     bool UseG1GC                                  = true                                      {product} {ergonomic}
     bool UseLargePagesIndividualAllocation        = false                                  {pd product} {ergonomic}

Logging:
Log output configuration:
 #0: stdout all=warning uptime,level,tags
 #1: stderr all=off uptime,level,tags

Environment Variables:
JAVA_HOME=C:\Program Files\Microsoft\jdk-17.0.10.7-hotspot\
PATH=C:\Utils\UtilsApp\node_modules\.bin;C:\Utils\UtilsApp\node_modules\.bin;C:\Utils\node_modules\.bin;C:\node_modules\.bin;C:\Program Files\nodejs\node_modules\npm\node_modules\@npmcli\run-script\lib\node-gyp-bin;C:\Python313\Scripts\;C:\Python313\;C:\Program Files\Eclipse Adoptium\jdk-17.0.10.7-hotspot\bin;C:\Program Files\Microsoft\jdk-17.0.10.7-hotspot\bin;C:\Python312\Scripts\;C:\Python312\;C:\Program Files\Common Files\Oracle\Java\javapath;C:\windows\system32;C:\windows;C:\windows\System32\Wbem;C:\windows\System32\WindowsPowerShell\v1.0\;C:\windows\System32\OpenSSH\;C:\Program Files (x86)\NVIDIA Corporation\PhysX\Common;C:\Program Files\NVIDIA Corporation\NVIDIA NvDLISR;C:\Program Files\MySQL\MySQL Server 8.0\bin;C:\WINDOWS\system32;C:\WINDOWS;C:\WINDOWS\System32\Wbem;C:\WINDOWS\System32\WindowsPowerShell\v1.0\;C:\WINDOWS\System32\OpenSSH\;C:\TDM-GCC-32\bin;C:\Program Files\MongoDB\Server\6.0\bin;C:\Users\Mazahir Ali\Desktop\mongosh-1.8.0-win32-x64.zip\mongosh-1.8.0-win32-x64\bin;C:\ProgramData\chocolatey\bin;C:\Users\Mazahir Ali\AppData\Local\Android\Sdk\platform-tools;C:\Program Files\HP\HP One Agent;C:\Program Files\Git\cmd;C:\Program Files\nodejs\;C:\Program Files\Docker\Docker\resources\bin;C:\WINDOWS\system32;C:\WINDOWS;C:\WINDOWS\System32\Wbem;C:\WINDOWS\System32\WindowsPowerShell\v1.0\;C:\WINDOWS\System32\OpenSSH\;C:\flutter\bin;;c:\Users\Mazahir Ali\AppData\Local\Programs\cursor\resources\app\bin;C:\Program Files\Cloudflare\Cloudflare WARP\;C:\Program Files\MySQL\MySQL Shell 8.0\bin\;C:\Users\Mazahir Ali\AppData\Local\Microsoft\WindowsApps;C:\Users\Mazahir Ali\AppData\Local\Programs\Microsoft VS Code\bin;C:\Program Files\JetBrains\IntelliJ IDEA Community Edition 2022.2.1\bin;;C:\Users\Mazahir Ali\AppData\Local\Programs\Hyper\resources\bin;C:\Program Files\nodejs;C:\Program Files\heroku\bin;C:\Program Files\MongoDB\Server\6.0\bin;C:\Users\Mazahir Ali\Desktop\mongosh-1.8.0-win32-x64.zip\mongosh-1.8.0-win32-x64\bin;C:\Program Files\Java\jdk-18.0.2.1\bin;C:
USERNAME=Mazahir Ali
LANG=en_US.UTF-8
OS=Windows_NT
PROCESSOR_IDENTIFIER=AMD64 Family 25 Model 80 Stepping 0, AuthenticAMD
TMP=C:\Users\MAZAHI~1\AppData\Local\Temp
TEMP=C:\Users\MAZAHI~1\AppData\Local\Temp



Periodic native trim disabled


---------------  S Y S T E M  ---------------

OS:
 Windows 11 64 bit Build 26100 (10.0.26100.5074)
OS uptime: 2 days 0:39 hours
Hyper-V role detected

CPU: total 12 (initial active 12) (12 cores per cpu, 2 threads per core) family 25 model 80 stepping 0 microcode 0xa50000d, cx8, cmov, fxsr, ht, mmx, 3dnowpref, sse, sse2, sse3, ssse3, sse4a, sse4.1, sse4.2, popcnt, lzcnt, tsc, tscinvbit, avx, avx2, aes, erms, clmul, bmi1, bmi2, adx, sha, fma, vzeroupper, clflush, clflushopt, hv
Processor Information for processor 0
  Max Mhz: 3301, Current Mhz: 3301, Mhz Limit: 3301
Processor Information for processor 1
  Max Mhz: 3301, Current Mhz: 3301, Mhz Limit: 3301
Processor Information for processor 2
  Max Mhz: 3301, Current Mhz: 3301, Mhz Limit: 3301
Processor Information for processor 3
  Max Mhz: 3301, Current Mhz: 3301, Mhz Limit: 3301
Processor Information for processor 4
  Max Mhz: 3301, Current Mhz: 3301, Mhz Limit: 3301
Processor Information for processor 5
  Max Mhz: 3301, Current Mhz: 3301, Mhz Limit: 3301
Processor Information for processor 6
  Max Mhz: 3301, Current Mhz: 3301, Mhz Limit: 3301
Processor Information for processor 7
  Max Mhz: 3301, Current Mhz: 3301, Mhz Limit: 3301
Processor Information for processor 8
  Max Mhz: 3301, Current Mhz: 2630, Mhz Limit: 3301
Processor Information for processor 9
  Max Mhz: 3301, Current Mhz: 3301, Mhz Limit: 3301
Processor Information for processor 10
  Max Mhz: 3301, Current Mhz: 3301, Mhz Limit: 3301
Processor Information for processor 11
  Max Mhz: 3301, Current Mhz: 3301, Mhz Limit: 3301

Memory: 4k page, system-wide physical 7521M (997M free)
TotalPageFile size 31073M (AvailPageFile size 0M)
current process WorkingSet (physical memory assigned to process): 15M, peak: 109M
current process commit charge ("private bytes"): 171M, peak: 175M

vm_info: OpenJDK 64-Bit Server VM (17.0.10+7-LTS) for windows-amd64 JRE (17.0.10+7-LTS), built on Jan 10 2024 19:47:12 by "MicrosoftCorporation" with MS VC++ 16.10 / 16.11 (VS2019)

END.
