#
# There is insufficient memory for the Java Runtime Environment to continue.
# Native memory allocation (malloc) failed to allocate 1048576 bytes for AllocateHeap
# Possible reasons:
#   The system is out of physical RAM or swap space
#   The process is running with CompressedOops enabled, and the Java Heap may be blocking the growth of the native heap
# Possible solutions:
#   Reduce memory load on the system
#   Increase physical memory or swap space
#   Check if swap backing store is full
#   Decrease Java heap size (-Xmx/-Xms)
#   Decrease number of Java threads
#   Decrease Java thread stack sizes (-Xss)
#   Set larger code cache with -XX:ReservedCodeCacheSize=
#   JVM is running with Unscaled Compressed Oops mode in which the Java heap is
#     placed in the first 4GB address space. The Java Heap base address is the
#     maximum limit for the native heap growth. Please use -XX:HeapBaseMinAddress
#     to set the Java Heap base and to place the Java Heap above 4GB virtual address.
# This output file may be truncated or incomplete.
#
#  Out of Memory Error (allocation.cpp:44), pid=14528, tid=30260
#
# JRE version:  (17.0.10+7) (build )
# Java VM: OpenJDK 64-Bit Server VM (17.0.10+7-LTS, mixed mode, sharing, tiered, compressed oops, compressed class ptrs, g1 gc, windows-amd64)
# No core dump will be written. Minidumps are not enabled by default on client versions of Windows
#

---------------  S U M M A R Y ------------

Command Line: -Xmx64m -Xms64m -Dorg.gradle.appname=gradlew C:\Utils\UtilsApp\android\\gradle\wrapper\gradle-wrapper.jar clean

Host: AMD Ryzen 5 5600H with Radeon Graphics         , 12 cores, 7G,  Windows 11 , 64 bit Build 26100 (10.0.26100.4484)
Time: Mon Aug  4 17:07:10 2025 India Standard Time elapsed time: 1.051967 seconds (0d 0h 0m 1s)

---------------  T H R E A D  ---------------

Current thread (0x00000182f74ab260):  JavaThread "Unknown thread" [_thread_in_vm, id=30260, stack(0x0000007772c00000,0x0000007772d00000)]

Stack: [0x0000007772c00000,0x0000007772d00000]
Native frames: (J=compiled Java code, j=interpreted, Vv=VM code, C=native code)
V  [jvm.dll+0x67f829]
V  [jvm.dll+0x83750a]
V  [jvm.dll+0x838fce]
V  [jvm.dll+0x839633]
V  [jvm.dll+0x247cbf]
V  [jvm.dll+0xa6ca3]
V  [jvm.dll+0x2dc354]
V  [jvm.dll+0x808d5c]
V  [jvm.dll+0x36ec11]
V  [jvm.dll+0x7e7826]
V  [jvm.dll+0x3f245f]
V  [jvm.dll+0x3f4091]
C  [jli.dll+0x528f]
C  [ucrtbase.dll+0x37b0]
C  [KERNEL32.DLL+0x2e8d7]
C  [ntdll.dll+0x3c34c]


---------------  P R O C E S S  ---------------

Threads class SMR info:
_java_thread_list=0x00007ffc03901ed8, length=0, elements={
}

Java Threads: ( => current thread )

Other Threads:

=>0x00000182f74ab260 (exited) JavaThread "Unknown thread" [_thread_in_vm, id=30260, stack(0x0000007772c00000,0x0000007772d00000)]

Threads with active compile tasks:

VM state: not at safepoint (not fully initialized)

VM Mutex/Monitor currently owned by a thread: None

Heap address: 0x0000000000000000, size: 0 MB, Compressed Oops mode: 32-bit

CDS archive(s) mapped at: [0x0000000000000000-0x0000000000000000-0x0000000000000000), size 0, SharedBaseAddress: 0x0000000800000000, ArchiveRelocationMode: 1.
Narrow klass base: 0x0000000000000000, Narrow klass shift: 0, Narrow klass range: 0x0

GC Precious Log:
<Empty>

GC Heap History (0 events):
No events

Dll operation events (1 events):
Event: 0.036 Loaded shared library C:\Program Files\Microsoft\jdk-17.0.10.7-hotspot\bin\java.dll

Deoptimization events (0 events):
No events

Classes unloaded (0 events):
No events

Classes redefined (0 events):
No events

Internal exceptions (0 events):
No events

VM Operations (0 events):
No events

Events (0 events):
No events


Dynamic libraries:
0x00007ff72a1f0000 - 0x00007ff72a1fe000 	C:\Program Files\Microsoft\jdk-17.0.10.7-hotspot\bin\java.exe
0x00007ffccdee0000 - 0x00007ffcce148000 	C:\WINDOWS\SYSTEM32\ntdll.dll
0x00007ffccc700000 - 0x00007ffccc7c9000 	C:\WINDOWS\System32\KERNEL32.DLL
0x00007ffccb460000 - 0x00007ffccb84d000 	C:\WINDOWS\System32\KERNELBASE.dll
0x00007ffccb0c0000 - 0x00007ffccb20b000 	C:\WINDOWS\System32\ucrtbase.dll
0x00007ffc7a1b0000 - 0x00007ffc7a1c7000 	C:\Program Files\Microsoft\jdk-17.0.10.7-hotspot\bin\jli.dll
0x00007ffc5ed10000 - 0x00007ffc5ed2b000 	C:\Program Files\Microsoft\jdk-17.0.10.7-hotspot\bin\VCRUNTIME140.dll
0x00007ffccbee0000 - 0x00007ffccc0ac000 	C:\WINDOWS\System32\USER32.dll
0x00007ffccb430000 - 0x00007ffccb457000 	C:\WINDOWS\System32\win32u.dll
0x00007ffcafa10000 - 0x00007ffcafcaa000 	C:\WINDOWS\WinSxS\amd64_microsoft.windows.common-controls_6595b64144ccf1df_6.0.26100.4484_none_3e0e6d4ce32ef3b3\COMCTL32.dll
0x00007ffccbd80000 - 0x00007ffccbdab000 	C:\WINDOWS\System32\GDI32.dll
0x00007ffccc210000 - 0x00007ffccc2b9000 	C:\WINDOWS\System32\msvcrt.dll
0x00007ffccbb40000 - 0x00007ffccbc77000 	C:\WINDOWS\System32\gdi32full.dll
0x00007ffccb850000 - 0x00007ffccb8f3000 	C:\WINDOWS\System32\msvcp_win.dll
0x00007ffccbe30000 - 0x00007ffccbe5f000 	C:\WINDOWS\System32\IMM32.DLL
0x00007ffca0b10000 - 0x00007ffca0b1c000 	C:\Program Files\Microsoft\jdk-17.0.10.7-hotspot\bin\vcruntime140_1.dll
0x00007ffc3e060000 - 0x00007ffc3e0ed000 	C:\Program Files\Microsoft\jdk-17.0.10.7-hotspot\bin\msvcp140.dll
0x00007ffc02dd0000 - 0x00007ffc03a35000 	C:\Program Files\Microsoft\jdk-17.0.10.7-hotspot\bin\server\jvm.dll
0x00007ffccc7e0000 - 0x00007ffccc894000 	C:\WINDOWS\System32\ADVAPI32.dll
0x00007ffccc0e0000 - 0x00007ffccc186000 	C:\WINDOWS\System32\sechost.dll
0x00007ffccc900000 - 0x00007ffccca18000 	C:\WINDOWS\System32\RPCRT4.dll
0x00007ffccaea0000 - 0x00007ffccaefe000 	C:\WINDOWS\SYSTEM32\POWRPROF.dll
0x00007ffc3a8f0000 - 0x00007ffc3a8fa000 	C:\WINDOWS\SYSTEM32\WSOCK32.dll
0x00007ffcc1d60000 - 0x00007ffcc1d6b000 	C:\WINDOWS\SYSTEM32\VERSION.dll
0x00007ffcc1ae0000 - 0x00007ffcc1b15000 	C:\WINDOWS\SYSTEM32\WINMM.dll
0x00007ffccc190000 - 0x00007ffccc204000 	C:\WINDOWS\System32\WS2_32.dll
0x00007ffccae80000 - 0x00007ffccae94000 	C:\WINDOWS\SYSTEM32\UMPDC.dll
0x00007ffcc9db0000 - 0x00007ffcc9dcb000 	C:\WINDOWS\SYSTEM32\kernel.appcore.dll
0x00007ffc9efb0000 - 0x00007ffc9efba000 	C:\Program Files\Microsoft\jdk-17.0.10.7-hotspot\bin\jimage.dll
0x00007ffcbd0d0000 - 0x00007ffcbd311000 	C:\WINDOWS\SYSTEM32\DBGHELP.DLL
0x00007ffccc370000 - 0x00007ffccc6f6000 	C:\WINDOWS\System32\combase.dll
0x00007ffccddb0000 - 0x00007ffccde90000 	C:\WINDOWS\System32\OLEAUT32.dll
0x00007ffcaa2e0000 - 0x00007ffcaa323000 	C:\WINDOWS\SYSTEM32\dbgcore.DLL
0x00007ffccb390000 - 0x00007ffccb429000 	C:\WINDOWS\System32\bcryptPrimitives.dll
0x00007ffc59720000 - 0x00007ffc59745000 	C:\Program Files\Microsoft\jdk-17.0.10.7-hotspot\bin\java.dll

dbghelp: loaded successfully - version: 4.0.5 - missing functions: none
symbol engine: initialized successfully - sym options: 0x614 - pdb path: .;C:\Program Files\Microsoft\jdk-17.0.10.7-hotspot\bin;C:\WINDOWS\SYSTEM32;C:\WINDOWS\WinSxS\amd64_microsoft.windows.common-controls_6595b64144ccf1df_6.0.26100.4484_none_3e0e6d4ce32ef3b3;C:\Program Files\Microsoft\jdk-17.0.10.7-hotspot\bin\server

VM Arguments:
jvm_args: -Xmx64m -Xms64m -Dorg.gradle.appname=gradlew 
java_command: C:\Utils\UtilsApp\android\\gradle\wrapper\gradle-wrapper.jar clean
java_class_path (initial): C:\Utils\UtilsApp\android\\gradle\wrapper\gradle-wrapper.jar
Launcher Type: SUN_STANDARD

[Global flags]
     intx CICompilerCount                          = 4                                         {product} {ergonomic}
     uint ConcGCThreads                            = 3                                         {product} {ergonomic}
     uint G1ConcRefinementThreads                  = 10                                        {product} {ergonomic}
   size_t G1HeapRegionSize                         = 1048576                                   {product} {ergonomic}
    uintx GCDrainStackTargetSize                   = 64                                        {product} {ergonomic}
   size_t InitialHeapSize                          = 67108864                                  {product} {command line}
   size_t MarkStackSize                            = 4194304                                   {product} {ergonomic}
   size_t MaxHeapSize                              = 67108864                                  {product} {command line}
   size_t MinHeapDeltaBytes                        = 1048576                                   {product} {ergonomic}
   size_t MinHeapSize                              = 67108864                                  {product} {command line}
    uintx NonNMethodCodeHeapSize                   = 5839372                                {pd product} {ergonomic}
    uintx NonProfiledCodeHeapSize                  = 122909434                              {pd product} {ergonomic}
    uintx ProfiledCodeHeapSize                     = 122909434                              {pd product} {ergonomic}
    uintx ReservedCodeCacheSize                    = 251658240                              {pd product} {ergonomic}
     bool SegmentedCodeCache                       = true                                      {product} {ergonomic}
   size_t SoftMaxHeapSize                          = 67108864                               {manageable} {ergonomic}
     bool UseCompressedClassPointers               = true                           {product lp64_product} {ergonomic}
     bool UseCompressedOops                        = true                           {product lp64_product} {ergonomic}
     bool UseG1GC                                  = true                                      {product} {ergonomic}
     bool UseLargePagesIndividualAllocation        = false                                  {pd product} {ergonomic}

Logging:
Log output configuration:
 #0: stdout all=warning uptime,level,tags
 #1: stderr all=off uptime,level,tags

Environment Variables:
JAVA_HOME=C:\Program Files\Microsoft\jdk-17.0.10.7-hotspot\
PATH=C:\Python313\Scripts\;C:\Python313\;C:\Program Files\Eclipse Adoptium\jdk-17.0.10.7-hotspot\bin;C:\Program Files\Microsoft\jdk-17.0.10.7-hotspot\bin;C:\Python312\Scripts\;C:\Python312\;C:\Program Files\Common Files\Oracle\Java\javapath;C:\windows\system32;C:\windows;C:\windows\System32\Wbem;C:\windows\System32\WindowsPowerShell\v1.0\;C:\windows\System32\OpenSSH\;C:\Program Files (x86)\NVIDIA Corporation\PhysX\Common;C:\Program Files\NVIDIA Corporation\NVIDIA NvDLISR;C:\Program Files\MySQL\MySQL Server 8.0\bin;C:\WINDOWS\system32;C:\WINDOWS;C:\WINDOWS\System32\Wbem;C:\WINDOWS\System32\WindowsPowerShell\v1.0\;C:\WINDOWS\System32\OpenSSH\;C:\TDM-GCC-32\bin;C:\Program Files\MongoDB\Server\6.0\bin;C:\Users\Mazahir Ali\Desktop\mongosh-1.8.0-win32-x64.zip\mongosh-1.8.0-win32-x64\bin;C:\ProgramData\chocolatey\bin;C:\Users\Mazahir Ali\AppData\Local\Android\Sdk\platform-tools;C:\Program Files\HP\HP One Agent;C:\Program Files\Git\cmd;C:\Program Files\nodejs\;C:\Program Files\Docker\Docker\resources\bin;C:\WINDOWS\system32;C:\WINDOWS;C:\WINDOWS\System32\Wbem;C:\WINDOWS\System32\WindowsPowerShell\v1.0\;C:\WINDOWS\System32\OpenSSH\;C:\flutter\bin;;c:\Users\Mazahir Ali\AppData\Local\Programs\cursor\resources\app\bin;C:\Program Files\Cloudflare\Cloudflare WARP\;C:\Program Files\MySQL\MySQL Shell 8.0\bin\;C:\Users\Mazahir Ali\AppData\Local\Microsoft\WindowsApps;C:\Users\Mazahir Ali\AppData\Local\Programs\Microsoft VS Code\bin;C:\Program Files\JetBrains\IntelliJ IDEA Community Edition 2022.2.1\bin;;C:\Users\Mazahir Ali\AppData\Local\Programs\Hyper\resources\bin;C:\Program Files\nodejs;C:\Program Files\heroku\bin;C:\Program Files\MongoDB\Server\6.0\bin;C:\Users\Mazahir Ali\Desktop\mongosh-1.8.0-win32-x64.zip\mongosh-1.8.0-win32-x64\bin;C:\Program Files\Java\jdk-18.0.2.1\bin;C:\Users\Mazahir Ali\AppData\Local\Android\Sdk\platform-tools;C:\Users\Mazahir Ali\AppData\Local\Android\Sdk;C:\Program Files\OpenSSL-Win64\bin;C:\Users\Mazahir Ali\AppData\Roaming\npm;C:\src\flutter\bin;C:\Users
USERNAME=Mazahir Ali
LANG=en_US.UTF-8
OS=Windows_NT
PROCESSOR_IDENTIFIER=AMD64 Family 25 Model 80 Stepping 0, AuthenticAMD
TMP=C:\Users\MAZAHI~1\AppData\Local\Temp
TEMP=C:\Users\MAZAHI~1\AppData\Local\Temp



Periodic native trim disabled


---------------  S Y S T E M  ---------------

OS:
 Windows 11 , 64 bit Build 26100 (10.0.26100.4484)
OS uptime: 5 days 5:44 hours
Hyper-V role detected

CPU: total 12 (initial active 12) (12 cores per cpu, 2 threads per core) family 25 model 80 stepping 0 microcode 0xa50000d, cx8, cmov, fxsr, ht, mmx, 3dnowpref, sse, sse2, sse3, ssse3, sse4a, sse4.1, sse4.2, popcnt, lzcnt, tsc, tscinvbit, avx, avx2, aes, erms, clmul, bmi1, bmi2, adx, sha, fma, vzeroupper, clflush, clflushopt, hv
Processor Information for processor 0
  Max Mhz: 3301, Current Mhz: 3301, Mhz Limit: 3301
Processor Information for processor 1
  Max Mhz: 3301, Current Mhz: 2630, Mhz Limit: 3301
Processor Information for processor 2
  Max Mhz: 3301, Current Mhz: 3301, Mhz Limit: 3301
Processor Information for processor 3
  Max Mhz: 3301, Current Mhz: 2630, Mhz Limit: 3301
Processor Information for processor 4
  Max Mhz: 3301, Current Mhz: 2630, Mhz Limit: 3301
Processor Information for processor 5
  Max Mhz: 3301, Current Mhz: 3301, Mhz Limit: 3301
Processor Information for processor 6
  Max Mhz: 3301, Current Mhz: 2630, Mhz Limit: 3301
Processor Information for processor 7
  Max Mhz: 3301, Current Mhz: 2630, Mhz Limit: 3301
Processor Information for processor 8
  Max Mhz: 3301, Current Mhz: 2630, Mhz Limit: 3301
Processor Information for processor 9
  Max Mhz: 3301, Current Mhz: 3301, Mhz Limit: 3301
Processor Information for processor 10
  Max Mhz: 3301, Current Mhz: 2630, Mhz Limit: 3301
Processor Information for processor 11
  Max Mhz: 3301, Current Mhz: 2630, Mhz Limit: 3301

Memory: 4k page, system-wide physical 7521M (387M free)
TotalPageFile size 31073M (AvailPageFile size 8M)
current process WorkingSet (physical memory assigned to process): 11M, peak: 11M
current process commit charge ("private bytes"): 17M, peak: 18M

vm_info: OpenJDK 64-Bit Server VM (17.0.10+7-LTS) for windows-amd64 JRE (17.0.10+7-LTS), built on Jan 10 2024 19:47:12 by "MicrosoftCorporation" with MS VC++ 16.10 / 16.11 (VS2019)

END.
