#
# There is insufficient memory for the Java Runtime Environment to continue.
# Native memory allocation (malloc) failed to allocate 365456 bytes for Chunk::new
# Possible reasons:
#   The system is out of physical RAM or swap space
#   The process is running with CompressedOops enabled, and the Java Heap may be blocking the growth of the native heap
# Possible solutions:
#   Reduce memory load on the system
#   Increase physical memory or swap space
#   Check if swap backing store is full
#   Decrease Java heap size (-Xmx/-Xms)
#   Decrease number of Java threads
#   Decrease Java thread stack sizes (-Xss)
#   Set larger code cache with -XX:ReservedCodeCacheSize=
#   JVM is running with Unscaled Compressed Oops mode in which the Java heap is
#     placed in the first 4GB address space. The Java Heap base address is the
#     maximum limit for the native heap growth. Please use -XX:HeapBaseMinAddress
#     to set the Java Heap base and to place the Java Heap above 4GB virtual address.
# This output file may be truncated or incomplete.
#
#  Out of Memory Error (arena.cpp:191), pid=3948, tid=1816
#
# JRE version: OpenJDK Runtime Environment Microsoft-8902769 (17.0.10+7) (build 17.0.10+7-LTS)
# Java VM: OpenJDK 64-Bit Server VM Microsoft-8902769 (17.0.10+7-LTS, mixed mode, tiered, compressed oops, compressed class ptrs, g1 gc, windows-amd64)
# No core dump will be written. Minidumps are not enabled by default on client versions of Windows
#

---------------  S U M M A R Y ------------

Command Line: -Xmx64m -Xms64m -Dorg.gradle.appname=gradlew C:\Utils\UtilsApp\android\\gradle\wrapper\gradle-wrapper.jar app:installDebug -PreactNativeDevServerPort=8081

Host: AMD Ryzen 5 5600H with Radeon Graphics         12 cores, 7G,  Windows 11 64 bit Build 26100 (10.0.26100.5074)
Time: Wed Sep 17 16:54:20 2025 India Standard Time elapsed time: 6.717530 seconds (0d 0h 0m 6s)

---------------  T H R E A D  ---------------

Current thread (0x0000027cc8a16b70):  JavaThread "C2 CompilerThread0" daemon [_thread_in_native, id=1816, stack(0x000000de17100000,0x000000de17200000)]


Current CompileTask:
C2:   6717  526       4       java.util.HashSet::add (20 bytes)

Stack: [0x000000de17100000,0x000000de17200000]
Native frames: (J=compiled Java code, j=interpreted, Vv=VM code, C=native code)
V  [jvm.dll+0x67f829]
V  [jvm.dll+0x83750a]
V  [jvm.dll+0x838fce]
V  [jvm.dll+0x839633]
V  [jvm.dll+0x247cbf]
V  [jvm.dll+0xac524]
V  [jvm.dll+0xacb6c]
V  [jvm.dll+0x368ca2]
V  [jvm.dll+0x1bd1c2]
V  [jvm.dll+0x21a559]
V  [jvm.dll+0x219821]
V  [jvm.dll+0x1a5176]
V  [jvm.dll+0x22957e]
V  [jvm.dll+0x22774c]
V  [jvm.dll+0x7ec5d7]
V  [jvm.dll+0x7e69da]
V  [jvm.dll+0x67e715]
C  [ucrtbase.dll+0x37b0]
C  [KERNEL32.DLL+0x2e8d7]
C  [ntdll.dll+0x8d9c]


---------------  P R O C E S S  ---------------

Threads class SMR info:
_java_thread_list=0x0000027cc8e1bee0, length=14, elements={
0x0000027caeb32fb0, 0x0000027cc89d5270, 0x0000027cc89d7050, 0x0000027cc8b52130,
0x0000027cc8b52e00, 0x0000027cc8b536d0, 0x0000027cc8a0e440, 0x0000027cc8a16b70,
0x0000027cc8a18f30, 0x0000027cc8a22010, 0x0000027cc8c99fb0, 0x0000027cc8cb0010,
0x0000027ccd08ecb0, 0x0000027cc8ce4c30
}

Java Threads: ( => current thread )
  0x0000027caeb32fb0 JavaThread "main" [_thread_in_vm, id=26896, stack(0x000000de16400000,0x000000de16500000)]
  0x0000027cc89d5270 JavaThread "Reference Handler" daemon [_thread_blocked, id=20164, stack(0x000000de16b00000,0x000000de16c00000)]
  0x0000027cc89d7050 JavaThread "Finalizer" daemon [_thread_blocked, id=6300, stack(0x000000de16c00000,0x000000de16d00000)]
  0x0000027cc8b52130 JavaThread "Signal Dispatcher" daemon [_thread_blocked, id=25908, stack(0x000000de16d00000,0x000000de16e00000)]
  0x0000027cc8b52e00 JavaThread "Attach Listener" daemon [_thread_blocked, id=6212, stack(0x000000de16e00000,0x000000de16f00000)]
  0x0000027cc8b536d0 JavaThread "Service Thread" daemon [_thread_blocked, id=25456, stack(0x000000de16f00000,0x000000de17000000)]
  0x0000027cc8a0e440 JavaThread "Monitor Deflation Thread" daemon [_thread_blocked, id=12552, stack(0x000000de17000000,0x000000de17100000)]
=>0x0000027cc8a16b70 JavaThread "C2 CompilerThread0" daemon [_thread_in_native, id=1816, stack(0x000000de17100000,0x000000de17200000)]
  0x0000027cc8a18f30 JavaThread "C1 CompilerThread0" daemon [_thread_blocked, id=8040, stack(0x000000de17200000,0x000000de17300000)]
  0x0000027cc8a22010 JavaThread "Sweeper thread" daemon [_thread_blocked, id=676, stack(0x000000de17300000,0x000000de17400000)]
  0x0000027cc8c99fb0 JavaThread "Notification Thread" daemon [_thread_blocked, id=27308, stack(0x000000de17400000,0x000000de17500000)]
  0x0000027cc8cb0010 JavaThread "Common-Cleaner" daemon [_thread_blocked, id=26976, stack(0x000000de17600000,0x000000de17700000)]
  0x0000027ccd08ecb0 JavaThread "C2 CompilerThread1" daemon [_thread_in_native, id=26020, stack(0x000000de17700000,0x000000de17800000)]
  0x0000027cc8ce4c30 JavaThread "C2 CompilerThread2" daemon [_thread_blocked, id=9040, stack(0x000000de17b00000,0x000000de17c00000)]

Other Threads:
  0x0000027cc89af910 VMThread "VM Thread" [stack: 0x000000de16a00000,0x000000de16b00000] [id=20676]
  0x0000027cc8c9a490 WatcherThread [stack: 0x000000de17500000,0x000000de17600000] [id=26032]
  0x0000027caeb537e0 GCTaskThread "GC Thread#0" [stack: 0x000000de16500000,0x000000de16600000] [id=11852]
  0x0000027cc8ece9b0 GCTaskThread "GC Thread#1" [stack: 0x000000de17800000,0x000000de17900000] [id=4904]
  0x0000027ccd310010 GCTaskThread "GC Thread#2" [stack: 0x000000de17900000,0x000000de17a00000] [id=17384]
  0x0000027ccd30ea10 GCTaskThread "GC Thread#3" [stack: 0x000000de17a00000,0x000000de17b00000] [id=14176]
  0x0000027caeb54e40 ConcurrentGCThread "G1 Main Marker" [stack: 0x000000de16600000,0x000000de16700000] [id=6524]
  0x0000027caeb56440 ConcurrentGCThread "G1 Conc#0" [stack: 0x000000de16700000,0x000000de16800000] [id=2492]
  0x0000027caebbf530 ConcurrentGCThread "G1 Refine#0" [stack: 0x000000de16800000,0x000000de16900000] [id=4580]
  0x0000027caebbfe70 ConcurrentGCThread "G1 Service" [stack: 0x000000de16900000,0x000000de16a00000] [id=14288]

Threads with active compile tasks:
C2 CompilerThread0     8765  526       4       java.util.HashSet::add (20 bytes)
C2 CompilerThread1     8765  551 %     4       java.lang.StringLatin1::compareToCI @ 16 (108 bytes)

VM state: not at safepoint (normal execution)

VM Mutex/Monitor currently owned by a thread: None

Heap address: 0x00000000fc000000, size: 64 MB, Compressed Oops mode: 32-bit

CDS archive(s) not mapped
Compressed class space mapped at: 0x0000000100000000-0x0000000140000000, reserved size: 1073741824
Narrow klass base: 0x0000000000000000, Narrow klass shift: 3, Narrow klass range: 0x140000000

GC Precious Log:
 CPUs: 12 total, 12 available
 Memory: 7521M
 Large Page Support: Disabled
 NUMA Support: Disabled
 Compressed Oops: Enabled (32-bit)
 Heap Region Size: 1M
 Heap Min Capacity: 64M
 Heap Initial Capacity: 64M
 Heap Max Capacity: 64M
 Pre-touch: Disabled
 Parallel Workers: 10
 Concurrent Workers: 3
 Concurrent Refinement Workers: 10
 Periodic GC: Disabled

Heap:
 garbage-first heap   total 65536K, used 2848K [0x00000000fc000000, 0x0000000100000000)
  region size 1024K, 4 young (4096K), 2 survivors (2048K)
 Metaspace       used 8050K, committed 8192K, reserved 1114112K
  class space    used 690K, committed 768K, reserved 1048576K

Heap Regions: E=young(eden), S=young(survivor), O=old, HS=humongous(starts), HC=humongous(continues), CS=collection set, F=free, OA=open archive, CA=closed archive, TAMS=top-at-mark-start (previous, next)
|   0|0x00000000fc000000, 0x00000000fc000000, 0x00000000fc100000|  0%| F|  |TAMS 0x00000000fc000000, 0x00000000fc000000| Untracked 
|   1|0x00000000fc100000, 0x00000000fc100000, 0x00000000fc200000|  0%| F|  |TAMS 0x00000000fc100000, 0x00000000fc100000| Untracked 
|   2|0x00000000fc200000, 0x00000000fc200000, 0x00000000fc300000|  0%| F|  |TAMS 0x00000000fc200000, 0x00000000fc200000| Untracked 
|   3|0x00000000fc300000, 0x00000000fc300000, 0x00000000fc400000|  0%| F|  |TAMS 0x00000000fc300000, 0x00000000fc300000| Untracked 
|   4|0x00000000fc400000, 0x00000000fc400000, 0x00000000fc500000|  0%| F|  |TAMS 0x00000000fc400000, 0x00000000fc400000| Untracked 
|   5|0x00000000fc500000, 0x00000000fc500000, 0x00000000fc600000|  0%| F|  |TAMS 0x00000000fc500000, 0x00000000fc500000| Untracked 
|   6|0x00000000fc600000, 0x00000000fc600000, 0x00000000fc700000|  0%| F|  |TAMS 0x00000000fc600000, 0x00000000fc600000| Untracked 
|   7|0x00000000fc700000, 0x00000000fc700000, 0x00000000fc800000|  0%| F|  |TAMS 0x00000000fc700000, 0x00000000fc700000| Untracked 
|   8|0x00000000fc800000, 0x00000000fc800000, 0x00000000fc900000|  0%| F|  |TAMS 0x00000000fc800000, 0x00000000fc800000| Untracked 
|   9|0x00000000fc900000, 0x00000000fc900000, 0x00000000fca00000|  0%| F|  |TAMS 0x00000000fc900000, 0x00000000fc900000| Untracked 
|  10|0x00000000fca00000, 0x00000000fca00000, 0x00000000fcb00000|  0%| F|  |TAMS 0x00000000fca00000, 0x00000000fca00000| Untracked 
|  11|0x00000000fcb00000, 0x00000000fcb00000, 0x00000000fcc00000|  0%| F|  |TAMS 0x00000000fcb00000, 0x00000000fcb00000| Untracked 
|  12|0x00000000fcc00000, 0x00000000fcc00000, 0x00000000fcd00000|  0%| F|  |TAMS 0x00000000fcc00000, 0x00000000fcc00000| Untracked 
|  13|0x00000000fcd00000, 0x00000000fcd00000, 0x00000000fce00000|  0%| F|  |TAMS 0x00000000fcd00000, 0x00000000fcd00000| Untracked 
|  14|0x00000000fce00000, 0x00000000fce00000, 0x00000000fcf00000|  0%| F|  |TAMS 0x00000000fce00000, 0x00000000fce00000| Untracked 
|  15|0x00000000fcf00000, 0x00000000fcf00000, 0x00000000fd000000|  0%| F|  |TAMS 0x00000000fcf00000, 0x00000000fcf00000| Untracked 
|  16|0x00000000fd000000, 0x00000000fd000000, 0x00000000fd100000|  0%| F|  |TAMS 0x00000000fd000000, 0x00000000fd000000| Untracked 
|  17|0x00000000fd100000, 0x00000000fd100000, 0x00000000fd200000|  0%| F|  |TAMS 0x00000000fd100000, 0x00000000fd100000| Untracked 
|  18|0x00000000fd200000, 0x00000000fd200000, 0x00000000fd300000|  0%| F|  |TAMS 0x00000000fd200000, 0x00000000fd200000| Untracked 
|  19|0x00000000fd300000, 0x00000000fd300000, 0x00000000fd400000|  0%| F|  |TAMS 0x00000000fd300000, 0x00000000fd300000| Untracked 
|  20|0x00000000fd400000, 0x00000000fd400000, 0x00000000fd500000|  0%| F|  |TAMS 0x00000000fd400000, 0x00000000fd400000| Untracked 
|  21|0x00000000fd500000, 0x00000000fd500000, 0x00000000fd600000|  0%| F|  |TAMS 0x00000000fd500000, 0x00000000fd500000| Untracked 
|  22|0x00000000fd600000, 0x00000000fd600000, 0x00000000fd700000|  0%| F|  |TAMS 0x00000000fd600000, 0x00000000fd600000| Untracked 
|  23|0x00000000fd700000, 0x00000000fd700000, 0x00000000fd800000|  0%| F|  |TAMS 0x00000000fd700000, 0x00000000fd700000| Untracked 
|  24|0x00000000fd800000, 0x00000000fd800000, 0x00000000fd900000|  0%| F|  |TAMS 0x00000000fd800000, 0x00000000fd800000| Untracked 
|  25|0x00000000fd900000, 0x00000000fd900000, 0x00000000fda00000|  0%| F|  |TAMS 0x00000000fd900000, 0x00000000fd900000| Untracked 
|  26|0x00000000fda00000, 0x00000000fda00000, 0x00000000fdb00000|  0%| F|  |TAMS 0x00000000fda00000, 0x00000000fda00000| Untracked 
|  27|0x00000000fdb00000, 0x00000000fdb00000, 0x00000000fdc00000|  0%| F|  |TAMS 0x00000000fdb00000, 0x00000000fdb00000| Untracked 
|  28|0x00000000fdc00000, 0x00000000fdc00000, 0x00000000fdd00000|  0%| F|  |TAMS 0x00000000fdc00000, 0x00000000fdc00000| Untracked 
|  29|0x00000000fdd00000, 0x00000000fdd00000, 0x00000000fde00000|  0%| F|  |TAMS 0x00000000fdd00000, 0x00000000fdd00000| Untracked 
|  30|0x00000000fde00000, 0x00000000fde00000, 0x00000000fdf00000|  0%| F|  |TAMS 0x00000000fde00000, 0x00000000fde00000| Untracked 
|  31|0x00000000fdf00000, 0x00000000fdf00000, 0x00000000fe000000|  0%| F|  |TAMS 0x00000000fdf00000, 0x00000000fdf00000| Untracked 
|  32|0x00000000fe000000, 0x00000000fe000000, 0x00000000fe100000|  0%| F|  |TAMS 0x00000000fe000000, 0x00000000fe000000| Untracked 
|  33|0x00000000fe100000, 0x00000000fe100000, 0x00000000fe200000|  0%| F|  |TAMS 0x00000000fe100000, 0x00000000fe100000| Untracked 
|  34|0x00000000fe200000, 0x00000000fe200000, 0x00000000fe300000|  0%| F|  |TAMS 0x00000000fe200000, 0x00000000fe200000| Untracked 
|  35|0x00000000fe300000, 0x00000000fe300000, 0x00000000fe400000|  0%| F|  |TAMS 0x00000000fe300000, 0x00000000fe300000| Untracked 
|  36|0x00000000fe400000, 0x00000000fe400000, 0x00000000fe500000|  0%| F|  |TAMS 0x00000000fe400000, 0x00000000fe400000| Untracked 
|  37|0x00000000fe500000, 0x00000000fe500000, 0x00000000fe600000|  0%| F|  |TAMS 0x00000000fe500000, 0x00000000fe500000| Untracked 
|  38|0x00000000fe600000, 0x00000000fe600000, 0x00000000fe700000|  0%| F|  |TAMS 0x00000000fe600000, 0x00000000fe600000| Untracked 
|  39|0x00000000fe700000, 0x00000000fe7c8000, 0x00000000fe800000| 78%| S|CS|TAMS 0x00000000fe700000, 0x00000000fe700000| Complete 
|  40|0x00000000fe800000, 0x00000000fe900000, 0x00000000fe900000|100%| S|CS|TAMS 0x00000000fe800000, 0x00000000fe800000| Complete 
|  41|0x00000000fe900000, 0x00000000fe900000, 0x00000000fea00000|  0%| F|  |TAMS 0x00000000fe900000, 0x00000000fe900000| Untracked 
|  42|0x00000000fea00000, 0x00000000fea00000, 0x00000000feb00000|  0%| F|  |TAMS 0x00000000fea00000, 0x00000000fea00000| Untracked 
|  43|0x00000000feb00000, 0x00000000feb00000, 0x00000000fec00000|  0%| F|  |TAMS 0x00000000feb00000, 0x00000000feb00000| Untracked 
|  44|0x00000000fec00000, 0x00000000fec00000, 0x00000000fed00000|  0%| F|  |TAMS 0x00000000fec00000, 0x00000000fec00000| Untracked 
|  45|0x00000000fed00000, 0x00000000fed00000, 0x00000000fee00000|  0%| F|  |TAMS 0x00000000fed00000, 0x00000000fed00000| Untracked 
|  46|0x00000000fee00000, 0x00000000fee00000, 0x00000000fef00000|  0%| F|  |TAMS 0x00000000fee00000, 0x00000000fee00000| Untracked 
|  47|0x00000000fef00000, 0x00000000fef00000, 0x00000000ff000000|  0%| F|  |TAMS 0x00000000fef00000, 0x00000000fef00000| Untracked 
|  48|0x00000000ff000000, 0x00000000ff000000, 0x00000000ff100000|  0%| F|  |TAMS 0x00000000ff000000, 0x00000000ff000000| Untracked 
|  49|0x00000000ff100000, 0x00000000ff100000, 0x00000000ff200000|  0%| F|  |TAMS 0x00000000ff100000, 0x00000000ff100000| Untracked 
|  50|0x00000000ff200000, 0x00000000ff200000, 0x00000000ff300000|  0%| F|  |TAMS 0x00000000ff200000, 0x00000000ff200000| Untracked 
|  51|0x00000000ff300000, 0x00000000ff300000, 0x00000000ff400000|  0%| F|  |TAMS 0x00000000ff300000, 0x00000000ff300000| Untracked 
|  52|0x00000000ff400000, 0x00000000ff400000, 0x00000000ff500000|  0%| F|  |TAMS 0x00000000ff400000, 0x00000000ff400000| Untracked 
|  53|0x00000000ff500000, 0x00000000ff500000, 0x00000000ff600000|  0%| F|  |TAMS 0x00000000ff500000, 0x00000000ff500000| Untracked 
|  54|0x00000000ff600000, 0x00000000ff600000, 0x00000000ff700000|  0%| F|  |TAMS 0x00000000ff600000, 0x00000000ff600000| Untracked 
|  55|0x00000000ff700000, 0x00000000ff700000, 0x00000000ff800000|  0%| F|  |TAMS 0x00000000ff700000, 0x00000000ff700000| Untracked 
|  56|0x00000000ff800000, 0x00000000ff800000, 0x00000000ff900000|  0%| F|  |TAMS 0x00000000ff800000, 0x00000000ff800000| Untracked 
|  57|0x00000000ff900000, 0x00000000ff900000, 0x00000000ffa00000|  0%| F|  |TAMS 0x00000000ff900000, 0x00000000ff900000| Untracked 
|  58|0x00000000ffa00000, 0x00000000ffa00000, 0x00000000ffb00000|  0%| F|  |TAMS 0x00000000ffa00000, 0x00000000ffa00000| Untracked 
|  59|0x00000000ffb00000, 0x00000000ffb00000, 0x00000000ffc00000|  0%| F|  |TAMS 0x00000000ffb00000, 0x00000000ffb00000| Untracked 
|  60|0x00000000ffc00000, 0x00000000ffc00000, 0x00000000ffd00000|  0%| F|  |TAMS 0x00000000ffc00000, 0x00000000ffc00000| Untracked 
|  61|0x00000000ffd00000, 0x00000000ffd00000, 0x00000000ffe00000|  0%| F|  |TAMS 0x00000000ffd00000, 0x00000000ffd00000| Untracked 
|  62|0x00000000ffe00000, 0x00000000ffe80800, 0x00000000fff00000| 50%| E|  |TAMS 0x00000000ffe00000, 0x00000000ffe00000| Complete 
|  63|0x00000000fff00000, 0x0000000100000000, 0x0000000100000000|100%| E|CS|TAMS 0x00000000fff00000, 0x00000000fff00000| Complete 

Card table byte_map: [0x0000027caea60000,0x0000027caea80000] _byte_map_base: 0x0000027cae280000

Marking Bits (Prev, Next): (CMBitMap*) 0x0000027caeb53d10, (CMBitMap*) 0x0000027caeb53d50
 Prev Bits: [0x0000027cc5b90000, 0x0000027cc5c90000)
 Next Bits: [0x0000027cc5c90000, 0x0000027cc5d90000)

Polling page: 0x0000027cae2e0000

Metaspace:

Usage:
  Non-class:      7.19 MB used.
      Class:    690.41 KB used.
       Both:      7.86 MB used.

Virtual space:
  Non-class space:       64.00 MB reserved,       7.31 MB ( 11%) committed,  1 nodes.
      Class space:        1.00 GB reserved,     768.00 KB ( <1%) committed,  1 nodes.
             Both:        1.06 GB reserved,       8.06 MB ( <1%) committed. 

Chunk freelists:
   Non-Class:  8.28 MB
       Class:  15.20 MB
        Both:  23.48 MB

MaxMetaspaceSize: unlimited
CompressedClassSpaceSize: 1.00 GB
Initial GC threshold: 21.00 MB
Current GC threshold: 21.00 MB
CDS: off
MetaspaceReclaimPolicy: balanced
 - commit_granule_bytes: 65536.
 - commit_granule_words: 8192.
 - virtual_space_node_default_size: 8388608.
 - enlarge_chunks_in_place: 1.
 - new_chunks_are_fully_committed: 0.
 - uncommit_free_chunks: 1.
 - use_allocation_guard: 0.
 - handle_deallocations: 1.


Internal statistics:

num_allocs_failed_limit: 0.
num_arena_births: 14.
num_arena_deaths: 0.
num_vsnodes_births: 2.
num_vsnodes_deaths: 0.
num_space_committed: 129.
num_space_uncommitted: 0.
num_chunks_returned_to_freelist: 0.
num_chunks_taken_from_freelist: 60.
num_chunk_merges: 0.
num_chunk_splits: 31.
num_chunks_enlarged: 16.
num_inconsistent_stats: 0.

CodeHeap 'non-profiled nmethods': size=120000Kb used=227Kb max_used=227Kb free=119772Kb
 bounds [0x0000027cbe110000, 0x0000027cbe380000, 0x0000027cc5640000]
CodeHeap 'profiled nmethods': size=120000Kb used=976Kb max_used=976Kb free=119023Kb
 bounds [0x0000027cb6640000, 0x0000027cb68b0000, 0x0000027cbdb70000]
CodeHeap 'non-nmethods': size=5760Kb used=1120Kb max_used=1136Kb free=4640Kb
 bounds [0x0000027cbdb70000, 0x0000027cbdde0000, 0x0000027cbe110000]
 total_blobs=1008 nmethods=606 adapters=315
 compilation: enabled
              stopped_count=0, restarted_count=0
 full_count=0

Compilation events (20 events):
Event: 2.675 Thread 0x0000027cc8a18f30 nmethod 544 0x0000027cb6716490 code [0x0000027cb6716660, 0x0000027cb6716928]
Event: 2.675 Thread 0x0000027cc8a18f30  547       3       java.lang.String$CaseInsensitiveComparator::compare (68 bytes)
Event: 2.676 Thread 0x0000027ccd08ecb0 nmethod 527 0x0000027cbe13eb90 code [0x0000027cbe13ed60, 0x0000027cbe13fbb8]
Event: 2.676 Thread 0x0000027cc8a18f30 nmethod 547 0x0000027cb6716a90 code [0x0000027cb6716ca0, 0x0000027cb6717138]
Event: 2.676 Thread 0x0000027cc8a18f30  550       3       java.util.HashMap::put (13 bytes)
Event: 2.676 Thread 0x0000027ccd08ecb0  534       4       java.util.HashMap::putVal (300 bytes)
Event: 2.676 Thread 0x0000027cc8a18f30 nmethod 550 0x0000027cb6717310 code [0x0000027cb67174c0, 0x0000027cb67177b8]
Event: 3.696 Thread 0x0000027ccd08ecb0 nmethod 534 0x0000027cbe140110 code [0x0000027cbe1402e0, 0x0000027cbe140b28]
Event: 3.696 Thread 0x0000027ccd08ecb0  551 %     4       java.lang.StringLatin1::compareToCI @ 16 (108 bytes)
Event: 3.697 Thread 0x0000027cc8a18f30  553       3       java.util.Optional::orElse (16 bytes)
Event: 3.698 Thread 0x0000027cc8a18f30 nmethod 553 0x0000027cb6717910 code [0x0000027cb6717aa0, 0x0000027cb6717c18]
Event: 3.698 Thread 0x0000027cc8a18f30  554   !   3       java.nio.DirectByteBuffer::get (34 bytes)
Event: 3.698 Thread 0x0000027cc8a18f30 nmethod 554 0x0000027cb6717c90 code [0x0000027cb6717ec0, 0x0000027cb67186d8]
Event: 3.698 Thread 0x0000027cc8a18f30  555       3       java.nio.DirectByteBuffer::ix (10 bytes)
Event: 3.698 Thread 0x0000027cc8a18f30 nmethod 555 0x0000027cb6718b90 code [0x0000027cb6718d20, 0x0000027cb6718e38]
Event: 3.698 Thread 0x0000027cc8a18f30  558   !   3       jdk.internal.misc.ScopedMemoryAccess::getByte (20 bytes)
Event: 3.698 Thread 0x0000027cc8a18f30 nmethod 558 0x0000027cb6718f10 code [0x0000027cb67190e0, 0x0000027cb6719558]
Event: 3.698 Thread 0x0000027cc8a18f30  559   !   3       jdk.internal.misc.ScopedMemoryAccess::getByteInternal (36 bytes)
Event: 3.699 Thread 0x0000027cc8a18f30 nmethod 559 0x0000027cb6719790 code [0x0000027cb6719940, 0x0000027cb6719ba8]
Event: 3.699 Thread 0x0000027cc8a18f30  560       3       jdk.internal.jimage.ImageStringsReader::unmaskedHashCode (166 bytes)

GC Heap History (2 events):
Event: 2.679 GC heap before
{Heap before GC invocations=0 (full 0):
 garbage-first heap   total 65536K, used 23552K [0x00000000fc000000, 0x0000000100000000)
  region size 1024K, 23 young (23552K), 0 survivors (0K)
 Metaspace       used 7741K, committed 7872K, reserved 1114112K
  class space    used 663K, committed 704K, reserved 1048576K
}
Event: 3.691 GC heap after
{Heap after GC invocations=1 (full 0):
 garbage-first heap   total 65536K, used 1824K [0x00000000fc000000, 0x0000000100000000)
  region size 1024K, 2 young (2048K), 2 survivors (2048K)
 Metaspace       used 7741K, committed 7872K, reserved 1114112K
  class space    used 663K, committed 704K, reserved 1048576K
}

Dll operation events (7 events):
Event: 0.011 Loaded shared library C:\Program Files\Microsoft\jdk-17.0.10.7-hotspot\bin\java.dll
Event: 2.164 Loaded shared library C:\Program Files\Microsoft\jdk-17.0.10.7-hotspot\bin\jsvml.dll
Event: 2.244 Loaded shared library C:\Program Files\Microsoft\jdk-17.0.10.7-hotspot\bin\net.dll
Event: 2.246 Loaded shared library C:\Program Files\Microsoft\jdk-17.0.10.7-hotspot\bin\nio.dll
Event: 2.257 Loaded shared library C:\Program Files\Microsoft\jdk-17.0.10.7-hotspot\bin\zip.dll
Event: 2.267 Loaded shared library C:\Program Files\Microsoft\jdk-17.0.10.7-hotspot\bin\verify.dll
Event: 3.695 Loaded shared library C:\Program Files\Microsoft\jdk-17.0.10.7-hotspot\bin\jimage.dll

Deoptimization events (20 events):
Event: 2.659 Thread 0x0000027caeb32fb0 Uncommon trap: trap_request=0xffffffde fr.pc=0x0000027cbe13c6f0 relative=0x0000000000000710
Event: 2.659 Thread 0x0000027caeb32fb0 Uncommon trap: reason=class_check action=maybe_recompile pc=0x0000027cbe13c6f0 method=java.util.HashMap.putVal(ILjava/lang/Object;Ljava/lang/Object;ZZ)Ljava/lang/Object; @ 253 c2
Event: 2.659 Thread 0x0000027caeb32fb0 DEOPT PACKING pc=0x0000027cbe13c6f0 sp=0x000000de164fe3d0
Event: 2.659 Thread 0x0000027caeb32fb0 DEOPT UNPACKING pc=0x0000027cbdbc69a3 sp=0x000000de164fe2e0 mode 2
Event: 2.659 Thread 0x0000027caeb32fb0 Uncommon trap: trap_request=0xffffffde fr.pc=0x0000027cbe13c6f0 relative=0x0000000000000710
Event: 2.659 Thread 0x0000027caeb32fb0 Uncommon trap: reason=class_check action=maybe_recompile pc=0x0000027cbe13c6f0 method=java.util.HashMap.putVal(ILjava/lang/Object;Ljava/lang/Object;ZZ)Ljava/lang/Object; @ 253 c2
Event: 2.659 Thread 0x0000027caeb32fb0 DEOPT PACKING pc=0x0000027cbe13c6f0 sp=0x000000de164fe3d0
Event: 2.659 Thread 0x0000027caeb32fb0 DEOPT UNPACKING pc=0x0000027cbdbc69a3 sp=0x000000de164fe2e0 mode 2
Event: 2.659 Thread 0x0000027caeb32fb0 Uncommon trap: trap_request=0xffffffde fr.pc=0x0000027cbe13c6f0 relative=0x0000000000000710
Event: 2.659 Thread 0x0000027caeb32fb0 Uncommon trap: reason=class_check action=maybe_recompile pc=0x0000027cbe13c6f0 method=java.util.HashMap.putVal(ILjava/lang/Object;Ljava/lang/Object;ZZ)Ljava/lang/Object; @ 253 c2
Event: 2.659 Thread 0x0000027caeb32fb0 DEOPT PACKING pc=0x0000027cbe13c6f0 sp=0x000000de164fe3d0
Event: 2.659 Thread 0x0000027caeb32fb0 DEOPT UNPACKING pc=0x0000027cbdbc69a3 sp=0x000000de164fe2e0 mode 2
Event: 2.659 Thread 0x0000027caeb32fb0 Uncommon trap: trap_request=0xffffffde fr.pc=0x0000027cbe13b8dc relative=0x000000000000067c
Event: 2.659 Thread 0x0000027caeb32fb0 Uncommon trap: reason=class_check action=maybe_recompile pc=0x0000027cbe13b8dc method=java.util.HashMap.putVal(ILjava/lang/Object;Ljava/lang/Object;ZZ)Ljava/lang/Object; @ 253 c2
Event: 2.659 Thread 0x0000027caeb32fb0 DEOPT PACKING pc=0x0000027cbe13b8dc sp=0x000000de164fe310
Event: 2.659 Thread 0x0000027caeb32fb0 DEOPT UNPACKING pc=0x0000027cbdbc69a3 sp=0x000000de164fe2d0 mode 2
Event: 2.676 Thread 0x0000027caeb32fb0 Uncommon trap: trap_request=0xffffff45 fr.pc=0x0000027cbe13fae0 relative=0x0000000000000d80
Event: 2.676 Thread 0x0000027caeb32fb0 Uncommon trap: reason=unstable_if action=reinterpret pc=0x0000027cbe13fae0 method=java.util.HashMap.putVal(ILjava/lang/Object;Ljava/lang/Object;ZZ)Ljava/lang/Object; @ 81 c2
Event: 2.676 Thread 0x0000027caeb32fb0 DEOPT PACKING pc=0x0000027cbe13fae0 sp=0x000000de164fe790
Event: 2.676 Thread 0x0000027caeb32fb0 DEOPT UNPACKING pc=0x0000027cbdbc69a3 sp=0x000000de164fe6a0 mode 2

Classes unloaded (0 events):
No events

Classes redefined (0 events):
No events

Internal exceptions (1 events):
Event: 2.395 Thread 0x0000027caeb32fb0 Exception <a 'java/lang/NoSuchMethodError'{0x00000000ffc0c7d0}: 'int java.lang.invoke.DirectMethodHandle$Holder.invokeStaticInit(java.lang.Object, java.lang.Object)'> (0x00000000ffc0c7d0) 
thrown [s\src\hotspot\share\interpreter\linkResolver.cpp, line 759]

VM Operations (5 events):
Event: 2.259 Executing VM operation: HandshakeAllThreads
Event: 2.259 Executing VM operation: HandshakeAllThreads done
Event: 2.678 Executing VM operation: G1CollectForAllocation
Event: 3.691 Executing VM operation: G1CollectForAllocation done
Event: 4.699 Executing VM operation: Cleanup

Events (20 events):
Event: 3.694 loading class jdk/internal/jimage/NativeImageBuffer$1
Event: 3.694 loading class jdk/internal/jimage/NativeImageBuffer$1 done
Event: 3.695 loading class jdk/internal/jimage/ImageHeader
Event: 3.695 loading class jdk/internal/jimage/ImageHeader done
Event: 3.695 loading class java/nio/DirectIntBufferU
Event: 3.696 loading class java/nio/IntBuffer
Event: 3.696 loading class java/nio/IntBuffer done
Event: 3.696 loading class java/nio/DirectIntBufferU done
Event: 3.696 loading class java/nio/DirectByteBufferR
Event: 3.696 loading class java/nio/DirectByteBufferR done
Event: 3.696 loading class java/nio/DirectIntBufferRU
Event: 3.697 loading class java/nio/DirectIntBufferRU done
Event: 3.697 loading class jdk/internal/jimage/ImageStringsReader
Event: 3.697 loading class jdk/internal/jimage/ImageStrings
Event: 3.697 loading class jdk/internal/jimage/ImageStrings done
Event: 3.697 loading class jdk/internal/jimage/ImageStringsReader done
Event: 3.697 loading class jdk/internal/jimage/decompressor/Decompressor
Event: 3.697 loading class jdk/internal/jimage/decompressor/Decompressor done
Event: 3.697 loading class jdk/internal/jimage/ImageLocation
Event: 3.697 loading class jdk/internal/jimage/ImageLocation done


Dynamic libraries:
0x00007ff658d80000 - 0x00007ff658d8e000 	C:\Program Files\Microsoft\jdk-17.0.10.7-hotspot\bin\java.exe
0x00007ff9f7600000 - 0x00007ff9f7869000 	C:\WINDOWS\SYSTEM32\ntdll.dll
0x00007ff9f66f0000 - 0x00007ff9f67b9000 	C:\WINDOWS\System32\KERNEL32.DLL
0x00007ff9f4bc0000 - 0x00007ff9f4fb3000 	C:\WINDOWS\System32\KERNELBASE.dll
0x00007ff9f4a70000 - 0x00007ff9f4bbb000 	C:\WINDOWS\System32\ucrtbase.dll
0x00007ff9cad20000 - 0x00007ff9cad3b000 	C:\Program Files\Microsoft\jdk-17.0.10.7-hotspot\bin\VCRUNTIME140.dll
0x00007ff9cde70000 - 0x00007ff9cde87000 	C:\Program Files\Microsoft\jdk-17.0.10.7-hotspot\bin\jli.dll
0x00007ff9f5490000 - 0x00007ff9f5654000 	C:\WINDOWS\System32\USER32.dll
0x00007ff9f4a40000 - 0x00007ff9f4a67000 	C:\WINDOWS\System32\win32u.dll
0x00007ff9f5460000 - 0x00007ff9f548b000 	C:\WINDOWS\System32\GDI32.dll
0x00007ff9da4d0000 - 0x00007ff9da763000 	C:\WINDOWS\WinSxS\amd64_microsoft.windows.common-controls_6595b64144ccf1df_6.0.26100.5074_none_3e0d6f78e32fd63f\COMCTL32.dll
0x00007ff9f51e0000 - 0x00007ff9f530d000 	C:\WINDOWS\System32\gdi32full.dll
0x00007ff9f6c10000 - 0x00007ff9f6cb9000 	C:\WINDOWS\System32\msvcrt.dll
0x00007ff9f4990000 - 0x00007ff9f4a33000 	C:\WINDOWS\System32\msvcp_win.dll
0x00007ff9f5ee0000 - 0x00007ff9f5f0f000 	C:\WINDOWS\System32\IMM32.DLL
0x00007ff9cad10000 - 0x00007ff9cad1c000 	C:\Program Files\Microsoft\jdk-17.0.10.7-hotspot\bin\vcruntime140_1.dll
0x00007ff9c8940000 - 0x00007ff9c89cd000 	C:\Program Files\Microsoft\jdk-17.0.10.7-hotspot\bin\msvcp140.dll
0x00007ff91de60000 - 0x00007ff91eac5000 	C:\Program Files\Microsoft\jdk-17.0.10.7-hotspot\bin\server\jvm.dll
0x00007ff9f6380000 - 0x00007ff9f6434000 	C:\WINDOWS\System32\ADVAPI32.dll
0x00007ff9f6cc0000 - 0x00007ff9f6d66000 	C:\WINDOWS\System32\sechost.dll
0x00007ff9f6120000 - 0x00007ff9f6238000 	C:\WINDOWS\System32\RPCRT4.dll
0x00007ff9eb440000 - 0x00007ff9eb475000 	C:\WINDOWS\SYSTEM32\WINMM.dll
0x00007ff9f4610000 - 0x00007ff9f466e000 	C:\WINDOWS\SYSTEM32\POWRPROF.dll
0x00007ff9999f0000 - 0x00007ff9999fa000 	C:\WINDOWS\SYSTEM32\WSOCK32.dll
0x00007ff9ecd00000 - 0x00007ff9ecd0b000 	C:\WINDOWS\SYSTEM32\VERSION.dll
0x00007ff9f6f50000 - 0x00007ff9f6fc4000 	C:\WINDOWS\System32\WS2_32.dll
0x00007ff9f45f0000 - 0x00007ff9f4604000 	C:\WINDOWS\SYSTEM32\UMPDC.dll
0x00007ff9f3550000 - 0x00007ff9f356b000 	C:\WINDOWS\SYSTEM32\kernel.appcore.dll
0x00007ff9cad00000 - 0x00007ff9cad0a000 	C:\Program Files\Microsoft\jdk-17.0.10.7-hotspot\bin\jimage.dll
0x00007ff9e68a0000 - 0x00007ff9e6ae2000 	C:\WINDOWS\SYSTEM32\DBGHELP.DLL
0x00007ff9f67c0000 - 0x00007ff9f6b3b000 	C:\WINDOWS\System32\combase.dll
0x00007ff9f6240000 - 0x00007ff9f6317000 	C:\WINDOWS\System32\OLEAUT32.dll
0x00007ff9d4aa0000 - 0x00007ff9d4add000 	C:\WINDOWS\SYSTEM32\dbgcore.DLL
0x00007ff9f5140000 - 0x00007ff9f51d9000 	C:\WINDOWS\System32\bcryptPrimitives.dll
0x00007ff9c8c80000 - 0x00007ff9c8ca5000 	C:\Program Files\Microsoft\jdk-17.0.10.7-hotspot\bin\java.dll
0x00007ff9c8860000 - 0x00007ff9c8937000 	C:\Program Files\Microsoft\jdk-17.0.10.7-hotspot\bin\jsvml.dll
0x00007ff9f5760000 - 0x00007ff9f5ead000 	C:\WINDOWS\System32\SHELL32.dll
0x00007ff9f4820000 - 0x00007ff9f498c000 	C:\WINDOWS\System32\wintypes.dll
0x00007ff9f23d0000 - 0x00007ff9f2c29000 	C:\WINDOWS\SYSTEM32\windows.storage.dll
0x00007ff9f5f30000 - 0x00007ff9f6020000 	C:\WINDOWS\System32\SHCORE.dll
0x00007ff9f53d0000 - 0x00007ff9f5432000 	C:\WINDOWS\System32\shlwapi.dll
0x00007ff9f46b0000 - 0x00007ff9f46d9000 	C:\WINDOWS\SYSTEM32\profapi.dll
0x00007ff9c9c60000 - 0x00007ff9c9c79000 	C:\Program Files\Microsoft\jdk-17.0.10.7-hotspot\bin\net.dll
0x00007ff9ec310000 - 0x00007ff9ec42f000 	C:\WINDOWS\SYSTEM32\WINHTTP.dll
0x00007ff9f3af0000 - 0x00007ff9f3b5b000 	C:\WINDOWS\system32\mswsock.dll
0x00007ff9c8c60000 - 0x00007ff9c8c76000 	C:\Program Files\Microsoft\jdk-17.0.10.7-hotspot\bin\nio.dll
0x00007ff9c8c40000 - 0x00007ff9c8c58000 	C:\Program Files\Microsoft\jdk-17.0.10.7-hotspot\bin\zip.dll
0x00007ff9cacf0000 - 0x00007ff9cad00000 	C:\Program Files\Microsoft\jdk-17.0.10.7-hotspot\bin\verify.dll

dbghelp: loaded successfully - version: 4.0.5 - missing functions: none
symbol engine: initialized successfully - sym options: 0x614 - pdb path: .;C:\Program Files\Microsoft\jdk-17.0.10.7-hotspot\bin;C:\WINDOWS\SYSTEM32;C:\WINDOWS\WinSxS\amd64_microsoft.windows.common-controls_6595b64144ccf1df_6.0.26100.5074_none_3e0d6f78e32fd63f;C:\Program Files\Microsoft\jdk-17.0.10.7-hotspot\bin\server

VM Arguments:
jvm_args: -Xmx64m -Xms64m -Dorg.gradle.appname=gradlew 
java_command: C:\Utils\UtilsApp\android\\gradle\wrapper\gradle-wrapper.jar app:installDebug -PreactNativeDevServerPort=8081
java_class_path (initial): C:\Utils\UtilsApp\android\\gradle\wrapper\gradle-wrapper.jar
Launcher Type: SUN_STANDARD

[Global flags]
     intx CICompilerCount                          = 4                                         {product} {ergonomic}
     uint ConcGCThreads                            = 3                                         {product} {ergonomic}
     uint G1ConcRefinementThreads                  = 10                                        {product} {ergonomic}
   size_t G1HeapRegionSize                         = 1048576                                   {product} {ergonomic}
    uintx GCDrainStackTargetSize                   = 64                                        {product} {ergonomic}
   size_t InitialHeapSize                          = 67108864                                  {product} {command line}
   size_t MarkStackSize                            = 4194304                                   {product} {ergonomic}
   size_t MaxHeapSize                              = 67108864                                  {product} {command line}
   size_t MaxNewSize                               = 39845888                                  {product} {ergonomic}
   size_t MinHeapDeltaBytes                        = 1048576                                   {product} {ergonomic}
   size_t MinHeapSize                              = 67108864                                  {product} {command line}
    uintx NonNMethodCodeHeapSize                   = 5839372                                {pd product} {ergonomic}
    uintx NonProfiledCodeHeapSize                  = 122909434                              {pd product} {ergonomic}
    uintx ProfiledCodeHeapSize                     = 122909434                              {pd product} {ergonomic}
    uintx ReservedCodeCacheSize                    = 251658240                              {pd product} {ergonomic}
     bool SegmentedCodeCache                       = true                                      {product} {ergonomic}
   size_t SoftMaxHeapSize                          = 67108864                               {manageable} {ergonomic}
     bool UseCompressedClassPointers               = true                           {product lp64_product} {ergonomic}
     bool UseCompressedOops                        = true                           {product lp64_product} {ergonomic}
     bool UseG1GC                                  = true                                      {product} {ergonomic}
     bool UseLargePagesIndividualAllocation        = false                                  {pd product} {ergonomic}

Logging:
Log output configuration:
 #0: stdout all=warning uptime,level,tags
 #1: stderr all=off uptime,level,tags

Environment Variables:
JAVA_HOME=C:\Program Files\Microsoft\jdk-17.0.10.7-hotspot\
PATH=C:\Utils\UtilsApp\node_modules\.bin;C:\Utils\UtilsApp\node_modules\.bin;C:\Utils\node_modules\.bin;C:\node_modules\.bin;C:\Program Files\nodejs\node_modules\npm\node_modules\@npmcli\run-script\lib\node-gyp-bin;C:\Python313\Scripts\;C:\Python313\;C:\Program Files\Eclipse Adoptium\jdk-17.0.10.7-hotspot\bin;C:\Program Files\Microsoft\jdk-17.0.10.7-hotspot\bin;C:\Python312\Scripts\;C:\Python312\;C:\Program Files\Common Files\Oracle\Java\javapath;C:\windows\system32;C:\windows;C:\windows\System32\Wbem;C:\windows\System32\WindowsPowerShell\v1.0\;C:\windows\System32\OpenSSH\;C:\Program Files (x86)\NVIDIA Corporation\PhysX\Common;C:\Program Files\NVIDIA Corporation\NVIDIA NvDLISR;C:\Program Files\MySQL\MySQL Server 8.0\bin;C:\WINDOWS\system32;C:\WINDOWS;C:\WINDOWS\System32\Wbem;C:\WINDOWS\System32\WindowsPowerShell\v1.0\;C:\WINDOWS\System32\OpenSSH\;C:\TDM-GCC-32\bin;C:\Program Files\MongoDB\Server\6.0\bin;C:\Users\Mazahir Ali\Desktop\mongosh-1.8.0-win32-x64.zip\mongosh-1.8.0-win32-x64\bin;C:\ProgramData\chocolatey\bin;C:\Users\Mazahir Ali\AppData\Local\Android\Sdk\platform-tools;C:\Program Files\HP\HP One Agent;C:\Program Files\Git\cmd;C:\Program Files\nodejs\;C:\Program Files\Docker\Docker\resources\bin;C:\WINDOWS\system32;C:\WINDOWS;C:\WINDOWS\System32\Wbem;C:\WINDOWS\System32\WindowsPowerShell\v1.0\;C:\WINDOWS\System32\OpenSSH\;C:\flutter\bin;;c:\Users\Mazahir Ali\AppData\Local\Programs\cursor\resources\app\bin;C:\Program Files\Cloudflare\Cloudflare WARP\;C:\Program Files\MySQL\MySQL Shell 8.0\bin\;C:\Users\Mazahir Ali\AppData\Local\Microsoft\WindowsApps;C:\Users\Mazahir Ali\AppData\Local\Programs\Microsoft VS Code\bin;C:\Program Files\JetBrains\IntelliJ IDEA Community Edition 2022.2.1\bin;;C:\Users\Mazahir Ali\AppData\Local\Programs\Hyper\resources\bin;C:\Program Files\nodejs;C:\Program Files\heroku\bin;C:\Program Files\MongoDB\Server\6.0\bin;C:\Users\Mazahir Ali\Desktop\mongosh-1.8.0-win32-x64.zip\mongosh-1.8.0-win32-x64\bin;C:\Program Files\Java\jdk-18.0.2.1\bin;C:
USERNAME=Mazahir Ali
LANG=en_US.UTF-8
OS=Windows_NT
PROCESSOR_IDENTIFIER=AMD64 Family 25 Model 80 Stepping 0, AuthenticAMD
TMP=C:\Users\MAZAHI~1\AppData\Local\Temp
TEMP=C:\Users\MAZAHI~1\AppData\Local\Temp



Periodic native trim disabled


---------------  S Y S T E M  ---------------

OS:
 Windows 11 64 bit Build 26100 (10.0.26100.5074)
OS uptime: 0 days 1:41 hours
Hyper-V role detected

CPU: total 12 (initial active 12) (12 cores per cpu, 2 threads per core) family 25 model 80 stepping 0 microcode 0xa50000d, cx8, cmov, fxsr, ht, mmx, 3dnowpref, sse, sse2, sse3, ssse3, sse4a, sse4.1, sse4.2, popcnt, lzcnt, tsc, tscinvbit, avx, avx2, aes, erms, clmul, bmi1, bmi2, adx, sha, fma, vzeroupper, clflush, clflushopt, hv
Processor Information for processor 0
  Max Mhz: 3301, Current Mhz: 3301, Mhz Limit: 3301
Processor Information for processor 1
  Max Mhz: 3301, Current Mhz: 2630, Mhz Limit: 3301
Processor Information for processor 2
  Max Mhz: 3301, Current Mhz: 2630, Mhz Limit: 3301
Processor Information for processor 3
  Max Mhz: 3301, Current Mhz: 3301, Mhz Limit: 3301
Processor Information for processor 4
  Max Mhz: 3301, Current Mhz: 2630, Mhz Limit: 3301
Processor Information for processor 5
  Max Mhz: 3301, Current Mhz: 3301, Mhz Limit: 3301
Processor Information for processor 6
  Max Mhz: 3301, Current Mhz: 2630, Mhz Limit: 3301
Processor Information for processor 7
  Max Mhz: 3301, Current Mhz: 2630, Mhz Limit: 3301
Processor Information for processor 8
  Max Mhz: 3301, Current Mhz: 3301, Mhz Limit: 3301
Processor Information for processor 9
  Max Mhz: 3301, Current Mhz: 2630, Mhz Limit: 3301
Processor Information for processor 10
  Max Mhz: 3301, Current Mhz: 2630, Mhz Limit: 3301
Processor Information for processor 11
  Max Mhz: 3301, Current Mhz: 2630, Mhz Limit: 3301

Memory: 4k page, system-wide physical 7521M (779M free)
TotalPageFile size 31073M (AvailPageFile size 16M)
current process WorkingSet (physical memory assigned to process): 65M, peak: 65M
current process commit charge ("private bytes"): 150M, peak: 150M

vm_info: OpenJDK 64-Bit Server VM (17.0.10+7-LTS) for windows-amd64 JRE (17.0.10+7-LTS), built on Jan 10 2024 19:47:12 by "MicrosoftCorporation" with MS VC++ 16.10 / 16.11 (VS2019)

END.
