#
# There is insufficient memory for the Java Runtime Environment to continue.
# Native memory allocation (malloc) failed to allocate 532336 bytes for Chunk::new
# Possible reasons:
#   The system is out of physical RAM or swap space
#   The process is running with CompressedOops enabled, and the Java Heap may be blocking the growth of the native heap
# Possible solutions:
#   Reduce memory load on the system
#   Increase physical memory or swap space
#   Check if swap backing store is full
#   Decrease Java heap size (-Xmx/-Xms)
#   Decrease number of Java threads
#   Decrease Java thread stack sizes (-Xss)
#   Set larger code cache with -XX:ReservedCodeCacheSize=
#   JVM is running with Unscaled Compressed Oops mode in which the Java heap is
#     placed in the first 4GB address space. The Java Heap base address is the
#     maximum limit for the native heap growth. Please use -XX:HeapBaseMinAddress
#     to set the Java Heap base and to place the Java Heap above 4GB virtual address.
# This output file may be truncated or incomplete.
#
#  Out of Memory Error (arena.cpp:191), pid=5196, tid=33080
#
# JRE version: OpenJDK Runtime Environment Microsoft-8902769 (17.0.10+7) (build 17.0.10+7-LTS)
# Java VM: OpenJDK 64-Bit Server VM Microsoft-8902769 (17.0.10+7-LTS, mixed mode, sharing, tiered, compressed oops, compressed class ptrs, g1 gc, windows-amd64)
# No core dump will be written. Minidumps are not enabled by default on client versions of Windows
#

---------------  S U M M A R Y ------------

Command Line: --add-opens=java.base/java.lang=ALL-UNNAMED --add-opens=java.base/java.lang.invoke=ALL-UNNAMED --add-opens=java.base/java.util=ALL-UNNAMED --add-opens=java.prefs/java.util.prefs=ALL-UNNAMED --add-exports=jdk.compiler/com.sun.tools.javac.api=ALL-UNNAMED --add-exports=jdk.compiler/com.sun.tools.javac.util=ALL-UNNAMED --add-opens=java.base/java.util=ALL-UNNAMED --add-opens=java.prefs/java.util.prefs=ALL-UNNAMED --add-opens=java.base/java.nio.charset=ALL-UNNAMED --add-opens=java.base/java.net=ALL-UNNAMED --add-opens=java.base/java.util.concurrent.atomic=ALL-UNNAMED --add-opens=java.xml/javax.xml.namespace=ALL-UNNAMED -XX:MaxMetaspaceSize=512m -Xmx2048m -Dfile.encoding=windows-1252 -Duser.country=IN -Duser.language=en -Duser.variant -javaagent:C:\Users\Mazahir Ali\.gradle\wrapper\dists\gradle-8.14.1-bin\baw1sv0jfoi8rxs14qo3h49cs\gradle-8.14.1\lib\agents\gradle-instrumentation-agent-8.14.1.jar org.gradle.launcher.daemon.bootstrap.GradleDaemon 8.14.1

Host: AMD Ryzen 5 5600H with Radeon Graphics         , 12 cores, 7G,  Windows 11 , 64 bit Build 26100 (10.0.26100.7019)
Time: Sat Nov 29 00:34:32 2025 India Standard Time elapsed time: 14.863911 seconds (0d 0h 0m 14s)

---------------  T H R E A D  ---------------

Current thread (0x000002047f8c5590):  JavaThread "C2 CompilerThread0" daemon [_thread_in_native, id=33080, stack(0x000000c502100000,0x000000c502200000)]


Current CompileTask:
C2:  14864 7881   !   4       java.nio.file.FileTreeWalker::next (144 bytes)

Stack: [0x000000c502100000,0x000000c502200000]
Native frames: (J=compiled Java code, j=interpreted, Vv=VM code, C=native code)
V  [jvm.dll+0x67f829]
V  [jvm.dll+0x83750a]
V  [jvm.dll+0x838fce]
V  [jvm.dll+0x839633]
V  [jvm.dll+0x247cbf]
V  [jvm.dll+0xac524]
V  [jvm.dll+0xacb6c]
V  [jvm.dll+0x2af70f]
V  [jvm.dll+0x587077]
V  [jvm.dll+0x222d32]
V  [jvm.dll+0x21be6d]
V  [jvm.dll+0x219711]
V  [jvm.dll+0x1a5176]
V  [jvm.dll+0x22957e]
V  [jvm.dll+0x22774c]
V  [jvm.dll+0x7ec5d7]
V  [jvm.dll+0x7e69da]
V  [jvm.dll+0x67e715]
C  [ucrtbase.dll+0x37b0]
C  [KERNEL32.DLL+0x2e8d7]
C  [ntdll.dll+0x8c53c]


---------------  P R O C E S S  ---------------

Threads class SMR info:
_java_thread_list=0x0000020432f74360, length=78, elements={
0x000002046fff6200, 0x000002047f89d8a0, 0x000002047f89e370, 0x000002047f8bc740,
0x000002047f8bf020, 0x000002047f8bf8f0, 0x000002047f8c21d0, 0x000002047f8c5590,
0x000002047f8d21c0, 0x000002047f8c77b0, 0x000002047f8c8690, 0x000002047fb9e100,
0x000002042f61fe70, 0x000002042fc63770, 0x000002042fec04c0, 0x000002042ec7cac0,
0x000002042e0a8df0, 0x000002042febb4b0, 0x000002042febd310, 0x000002042febd820,
0x000002042febb9c0, 0x000002042febbed0, 0x000002042feba070, 0x000002042febaa90,
0x000002042feba580, 0x000002042febc3e0, 0x000002042febc8f0, 0x000002042febce00,
0x000002042fe4a3c0, 0x000002042fe48050, 0x000002042fe4ade0, 0x000002042fe48560,
0x000002042f035cb0, 0x000002042f037600, 0x000002042f038020, 0x000002042f038530,
0x000002042f036be0, 0x000002042f038f50, 0x000002042f0366d0, 0x000002042f0361c0,
0x000002042f038a40, 0x000002042f03adb0, 0x000002042f039970, 0x000002042f039e80,
0x000002042f03a390, 0x000002042f03b2c0, 0x000002042f03a8a0, 0x000002042f037b10,
0x000002042f03d120, 0x000002042f03b7d0, 0x000002042f03bce0, 0x000002042f03c1f0,
0x000002042f03c700, 0x000002042f03cc10, 0x000002042f03d630, 0x00000204310889c0,
0x000002043108ad30, 0x0000020431089e00, 0x00000204310884b0, 0x00000204310893e0,
0x0000020431087fa0, 0x000002043108c170, 0x000002043108b750, 0x000002043108bc60,
0x000002043108a310, 0x000002043108b240, 0x000002043108c680, 0x0000020431088ed0,
0x000002043108cb90, 0x000002043108a820, 0x000002043108d0a0, 0x00000204310898f0,
0x000002043108d5b0, 0x000002043108dac0, 0x000002043108ef00, 0x0000020432593b60,
0x000002043108dfd0, 0x0000020432590640
}

Java Threads: ( => current thread )
  0x000002046fff6200 JavaThread "main" [_thread_blocked, id=26912, stack(0x000000c501400000,0x000000c501500000)]
  0x000002047f89d8a0 JavaThread "Reference Handler" daemon [_thread_blocked, id=22644, stack(0x000000c501b00000,0x000000c501c00000)]
  0x000002047f89e370 JavaThread "Finalizer" daemon [_thread_blocked, id=35008, stack(0x000000c501c00000,0x000000c501d00000)]
  0x000002047f8bc740 JavaThread "Signal Dispatcher" daemon [_thread_blocked, id=22664, stack(0x000000c501d00000,0x000000c501e00000)]
  0x000002047f8bf020 JavaThread "Attach Listener" daemon [_thread_blocked, id=34576, stack(0x000000c501e00000,0x000000c501f00000)]
  0x000002047f8bf8f0 JavaThread "Service Thread" daemon [_thread_blocked, id=10884, stack(0x000000c501f00000,0x000000c502000000)]
  0x000002047f8c21d0 JavaThread "Monitor Deflation Thread" daemon [_thread_blocked, id=30940, stack(0x000000c502000000,0x000000c502100000)]
=>0x000002047f8c5590 JavaThread "C2 CompilerThread0" daemon [_thread_in_native, id=33080, stack(0x000000c502100000,0x000000c502200000)]
  0x000002047f8d21c0 JavaThread "C1 CompilerThread0" daemon [_thread_in_vm, id=22892, stack(0x000000c502200000,0x000000c502300000)]
  0x000002047f8c77b0 JavaThread "Sweeper thread" daemon [_thread_blocked, id=6868, stack(0x000000c502300000,0x000000c502400000)]
  0x000002047f8c8690 JavaThread "Common-Cleaner" daemon [_thread_blocked, id=17336, stack(0x000000c502400000,0x000000c502500000)]
  0x000002047fb9e100 JavaThread "Notification Thread" daemon [_thread_blocked, id=10564, stack(0x000000c502500000,0x000000c502600000)]
  0x000002042f61fe70 JavaThread "Daemon health stats" [_thread_blocked, id=28200, stack(0x000000c502800000,0x000000c502900000)]
  0x000002042fc63770 JavaThread "Incoming local TCP Connector on port 53510" [_thread_in_native, id=2708, stack(0x000000c502d00000,0x000000c502e00000)]
  0x000002042fec04c0 JavaThread "Daemon periodic checks" [_thread_blocked, id=31716, stack(0x000000c502e00000,0x000000c502f00000)]
  0x000002042ec7cac0 JavaThread "Daemon" [_thread_blocked, id=2204, stack(0x000000c502f00000,0x000000c503000000)]
  0x000002042e0a8df0 JavaThread "Handler for socket connection from /127.0.0.1:53510 to /127.0.0.1:53511" [_thread_in_native, id=3572, stack(0x000000c503000000,0x000000c503100000)]
  0x000002042febb4b0 JavaThread "Cancel handler" [_thread_blocked, id=28624, stack(0x000000c503100000,0x000000c503200000)]
  0x000002042febd310 JavaThread "Daemon worker" [_thread_in_native, id=34484, stack(0x000000c503200000,0x000000c503300000)]
  0x000002042febd820 JavaThread "Asynchronous log dispatcher for DefaultDaemonConnection: socket connection from /127.0.0.1:53510 to /127.0.0.1:53511" [_thread_blocked, id=32320, stack(0x000000c503300000,0x000000c503400000)]
  0x000002042febb9c0 JavaThread "Stdin handler" [_thread_blocked, id=14960, stack(0x000000c503400000,0x000000c503500000)]
  0x000002042febbed0 JavaThread "Daemon client event forwarder" [_thread_blocked, id=35812, stack(0x000000c503500000,0x000000c503600000)]
  0x000002042feba070 JavaThread "Cache worker for journal cache (C:\Users\Mazahir Ali\.gradle\caches\journal-1)" [_thread_blocked, id=35016, stack(0x000000c503600000,0x000000c503700000)]
  0x000002042febaa90 JavaThread "File lock request listener" [_thread_in_native, id=16748, stack(0x000000c503700000,0x000000c503800000)]
  0x000002042feba580 JavaThread "Cache worker for file hash cache (C:\Users\Mazahir Ali\.gradle\caches\8.14.1\fileHashes)" [_thread_blocked, id=8344, stack(0x000000c503800000,0x000000c503900000)]
  0x000002042febc3e0 JavaThread "Cache worker for file hash cache (C:\Utils\UtilsApp\android\.gradle\8.14.1\fileHashes)" [_thread_blocked, id=34944, stack(0x000000c503f00000,0x000000c504000000)]
  0x000002042febc8f0 JavaThread "Cache worker for Build Output Cleanup Cache (C:\Utils\UtilsApp\android\.gradle\buildOutputCleanup)" [_thread_blocked, id=3288, stack(0x000000c504000000,0x000000c504100000)]
  0x000002042febce00 JavaThread "File watcher server" daemon [_thread_in_native, id=30252, stack(0x000000c504300000,0x000000c504400000)]
  0x000002042fe4a3c0 JavaThread "File watcher consumer" daemon [_thread_blocked, id=29040, stack(0x000000c504400000,0x000000c504500000)]
  0x000002042fe48050 JavaThread "jar transforms" [_thread_blocked, id=33012, stack(0x000000c504500000,0x000000c504600000)]
  0x000002042fe4ade0 JavaThread "Cache worker for checksums cache (C:\Utils\UtilsApp\android\.gradle\8.14.1\checksums)" [_thread_blocked, id=30928, stack(0x000000c504600000,0x000000c504700000)]
  0x000002042fe48560 JavaThread "Cache worker for file content cache (C:\Users\Mazahir Ali\.gradle\caches\8.14.1\fileContent)" [_thread_blocked, id=21712, stack(0x000000c504700000,0x000000c504800000)]
  0x000002042f035cb0 JavaThread "Cache worker for cache directory md-supplier (C:\Users\Mazahir Ali\.gradle\caches\8.14.1\md-supplier)" [_thread_blocked, id=5892, stack(0x000000c504800000,0x000000c504900000)]
  0x000002042f037600 JavaThread "Cache worker for cache directory md-rule (C:\Users\Mazahir Ali\.gradle\caches\8.14.1\md-rule)" [_thread_blocked, id=17972, stack(0x000000c504900000,0x000000c504a00000)]
  0x000002042f038020 JavaThread "Cache worker for Build Output Cleanup Cache (C:\Utils\UtilsApp\node_modules\@react-native\gradle-plugin\.gradle\buildOutputCleanup)" [_thread_blocked, id=1916, stack(0x000000c504a00000,0x000000c504b00000)]
  0x000002042f038530 JavaThread "Unconstrained build operations" [_thread_blocked, id=19932, stack(0x000000c503e00000,0x000000c503f00000)]
  0x000002042f036be0 JavaThread "Unconstrained build operations Thread 2" [_thread_blocked, id=24380, stack(0x000000c504b00000,0x000000c504c00000)]
  0x000002042f038f50 JavaThread "Unconstrained build operations Thread 3" [_thread_blocked, id=35744, stack(0x000000c504c00000,0x000000c504d00000)]
  0x000002042f0366d0 JavaThread "Unconstrained build operations Thread 4" [_thread_blocked, id=33788, stack(0x000000c504d00000,0x000000c504e00000)]
  0x000002042f0361c0 JavaThread "Unconstrained build operations Thread 5" [_thread_blocked, id=21924, stack(0x000000c504e00000,0x000000c504f00000)]
  0x000002042f038a40 JavaThread "Unconstrained build operations Thread 6" [_thread_blocked, id=4232, stack(0x000000c504f00000,0x000000c505000000)]
  0x000002042f03adb0 JavaThread "Unconstrained build operations Thread 7" [_thread_blocked, id=13704, stack(0x000000c505100000,0x000000c505200000)]
  0x000002042f039970 JavaThread "Unconstrained build operations Thread 8" [_thread_blocked, id=5036, stack(0x000000c505200000,0x000000c505300000)]
  0x000002042f039e80 JavaThread "Unconstrained build operations Thread 9" [_thread_blocked, id=26492, stack(0x000000c505300000,0x000000c505400000)]
  0x000002042f03a390 JavaThread "Unconstrained build operations Thread 10" [_thread_blocked, id=7544, stack(0x000000c505400000,0x000000c505500000)]
  0x000002042f03b2c0 JavaThread "Unconstrained build operations Thread 11" [_thread_blocked, id=32424, stack(0x000000c505500000,0x000000c505600000)]
  0x000002042f03a8a0 JavaThread "Unconstrained build operations Thread 12" [_thread_blocked, id=18660, stack(0x000000c505600000,0x000000c505700000)]
  0x000002042f037b10 JavaThread "Unconstrained build operations Thread 13" [_thread_blocked, id=30220, stack(0x000000c505700000,0x000000c505800000)]
  0x000002042f03d120 JavaThread "Unconstrained build operations Thread 14" [_thread_blocked, id=32752, stack(0x000000c505800000,0x000000c505900000)]
  0x000002042f03b7d0 JavaThread "Unconstrained build operations Thread 15" [_thread_blocked, id=10788, stack(0x000000c505900000,0x000000c505a00000)]
  0x000002042f03bce0 JavaThread "Unconstrained build operations Thread 16" [_thread_blocked, id=32360, stack(0x000000c505a00000,0x000000c505b00000)]
  0x000002042f03c1f0 JavaThread "Unconstrained build operations Thread 17" [_thread_blocked, id=22980, stack(0x000000c505b00000,0x000000c505c00000)]
  0x000002042f03c700 JavaThread "Unconstrained build operations Thread 18" [_thread_blocked, id=23652, stack(0x000000c505c00000,0x000000c505d00000)]
  0x000002042f03cc10 JavaThread "Unconstrained build operations Thread 19" [_thread_blocked, id=13120, stack(0x000000c505d00000,0x000000c505e00000)]
  0x000002042f03d630 JavaThread "Unconstrained build operations Thread 20" [_thread_blocked, id=16092, stack(0x000000c505e00000,0x000000c505f00000)]
  0x00000204310889c0 JavaThread "Unconstrained build operations Thread 21" [_thread_blocked, id=14476, stack(0x000000c505f00000,0x000000c506000000)]
  0x000002043108ad30 JavaThread "Unconstrained build operations Thread 22" [_thread_blocked, id=32764, stack(0x000000c506000000,0x000000c506100000)]
  0x0000020431089e00 JavaThread "Unconstrained build operations Thread 23" [_thread_blocked, id=13164, stack(0x000000c506100000,0x000000c506200000)]
  0x00000204310884b0 JavaThread "Unconstrained build operations Thread 24" [_thread_blocked, id=29780, stack(0x000000c506200000,0x000000c506300000)]
  0x00000204310893e0 JavaThread "Unconstrained build operations Thread 25" [_thread_blocked, id=32432, stack(0x000000c506300000,0x000000c506400000)]
  0x0000020431087fa0 JavaThread "Unconstrained build operations Thread 26" [_thread_blocked, id=11400, stack(0x000000c506400000,0x000000c506500000)]
  0x000002043108c170 JavaThread "Unconstrained build operations Thread 27" [_thread_blocked, id=35212, stack(0x000000c506500000,0x000000c506600000)]
  0x000002043108b750 JavaThread "Unconstrained build operations Thread 28" [_thread_blocked, id=31548, stack(0x000000c506600000,0x000000c506700000)]
  0x000002043108bc60 JavaThread "Unconstrained build operations Thread 29" [_thread_blocked, id=33196, stack(0x000000c506700000,0x000000c506800000)]
  0x000002043108a310 JavaThread "Unconstrained build operations Thread 30" [_thread_blocked, id=28112, stack(0x000000c506800000,0x000000c506900000)]
  0x000002043108b240 JavaThread "Unconstrained build operations Thread 31" [_thread_blocked, id=10696, stack(0x000000c506900000,0x000000c506a00000)]
  0x000002043108c680 JavaThread "Unconstrained build operations Thread 32" [_thread_blocked, id=4024, stack(0x000000c506a00000,0x000000c506b00000)]
  0x0000020431088ed0 JavaThread "Unconstrained build operations Thread 33" [_thread_blocked, id=32468, stack(0x000000c506b00000,0x000000c506c00000)]
  0x000002043108cb90 JavaThread "Unconstrained build operations Thread 34" [_thread_blocked, id=32072, stack(0x000000c506c00000,0x000000c506d00000)]
  0x000002043108a820 JavaThread "Unconstrained build operations Thread 35" [_thread_blocked, id=9476, stack(0x000000c506d00000,0x000000c506e00000)]
  0x000002043108d0a0 JavaThread "Unconstrained build operations Thread 36" [_thread_blocked, id=26104, stack(0x000000c506e00000,0x000000c506f00000)]
  0x00000204310898f0 JavaThread "Unconstrained build operations Thread 37" [_thread_blocked, id=18264, stack(0x000000c506f00000,0x000000c507000000)]
  0x000002043108d5b0 JavaThread "Unconstrained build operations Thread 38" [_thread_blocked, id=26424, stack(0x000000c507000000,0x000000c507100000)]
  0x000002043108dac0 JavaThread "Unconstrained build operations Thread 39" [_thread_blocked, id=27832, stack(0x000000c507100000,0x000000c507200000)]
  0x000002043108ef00 JavaThread "build event listener" [_thread_blocked, id=7832, stack(0x000000c507200000,0x000000c507300000)]
  0x0000020432593b60 JavaThread "C2 CompilerThread1" daemon [_thread_in_native, id=35368, stack(0x000000c502700000,0x000000c502800000)]
  0x000002043108dfd0 JavaThread "Memory manager" [_thread_blocked, id=25736, stack(0x000000c505000000,0x000000c505100000)]
  0x0000020432590640 JavaThread "C2 CompilerThread2" daemon [_thread_in_native, id=10016, stack(0x000000c507300000,0x000000c507400000)]

Other Threads:
  0x000002047f88eee0 VMThread "VM Thread" [stack: 0x000000c501a00000,0x000000c501b00000] [id=11328]
  0x000002047fbddf40 WatcherThread [stack: 0x000000c502600000,0x000000c502700000] [id=25468]
  0x0000020470051fc0 GCTaskThread "GC Thread#0" [stack: 0x000000c501500000,0x000000c501600000] [id=12828]
  0x000002047fcbce40 GCTaskThread "GC Thread#1" [stack: 0x000000c502900000,0x000000c502a00000] [id=5668]
  0x000002042e448330 GCTaskThread "GC Thread#2" [stack: 0x000000c502a00000,0x000000c502b00000] [id=17596]
  0x000002042e726450 GCTaskThread "GC Thread#3" [stack: 0x000000c502b00000,0x000000c502c00000] [id=22628]
  0x000002042e6d6ae0 GCTaskThread "GC Thread#4" [stack: 0x000000c502c00000,0x000000c502d00000] [id=14940]
  0x0000020430798c30 GCTaskThread "GC Thread#5" [stack: 0x000000c503900000,0x000000c503a00000] [id=9620]
  0x00000204302abdb0 GCTaskThread "GC Thread#6" [stack: 0x000000c503a00000,0x000000c503b00000] [id=24032]
  0x00000204301d2340 GCTaskThread "GC Thread#7" [stack: 0x000000c503b00000,0x000000c503c00000] [id=28120]
  0x00000204301d2600 GCTaskThread "GC Thread#8" [stack: 0x000000c503c00000,0x000000c503d00000] [id=23824]
  0x00000204301d28c0 GCTaskThread "GC Thread#9" [stack: 0x000000c503d00000,0x000000c503e00000] [id=4916]
  0x0000020470063af0 ConcurrentGCThread "G1 Main Marker" [stack: 0x000000c501600000,0x000000c501700000] [id=16816]
  0x0000020470065bd0 ConcurrentGCThread "G1 Conc#0" [stack: 0x000000c501700000,0x000000c501800000] [id=12436]
  0x0000020430376fe0 ConcurrentGCThread "G1 Conc#1" [stack: 0x000000c504100000,0x000000c504200000] [id=33116]
  0x00000204303767a0 ConcurrentGCThread "G1 Conc#2" [stack: 0x000000c504200000,0x000000c504300000] [id=32956]
  0x000002047f74a960 ConcurrentGCThread "G1 Refine#0" [stack: 0x000000c501800000,0x000000c501900000] [id=4688]
  0x000002047f74b040 ConcurrentGCThread "G1 Service" [stack: 0x000000c501900000,0x000000c501a00000] [id=34840]

Threads with active compile tasks:
C2 CompilerThread0    15897 7881   !   4       java.nio.file.FileTreeWalker::next (144 bytes)
C1 CompilerThread0    15898 7930       3       java.io.ObjectInputStream$BlockDataInputStream::readUTFBody (192 bytes)
C2 CompilerThread1    15898 7914       4       com.google.common.collect.AbstractIterator::hasNext (61 bytes)
C2 CompilerThread2    15898 7680 %     4       org.gradle.internal.instantiation.generator.AbstractClassGenerator::inspectType @ 107 (602 bytes)

VM state: not at safepoint (normal execution)

VM Mutex/Monitor currently owned by a thread: None

Heap address: 0x0000000080000000, size: 2048 MB, Compressed Oops mode: 32-bit

CDS archive(s) mapped at: [0x000002040f000000-0x000002040fbb0000-0x000002040fbb0000), size 12255232, SharedBaseAddress: 0x000002040f000000, ArchiveRelocationMode: 1.
Compressed class space mapped at: 0x0000020410000000-0x000002042a000000, reserved size: 436207616
Narrow klass base: 0x000002040f000000, Narrow klass shift: 0, Narrow klass range: 0x100000000

GC Precious Log:
 CPUs: 12 total, 12 available
 Memory: 7521M
 Large Page Support: Disabled
 NUMA Support: Disabled
 Compressed Oops: Enabled (32-bit)
 Heap Region Size: 1M
 Heap Min Capacity: 8M
 Heap Initial Capacity: 118M
 Heap Max Capacity: 2G
 Pre-touch: Disabled
 Parallel Workers: 10
 Concurrent Workers: 3
 Concurrent Refinement Workers: 10
 Periodic GC: Disabled

Heap:
 garbage-first heap   total 125952K, used 83535K [0x0000000080000000, 0x0000000100000000)
  region size 1024K, 27 young (27648K), 4 survivors (4096K)
 Metaspace       used 65617K, committed 66304K, reserved 491520K
  class space    used 9269K, committed 9600K, reserved 425984K

Heap Regions: E=young(eden), S=young(survivor), O=old, HS=humongous(starts), HC=humongous(continues), CS=collection set, F=free, OA=open archive, CA=closed archive, TAMS=top-at-mark-start (previous, next)
|   0|0x0000000080000000, 0x0000000080100000, 0x0000000080100000|100%|HS|  |TAMS 0x0000000080100000, 0x0000000080000000| Complete 
|   1|0x0000000080100000, 0x0000000080200000, 0x0000000080200000|100%|HC|  |TAMS 0x0000000080200000, 0x0000000080100000| Complete 
|   2|0x0000000080200000, 0x0000000080300000, 0x0000000080300000|100%|HC|  |TAMS 0x0000000080300000, 0x0000000080200000| Complete 
|   3|0x0000000080300000, 0x0000000080400000, 0x0000000080400000|100%| O|  |TAMS 0x0000000080400000, 0x0000000080300000| Untracked 
|   4|0x0000000080400000, 0x0000000080500000, 0x0000000080500000|100%| O|  |TAMS 0x0000000080500000, 0x0000000080400000| Untracked 
|   5|0x0000000080500000, 0x0000000080600000, 0x0000000080600000|100%| O|  |TAMS 0x0000000080600000, 0x0000000080500000| Untracked 
|   6|0x0000000080600000, 0x0000000080700000, 0x0000000080700000|100%|HS|  |TAMS 0x0000000080700000, 0x0000000080600000| Complete 
|   7|0x0000000080700000, 0x0000000080800000, 0x0000000080800000|100%| O|  |TAMS 0x0000000080800000, 0x0000000080700000| Untracked 
|   8|0x0000000080800000, 0x0000000080900000, 0x0000000080900000|100%| O|  |TAMS 0x0000000080900000, 0x0000000080800000| Untracked 
|   9|0x0000000080900000, 0x0000000080a00000, 0x0000000080a00000|100%| O|  |TAMS 0x0000000080a00000, 0x0000000080900000| Untracked 
|  10|0x0000000080a00000, 0x0000000080b00000, 0x0000000080b00000|100%| O|  |TAMS 0x0000000080b00000, 0x0000000080a00000| Untracked 
|  11|0x0000000080b00000, 0x0000000080c00000, 0x0000000080c00000|100%| O|  |TAMS 0x0000000080c00000, 0x0000000080b00000| Untracked 
|  12|0x0000000080c00000, 0x0000000080d00000, 0x0000000080d00000|100%| O|  |TAMS 0x0000000080d00000, 0x0000000080c00000| Untracked 
|  13|0x0000000080d00000, 0x0000000080e00000, 0x0000000080e00000|100%| O|  |TAMS 0x0000000080e00000, 0x0000000080d00000| Untracked 
|  14|0x0000000080e00000, 0x0000000080f00000, 0x0000000080f00000|100%| O|  |TAMS 0x0000000080f00000, 0x0000000080e00000| Untracked 
|  15|0x0000000080f00000, 0x0000000081000000, 0x0000000081000000|100%| O|  |TAMS 0x0000000081000000, 0x0000000080f00000| Untracked 
|  16|0x0000000081000000, 0x0000000081100000, 0x0000000081100000|100%| O|  |TAMS 0x0000000081100000, 0x0000000081000000| Untracked 
|  17|0x0000000081100000, 0x0000000081200000, 0x0000000081200000|100%| O|  |TAMS 0x0000000081200000, 0x0000000081100000| Untracked 
|  18|0x0000000081200000, 0x0000000081300000, 0x0000000081300000|100%| O|  |TAMS 0x0000000081300000, 0x0000000081200000| Untracked 
|  19|0x0000000081300000, 0x0000000081400000, 0x0000000081400000|100%| O|  |TAMS 0x0000000081400000, 0x0000000081300000| Untracked 
|  20|0x0000000081400000, 0x000000008147a400, 0x0000000081500000| 47%| O|  |TAMS 0x000000008147a400, 0x0000000081400000| Untracked 
|  21|0x0000000081500000, 0x0000000081600000, 0x0000000081600000|100%| O|  |TAMS 0x0000000081600000, 0x0000000081500000| Untracked 
|  22|0x0000000081600000, 0x0000000081700000, 0x0000000081700000|100%| O|  |TAMS 0x0000000081700000, 0x0000000081600000| Untracked 
|  23|0x0000000081700000, 0x0000000081800000, 0x0000000081800000|100%| O|  |TAMS 0x0000000081800000, 0x0000000081700000| Untracked 
|  24|0x0000000081800000, 0x0000000081900000, 0x0000000081900000|100%| O|  |TAMS 0x0000000081900000, 0x0000000081800000| Untracked 
|  25|0x0000000081900000, 0x0000000081a00000, 0x0000000081a00000|100%| O|  |TAMS 0x0000000081a00000, 0x0000000081900000| Untracked 
|  26|0x0000000081a00000, 0x0000000081b00000, 0x0000000081b00000|100%| O|  |TAMS 0x0000000081b00000, 0x0000000081a00000| Untracked 
|  27|0x0000000081b00000, 0x0000000081c00000, 0x0000000081c00000|100%| O|  |TAMS 0x0000000081c00000, 0x0000000081b00000| Untracked 
|  28|0x0000000081c00000, 0x0000000081d00000, 0x0000000081d00000|100%| O|  |TAMS 0x0000000081d00000, 0x0000000081c00000| Untracked 
|  29|0x0000000081d00000, 0x0000000081e00000, 0x0000000081e00000|100%| O|  |TAMS 0x0000000081e00000, 0x0000000081d00000| Untracked 
|  30|0x0000000081e00000, 0x0000000081f00000, 0x0000000081f00000|100%| O|  |TAMS 0x0000000081f00000, 0x0000000081e00000| Untracked 
|  31|0x0000000081f00000, 0x0000000082000000, 0x0000000082000000|100%| O|  |TAMS 0x0000000082000000, 0x0000000081f00000| Untracked 
|  32|0x0000000082000000, 0x0000000082100000, 0x0000000082100000|100%| O|  |TAMS 0x0000000082100000, 0x0000000082000000| Untracked 
|  33|0x0000000082100000, 0x0000000082200000, 0x0000000082200000|100%| O|  |TAMS 0x0000000082200000, 0x0000000082100000| Untracked 
|  34|0x0000000082200000, 0x0000000082300000, 0x0000000082300000|100%| O|  |TAMS 0x0000000082300000, 0x0000000082200000| Untracked 
|  35|0x0000000082300000, 0x0000000082400000, 0x0000000082400000|100%| O|  |TAMS 0x0000000082400000, 0x0000000082300000| Untracked 
|  36|0x0000000082400000, 0x0000000082500000, 0x0000000082500000|100%| O|  |TAMS 0x0000000082500000, 0x0000000082400000| Untracked 
|  37|0x0000000082500000, 0x0000000082600000, 0x0000000082600000|100%| O|  |TAMS 0x0000000082600000, 0x0000000082500000| Untracked 
|  38|0x0000000082600000, 0x0000000082700000, 0x0000000082700000|100%|HS|  |TAMS 0x0000000082700000, 0x0000000082600000| Complete 
|  39|0x0000000082700000, 0x0000000082800000, 0x0000000082800000|100%|HC|  |TAMS 0x0000000082800000, 0x0000000082700000| Complete 
|  40|0x0000000082800000, 0x0000000082900000, 0x0000000082900000|100%|HC|  |TAMS 0x0000000082900000, 0x0000000082800000| Complete 
|  41|0x0000000082900000, 0x0000000082a00000, 0x0000000082a00000|100%|HS|  |TAMS 0x0000000082a00000, 0x0000000082900000| Complete 
|  42|0x0000000082a00000, 0x0000000082b00000, 0x0000000082b00000|100%|HC|  |TAMS 0x0000000082b00000, 0x0000000082a00000| Complete 
|  43|0x0000000082b00000, 0x0000000082c00000, 0x0000000082c00000|100%|HC|  |TAMS 0x0000000082c00000, 0x0000000082b00000| Complete 
|  44|0x0000000082c00000, 0x0000000082d00000, 0x0000000082d00000|100%| O|  |TAMS 0x0000000082d00000, 0x0000000082c00000| Untracked 
|  45|0x0000000082d00000, 0x0000000082e00000, 0x0000000082e00000|100%| O|  |TAMS 0x0000000082e00000, 0x0000000082d00000| Untracked 
|  46|0x0000000082e00000, 0x0000000082f00000, 0x0000000082f00000|100%| O|  |TAMS 0x0000000082f00000, 0x0000000082e00000| Untracked 
|  47|0x0000000082f00000, 0x0000000083000000, 0x0000000083000000|100%| O|  |TAMS 0x0000000083000000, 0x0000000082f00000| Untracked 
|  48|0x0000000083000000, 0x0000000083100000, 0x0000000083100000|100%| O|  |TAMS 0x0000000083100000, 0x0000000083000000| Untracked 
|  49|0x0000000083100000, 0x0000000083200000, 0x0000000083200000|100%| O|  |TAMS 0x0000000083200000, 0x0000000083100000| Untracked 
|  50|0x0000000083200000, 0x0000000083300000, 0x0000000083300000|100%| O|  |TAMS 0x0000000083300000, 0x0000000083200000| Untracked 
|  51|0x0000000083300000, 0x0000000083400000, 0x0000000083400000|100%| O|  |TAMS 0x0000000083400000, 0x0000000083300000| Untracked 
|  52|0x0000000083400000, 0x0000000083500000, 0x0000000083500000|100%| O|  |TAMS 0x0000000083500000, 0x0000000083400000| Complete 
|  53|0x0000000083500000, 0x0000000083600000, 0x0000000083600000|100%| O|  |TAMS 0x0000000083600000, 0x0000000083500000| Untracked 
|  54|0x0000000083600000, 0x0000000083700000, 0x0000000083700000|100%| O|  |TAMS 0x0000000083647c00, 0x0000000083600000| Untracked 
|  55|0x0000000083700000, 0x0000000083800000, 0x0000000083800000|100%| O|  |TAMS 0x0000000083700000, 0x0000000083700000| Untracked 
|  56|0x0000000083800000, 0x0000000083819800, 0x0000000083900000|  9%| O|  |TAMS 0x0000000083800000, 0x0000000083800000| Untracked 
|  57|0x0000000083900000, 0x0000000083900000, 0x0000000083a00000|  0%| F|  |TAMS 0x0000000083900000, 0x0000000083900000| Untracked 
|  58|0x0000000083a00000, 0x0000000083a00000, 0x0000000083b00000|  0%| F|  |TAMS 0x0000000083a00000, 0x0000000083a00000| Untracked 
|  59|0x0000000083b00000, 0x0000000083b00000, 0x0000000083c00000|  0%| F|  |TAMS 0x0000000083b00000, 0x0000000083b00000| Untracked 
|  60|0x0000000083c00000, 0x0000000083c00000, 0x0000000083d00000|  0%| F|  |TAMS 0x0000000083c00000, 0x0000000083c00000| Untracked 
|  61|0x0000000083d00000, 0x0000000083d00000, 0x0000000083e00000|  0%| F|  |TAMS 0x0000000083d00000, 0x0000000083d00000| Untracked 
|  62|0x0000000083e00000, 0x0000000083e00000, 0x0000000083f00000|  0%| F|  |TAMS 0x0000000083e00000, 0x0000000083e00000| Untracked 
|  63|0x0000000083f00000, 0x0000000083f00000, 0x0000000084000000|  0%| F|  |TAMS 0x0000000083f00000, 0x0000000083f00000| Untracked 
|  64|0x0000000084000000, 0x0000000084000000, 0x0000000084100000|  0%| F|  |TAMS 0x0000000084000000, 0x0000000084000000| Untracked 
|  65|0x0000000084100000, 0x0000000084100000, 0x0000000084200000|  0%| F|  |TAMS 0x0000000084100000, 0x0000000084100000| Untracked 
|  66|0x0000000084200000, 0x0000000084200000, 0x0000000084300000|  0%| F|  |TAMS 0x0000000084200000, 0x0000000084200000| Untracked 
|  67|0x0000000084300000, 0x0000000084300000, 0x0000000084400000|  0%| F|  |TAMS 0x0000000084300000, 0x0000000084300000| Untracked 
|  68|0x0000000084400000, 0x0000000084500000, 0x0000000084500000|100%| S|CS|TAMS 0x0000000084400000, 0x0000000084400000| Complete 
|  69|0x0000000084500000, 0x0000000084600000, 0x0000000084600000|100%| S|CS|TAMS 0x0000000084500000, 0x0000000084500000| Complete 
|  70|0x0000000084600000, 0x0000000084700000, 0x0000000084700000|100%| S|CS|TAMS 0x0000000084600000, 0x0000000084600000| Complete 
|  71|0x0000000084700000, 0x0000000084700000, 0x0000000084800000|  0%| F|  |TAMS 0x0000000084700000, 0x0000000084700000| Untracked 
|  72|0x0000000084800000, 0x0000000084800000, 0x0000000084900000|  0%| F|  |TAMS 0x0000000084800000, 0x0000000084800000| Untracked 
|  73|0x0000000084900000, 0x0000000084a00000, 0x0000000084a00000|100%| S|CS|TAMS 0x0000000084900000, 0x0000000084900000| Complete 
|  74|0x0000000084a00000, 0x0000000084a00000, 0x0000000084b00000|  0%| F|  |TAMS 0x0000000084a00000, 0x0000000084a00000| Untracked 
|  75|0x0000000084b00000, 0x0000000084b00000, 0x0000000084c00000|  0%| F|  |TAMS 0x0000000084b00000, 0x0000000084b00000| Untracked 
|  76|0x0000000084c00000, 0x0000000084c00000, 0x0000000084d00000|  0%| F|  |TAMS 0x0000000084c00000, 0x0000000084c00000| Untracked 
|  77|0x0000000084d00000, 0x0000000084d00000, 0x0000000084e00000|  0%| F|  |TAMS 0x0000000084d00000, 0x0000000084d00000| Untracked 
|  78|0x0000000084e00000, 0x0000000084e00000, 0x0000000084f00000|  0%| F|  |TAMS 0x0000000084e00000, 0x0000000084e00000| Untracked 
|  79|0x0000000084f00000, 0x0000000084f00000, 0x0000000085000000|  0%| F|  |TAMS 0x0000000084f00000, 0x0000000084f00000| Untracked 
|  80|0x0000000085000000, 0x0000000085000000, 0x0000000085100000|  0%| F|  |TAMS 0x0000000085000000, 0x0000000085000000| Untracked 
|  81|0x0000000085100000, 0x0000000085100000, 0x0000000085200000|  0%| F|  |TAMS 0x0000000085100000, 0x0000000085100000| Untracked 
|  82|0x0000000085200000, 0x0000000085200000, 0x0000000085300000|  0%| F|  |TAMS 0x0000000085200000, 0x0000000085200000| Untracked 
|  83|0x0000000085300000, 0x0000000085300000, 0x0000000085400000|  0%| F|  |TAMS 0x0000000085300000, 0x0000000085300000| Untracked 
|  84|0x0000000085400000, 0x0000000085400000, 0x0000000085500000|  0%| F|  |TAMS 0x0000000085400000, 0x0000000085400000| Untracked 
|  85|0x0000000085500000, 0x0000000085500000, 0x0000000085600000|  0%| F|  |TAMS 0x0000000085500000, 0x0000000085500000| Untracked 
|  86|0x0000000085600000, 0x0000000085600000, 0x0000000085700000|  0%| F|  |TAMS 0x0000000085600000, 0x0000000085600000| Untracked 
|  87|0x0000000085700000, 0x0000000085700000, 0x0000000085800000|  0%| F|  |TAMS 0x0000000085700000, 0x0000000085700000| Untracked 
|  88|0x0000000085800000, 0x0000000085800000, 0x0000000085900000|  0%| F|  |TAMS 0x0000000085800000, 0x0000000085800000| Untracked 
|  89|0x0000000085900000, 0x0000000085900000, 0x0000000085a00000|  0%| F|  |TAMS 0x0000000085900000, 0x0000000085900000| Untracked 
|  90|0x0000000085a00000, 0x0000000085a00000, 0x0000000085b00000|  0%| F|  |TAMS 0x0000000085a00000, 0x0000000085a00000| Untracked 
|  91|0x0000000085b00000, 0x0000000085b00000, 0x0000000085c00000|  0%| F|  |TAMS 0x0000000085b00000, 0x0000000085b00000| Untracked 
|  92|0x0000000085c00000, 0x0000000085c00000, 0x0000000085d00000|  0%| F|  |TAMS 0x0000000085c00000, 0x0000000085c00000| Untracked 
|  93|0x0000000085d00000, 0x0000000085d00000, 0x0000000085e00000|  0%| F|  |TAMS 0x0000000085d00000, 0x0000000085d00000| Untracked 
|  94|0x0000000085e00000, 0x0000000085e00000, 0x0000000085f00000|  0%| F|  |TAMS 0x0000000085e00000, 0x0000000085e00000| Untracked 
|  95|0x0000000085f00000, 0x0000000085f00000, 0x0000000086000000|  0%| F|  |TAMS 0x0000000085f00000, 0x0000000085f00000| Untracked 
|  96|0x0000000086000000, 0x0000000086000000, 0x0000000086100000|  0%| F|  |TAMS 0x0000000086000000, 0x0000000086000000| Untracked 
|  97|0x0000000086100000, 0x0000000086100000, 0x0000000086200000|  0%| F|  |TAMS 0x0000000086100000, 0x0000000086100000| Untracked 
|  98|0x0000000086200000, 0x0000000086200000, 0x0000000086300000|  0%| F|  |TAMS 0x0000000086200000, 0x0000000086200000| Untracked 
|  99|0x0000000086300000, 0x0000000086300000, 0x0000000086400000|  0%| F|  |TAMS 0x0000000086300000, 0x0000000086300000| Untracked 
| 100|0x0000000086400000, 0x0000000086500000, 0x0000000086500000|100%| E|  |TAMS 0x0000000086400000, 0x0000000086400000| Complete 
| 101|0x0000000086500000, 0x0000000086600000, 0x0000000086600000|100%| E|CS|TAMS 0x0000000086500000, 0x0000000086500000| Complete 
| 102|0x0000000086600000, 0x0000000086700000, 0x0000000086700000|100%| E|CS|TAMS 0x0000000086600000, 0x0000000086600000| Complete 
| 103|0x0000000086700000, 0x0000000086800000, 0x0000000086800000|100%| E|CS|TAMS 0x0000000086700000, 0x0000000086700000| Complete 
| 104|0x0000000086800000, 0x0000000086900000, 0x0000000086900000|100%| E|CS|TAMS 0x0000000086800000, 0x0000000086800000| Complete 
| 105|0x0000000086900000, 0x0000000086a00000, 0x0000000086a00000|100%| E|CS|TAMS 0x0000000086900000, 0x0000000086900000| Complete 
| 106|0x0000000086a00000, 0x0000000086b00000, 0x0000000086b00000|100%| E|CS|TAMS 0x0000000086a00000, 0x0000000086a00000| Complete 
| 107|0x0000000086b00000, 0x0000000086c00000, 0x0000000086c00000|100%| E|CS|TAMS 0x0000000086b00000, 0x0000000086b00000| Complete 
| 108|0x0000000086c00000, 0x0000000086d00000, 0x0000000086d00000|100%| E|CS|TAMS 0x0000000086c00000, 0x0000000086c00000| Complete 
| 109|0x0000000086d00000, 0x0000000086e00000, 0x0000000086e00000|100%| E|CS|TAMS 0x0000000086d00000, 0x0000000086d00000| Complete 
| 110|0x0000000086e00000, 0x0000000086f00000, 0x0000000086f00000|100%| E|CS|TAMS 0x0000000086e00000, 0x0000000086e00000| Complete 
| 111|0x0000000086f00000, 0x0000000087000000, 0x0000000087000000|100%| E|CS|TAMS 0x0000000086f00000, 0x0000000086f00000| Complete 
| 112|0x0000000087000000, 0x0000000087100000, 0x0000000087100000|100%| E|CS|TAMS 0x0000000087000000, 0x0000000087000000| Complete 
| 113|0x0000000087100000, 0x0000000087200000, 0x0000000087200000|100%| E|CS|TAMS 0x0000000087100000, 0x0000000087100000| Complete 
| 114|0x0000000087200000, 0x0000000087300000, 0x0000000087300000|100%| E|CS|TAMS 0x0000000087200000, 0x0000000087200000| Complete 
| 115|0x0000000087300000, 0x0000000087400000, 0x0000000087400000|100%| E|CS|TAMS 0x0000000087300000, 0x0000000087300000| Complete 
| 116|0x0000000087400000, 0x0000000087500000, 0x0000000087500000|100%| E|CS|TAMS 0x0000000087400000, 0x0000000087400000| Complete 
| 117|0x0000000087500000, 0x0000000087600000, 0x0000000087600000|100%| E|CS|TAMS 0x0000000087500000, 0x0000000087500000| Complete 
| 118|0x0000000087600000, 0x0000000087700000, 0x0000000087700000|100%| E|CS|TAMS 0x0000000087600000, 0x0000000087600000| Complete 
| 119|0x0000000087700000, 0x0000000087800000, 0x0000000087800000|100%| E|CS|TAMS 0x0000000087700000, 0x0000000087700000| Complete 
| 120|0x0000000087800000, 0x0000000087900000, 0x0000000087900000|100%| E|CS|TAMS 0x0000000087800000, 0x0000000087800000| Complete 
| 121|0x0000000087900000, 0x0000000087a00000, 0x0000000087a00000|100%| E|CS|TAMS 0x0000000087900000, 0x0000000087900000| Complete 
| 122|0x0000000087a00000, 0x0000000087b00000, 0x0000000087b00000|100%| E|CS|TAMS 0x0000000087a00000, 0x0000000087a00000| Complete 

Card table byte_map: [0x0000020478450000,0x0000020478850000] _byte_map_base: 0x0000020478050000

Marking Bits (Prev, Next): (CMBitMap*) 0x0000020470052530, (CMBitMap*) 0x00000204700524f0
 Prev Bits: [0x000002047ac50000, 0x000002047cc50000)
 Next Bits: [0x0000020478c50000, 0x000002047ac50000)

Polling page: 0x000002046df50000

Metaspace:

Usage:
  Non-class:     55.03 MB used.
      Class:      9.05 MB used.
       Both:     64.08 MB used.

Virtual space:
  Non-class space:       64.00 MB reserved,      55.38 MB ( 87%) committed,  1 nodes.
      Class space:      416.00 MB reserved,       9.38 MB (  2%) committed,  1 nodes.
             Both:      480.00 MB reserved,      64.75 MB ( 13%) committed. 

Chunk freelists:
   Non-Class:  7.82 MB
       Class:  6.67 MB
        Both:  14.48 MB

MaxMetaspaceSize: 512.00 MB
CompressedClassSpaceSize: 416.00 MB
Initial GC threshold: 21.00 MB
Current GC threshold: 106.25 MB
CDS: on
MetaspaceReclaimPolicy: balanced
 - commit_granule_bytes: 65536.
 - commit_granule_words: 8192.
 - virtual_space_node_default_size: 8388608.
 - enlarge_chunks_in_place: 1.
 - new_chunks_are_fully_committed: 0.
 - uncommit_free_chunks: 1.
 - use_allocation_guard: 0.
 - handle_deallocations: 1.


Internal statistics:

num_allocs_failed_limit: 6.
num_arena_births: 912.
num_arena_deaths: 0.
num_vsnodes_births: 2.
num_vsnodes_deaths: 0.
num_space_committed: 1036.
num_space_uncommitted: 0.
num_chunks_returned_to_freelist: 6.
num_chunks_taken_from_freelist: 3705.
num_chunk_merges: 6.
num_chunk_splits: 2411.
num_chunks_enlarged: 1572.
num_inconsistent_stats: 0.

CodeHeap 'non-profiled nmethods': size=120000Kb used=4397Kb max_used=4397Kb free=115602Kb
 bounds [0x0000020407ad0000, 0x0000020407f20000, 0x000002040f000000]
CodeHeap 'profiled nmethods': size=120000Kb used=13977Kb max_used=13977Kb free=106023Kb
 bounds [0x0000020400000000, 0x0000020400db0000, 0x0000020407530000]
CodeHeap 'non-nmethods': size=5760Kb used=2378Kb max_used=2440Kb free=3381Kb
 bounds [0x0000020407530000, 0x00000204077a0000, 0x0000020407ad0000]
 total_blobs=8071 nmethods=7164 adapters=819
 compilation: enabled
              stopped_count=0, restarted_count=0
 full_count=0

Compilation events (20 events):
Event: 12.806 Thread 0x000002047f8d21c0 nmethod 7883 0x0000020400d8d610 code [0x0000020400d8d7e0, 0x0000020400d8db88]
Event: 12.808 Thread 0x000002047f8d21c0 7884       3       java.util.ArrayDeque::toArray (99 bytes)
Event: 12.808 Thread 0x000002047f8d21c0 nmethod 7884 0x0000020400d8dd10 code [0x0000020400d8df00, 0x0000020400d8e518]
Event: 12.808 Thread 0x000002047f8d21c0 7885       3       org.gradle.api.internal.changedetection.state.IgnoringResourceHasher::hash (33 bytes)
Event: 12.809 Thread 0x000002047f8d21c0 nmethod 7885 0x0000020400d8e690 code [0x0000020400d8e860, 0x0000020400d8ebf8]
Event: 12.809 Thread 0x000002047f8d21c0 7886       3       org.gradle.api.internal.changedetection.state.MetaInfAwareClasspathResourceHasher::hash (6 bytes)
Event: 12.809 Thread 0x000002047f8d21c0 nmethod 7886 0x0000020400d8ed90 code [0x0000020400d8ef20, 0x0000020400d8f068]
Event: 12.809 Thread 0x000002047f8d21c0 7887       3       org.gradle.api.internal.changedetection.state.MetaInfAwareClasspathResourceHasher::filter (23 bytes)
Event: 12.809 Thread 0x000002047f8d21c0 nmethod 7887 0x0000020400d8f110 code [0x0000020400d8f300, 0x0000020400d8f728]
Event: 12.809 Thread 0x000002047f8d21c0 7888       3       org.gradle.internal.fingerprint.classpath.impl.ClasspathFingerprintingStrategy$ClasspathFingerprintingVisitor$$Lambda$532/0x0000020410497a80::get (8 bytes)
Event: 12.810 Thread 0x000002047f8d21c0 nmethod 7888 0x0000020400d8f910 code [0x0000020400d8fb80, 0x0000020400d908d8]
Event: 12.810 Thread 0x000002047f8d21c0 7889       3       org.gradle.internal.fingerprint.classpath.impl.ClasspathFingerprintingStrategy$ClasspathFingerprintingVisitor::lambda$hashContent$0 (15 bytes)
Event: 12.810 Thread 0x000002047f8d21c0 nmethod 7889 0x0000020400d90d10 code [0x0000020400d90f80, 0x0000020400d91c58]
Event: 12.813 Thread 0x0000020432593b60 nmethod 7879 0x0000020407f12710 code [0x0000020407f12920, 0x0000020407f139f8]
Event: 12.813 Thread 0x0000020432593b60 7882       4       org.gradle.api.internal.cache.StringInterner::intern (9 bytes)
Event: 12.837 Thread 0x000002047f8d21c0 7890       3       org.gradle.api.internal.artifacts.configurations.DefaultConfigurationContainer::findByName (6 bytes)
Event: 12.838 Thread 0x000002047f8d21c0 nmethod 7890 0x0000020400d92010 code [0x0000020400d921c0, 0x0000020400d924e8]
Event: 12.838 Thread 0x000002047f8d21c0 7891       1       org.gradle.api.internal.provider.DefaultValueSourceProviderFactory::access$200 (5 bytes)
Event: 12.838 Thread 0x000002047f8d21c0 nmethod 7891 0x0000020407f14890 code [0x0000020407f14a20, 0x0000020407f14ad8]
Event: 12.840 Thread 0x000002047f8d21c0 7892       3       java.util.LinkedList::checkElementIndex (22 bytes)

GC Heap History (20 events):
Event: 8.172 GC heap before
{Heap before GC invocations=12 (full 0):
 garbage-first heap   total 103424K, used 79260K [0x0000000080000000, 0x0000000100000000)
  region size 1024K, 48 young (49152K), 3 survivors (3072K)
 Metaspace       used 42660K, committed 43136K, reserved 491520K
  class space    used 5924K, committed 6144K, reserved 425984K
}
Event: 8.176 GC heap after
{Heap after GC invocations=13 (full 0):
 garbage-first heap   total 103424K, used 35791K [0x0000000080000000, 0x0000000100000000)
  region size 1024K, 6 young (6144K), 6 survivors (6144K)
 Metaspace       used 42660K, committed 43136K, reserved 491520K
  class space    used 5924K, committed 6144K, reserved 425984K
}
Event: 8.865 GC heap before
{Heap before GC invocations=13 (full 0):
 garbage-first heap   total 103424K, used 80847K [0x0000000080000000, 0x0000000100000000)
  region size 1024K, 50 young (51200K), 6 survivors (6144K)
 Metaspace       used 47137K, committed 47744K, reserved 491520K
  class space    used 6596K, committed 6912K, reserved 425984K
}
Event: 8.869 GC heap after
{Heap after GC invocations=14 (full 0):
 garbage-first heap   total 103424K, used 38824K [0x0000000080000000, 0x0000000100000000)
  region size 1024K, 7 young (7168K), 7 survivors (7168K)
 Metaspace       used 47137K, committed 47744K, reserved 491520K
  class space    used 6596K, committed 6912K, reserved 425984K
}
Event: 9.483 GC heap before
{Heap before GC invocations=14 (full 0):
 garbage-first heap   total 103424K, used 79784K [0x0000000080000000, 0x0000000100000000)
  region size 1024K, 47 young (48128K), 7 survivors (7168K)
 Metaspace       used 51593K, committed 52160K, reserved 491520K
  class space    used 7283K, committed 7552K, reserved 425984K
}
Event: 9.488 GC heap after
{Heap after GC invocations=15 (full 0):
 garbage-first heap   total 103424K, used 41377K [0x0000000080000000, 0x0000000100000000)
  region size 1024K, 6 young (6144K), 6 survivors (6144K)
 Metaspace       used 51593K, committed 52160K, reserved 491520K
  class space    used 7283K, committed 7552K, reserved 425984K
}
Event: 10.157 GC heap before
{Heap before GC invocations=15 (full 0):
 garbage-first heap   total 103424K, used 82337K [0x0000000080000000, 0x0000000100000000)
  region size 1024K, 46 young (47104K), 6 survivors (6144K)
 Metaspace       used 53411K, committed 54016K, reserved 491520K
  class space    used 7512K, committed 7808K, reserved 425984K
}
Event: 10.162 GC heap after
{Heap after GC invocations=16 (full 0):
 garbage-first heap   total 103424K, used 44425K [0x0000000080000000, 0x0000000100000000)
  region size 1024K, 6 young (6144K), 6 survivors (6144K)
 Metaspace       used 53411K, committed 54016K, reserved 491520K
  class space    used 7512K, committed 7808K, reserved 425984K
}
Event: 10.749 GC heap before
{Heap before GC invocations=16 (full 0):
 garbage-first heap   total 103424K, used 86409K [0x0000000080000000, 0x0000000100000000)
  region size 1024K, 41 young (41984K), 6 survivors (6144K)
 Metaspace       used 55415K, committed 56064K, reserved 491520K
  class space    used 7774K, committed 8064K, reserved 425984K
}
Event: 10.754 GC heap after
{Heap after GC invocations=17 (full 0):
 garbage-first heap   total 103424K, used 54066K [0x0000000080000000, 0x0000000100000000)
  region size 1024K, 5 young (5120K), 5 survivors (5120K)
 Metaspace       used 55415K, committed 56064K, reserved 491520K
  class space    used 7774K, committed 8064K, reserved 425984K
}
Event: 11.086 GC heap before
{Heap before GC invocations=17 (full 0):
 garbage-first heap   total 103424K, used 80690K [0x0000000080000000, 0x0000000100000000)
  region size 1024K, 31 young (31744K), 5 survivors (5120K)
 Metaspace       used 58012K, committed 58624K, reserved 491520K
  class space    used 8145K, committed 8448K, reserved 425984K
}
Event: 11.090 GC heap after
{Heap after GC invocations=18 (full 0):
 garbage-first heap   total 103424K, used 55473K [0x0000000080000000, 0x0000000100000000)
  region size 1024K, 2 young (2048K), 2 survivors (2048K)
 Metaspace       used 58012K, committed 58624K, reserved 491520K
  class space    used 8145K, committed 8448K, reserved 425984K
}
Event: 11.345 GC heap before
{Heap before GC invocations=19 (full 0):
 garbage-first heap   total 103424K, used 82097K [0x0000000080000000, 0x0000000100000000)
  region size 1024K, 28 young (28672K), 2 survivors (2048K)
 Metaspace       used 59710K, committed 60352K, reserved 491520K
  class space    used 8362K, committed 8704K, reserved 425984K
}
Event: 11.347 GC heap after
{Heap after GC invocations=20 (full 0):
 garbage-first heap   total 103424K, used 56173K [0x0000000080000000, 0x0000000100000000)
  region size 1024K, 3 young (3072K), 3 survivors (3072K)
 Metaspace       used 59710K, committed 60352K, reserved 491520K
  class space    used 8362K, committed 8704K, reserved 425984K
}
Event: 11.708 GC heap before
{Heap before GC invocations=20 (full 0):
 garbage-first heap   total 103424K, used 81773K [0x0000000080000000, 0x0000000100000000)
  region size 1024K, 29 young (29696K), 3 survivors (3072K)
 Metaspace       used 62223K, committed 62848K, reserved 491520K
  class space    used 8782K, committed 9088K, reserved 425984K
}
Event: 11.712 GC heap after
{Heap after GC invocations=21 (full 0):
 garbage-first heap   total 103424K, used 57136K [0x0000000080000000, 0x0000000100000000)
  region size 1024K, 3 young (3072K), 3 survivors (3072K)
 Metaspace       used 62223K, committed 62848K, reserved 491520K
  class space    used 8782K, committed 9088K, reserved 425984K
}
Event: 12.055 GC heap before
{Heap before GC invocations=22 (full 0):
 garbage-first heap   total 104448K, used 82736K [0x0000000080000000, 0x0000000100000000)
  region size 1024K, 29 young (29696K), 3 survivors (3072K)
 Metaspace       used 63699K, committed 64320K, reserved 491520K
  class space    used 8997K, committed 9280K, reserved 425984K
}
Event: 12.058 GC heap after
{Heap after GC invocations=23 (full 0):
 garbage-first heap   total 104448K, used 57849K [0x0000000080000000, 0x0000000100000000)
  region size 1024K, 3 young (3072K), 3 survivors (3072K)
 Metaspace       used 63699K, committed 64320K, reserved 491520K
  class space    used 8997K, committed 9280K, reserved 425984K
}
Event: 12.434 GC heap before
{Heap before GC invocations=23 (full 0):
 garbage-first heap   total 104448K, used 85497K [0x0000000080000000, 0x0000000100000000)
  region size 1024K, 30 young (30720K), 3 survivors (3072K)
 Metaspace       used 64614K, committed 65280K, reserved 491520K
  class space    used 9147K, committed 9408K, reserved 425984K
}
Event: 12.438 GC heap after
{Heap after GC invocations=24 (full 0):
 garbage-first heap   total 125952K, used 61007K [0x0000000080000000, 0x0000000100000000)
  region size 1024K, 4 young (4096K), 4 survivors (4096K)
 Metaspace       used 64614K, committed 65280K, reserved 491520K
  class space    used 9147K, committed 9408K, reserved 425984K
}

Dll operation events (15 events):
Event: 0.016 Loaded shared library C:\Program Files\Microsoft\jdk-17.0.10.7-hotspot\bin\java.dll
Event: 0.037 Loaded shared library C:\Program Files\Microsoft\jdk-17.0.10.7-hotspot\bin\jsvml.dll
Event: 0.099 Loaded shared library C:\Program Files\Microsoft\jdk-17.0.10.7-hotspot\bin\zip.dll
Event: 0.103 Loaded shared library C:\Program Files\Microsoft\jdk-17.0.10.7-hotspot\bin\instrument.dll
Event: 0.110 Loaded shared library C:\Program Files\Microsoft\jdk-17.0.10.7-hotspot\bin\net.dll
Event: 0.112 Loaded shared library C:\Program Files\Microsoft\jdk-17.0.10.7-hotspot\bin\nio.dll
Event: 0.115 Loaded shared library C:\Program Files\Microsoft\jdk-17.0.10.7-hotspot\bin\zip.dll
Event: 0.385 Loaded shared library C:\Program Files\Microsoft\jdk-17.0.10.7-hotspot\bin\jimage.dll
Event: 0.533 Loaded shared library C:\Program Files\Microsoft\jdk-17.0.10.7-hotspot\bin\verify.dll
Event: 0.622 Loaded shared library C:\Users\Mazahir Ali\.gradle\native\1def1411415f61bf3af743bc5b6707747c0891f09f0c88961ee8f79bc544acac\windows-amd64\native-platform.dll
Event: 0.639 Loaded shared library C:\Users\Mazahir Ali\.gradle\native\0.2.7\x86_64-windows-gnu\gradle-fileevents.dll
Event: 1.720 Loaded shared library C:\Program Files\Microsoft\jdk-17.0.10.7-hotspot\bin\management.dll
Event: 1.724 Loaded shared library C:\Program Files\Microsoft\jdk-17.0.10.7-hotspot\bin\management_ext.dll
Event: 2.080 Loaded shared library C:\Program Files\Microsoft\jdk-17.0.10.7-hotspot\bin\extnet.dll
Event: 2.371 Loaded shared library C:\Program Files\Microsoft\jdk-17.0.10.7-hotspot\bin\sunmscapi.dll

Deoptimization events (20 events):
Event: 11.478 Thread 0x000002042febd310 Uncommon trap: trap_request=0xffffffc6 fr.pc=0x0000020407d5b4f4 relative=0x0000000000000774
Event: 11.478 Thread 0x000002042febd310 Uncommon trap: reason=bimorphic_or_optimized_type_check action=maybe_recompile pc=0x0000020407d5b4f4 method=java.util.regex.Pattern$Start.match(Ljava/util/regex/Matcher;ILjava/lang/CharSequence;)Z @ 44 c2
Event: 11.478 Thread 0x000002042febd310 DEOPT PACKING pc=0x0000020407d5b4f4 sp=0x000000c5032f1490
Event: 11.478 Thread 0x000002042febd310 DEOPT UNPACKING pc=0x00000204075869a3 sp=0x000000c5032f1410 mode 2
Event: 11.518 Thread 0x000002042febd310 Uncommon trap: trap_request=0xffffffd6 fr.pc=0x0000020407d66214 relative=0x0000000000000374
Event: 11.518 Thread 0x000002042febd310 Uncommon trap: reason=array_check action=maybe_recompile pc=0x0000020407d66214 method=java.util.LinkedHashMap.keysToArray([Ljava/lang/Object;)[Ljava/lang/Object; @ 25 c2
Event: 11.518 Thread 0x000002042febd310 DEOPT PACKING pc=0x0000020407d66214 sp=0x000000c5032f24a0
Event: 11.518 Thread 0x000002042febd310 DEOPT UNPACKING pc=0x00000204075869a3 sp=0x000000c5032f2448 mode 2
Event: 11.739 Thread 0x000002042febd310 Uncommon trap: trap_request=0xffffff45 fr.pc=0x0000020407e2c32c relative=0x0000000000000c8c
Event: 11.739 Thread 0x000002042febd310 Uncommon trap: reason=unstable_if action=reinterpret pc=0x0000020407e2c32c method=java.util.regex.Pattern.escape(ZZZ)I @ 8 c2
Event: 11.739 Thread 0x000002042febd310 DEOPT PACKING pc=0x0000020407e2c32c sp=0x000000c5032f4590
Event: 11.739 Thread 0x000002042febd310 DEOPT UNPACKING pc=0x00000204075869a3 sp=0x000000c5032f4530 mode 2
Event: 12.275 Thread 0x000002042febd310 DEOPT PACKING pc=0x00000204004d2966 sp=0x000000c5032f5630
Event: 12.275 Thread 0x000002042febd310 DEOPT UNPACKING pc=0x0000020407587143 sp=0x000000c5032f4af8 mode 0
Event: 12.737 Thread 0x000002042febd310 DEOPT PACKING pc=0x0000020400193d4b sp=0x000000c5032f3790
Event: 12.737 Thread 0x000002042febd310 DEOPT UNPACKING pc=0x0000020407587143 sp=0x000000c5032f2cb0 mode 0
Event: 12.742 Thread 0x000002042febd310 Uncommon trap: trap_request=0xffffff45 fr.pc=0x0000020407ef4ac8 relative=0x0000000000001e88
Event: 12.742 Thread 0x000002042febd310 Uncommon trap: reason=unstable_if action=reinterpret pc=0x0000020407ef4ac8 method=java.lang.reflect.Constructor.acquireConstructorAccessor()Ljdk/internal/reflect/ConstructorAccessor; @ 18 c2
Event: 12.742 Thread 0x000002042febd310 DEOPT PACKING pc=0x0000020407ef4ac8 sp=0x000000c5032f4930
Event: 12.742 Thread 0x000002042febd310 DEOPT UNPACKING pc=0x00000204075869a3 sp=0x000000c5032f4928 mode 2

Classes unloaded (0 events):
No events

Classes redefined (0 events):
No events

Internal exceptions (20 events):
Event: 10.733 Thread 0x000002042febd310 Exception <a 'java/lang/NoSuchMethodError'{0x00000000843e89a0}: static Lorg/jetbrains/kotlin/gradle/plugin/internal/DefaultMavenPublicationComponentAccessorFactory;.<clinit>()V> (0x00000000843e89a0) 
thrown [s\src\hotspot\share\prims\jni.cpp, line 1107]
Event: 10.736 Thread 0x000002042febd310 Exception <a 'java/lang/NoSuchMethodError'{0x000000008421c210}: static Lorg/jetbrains/kotlin/gradle/plugin/internal/DefaultCompatibilityConventionRegistrar$Factory;.<clinit>()V> (0x000000008421c210) 
thrown [s\src\hotspot\share\prims\jni.cpp, line 1107]
Event: 10.737 Thread 0x000002042febd310 Exception <a 'java/lang/NoSuchMethodError'{0x00000000842400c8}: static Lorg/jetbrains/kotlin/gradle/plugin/internal/DefaultConfigurationCacheStartParameterAccessorVariantFactory;.<clinit>()V> (0x00000000842400c8) 
thrown [s\src\hotspot\share\prims\jni.cpp, line 1107]
Event: 10.776 Thread 0x000002042febd310 Exception <a 'java/lang/IncompatibleClassChangeError'{0x00000000875ee848}: Found class java.lang.Object, but interface was expected> (0x00000000875ee848) 
thrown [s\src\hotspot\share\interpreter\linkResolver.cpp, line 826]
Event: 10.890 Thread 0x000002042febd310 Exception <a 'java/lang/NoSuchMethodError'{0x0000000085cb01b8}: static Ljava/lang/Object;.<clinit>()V> (0x0000000085cb01b8) 
thrown [s\src\hotspot\share\prims\jni.cpp, line 1107]
Event: 10.903 Thread 0x000002042febd310 Exception <a 'java/lang/NoSuchMethodError'{0x0000000085b94318}: static Lorg/jetbrains/kotlin/gradle/plugin/statistics/MetricContainer;.<clinit>()V> (0x0000000085b94318) 
thrown [s\src\hotspot\share\prims\jni.cpp, line 1107]
Event: 11.499 Thread 0x000002042febd310 Exception <a 'java/lang/NoSuchMethodError'{0x0000000085a74910}: 'void java.lang.invoke.DirectMethodHandle$Holder.invokeVirtual(java.lang.Object, java.lang.Object)'> (0x0000000085a74910) 
thrown [s\src\hotspot\share\interpreter\linkResolver.cpp, line 759]
Event: 11.670 Thread 0x000002042febd310 Exception <a 'java/lang/NoSuchMethodError'{0x0000000084d5a4c0}: 'int java.lang.invoke.DirectMethodHandle$Holder.invokeStatic(java.lang.Object, java.lang.Object, int)'> (0x0000000084d5a4c0) 
thrown [s\src\hotspot\share\interpreter\linkResolver.cpp, line 759]
Event: 12.076 Thread 0x000002042febd310 Exception <a 'java/lang/ClassNotFoundException'{0x000000008646ca88}: org/jetbrains/kotlin/gradle/targets/js/npm/DefaultNpmDependencyExtensionBeanInfo> (0x000000008646ca88) 
thrown [s\src\hotspot\share\classfile\systemDictionary.cpp, line 256]
Event: 12.076 Thread 0x000002042febd310 Exception <a 'java/lang/ClassNotFoundException'{0x0000000086481938}: org/jetbrains/kotlin/gradle/targets/js/npm/DefaultNpmDependencyExtensionCustomizer> (0x0000000086481938) 
thrown [s\src\hotspot\share\classfile\systemDictionary.cpp, line 256]
Event: 12.086 Thread 0x000002042febd310 Exception <a 'java/lang/ClassNotFoundException'{0x0000000086337040}: org/jetbrains/kotlin/gradle/targets/js/npm/NpmDependencyExtensionKt$defaultNpmDependencyDelegate$1BeanInfo> (0x0000000086337040) 
thrown [s\src\hotspot\share\classfile\systemDictionary.cpp, line 256]
Event: 12.086 Thread 0x000002042febd310 Exception <a 'java/lang/ClassNotFoundException'{0x000000008634bc40}: org/jetbrains/kotlin/gradle/targets/js/npm/NpmDependencyExtensionDelegateBeanInfo> (0x000000008634bc40) 
thrown [s\src\hotspot\share\classfile\systemDictionary.cpp, line 256]
Event: 12.087 Thread 0x000002042febd310 Exception <a 'java/lang/ClassNotFoundException'{0x0000000086360840}: org/jetbrains/kotlin/gradle/targets/js/npm/NpmDependencyExtensionDelegateCustomizer> (0x0000000086360840) 
thrown [s\src\hotspot\share\classfile\systemDictionary.cpp, line 256]
Event: 12.089 Thread 0x000002042febd310 Exception <a 'java/lang/ClassNotFoundException'{0x000000008639c298}: org/jetbrains/kotlin/gradle/targets/js/npm/NpmDependencyExtensionKt$defaultNpmDependencyDelegate$1Customizer> (0x000000008639c298) 
thrown [s\src\hotspot\share\classfile\systemDictionary.cpp, line 256]
Event: 12.093 Thread 0x000002042febd310 Exception <a 'java/lang/ClassNotFoundException'{0x00000000863ef190}: org/jetbrains/kotlin/gradle/targets/js/npm/DefaultDevNpmDependencyExtensionBeanInfo> (0x00000000863ef190) 
thrown [s\src\hotspot\share\classfile\systemDictionary.cpp, line 256]
Event: 12.093 Thread 0x000002042febd310 Exception <a 'java/lang/ClassNotFoundException'{0x00000000862043a8}: org/jetbrains/kotlin/gradle/targets/js/npm/DefaultDevNpmDependencyExtensionCustomizer> (0x00000000862043a8) 
thrown [s\src\hotspot\share\classfile\systemDictionary.cpp, line 256]
Event: 12.098 Thread 0x000002042febd310 Exception <a 'java/lang/ClassNotFoundException'{0x000000008625fcb0}: org/jetbrains/kotlin/gradle/targets/js/npm/DefaultPeerNpmDependencyExtensionBeanInfo> (0x000000008625fcb0) 
thrown [s\src\hotspot\share\classfile\systemDictionary.cpp, line 256]
Event: 12.099 Thread 0x000002042febd310 Exception <a 'java/lang/ClassNotFoundException'{0x00000000862748e8}: org/jetbrains/kotlin/gradle/targets/js/npm/DefaultPeerNpmDependencyExtensionCustomizer> (0x00000000862748e8) 
thrown [s\src\hotspot\share\classfile\systemDictionary.cpp, line 256]
Event: 12.103 Thread 0x000002042febd310 Exception <a 'java/lang/ClassNotFoundException'{0x00000000862dd6c8}: org/jetbrains/kotlin/gradle/targets/js/npm/DefaultPeerNpmDependencyExtension$delegate$1BeanInfo> (0x00000000862dd6c8) 
thrown [s\src\hotspot\share\classfile\systemDictionary.cpp, line 256]
Event: 12.104 Thread 0x000002042febd310 Exception <a 'java/lang/ClassNotFoundException'{0x00000000862f2518}: org/jetbrains/kotlin/gradle/targets/js/npm/DefaultPeerNpmDependencyExtension$delegate$1Customizer> (0x00000000862f2518) 
thrown [s\src\hotspot\share\classfile\systemDictionary.cpp, line 256]

VM Operations (20 events):
Event: 11.712 Executing VM operation: G1CollectForAllocation done
Event: 11.743 Executing VM operation: G1PauseRemark
Event: 11.747 Executing VM operation: G1PauseRemark done
Event: 11.758 Executing VM operation: G1PauseCleanup
Event: 11.758 Executing VM operation: G1PauseCleanup done
Event: 11.853 Executing VM operation: HandshakeAllThreads
Event: 11.853 Executing VM operation: HandshakeAllThreads done
Event: 12.055 Executing VM operation: G1CollectForAllocation
Event: 12.058 Executing VM operation: G1CollectForAllocation done
Event: 12.348 Executing VM operation: HandshakeAllThreads
Event: 12.348 Executing VM operation: HandshakeAllThreads done
Event: 12.434 Executing VM operation: G1CollectForAllocation
Event: 12.438 Executing VM operation: G1CollectForAllocation done
Event: 12.466 Executing VM operation: G1PauseRemark
Event: 12.469 Executing VM operation: G1PauseRemark done
Event: 12.479 Executing VM operation: G1PauseCleanup
Event: 12.479 Executing VM operation: G1PauseCleanup done
Event: 12.806 Executing VM operation: ICBufferFull
Event: 12.806 Executing VM operation: ICBufferFull done
Event: 13.811 Executing VM operation: Cleanup

Events (20 events):
Event: 11.459 loading class com/sun/org/apache/xerces/internal/utils/XMLSecurityPropertyManager$State done
Event: 11.459 loading class com/sun/org/apache/xerces/internal/utils/XMLSecurityPropertyManager$Property
Event: 11.459 loading class com/sun/org/apache/xerces/internal/utils/XMLSecurityPropertyManager$Property done
Event: 11.477 loading class java/util/regex/Pattern$SliceI
Event: 11.477 loading class java/util/regex/Pattern$SliceI done
Event: 11.493 Thread 0x000002043108dfd0 Thread added: 0x000002043108dfd0
Event: 11.642 Thread 0x0000020432590640 Thread added: 0x0000020432590640
Event: 11.666 loading class java/lang/Character$UnicodeBlock
Event: 11.667 loading class java/lang/Character$Subset
Event: 11.668 loading class java/lang/Character$Subset done
Event: 11.668 loading class java/lang/Character$UnicodeBlock done
Event: 11.856 Thread 0x000002047f8c77b0 flushing nmethod 0x000002040006ec90
Event: 11.859 Thread 0x000002047f8c77b0 flushing nmethod 0x000002040053ef90
Event: 11.859 Thread 0x000002047f8c77b0 flushing nmethod 0x0000020400546090
Event: 11.861 Thread 0x000002047f8c77b0 flushing nmethod 0x000002040083ec90
Event: 11.862 Thread 0x000002047f8c77b0 flushing nmethod 0x00000204008c9a10
Event: 12.331 loading class java/util/concurrent/LinkedBlockingDeque$Itr
Event: 12.331 loading class java/util/concurrent/LinkedBlockingDeque$AbstractItr
Event: 12.332 loading class java/util/concurrent/LinkedBlockingDeque$AbstractItr done
Event: 12.332 loading class java/util/concurrent/LinkedBlockingDeque$Itr done


Dynamic libraries:
0x00007ff742d30000 - 0x00007ff742d3e000 	C:\Program Files\Microsoft\jdk-17.0.10.7-hotspot\bin\java.exe
0x00007ffc4f100000 - 0x00007ffc4f368000 	C:\WINDOWS\SYSTEM32\ntdll.dll
0x00007ffc4e3e0000 - 0x00007ffc4e4a9000 	C:\WINDOWS\System32\KERNEL32.DLL
0x00007ffc4c250000 - 0x00007ffc4c648000 	C:\WINDOWS\System32\KERNELBASE.dll
0x00007ffc4cd50000 - 0x00007ffc4ce9b000 	C:\WINDOWS\System32\ucrtbase.dll
0x00007ffc45a40000 - 0x00007ffc45a5b000 	C:\Program Files\Microsoft\jdk-17.0.10.7-hotspot\bin\VCRUNTIME140.dll
0x00007ffc45a60000 - 0x00007ffc45a77000 	C:\Program Files\Microsoft\jdk-17.0.10.7-hotspot\bin\jli.dll
0x00007ffc4ec00000 - 0x00007ffc4edc7000 	C:\WINDOWS\System32\USER32.dll
0x00007ffc4c910000 - 0x00007ffc4c937000 	C:\WINDOWS\System32\win32u.dll
0x00007ffc31880000 - 0x00007ffc31b14000 	C:\WINDOWS\WinSxS\amd64_microsoft.windows.common-controls_6595b64144ccf1df_6.0.26100.7019_none_3e06ffa0e335b8a8\COMCTL32.dll
0x00007ffc4e3b0000 - 0x00007ffc4e3db000 	C:\WINDOWS\System32\GDI32.dll
0x00007ffc4f010000 - 0x00007ffc4f0b9000 	C:\WINDOWS\System32\msvcrt.dll
0x00007ffc4c940000 - 0x00007ffc4ca6c000 	C:\WINDOWS\System32\gdi32full.dll
0x00007ffc4ca70000 - 0x00007ffc4cb13000 	C:\WINDOWS\System32\msvcp_win.dll
0x00007ffc4d000000 - 0x00007ffc4d031000 	C:\WINDOWS\System32\IMM32.DLL
0x00007ffc46410000 - 0x00007ffc4641c000 	C:\Program Files\Microsoft\jdk-17.0.10.7-hotspot\bin\vcruntime140_1.dll
0x00007ffbfe150000 - 0x00007ffbfe1dd000 	C:\Program Files\Microsoft\jdk-17.0.10.7-hotspot\bin\msvcp140.dll
0x00007ffbe9000000 - 0x00007ffbe9c65000 	C:\Program Files\Microsoft\jdk-17.0.10.7-hotspot\bin\server\jvm.dll
0x00007ffc4ef00000 - 0x00007ffc4efb4000 	C:\WINDOWS\System32\ADVAPI32.dll
0x00007ffc4d7a0000 - 0x00007ffc4d846000 	C:\WINDOWS\System32\sechost.dll
0x00007ffc4ede0000 - 0x00007ffc4eef8000 	C:\WINDOWS\System32\RPCRT4.dll
0x00007ffc4c0d0000 - 0x00007ffc4c12e000 	C:\WINDOWS\SYSTEM32\POWRPROF.dll
0x00007ffc476d0000 - 0x00007ffc476da000 	C:\WINDOWS\SYSTEM32\WSOCK32.dll
0x00007ffc4e5d0000 - 0x00007ffc4e644000 	C:\WINDOWS\System32\WS2_32.dll
0x00007ffc45080000 - 0x00007ffc4508b000 	C:\WINDOWS\SYSTEM32\VERSION.dll
0x00007ffc41f80000 - 0x00007ffc41fb5000 	C:\WINDOWS\SYSTEM32\WINMM.dll
0x00007ffc4c0b0000 - 0x00007ffc4c0c4000 	C:\WINDOWS\SYSTEM32\UMPDC.dll
0x00007ffc4b010000 - 0x00007ffc4b02b000 	C:\WINDOWS\SYSTEM32\kernel.appcore.dll
0x00007ffc45a30000 - 0x00007ffc45a3a000 	C:\Program Files\Microsoft\jdk-17.0.10.7-hotspot\bin\jimage.dll
0x00007ffc432f0000 - 0x00007ffc43532000 	C:\WINDOWS\SYSTEM32\DBGHELP.DLL
0x00007ffc4df70000 - 0x00007ffc4e2fb000 	C:\WINDOWS\System32\combase.dll
0x00007ffc4cf20000 - 0x00007ffc4cff7000 	C:\WINDOWS\System32\OLEAUT32.dll
0x00007ffc30290000 - 0x00007ffc302cc000 	C:\WINDOWS\SYSTEM32\dbgcore.DLL
0x00007ffc4cca0000 - 0x00007ffc4cd45000 	C:\WINDOWS\System32\bcryptPrimitives.dll
0x00007ffc45ad0000 - 0x00007ffc45ade000 	C:\Program Files\Microsoft\jdk-17.0.10.7-hotspot\bin\instrument.dll
0x00007ffc39060000 - 0x00007ffc39085000 	C:\Program Files\Microsoft\jdk-17.0.10.7-hotspot\bin\java.dll
0x00007ffbf5370000 - 0x00007ffbf5447000 	C:\Program Files\Microsoft\jdk-17.0.10.7-hotspot\bin\jsvml.dll
0x00007ffc4d040000 - 0x00007ffc4d78f000 	C:\WINDOWS\System32\SHELL32.dll
0x00007ffc4c7a0000 - 0x00007ffc4c90b000 	C:\WINDOWS\System32\wintypes.dll
0x00007ffc49e60000 - 0x00007ffc4a6bd000 	C:\WINDOWS\SYSTEM32\windows.storage.dll
0x00007ffc4de70000 - 0x00007ffc4df62000 	C:\WINDOWS\System32\SHCORE.dll
0x00007ffc4e650000 - 0x00007ffc4e6b7000 	C:\WINDOWS\System32\shlwapi.dll
0x00007ffc4c170000 - 0x00007ffc4c199000 	C:\WINDOWS\SYSTEM32\profapi.dll
0x00007ffc36810000 - 0x00007ffc36828000 	C:\Program Files\Microsoft\jdk-17.0.10.7-hotspot\bin\zip.dll
0x00007ffc45a10000 - 0x00007ffc45a29000 	C:\Program Files\Microsoft\jdk-17.0.10.7-hotspot\bin\net.dll
0x00007ffc455b0000 - 0x00007ffc456d8000 	C:\WINDOWS\SYSTEM32\WINHTTP.dll
0x00007ffc4b580000 - 0x00007ffc4b5eb000 	C:\WINDOWS\system32\mswsock.dll
0x00007ffc37170000 - 0x00007ffc37186000 	C:\Program Files\Microsoft\jdk-17.0.10.7-hotspot\bin\nio.dll
0x00007ffc37160000 - 0x00007ffc37170000 	C:\Program Files\Microsoft\jdk-17.0.10.7-hotspot\bin\verify.dll
0x00007ffbdb950000 - 0x00007ffbdb977000 	C:\Users\Mazahir Ali\.gradle\native\1def1411415f61bf3af743bc5b6707747c0891f09f0c88961ee8f79bc544acac\windows-amd64\native-platform.dll
0x00007ffc1fd20000 - 0x00007ffc1fd98000 	C:\Users\Mazahir Ali\.gradle\native\0.2.7\x86_64-windows-gnu\gradle-fileevents.dll
0x00007ffc367f0000 - 0x00007ffc367f9000 	C:\Program Files\Microsoft\jdk-17.0.10.7-hotspot\bin\management.dll
0x00007ffc367e0000 - 0x00007ffc367eb000 	C:\Program Files\Microsoft\jdk-17.0.10.7-hotspot\bin\management_ext.dll
0x00007ffc4de60000 - 0x00007ffc4de68000 	C:\WINDOWS\System32\PSAPI.DLL
0x00007ffc4aa20000 - 0x00007ffc4aa54000 	C:\WINDOWS\SYSTEM32\IPHLPAPI.DLL
0x00007ffc4edd0000 - 0x00007ffc4edda000 	C:\WINDOWS\System32\NSI.dll
0x00007ffc466e0000 - 0x00007ffc466fe000 	C:\WINDOWS\SYSTEM32\dhcpcsvc6.DLL
0x00007ffc45c80000 - 0x00007ffc45ca3000 	C:\WINDOWS\SYSTEM32\dhcpcsvc.DLL
0x00007ffc4aac0000 - 0x00007ffc4abec000 	C:\WINDOWS\SYSTEM32\DNSAPI.dll
0x00007ffc2e530000 - 0x00007ffc2e539000 	C:\Program Files\Microsoft\jdk-17.0.10.7-hotspot\bin\extnet.dll
0x00007ffc4b850000 - 0x00007ffc4b86b000 	C:\WINDOWS\SYSTEM32\CRYPTSP.dll
0x00007ffc4af70000 - 0x00007ffc4afaa000 	C:\WINDOWS\system32\rsaenh.dll
0x00007ffc4b630000 - 0x00007ffc4b65b000 	C:\WINDOWS\SYSTEM32\USERENV.dll
0x00007ffc4c140000 - 0x00007ffc4c16a000 	C:\WINDOWS\SYSTEM32\bcrypt.dll
0x00007ffc4b840000 - 0x00007ffc4b84c000 	C:\WINDOWS\SYSTEM32\CRYPTBASE.dll
0x00007ffc334b0000 - 0x00007ffc334be000 	C:\Program Files\Microsoft\jdk-17.0.10.7-hotspot\bin\sunmscapi.dll
0x00007ffc4cb20000 - 0x00007ffc4cc97000 	C:\WINDOWS\System32\CRYPT32.dll
0x00007ffc4ba60000 - 0x00007ffc4ba90000 	C:\WINDOWS\SYSTEM32\ncrypt.dll
0x00007ffc4ba10000 - 0x00007ffc4ba4f000 	C:\WINDOWS\SYSTEM32\NTASN1.dll
0x00007ffbed150000 - 0x00007ffbed158000 	C:\WINDOWS\system32\wshunix.dll

dbghelp: loaded successfully - version: 4.0.5 - missing functions: none
symbol engine: initialized successfully - sym options: 0x614 - pdb path: .;C:\Program Files\Microsoft\jdk-17.0.10.7-hotspot\bin;C:\WINDOWS\SYSTEM32;C:\WINDOWS\WinSxS\amd64_microsoft.windows.common-controls_6595b64144ccf1df_6.0.26100.7019_none_3e06ffa0e335b8a8;C:\Program Files\Microsoft\jdk-17.0.10.7-hotspot\bin\server;C:\Users\Mazahir Ali\.gradle\native\1def1411415f61bf3af743bc5b6707747c0891f09f0c88961ee8f79bc544acac\windows-amd64;C:\Users\Mazahir Ali\.gradle\native\0.2.7\x86_64-windows-gnu

VM Arguments:
jvm_args: --add-opens=java.base/java.lang=ALL-UNNAMED --add-opens=java.base/java.lang.invoke=ALL-UNNAMED --add-opens=java.base/java.util=ALL-UNNAMED --add-opens=java.prefs/java.util.prefs=ALL-UNNAMED --add-exports=jdk.compiler/com.sun.tools.javac.api=ALL-UNNAMED --add-exports=jdk.compiler/com.sun.tools.javac.util=ALL-UNNAMED --add-opens=java.base/java.util=ALL-UNNAMED --add-opens=java.prefs/java.util.prefs=ALL-UNNAMED --add-opens=java.base/java.nio.charset=ALL-UNNAMED --add-opens=java.base/java.net=ALL-UNNAMED --add-opens=java.base/java.util.concurrent.atomic=ALL-UNNAMED --add-opens=java.xml/javax.xml.namespace=ALL-UNNAMED -XX:MaxMetaspaceSize=512m -Xmx2048m -Dfile.encoding=windows-1252 -Duser.country=IN -Duser.language=en -Duser.variant -javaagent:C:\Users\Mazahir Ali\.gradle\wrapper\dists\gradle-8.14.1-bin\baw1sv0jfoi8rxs14qo3h49cs\gradle-8.14.1\lib\agents\gradle-instrumentation-agent-8.14.1.jar 
java_command: org.gradle.launcher.daemon.bootstrap.GradleDaemon 8.14.1
java_class_path (initial): C:\Users\Mazahir Ali\.gradle\wrapper\dists\gradle-8.14.1-bin\baw1sv0jfoi8rxs14qo3h49cs\gradle-8.14.1\lib\gradle-daemon-main-8.14.1.jar
Launcher Type: SUN_STANDARD

[Global flags]
     intx CICompilerCount                          = 4                                         {product} {ergonomic}
   size_t CompressedClassSpaceSize                 = 436207616                                 {product} {ergonomic}
     uint ConcGCThreads                            = 3                                         {product} {ergonomic}
     uint G1ConcRefinementThreads                  = 10                                        {product} {ergonomic}
   size_t G1HeapRegionSize                         = 1048576                                   {product} {ergonomic}
    uintx GCDrainStackTargetSize                   = 64                                        {product} {ergonomic}
   size_t InitialHeapSize                          = 123731968                                 {product} {ergonomic}
   size_t MarkStackSize                            = 4194304                                   {product} {ergonomic}
   size_t MaxHeapSize                              = 2147483648                                {product} {command line}
   size_t MaxMetaspaceSize                         = 536870912                                 {product} {command line}
   size_t MaxNewSize                               = 1287651328                                {product} {ergonomic}
   size_t MinHeapDeltaBytes                        = 1048576                                   {product} {ergonomic}
   size_t MinHeapSize                              = 8388608                                   {product} {ergonomic}
    uintx NonNMethodCodeHeapSize                   = 5839372                                {pd product} {ergonomic}
    uintx NonProfiledCodeHeapSize                  = 122909434                              {pd product} {ergonomic}
    uintx ProfiledCodeHeapSize                     = 122909434                              {pd product} {ergonomic}
    uintx ReservedCodeCacheSize                    = 251658240                              {pd product} {ergonomic}
     bool SegmentedCodeCache                       = true                                      {product} {ergonomic}
   size_t SoftMaxHeapSize                          = 2147483648                             {manageable} {ergonomic}
     bool UseCompressedClassPointers               = true                           {product lp64_product} {ergonomic}
     bool UseCompressedOops                        = true                           {product lp64_product} {ergonomic}
     bool UseG1GC                                  = true                                      {product} {ergonomic}
     bool UseLargePagesIndividualAllocation        = false                                  {pd product} {ergonomic}

Logging:
Log output configuration:
 #0: stdout all=warning uptime,level,tags
 #1: stderr all=off uptime,level,tags

Environment Variables:
JAVA_HOME=C:\Program Files\Microsoft\jdk-17.0.10.7-hotspot\
PATH=C:\Utils\UtilsApp\node_modules\.bin;C:\Utils\UtilsApp\android\node_modules\.bin;C:\Utils\UtilsApp\node_modules\.bin;C:\Utils\node_modules\.bin;C:\node_modules\.bin;C:\Program Files\nodejs\node_modules\npm\node_modules\@npmcli\run-script\lib\node-gyp-bin;C:\Python313\Scripts\;C:\Python313\;C:\Program Files\Eclipse Adoptium\jdk-17.0.10.7-hotspot\bin;C:\Program Files\Microsoft\jdk-17.0.10.7-hotspot\bin;C:\Python312\Scripts\;C:\Python312\;C:\Program Files\Common Files\Oracle\Java\javapath;C:\windows\system32;C:\windows;C:\windows\System32\Wbem;C:\windows\System32\WindowsPowerShell\v1.0\;C:\windows\System32\OpenSSH\;C:\Program Files (x86)\NVIDIA Corporation\PhysX\Common;C:\Program Files\NVIDIA Corporation\NVIDIA NvDLISR;C:\Program Files\MySQL\MySQL Server 8.0\bin;C:\WINDOWS\system32;C:\WINDOWS;C:\WINDOWS\System32\Wbem;C:\WINDOWS\System32\WindowsPowerShell\v1.0\;C:\WINDOWS\System32\OpenSSH\;C:\TDM-GCC-32\bin;C:\Program Files\MongoDB\Server\6.0\bin;C:\Users\Mazahir Ali\Desktop\mongosh-1.8.0-win32-x64.zip\mongosh-1.8.0-win32-x64\bin;C:\ProgramData\chocolatey\bin;C:\Users\Mazahir Ali\AppData\Local\Android\Sdk\platform-tools;C:\Program Files\HP\HP One Agent;C:\Program Files\Git\cmd;C:\Program Files\nodejs\;C:\Program Files\Docker\Docker\resources\bin;C:\flutter\bin;;c:\Users\Mazahir Ali\AppData\Local\Programs\cursor\resources\app\bin;C:\Program Files\Cloudflare\Cloudflare WARP\;%SystemRoot%\system32;%SystemRoot%;%SystemRoot%\System32\Wbem;%SYSTEMROOT%\System32\WindowsPowerShell\v1.0\;%SYSTEMROOT%\System32\OpenSSH\;C:\Program Files\MySQL\MySQL Shell 8.0\bin\;C:\Users\Mazahir Ali\AppData\Local\Microsoft\WindowsApps;C:\Users\Mazahir Ali\AppData\Local\Programs\Microsoft VS Code\bin;C:\Program Files\JetBrains\IntelliJ IDEA Community Edition 2022.2.1\bin;;C:\Users\Mazahir Ali\AppData\Local\Programs\Hyper\resources\bin;C:\Program Files\nodejs;C:\Program Files\heroku\bin;C:\Program Files\MongoDB\Server\6.0\bin;C:\Users\Mazahir Ali\Desktop\mongosh-1.8.0-win32-x64.zip\mongosh-1.8.0-w
USERNAME=Mazahir Ali
LANG=en_US.UTF-8
OS=Windows_NT
PROCESSOR_IDENTIFIER=AMD64 Family 25 Model 80 Stepping 0, AuthenticAMD
TMP=C:\Users\MAZAHI~1\AppData\Local\Temp
TEMP=C:\Users\MAZAHI~1\AppData\Local\Temp



Periodic native trim disabled


---------------  S Y S T E M  ---------------

OS:
 Windows 11 , 64 bit Build 26100 (10.0.26100.7019)
OS uptime: 3 days 8:45 hours
Hyper-V role detected

CPU: total 12 (initial active 12) (12 cores per cpu, 2 threads per core) family 25 model 80 stepping 0 microcode 0xa50000d, cx8, cmov, fxsr, ht, mmx, 3dnowpref, sse, sse2, sse3, ssse3, sse4a, sse4.1, sse4.2, popcnt, lzcnt, tsc, tscinvbit, avx, avx2, aes, erms, clmul, bmi1, bmi2, adx, sha, fma, vzeroupper, clflush, clflushopt, hv
Processor Information for processor 0
  Max Mhz: 3301, Current Mhz: 3301, Mhz Limit: 3301
Processor Information for processor 1
  Max Mhz: 3301, Current Mhz: 2630, Mhz Limit: 3301
Processor Information for processor 2
  Max Mhz: 3301, Current Mhz: 3301, Mhz Limit: 3301
Processor Information for processor 3
  Max Mhz: 3301, Current Mhz: 2630, Mhz Limit: 3301
Processor Information for processor 4
  Max Mhz: 3301, Current Mhz: 3301, Mhz Limit: 3301
Processor Information for processor 5
  Max Mhz: 3301, Current Mhz: 2630, Mhz Limit: 3301
Processor Information for processor 6
  Max Mhz: 3301, Current Mhz: 2630, Mhz Limit: 3301
Processor Information for processor 7
  Max Mhz: 3301, Current Mhz: 2630, Mhz Limit: 3301
Processor Information for processor 8
  Max Mhz: 3301, Current Mhz: 2630, Mhz Limit: 3301
Processor Information for processor 9
  Max Mhz: 3301, Current Mhz: 2630, Mhz Limit: 3301
Processor Information for processor 10
  Max Mhz: 3301, Current Mhz: 3301, Mhz Limit: 3301
Processor Information for processor 11
  Max Mhz: 3301, Current Mhz: 3301, Mhz Limit: 3301

Memory: 4k page, system-wide physical 7521M (673M free)
TotalPageFile size 31073M (AvailPageFile size 28M)
current process WorkingSet (physical memory assigned to process): 352M, peak: 352M
current process commit charge ("private bytes"): 396M, peak: 399M

vm_info: OpenJDK 64-Bit Server VM (17.0.10+7-LTS) for windows-amd64 JRE (17.0.10+7-LTS), built on Jan 10 2024 19:47:12 by "MicrosoftCorporation" with MS VC++ 16.10 / 16.11 (VS2019)

END.
