#
# There is insufficient memory for the Java Runtime Environment to continue.
# Native memory allocation (malloc) failed to allocate 32744 bytes for ChunkPool::allocate
# Possible reasons:
#   The system is out of physical RAM or swap space
#   The process is running with CompressedOops enabled, and the Java Heap may be blocking the growth of the native heap
# Possible solutions:
#   Reduce memory load on the system
#   Increase physical memory or swap space
#   Check if swap backing store is full
#   Decrease Java heap size (-Xmx/-Xms)
#   Decrease number of Java threads
#   Decrease Java thread stack sizes (-Xss)
#   Set larger code cache with -XX:ReservedCodeCacheSize=
#   JVM is running with Unscaled Compressed Oops mode in which the Java heap is
#     placed in the first 4GB address space. The Java Heap base address is the
#     maximum limit for the native heap growth. Please use -XX:HeapBaseMinAddress
#     to set the Java Heap base and to place the Java Heap above 4GB virtual address.
# This output file may be truncated or incomplete.
#
#  Out of Memory Error (arena.cpp:79), pid=7012, tid=18320
#
# JRE version: OpenJDK Runtime Environment Microsoft-8902769 (17.0.10+7) (build 17.0.10+7-LTS)
# Java VM: OpenJDK 64-Bit Server VM Microsoft-8902769 (17.0.10+7-LTS, mixed mode, sharing, tiered, compressed oops, compressed class ptrs, g1 gc, windows-amd64)
# No core dump will be written. Minidumps are not enabled by default on client versions of Windows
#

---------------  S U M M A R Y ------------

Command Line: -Xmx64m -Xms64m -Dorg.gradle.appname=gradlew C:\Utils\UtilsApp\android\\gradle\wrapper\gradle-wrapper.jar assembleRelease

Host: AMD Ryzen 5 5600H with Radeon Graphics         , 12 cores, 7G,  Windows 11 , 64 bit Build 26100 (10.0.26100.4768)
Time: Tue Sep  9 15:36:19 2025 India Standard Time elapsed time: 338.388810 seconds (0d 0h 5m 38s)

---------------  T H R E A D  ---------------

Current thread (0x000001dd685fa880):  JavaThread "C2 CompilerThread0" daemon [_thread_in_native, id=18320, stack(0x0000000795b00000,0x0000000795c00000)]


Current CompileTask:
C2: 338389 2073       4       org.gradle.internal.logging.console.BuildStatusRenderer::onOutput (350 bytes)

Stack: [0x0000000795b00000,0x0000000795c00000]
Native frames: (J=compiled Java code, j=interpreted, Vv=VM code, C=native code)
V  [jvm.dll+0x67f829]
V  [jvm.dll+0x83750a]
V  [jvm.dll+0x838fce]
V  [jvm.dll+0x839633]
V  [jvm.dll+0x247cbf]
V  [jvm.dll+0xac721]
V  [jvm.dll+0xacb6c]
V  [jvm.dll+0x641d40]
V  [jvm.dll+0x64292a]
V  [jvm.dll+0x642352]
V  [jvm.dll+0x1d003d]
V  [jvm.dll+0x3484b8]
V  [jvm.dll+0x2ae3f8]
V  [jvm.dll+0x698035]
V  [jvm.dll+0x68fffb]
V  [jvm.dll+0x68f637]
V  [jvm.dll+0x68d522]
V  [jvm.dll+0x1a846c]
V  [jvm.dll+0x1a9036]
V  [jvm.dll+0x1a9036]
V  [jvm.dll+0x2ae924]
V  [jvm.dll+0x698035]
V  [jvm.dll+0x68fffb]
V  [jvm.dll+0x68f637]
V  [jvm.dll+0x68d522]
V  [jvm.dll+0x1a846c]
V  [jvm.dll+0x1a9036]
V  [jvm.dll+0x1a9036]
V  [jvm.dll+0x2ae924]
V  [jvm.dll+0x698035]
V  [jvm.dll+0x68fffb]
V  [jvm.dll+0x68f637]
V  [jvm.dll+0x68d522]
V  [jvm.dll+0x1a846c]
V  [jvm.dll+0x2193d8]
V  [jvm.dll+0x1a5176]
V  [jvm.dll+0x22957e]
V  [jvm.dll+0x22774c]
V  [jvm.dll+0x7ec5d7]
V  [jvm.dll+0x7e69da]
V  [jvm.dll+0x67e715]
C  [ucrtbase.dll+0x37b0]
C  [KERNEL32.DLL+0x2e8d7]
C  [ntdll.dll+0x3c34c]


---------------  P R O C E S S  ---------------

Threads class SMR info:
_java_thread_list=0x000001dd6e32c5c0, length=13, elements={
0x000001dd4e7adff0, 0x000001dd685d7300, 0x000001dd685d82d0, 0x000001dd685f2310,
0x000001dd685f51e0, 0x000001dd685f5ba0, 0x000001dd685f7570, 0x000001dd685fa880,
0x000001dd68607ac0, 0x000001dd686391b0, 0x000001dd68875f10, 0x000001dd6887aac0,
0x000001dd6e22f5d0
}

Java Threads: ( => current thread )
  0x000001dd4e7adff0 JavaThread "main" [_thread_in_native, id=6984, stack(0x0000000794e00000,0x0000000794f00000)]
  0x000001dd685d7300 JavaThread "Reference Handler" daemon [_thread_blocked, id=27180, stack(0x0000000795500000,0x0000000795600000)]
  0x000001dd685d82d0 JavaThread "Finalizer" daemon [_thread_blocked, id=6356, stack(0x0000000795600000,0x0000000795700000)]
  0x000001dd685f2310 JavaThread "Signal Dispatcher" daemon [_thread_blocked, id=26816, stack(0x0000000795700000,0x0000000795800000)]
  0x000001dd685f51e0 JavaThread "Attach Listener" daemon [_thread_blocked, id=23780, stack(0x0000000795800000,0x0000000795900000)]
  0x000001dd685f5ba0 JavaThread "Service Thread" daemon [_thread_blocked, id=4128, stack(0x0000000795900000,0x0000000795a00000)]
  0x000001dd685f7570 JavaThread "Monitor Deflation Thread" daemon [_thread_blocked, id=3668, stack(0x0000000795a00000,0x0000000795b00000)]
=>0x000001dd685fa880 JavaThread "C2 CompilerThread0" daemon [_thread_in_native, id=18320, stack(0x0000000795b00000,0x0000000795c00000)]
  0x000001dd68607ac0 JavaThread "C1 CompilerThread0" daemon [_thread_blocked, id=27408, stack(0x0000000795c00000,0x0000000795d00000)]
  0x000001dd686391b0 JavaThread "Sweeper thread" daemon [_thread_blocked, id=22392, stack(0x0000000795d00000,0x0000000795e00000)]
  0x000001dd68875f10 JavaThread "Notification Thread" daemon [_thread_blocked, id=23936, stack(0x0000000795e00000,0x0000000795f00000)]
  0x000001dd6887aac0 JavaThread "Common-Cleaner" daemon [_thread_blocked, id=400, stack(0x0000000796000000,0x0000000796100000)]
  0x000001dd6e22f5d0 JavaThread "pool-1-thread-1" [_thread_blocked, id=11512, stack(0x0000000796600000,0x0000000796700000)]

Other Threads:
  0x000001dd685d3450 VMThread "VM Thread" [stack: 0x0000000795400000,0x0000000795500000] [id=25528]
  0x000001dd68878400 WatcherThread [stack: 0x0000000795f00000,0x0000000796000000] [id=6104]
  0x000001dd4e7cf5e0 GCTaskThread "GC Thread#0" [stack: 0x0000000794f00000,0x0000000795000000] [id=21684]
  0x000001dd68b8bd00 GCTaskThread "GC Thread#1" [stack: 0x0000000796300000,0x0000000796400000] [id=18096]
  0x000001dd6d05e710 GCTaskThread "GC Thread#2" [stack: 0x0000000796400000,0x0000000796500000] [id=18924]
  0x000001dd6d009250 GCTaskThread "GC Thread#3" [stack: 0x0000000796500000,0x0000000796600000] [id=21852]
  0x000001dd6ddfe4a0 GCTaskThread "GC Thread#4" [stack: 0x0000000796700000,0x0000000796800000] [id=3120]
  0x000001dd6e561650 GCTaskThread "GC Thread#5" [stack: 0x0000000796800000,0x0000000796900000] [id=10684]
  0x000001dd6e561910 GCTaskThread "GC Thread#6" [stack: 0x0000000796900000,0x0000000796a00000] [id=192]
  0x000001dd4e7d1a00 ConcurrentGCThread "G1 Main Marker" [stack: 0x0000000795000000,0x0000000795100000] [id=24840]
  0x000001dd4e7d2bc0 ConcurrentGCThread "G1 Conc#0" [stack: 0x0000000795100000,0x0000000795200000] [id=10912]
  0x000001dd4e83f7d0 ConcurrentGCThread "G1 Refine#0" [stack: 0x0000000795200000,0x0000000795300000] [id=5292]
  0x000001dd6da9d8f0 ConcurrentGCThread "G1 Refine#1" [stack: 0x0000000796a00000,0x0000000796b00000] [id=29020]
  0x000001dd4e8410b0 ConcurrentGCThread "G1 Service" [stack: 0x0000000795300000,0x0000000795400000] [id=12284]

Threads with active compile tasks:
C2 CompilerThread0   338444 2073       4       org.gradle.internal.logging.console.BuildStatusRenderer::onOutput (350 bytes)

VM state: not at safepoint (normal execution)

VM Mutex/Monitor currently owned by a thread: None

Heap address: 0x00000000fc000000, size: 64 MB, Compressed Oops mode: 32-bit

CDS archive(s) mapped at: [0x000001dd00000000-0x000001dd00bb0000-0x000001dd00bb0000), size 12255232, SharedBaseAddress: 0x000001dd00000000, ArchiveRelocationMode: 1.
Compressed class space mapped at: 0x000001dd01000000-0x000001dd41000000, reserved size: 1073741824
Narrow klass base: 0x000001dd00000000, Narrow klass shift: 0, Narrow klass range: 0x100000000

GC Precious Log:
 CPUs: 12 total, 12 available
 Memory: 7521M
 Large Page Support: Disabled
 NUMA Support: Disabled
 Compressed Oops: Enabled (32-bit)
 Heap Region Size: 1M
 Heap Min Capacity: 64M
 Heap Initial Capacity: 64M
 Heap Max Capacity: 64M
 Pre-touch: Disabled
 Parallel Workers: 10
 Concurrent Workers: 3
 Concurrent Refinement Workers: 10
 Periodic GC: Disabled

Heap:
 garbage-first heap   total 65536K, used 25630K [0x00000000fc000000, 0x0000000100000000)
  region size 1024K, 19 young (19456K), 4 survivors (4096K)
 Metaspace       used 9622K, committed 9856K, reserved 1114112K
  class space    used 1257K, committed 1344K, reserved 1048576K

Heap Regions: E=young(eden), S=young(survivor), O=old, HS=humongous(starts), HC=humongous(continues), CS=collection set, F=free, OA=open archive, CA=closed archive, TAMS=top-at-mark-start (previous, next)
|   0|0x00000000fc000000, 0x00000000fc100000, 0x00000000fc100000|100%|HS|  |TAMS 0x00000000fc000000, 0x00000000fc000000| Complete 
|   1|0x00000000fc100000, 0x00000000fc200000, 0x00000000fc200000|100%|HC|  |TAMS 0x00000000fc100000, 0x00000000fc100000| Complete 
|   2|0x00000000fc200000, 0x00000000fc300000, 0x00000000fc300000|100%|HC|  |TAMS 0x00000000fc200000, 0x00000000fc200000| Complete 
|   3|0x00000000fc300000, 0x00000000fc400000, 0x00000000fc400000|100%| O|  |TAMS 0x00000000fc300000, 0x00000000fc300000| Untracked 
|   4|0x00000000fc400000, 0x00000000fc500000, 0x00000000fc500000|100%| O|  |TAMS 0x00000000fc400000, 0x00000000fc400000| Untracked 
|   5|0x00000000fc500000, 0x00000000fc600000, 0x00000000fc600000|100%| O|  |TAMS 0x00000000fc500000, 0x00000000fc500000| Untracked 
|   6|0x00000000fc600000, 0x00000000fc700000, 0x00000000fc700000|100%| O|  |TAMS 0x00000000fc600000, 0x00000000fc600000| Untracked 
|   7|0x00000000fc700000, 0x00000000fc707a00, 0x00000000fc800000|  2%| O|  |TAMS 0x00000000fc700000, 0x00000000fc700000| Untracked 
|   8|0x00000000fc800000, 0x00000000fc800000, 0x00000000fc900000|  0%| F|  |TAMS 0x00000000fc800000, 0x00000000fc800000| Untracked 
|   9|0x00000000fc900000, 0x00000000fc900000, 0x00000000fca00000|  0%| F|  |TAMS 0x00000000fc900000, 0x00000000fc900000| Untracked 
|  10|0x00000000fca00000, 0x00000000fca00000, 0x00000000fcb00000|  0%| F|  |TAMS 0x00000000fca00000, 0x00000000fca00000| Untracked 
|  11|0x00000000fcb00000, 0x00000000fcb00000, 0x00000000fcc00000|  0%| F|  |TAMS 0x00000000fcb00000, 0x00000000fcb00000| Untracked 
|  12|0x00000000fcc00000, 0x00000000fcc00000, 0x00000000fcd00000|  0%| F|  |TAMS 0x00000000fcc00000, 0x00000000fcc00000| Untracked 
|  13|0x00000000fcd00000, 0x00000000fcd00000, 0x00000000fce00000|  0%| F|  |TAMS 0x00000000fcd00000, 0x00000000fcd00000| Untracked 
|  14|0x00000000fce00000, 0x00000000fce00000, 0x00000000fcf00000|  0%| F|  |TAMS 0x00000000fce00000, 0x00000000fce00000| Untracked 
|  15|0x00000000fcf00000, 0x00000000fcf00000, 0x00000000fd000000|  0%| F|  |TAMS 0x00000000fcf00000, 0x00000000fcf00000| Untracked 
|  16|0x00000000fd000000, 0x00000000fd000000, 0x00000000fd100000|  0%| F|  |TAMS 0x00000000fd000000, 0x00000000fd000000| Untracked 
|  17|0x00000000fd100000, 0x00000000fd100000, 0x00000000fd200000|  0%| F|  |TAMS 0x00000000fd100000, 0x00000000fd100000| Untracked 
|  18|0x00000000fd200000, 0x00000000fd200000, 0x00000000fd300000|  0%| F|  |TAMS 0x00000000fd200000, 0x00000000fd200000| Untracked 
|  19|0x00000000fd300000, 0x00000000fd300000, 0x00000000fd400000|  0%| F|  |TAMS 0x00000000fd300000, 0x00000000fd300000| Untracked 
|  20|0x00000000fd400000, 0x00000000fd400000, 0x00000000fd500000|  0%| F|  |TAMS 0x00000000fd400000, 0x00000000fd400000| Untracked 
|  21|0x00000000fd500000, 0x00000000fd500000, 0x00000000fd600000|  0%| F|  |TAMS 0x00000000fd500000, 0x00000000fd500000| Untracked 
|  22|0x00000000fd600000, 0x00000000fd600000, 0x00000000fd700000|  0%| F|  |TAMS 0x00000000fd600000, 0x00000000fd600000| Untracked 
|  23|0x00000000fd700000, 0x00000000fd700000, 0x00000000fd800000|  0%| F|  |TAMS 0x00000000fd700000, 0x00000000fd700000| Untracked 
|  24|0x00000000fd800000, 0x00000000fd800000, 0x00000000fd900000|  0%| F|  |TAMS 0x00000000fd800000, 0x00000000fd800000| Untracked 
|  25|0x00000000fd900000, 0x00000000fd900000, 0x00000000fda00000|  0%| F|  |TAMS 0x00000000fd900000, 0x00000000fd900000| Untracked 
|  26|0x00000000fda00000, 0x00000000fda00000, 0x00000000fdb00000|  0%| F|  |TAMS 0x00000000fda00000, 0x00000000fda00000| Untracked 
|  27|0x00000000fdb00000, 0x00000000fdb00000, 0x00000000fdc00000|  0%| F|  |TAMS 0x00000000fdb00000, 0x00000000fdb00000| Untracked 
|  28|0x00000000fdc00000, 0x00000000fdd00000, 0x00000000fdd00000|100%| S|CS|TAMS 0x00000000fdc00000, 0x00000000fdc00000| Complete 
|  29|0x00000000fdd00000, 0x00000000fde00000, 0x00000000fde00000|100%| S|CS|TAMS 0x00000000fdd00000, 0x00000000fdd00000| Complete 
|  30|0x00000000fde00000, 0x00000000fdf00000, 0x00000000fdf00000|100%| S|CS|TAMS 0x00000000fde00000, 0x00000000fde00000| Complete 
|  31|0x00000000fdf00000, 0x00000000fe000000, 0x00000000fe000000|100%| S|CS|TAMS 0x00000000fdf00000, 0x00000000fdf00000| Complete 
|  32|0x00000000fe000000, 0x00000000fe000000, 0x00000000fe100000|  0%| F|  |TAMS 0x00000000fe000000, 0x00000000fe000000| Untracked 
|  33|0x00000000fe100000, 0x00000000fe100000, 0x00000000fe200000|  0%| F|  |TAMS 0x00000000fe100000, 0x00000000fe100000| Untracked 
|  34|0x00000000fe200000, 0x00000000fe200000, 0x00000000fe300000|  0%| F|  |TAMS 0x00000000fe200000, 0x00000000fe200000| Untracked 
|  35|0x00000000fe300000, 0x00000000fe300000, 0x00000000fe400000|  0%| F|  |TAMS 0x00000000fe300000, 0x00000000fe300000| Untracked 
|  36|0x00000000fe400000, 0x00000000fe400000, 0x00000000fe500000|  0%| F|  |TAMS 0x00000000fe400000, 0x00000000fe400000| Untracked 
|  37|0x00000000fe500000, 0x00000000fe500000, 0x00000000fe600000|  0%| F|  |TAMS 0x00000000fe500000, 0x00000000fe500000| Untracked 
|  38|0x00000000fe600000, 0x00000000fe600000, 0x00000000fe700000|  0%| F|  |TAMS 0x00000000fe600000, 0x00000000fe600000| Untracked 
|  39|0x00000000fe700000, 0x00000000fe700000, 0x00000000fe800000|  0%| F|  |TAMS 0x00000000fe700000, 0x00000000fe700000| Untracked 
|  40|0x00000000fe800000, 0x00000000fe800000, 0x00000000fe900000|  0%| F|  |TAMS 0x00000000fe800000, 0x00000000fe800000| Untracked 
|  41|0x00000000fe900000, 0x00000000fe900000, 0x00000000fea00000|  0%| F|  |TAMS 0x00000000fe900000, 0x00000000fe900000| Untracked 
|  42|0x00000000fea00000, 0x00000000fea00000, 0x00000000feb00000|  0%| F|  |TAMS 0x00000000fea00000, 0x00000000fea00000| Untracked 
|  43|0x00000000feb00000, 0x00000000feb00000, 0x00000000fec00000|  0%| F|  |TAMS 0x00000000feb00000, 0x00000000feb00000| Untracked 
|  44|0x00000000fec00000, 0x00000000fec00000, 0x00000000fed00000|  0%| F|  |TAMS 0x00000000fec00000, 0x00000000fec00000| Untracked 
|  45|0x00000000fed00000, 0x00000000fed00000, 0x00000000fee00000|  0%| F|  |TAMS 0x00000000fed00000, 0x00000000fed00000| Untracked 
|  46|0x00000000fee00000, 0x00000000fee00000, 0x00000000fef00000|  0%| F|  |TAMS 0x00000000fee00000, 0x00000000fee00000| Untracked 
|  47|0x00000000fef00000, 0x00000000fef00000, 0x00000000ff000000|  0%| F|  |TAMS 0x00000000fef00000, 0x00000000fef00000| Untracked 
|  48|0x00000000ff000000, 0x00000000ff000000, 0x00000000ff100000|  0%| F|  |TAMS 0x00000000ff000000, 0x00000000ff000000| Untracked 
|  49|0x00000000ff100000, 0x00000000ff1231f8, 0x00000000ff200000| 13%| E|  |TAMS 0x00000000ff100000, 0x00000000ff100000| Complete 
|  50|0x00000000ff200000, 0x00000000ff300000, 0x00000000ff300000|100%| E|CS|TAMS 0x00000000ff200000, 0x00000000ff200000| Complete 
|  51|0x00000000ff300000, 0x00000000ff400000, 0x00000000ff400000|100%| E|CS|TAMS 0x00000000ff300000, 0x00000000ff300000| Complete 
|  52|0x00000000ff400000, 0x00000000ff500000, 0x00000000ff500000|100%| E|CS|TAMS 0x00000000ff400000, 0x00000000ff400000| Complete 
|  53|0x00000000ff500000, 0x00000000ff600000, 0x00000000ff600000|100%| E|CS|TAMS 0x00000000ff500000, 0x00000000ff500000| Complete 
|  54|0x00000000ff600000, 0x00000000ff700000, 0x00000000ff700000|100%| E|CS|TAMS 0x00000000ff600000, 0x00000000ff600000| Complete 
|  55|0x00000000ff700000, 0x00000000ff800000, 0x00000000ff800000|100%| E|CS|TAMS 0x00000000ff700000, 0x00000000ff700000| Complete 
|  56|0x00000000ff800000, 0x00000000ff900000, 0x00000000ff900000|100%| E|CS|TAMS 0x00000000ff800000, 0x00000000ff800000| Complete 
|  57|0x00000000ff900000, 0x00000000ffa00000, 0x00000000ffa00000|100%| E|CS|TAMS 0x00000000ff900000, 0x00000000ff900000| Complete 
|  58|0x00000000ffa00000, 0x00000000ffb00000, 0x00000000ffb00000|100%| E|CS|TAMS 0x00000000ffa00000, 0x00000000ffa00000| Complete 
|  59|0x00000000ffb00000, 0x00000000ffc00000, 0x00000000ffc00000|100%| E|CS|TAMS 0x00000000ffb00000, 0x00000000ffb00000| Complete 
|  60|0x00000000ffc00000, 0x00000000ffd00000, 0x00000000ffd00000|100%| E|CS|TAMS 0x00000000ffc00000, 0x00000000ffc00000| Complete 
|  61|0x00000000ffd00000, 0x00000000ffe00000, 0x00000000ffe00000|100%| E|CS|TAMS 0x00000000ffd00000, 0x00000000ffd00000| Complete 
|  62|0x00000000ffe00000, 0x00000000fff00000, 0x00000000fff00000|100%| E|CS|TAMS 0x00000000ffe00000, 0x00000000ffe00000| Complete 
|  63|0x00000000fff00000, 0x0000000100000000, 0x0000000100000000|100%| E|CS|TAMS 0x00000000fff00000, 0x00000000fff00000| Complete 

Card table byte_map: [0x000001dd4e690000,0x000001dd4e6b0000] _byte_map_base: 0x000001dd4deb0000

Marking Bits (Prev, Next): (CMBitMap*) 0x000001dd4e7cfc00, (CMBitMap*) 0x000001dd4e7cfc40
 Prev Bits: [0x000001dd65810000, 0x000001dd65910000)
 Next Bits: [0x000001dd65910000, 0x000001dd65a10000)

Polling page: 0x000001dd4caf0000

Metaspace:

Usage:
  Non-class:      8.17 MB used.
      Class:      1.23 MB used.
       Both:      9.40 MB used.

Virtual space:
  Non-class space:       64.00 MB reserved,       8.31 MB ( 13%) committed,  1 nodes.
      Class space:        1.00 GB reserved,       1.31 MB ( <1%) committed,  1 nodes.
             Both:        1.06 GB reserved,       9.62 MB ( <1%) committed. 

Chunk freelists:
   Non-Class:  7.66 MB
       Class:  14.51 MB
        Both:  22.16 MB

MaxMetaspaceSize: unlimited
CompressedClassSpaceSize: 1.00 GB
Initial GC threshold: 21.00 MB
Current GC threshold: 21.00 MB
CDS: on
MetaspaceReclaimPolicy: balanced
 - commit_granule_bytes: 65536.
 - commit_granule_words: 8192.
 - virtual_space_node_default_size: 8388608.
 - enlarge_chunks_in_place: 1.
 - new_chunks_are_fully_committed: 0.
 - uncommit_free_chunks: 1.
 - use_allocation_guard: 0.
 - handle_deallocations: 1.


Internal statistics:

num_allocs_failed_limit: 0.
num_arena_births: 80.
num_arena_deaths: 0.
num_vsnodes_births: 2.
num_vsnodes_deaths: 0.
num_space_committed: 154.
num_space_uncommitted: 0.
num_chunks_returned_to_freelist: 0.
num_chunks_taken_from_freelist: 348.
num_chunk_merges: 0.
num_chunk_splits: 230.
num_chunks_enlarged: 186.
num_inconsistent_stats: 0.

CodeHeap 'non-profiled nmethods': size=120000Kb used=1003Kb max_used=1003Kb free=118996Kb
 bounds [0x000001dd5dd90000, 0x000001dd5e000000, 0x000001dd652c0000]
CodeHeap 'profiled nmethods': size=120000Kb used=3868Kb max_used=3868Kb free=116132Kb
 bounds [0x000001dd562c0000, 0x000001dd56690000, 0x000001dd5d7f0000]
CodeHeap 'non-nmethods': size=5760Kb used=1172Kb max_used=1201Kb free=4588Kb
 bounds [0x000001dd5d7f0000, 0x000001dd5da60000, 0x000001dd5dd90000]
 total_blobs=2540 nmethods=2072 adapters=381
 compilation: enabled
              stopped_count=0, restarted_count=0
 full_count=0

Compilation events (20 events):
Event: 269.740 Thread 0x000001dd685fa880 nmethod 2063 0x000001dd5de7fc10 code [0x000001dd5de7fd80, 0x000001dd5de7fe38]
Event: 279.910 Thread 0x000001dd685fa880 2064       4       java.util.AbstractList::equals (117 bytes)
Event: 279.937 Thread 0x000001dd685fa880 nmethod 2064 0x000001dd5de7ff10 code [0x000001dd5de80160, 0x000001dd5de80c38]
Event: 290.005 Thread 0x000001dd685fa880 2065       4       java.lang.Thread::interrupted (23 bytes)
Event: 290.007 Thread 0x000001dd685fa880 nmethod 2065 0x000001dd5de81610 code [0x000001dd5de81780, 0x000001dd5de817f8]
Event: 302.327 Thread 0x000001dd685fa880 2066       4       java.lang.AbstractStringBuilder::append (60 bytes)
Event: 302.547 Thread 0x000001dd685fa880 nmethod 2066 0x000001dd5de81910 code [0x000001dd5de81ac0, 0x000001dd5de823c8]
Event: 302.548 Thread 0x000001dd685fa880 2067       4       java.lang.Long::stringSize (55 bytes)
Event: 302.550 Thread 0x000001dd685fa880 nmethod 2067 0x000001dd5de82810 code [0x000001dd5de82980, 0x000001dd5de82b58]
Event: 313.773 Thread 0x000001dd685fa880 2068       4       org.gradle.internal.logging.console.WorkInProgressRenderer::renderNow (351 bytes)
Event: 317.862 Thread 0x000001dd685fa880 nmethod 2068 0x000001dd5de82c10 code [0x000001dd5de83060, 0x000001dd5de86d00]
Event: 325.711 Thread 0x000001dd685fa880 2069       4       com.google.common.collect.RegularImmutableList::size (6 bytes)
Event: 325.720 Thread 0x000001dd685fa880 nmethod 2069 0x000001dd5de8ab10 code [0x000001dd5de8ac80, 0x000001dd5de8ad18]
Event: 326.535 Thread 0x000001dd68607ac0 2070       3       com.google.common.base.Predicates$InstanceOfPredicate::<init> (6 bytes)
Event: 326.831 Thread 0x000001dd68607ac0 nmethod 2070 0x000001dd56685e90 code [0x000001dd56686060, 0x000001dd566863e8]
Event: 326.831 Thread 0x000001dd68607ac0 2071       3       com.google.common.base.Predicates$InstanceOfPredicate::<init> (16 bytes)
Event: 326.922 Thread 0x000001dd68607ac0 nmethod 2071 0x000001dd56686590 code [0x000001dd56686740, 0x000001dd56686a68]
Event: 335.519 Thread 0x000001dd68607ac0 2072       3       java.util.ArrayList::toArray (12 bytes)
Event: 335.522 Thread 0x000001dd68607ac0 nmethod 2072 0x000001dd56686b90 code [0x000001dd56686d40, 0x000001dd56686f28]
Event: 336.314 Thread 0x000001dd685fa880 2073       4       org.gradle.internal.logging.console.BuildStatusRenderer::onOutput (350 bytes)

GC Heap History (4 events):
Event: 0.379 GC heap before
{Heap before GC invocations=0 (full 0):
 garbage-first heap   total 65536K, used 22528K [0x00000000fc000000, 0x0000000100000000)
  region size 1024K, 23 young (23552K), 0 survivors (0K)
 Metaspace       used 1700K, committed 1856K, reserved 1114112K
  class space    used 157K, committed 192K, reserved 1048576K
}
Event: 0.382 GC heap after
{Heap after GC invocations=1 (full 0):
 garbage-first heap   total 65536K, used 1824K [0x00000000fc000000, 0x0000000100000000)
  region size 1024K, 2 young (2048K), 2 survivors (2048K)
 Metaspace       used 1700K, committed 1856K, reserved 1114112K
  class space    used 157K, committed 192K, reserved 1048576K
}
Event: 1.110 GC heap before
{Heap before GC invocations=1 (full 0):
 garbage-first heap   total 65536K, used 34592K [0x00000000fc000000, 0x0000000100000000)
  region size 1024K, 32 young (32768K), 2 survivors (2048K)
 Metaspace       used 7344K, committed 7488K, reserved 1114112K
  class space    used 995K, committed 1088K, reserved 1048576K
}
Event: 1.116 GC heap after
{Heap after GC invocations=2 (full 0):
 garbage-first heap   total 65536K, used 11294K [0x00000000fc000000, 0x0000000100000000)
  region size 1024K, 4 young (4096K), 4 survivors (4096K)
 Metaspace       used 7344K, committed 7488K, reserved 1114112K
  class space    used 995K, committed 1088K, reserved 1048576K
}

Dll operation events (13 events):
Event: 0.009 Loaded shared library C:\Program Files\Microsoft\jdk-17.0.10.7-hotspot\bin\java.dll
Event: 0.025 Loaded shared library C:\Program Files\Microsoft\jdk-17.0.10.7-hotspot\bin\jsvml.dll
Event: 0.054 Loaded shared library C:\Program Files\Microsoft\jdk-17.0.10.7-hotspot\bin\net.dll
Event: 0.056 Loaded shared library C:\Program Files\Microsoft\jdk-17.0.10.7-hotspot\bin\nio.dll
Event: 0.061 Loaded shared library C:\Program Files\Microsoft\jdk-17.0.10.7-hotspot\bin\zip.dll
Event: 0.065 Loaded shared library C:\Program Files\Microsoft\jdk-17.0.10.7-hotspot\bin\verify.dll
Event: 0.385 Loaded shared library C:\Program Files\Microsoft\jdk-17.0.10.7-hotspot\bin\jimage.dll
Event: 0.702 Loaded shared library C:\Program Files\Microsoft\jdk-17.0.10.7-hotspot\bin\management.dll
Event: 0.704 Loaded shared library C:\Program Files\Microsoft\jdk-17.0.10.7-hotspot\bin\management_ext.dll
Event: 0.747 Loaded shared library C:\Users\Mazahir Ali\.gradle\native\1def1411415f61bf3af743bc5b6707747c0891f09f0c88961ee8f79bc544acac\windows-amd64\native-platform.dll
Event: 0.776 Loaded shared library C:\Users\Mazahir Ali\.gradle\native\jansi\1.18\windows64\jansi.dll
Event: 1.032 Loaded shared library C:\Program Files\Microsoft\jdk-17.0.10.7-hotspot\bin\extnet.dll
Event: 1.360 Loaded shared library C:\Program Files\Microsoft\jdk-17.0.10.7-hotspot\bin\sunmscapi.dll

Deoptimization events (20 events):
Event: 169.519 Thread 0x000001dd6e22f5d0 DEOPT PACKING pc=0x000001dd5de515a0 sp=0x00000007966fec40
Event: 169.549 Thread 0x000001dd6e22f5d0 DEOPT UNPACKING pc=0x000001dd5d8469a3 sp=0x00000007966feac8 mode 2
Event: 205.438 Thread 0x000001dd4e7adff0 Uncommon trap: trap_request=0xffffff45 fr.pc=0x000001dd5de4efb0 relative=0x0000000000000510
Event: 205.438 Thread 0x000001dd4e7adff0 Uncommon trap: reason=unstable_if action=reinterpret pc=0x000001dd5de4efb0 method=com.esotericsoftware.kryo.io.Input.readUtf8(I)V @ 79 c2
Event: 205.438 Thread 0x000001dd4e7adff0 DEOPT PACKING pc=0x000001dd5de4efb0 sp=0x0000000794efcb10
Event: 205.439 Thread 0x000001dd4e7adff0 DEOPT UNPACKING pc=0x000001dd5d8469a3 sp=0x0000000794efcaa8 mode 2
Event: 205.831 Thread 0x000001dd6e22f5d0 DEOPT PACKING pc=0x000001dd565a2683 sp=0x00000007966fe380
Event: 205.832 Thread 0x000001dd6e22f5d0 DEOPT UNPACKING pc=0x000001dd5d847143 sp=0x00000007966fd7f0 mode 0
Event: 205.848 Thread 0x000001dd6e22f5d0 DEOPT PACKING pc=0x000001dd565a2683 sp=0x00000007966fe380
Event: 205.849 Thread 0x000001dd6e22f5d0 DEOPT UNPACKING pc=0x000001dd5d847143 sp=0x00000007966fd7f0 mode 0
Event: 236.313 Thread 0x000001dd6e22f5d0 DEOPT PACKING pc=0x000001dd565e5d54 sp=0x00000007966febd0
Event: 236.314 Thread 0x000001dd6e22f5d0 DEOPT UNPACKING pc=0x000001dd5d847143 sp=0x00000007966fe0a0 mode 0
Event: 256.012 Thread 0x000001dd6e22f5d0 Uncommon trap: trap_request=0xffffff45 fr.pc=0x000001dd5de78714 relative=0x0000000000000e94
Event: 256.012 Thread 0x000001dd6e22f5d0 Uncommon trap: reason=unstable_if action=reinterpret pc=0x000001dd5de78714 method=org.gradle.internal.logging.sink.GroupingProgressLogEventGenerator$OperationGroup.canClaimForeground()Z @ 4 c2
Event: 256.012 Thread 0x000001dd6e22f5d0 DEOPT PACKING pc=0x000001dd5de78714 sp=0x00000007966ff130
Event: 256.012 Thread 0x000001dd6e22f5d0 DEOPT UNPACKING pc=0x000001dd5d8469a3 sp=0x00000007966fef10 mode 2
Event: 256.107 Thread 0x000001dd6e22f5d0 Uncommon trap: trap_request=0xffffff45 fr.pc=0x000001dd5de7c158 relative=0x0000000000000d18
Event: 256.107 Thread 0x000001dd6e22f5d0 Uncommon trap: reason=unstable_if action=reinterpret pc=0x000001dd5de7c158 method=org.gradle.internal.logging.sink.GroupingProgressLogEventGenerator$OperationGroup.canClaimForeground()Z @ 4 c2
Event: 256.107 Thread 0x000001dd6e22f5d0 DEOPT PACKING pc=0x000001dd5de7c158 sp=0x00000007966ff0a0
Event: 256.107 Thread 0x000001dd6e22f5d0 DEOPT UNPACKING pc=0x000001dd5d8469a3 sp=0x00000007966feef8 mode 2

Classes unloaded (0 events):
No events

Classes redefined (0 events):
No events

Internal exceptions (20 events):
Event: 0.138 Thread 0x000001dd4e7adff0 Exception <a 'java/lang/NoSuchMethodError'{0x00000000ffc08a90}: 'int java.lang.invoke.DirectMethodHandle$Holder.invokeStaticInit(java.lang.Object, java.lang.Object)'> (0x00000000ffc08a90) 
thrown [s\src\hotspot\share\interpreter\linkResolver.cpp, line 759]
Event: 0.700 Thread 0x000001dd4e7adff0 Exception <a 'java/lang/NoSuchMethodError'{0x00000000ff0ce738}: 'java.lang.Object java.lang.invoke.DirectMethodHandle$Holder.invokeStaticInit(java.lang.Object)'> (0x00000000ff0ce738) 
thrown [s\src\hotspot\share\interpreter\linkResolver.cpp, line 759]
Event: 0.708 Thread 0x000001dd4e7adff0 Exception <a 'java/lang/NoSuchMethodError'{0x00000000ff0e94d8}: 'int java.lang.invoke.DirectMethodHandle$Holder.invokeSpecial(java.lang.Object, java.lang.Object, java.lang.Object)'> (0x00000000ff0e94d8) 
thrown [s\src\hotspot\share\interpreter\linkResolver.cpp, line 759]
Event: 0.713 Thread 0x000001dd4e7adff0 Exception <a 'java/lang/NoSuchMethodError'{0x00000000fef27640}: 'void java.lang.invoke.DirectMethodHandle$Holder.invokeStatic(java.lang.Object, java.lang.Object)'> (0x00000000fef27640) 
thrown [s\src\hotspot\share\interpreter\linkResolver.cpp, line 759]
Event: 0.714 Thread 0x000001dd4e7adff0 Implicit null exception at 0x000001dd5ddfac8a to 0x000001dd5ddfb1d0
Event: 0.714 Thread 0x000001dd4e7adff0 Implicit null exception at 0x000001dd5ddd768f to 0x000001dd5ddd7bd8
Event: 0.726 Thread 0x000001dd4e7adff0 Exception <a 'java/lang/NoClassDefFoundError'{0x00000000fefa3b40}: org/slf4j/impl/StaticMarkerBinder> (0x00000000fefa3b40) 
thrown [s\src\hotspot\share\classfile\systemDictionary.cpp, line 245]
Event: 0.754 Thread 0x000001dd4e7adff0 Exception <a 'java/lang/NoSuchMethodError'{0x00000000feec9990}: 'java.lang.Object java.lang.invoke.Invokers$Holder.invoker(java.lang.Object, java.lang.Object, java.lang.Object)'> (0x00000000feec9990) 
thrown [s\src\hotspot\share\interpreter\linkResolver.cpp, line 759]
Event: 0.755 Thread 0x000001dd4e7adff0 Exception <a 'java/lang/NoSuchMethodError'{0x00000000feed2ae8}: 'java.lang.Object java.lang.invoke.DirectMethodHandle$Holder.invokeStatic(java.lang.Object, java.lang.Object, int)'> (0x00000000feed2ae8) 
thrown [s\src\hotspot\share\interpreter\linkResolver.cpp, line 759]
Event: 0.756 Thread 0x000001dd4e7adff0 Exception <a 'java/lang/NoSuchMethodError'{0x00000000feede7d8}: 'void java.lang.invoke.DelegatingMethodHandle$Holder.delegate(java.lang.Object, java.lang.Object, int, java.lang.Object)'> (0x00000000feede7d8) 
thrown [s\src\hotspot\share\interpreter\linkResolver.cpp, line 759]
Event: 0.758 Thread 0x000001dd4e7adff0 Exception <a 'java/lang/NoSuchMethodError'{0x00000000feef1e20}: 'java.lang.Object java.lang.invoke.Invokers$Holder.invokeExact_MT(java.lang.Object, java.lang.Object, java.lang.Object, java.lang.Object)'> (0x00000000feef1e20) 
thrown [s\src\hotspot\share\interpreter\linkResolver.cpp, line 759]
Event: 0.760 Thread 0x000001dd4e7adff0 Exception <a 'java/lang/NoSuchMethodError'{0x00000000fed15e60}: 'java.lang.Object java.lang.invoke.DirectMethodHandle$Holder.invokeVirtual(java.lang.Object, java.lang.Object, java.lang.Object)'> (0x00000000fed15e60) 
thrown [s\src\hotspot\share\interpreter\linkResolver.cpp, line 759]
Event: 0.839 Thread 0x000001dd4e7adff0 Exception <a 'java/lang/NoSuchMethodError'{0x00000000fe934498}: 'java.lang.Object java.lang.invoke.DirectMethodHandle$Holder.newInvokeSpecial(java.lang.Object, java.lang.Object, java.lang.Object, java.lang.Object, java.lang.Object)'> (0x00000000fe934498) 
thrown [s\src\hotspot\share\interpreter\linkResolver.cpp, line 759]
Event: 0.856 Thread 0x000001dd4e7adff0 Exception <a 'java/lang/NoSuchMethodError'{0x00000000fe663380}: 'void java.lang.invoke.DirectMethodHandle$Holder.invokeSpecial(java.lang.Object, java.lang.Object, java.lang.Object)'> (0x00000000fe663380) 
thrown [s\src\hotspot\share\interpreter\linkResolver.cpp, line 759]
Event: 1.035 Thread 0x000001dd4e7adff0 Exception <a 'java/lang/NoSuchMethodError'{0x00000000fe308768}: 'void java.lang.invoke.DirectMethodHandle$Holder.invokeStatic(java.lang.Object, java.lang.Object, java.lang.Object)'> (0x00000000fe308768) 
thrown [s\src\hotspot\share\interpreter\linkResolver.cpp, line 759]
Event: 1.088 Thread 0x000001dd4e7adff0 Exception <a 'java/lang/NoSuchMethodError'{0x00000000fe1a5260}: 'java.lang.Object java.lang.invoke.DirectMethodHandle$Holder.newInvokeSpecial(java.lang.Object, java.lang.Object, java.lang.Object, java.lang.Object, java.lang.Object, java.lang.Object, java.lang.Object, java.lang.Object, java.lang.Object, java.lang.Object, java.lang.Object, java.lang.Object, java.lang.Object, java.lang.Object, java.lang.Object, java.lang.Object, java.lang.Object, java.lang.Object, java.lang.Object, java.lang.Object, java.lang
Event: 1.088 Thread 0x000001dd4e7adff0 Exception <a 'java/lang/NoSuchMethodError'{0x00000000fe1b1868}: 'java.lang.Object java.lang.invoke.Invokers$Holder.linkToTargetMethod(java.lang.Object, java.lang.Object, java.lang.Object, java.lang.Object, java.lang.Object, java.lang.Object, java.lang.Object, java.lang.Object, java.lang.Object, java.lang.Object, java.lang.Object, java.lang.Object, java.lang.Object, java.lang.Object, java.lang.Object, java.lang.Object, java.lang.Object, java.lang.Object, java.lang.Object, java.lang.Object, java.lang.Object,
Event: 1.142 Thread 0x000001dd4e7adff0 Exception <a 'java/lang/NoSuchMethodError'{0x00000000ffe16528}: 'java.lang.Object java.lang.invoke.DirectMethodHandle$Holder.invokeStaticInit(java.lang.Object, int, int, int, int)'> (0x00000000ffe16528) 
thrown [s\src\hotspot\share\interpreter\linkResolver.cpp, line 759]
Event: 1.314 Thread 0x000001dd4e7adff0 Exception <a 'java/lang/NoSuchMethodError'{0x00000000ffd4a250}: 'java.lang.Object java.lang.invoke.DirectMethodHandle$Holder.invokeStaticInit(java.lang.Object, java.lang.Object, int, int, int, int)'> (0x00000000ffd4a250) 
thrown [s\src\hotspot\share\interpreter\linkResolver.cpp, line 759]
Event: 1.334 Thread 0x000001dd4e7adff0 Implicit null exception at 0x000001dd5ddd69f2 to 0x000001dd5ddd6fc0

VM Operations (20 events):
Event: 251.457 Executing VM operation: Cleanup
Event: 251.457 Executing VM operation: Cleanup done
Event: 254.490 Executing VM operation: Cleanup
Event: 254.490 Executing VM operation: Cleanup done
Event: 255.498 Executing VM operation: Cleanup
Event: 255.498 Executing VM operation: Cleanup done
Event: 256.509 Executing VM operation: Cleanup
Event: 256.509 Executing VM operation: Cleanup done
Event: 262.574 Executing VM operation: Cleanup
Event: 262.596 Executing VM operation: Cleanup done
Event: 268.631 Executing VM operation: Cleanup
Event: 268.631 Executing VM operation: Cleanup done
Event: 270.652 Executing VM operation: Cleanup
Event: 270.652 Executing VM operation: Cleanup done
Event: 300.504 Executing VM operation: HandshakeAllThreads
Event: 300.553 Executing VM operation: HandshakeAllThreads done
Event: 326.777 Executing VM operation: Cleanup
Event: 326.922 Executing VM operation: Cleanup done
Event: 336.001 Executing VM operation: Cleanup
Event: 336.001 Executing VM operation: Cleanup done

Events (20 events):
Event: 19.815 loading class jdk/internal/logger/LazyLoggers$LazyLoggerFactories
Event: 19.816 loading class jdk/internal/logger/LazyLoggers$LazyLoggerFactories done
Event: 19.817 loading class jdk/internal/logger/LoggerFinderLoader
Event: 19.817 loading class jdk/internal/logger/LoggerFinderLoader done
Event: 19.818 loading class jdk/internal/logger/LoggerFinderLoader$TemporaryLoggerFinder
Event: 19.818 loading class jdk/internal/logger/LoggerFinderLoader$TemporaryLoggerFinder done
Event: 19.819 loading class sun/util/logging/internal/LoggingProviderImpl$JULWrapper
Event: 19.819 loading class sun/util/logging/PlatformLogger$ConfigurableBridge$LoggerConfiguration
Event: 19.820 loading class sun/util/logging/PlatformLogger$ConfigurableBridge$LoggerConfiguration done
Event: 19.820 loading class sun/util/logging/internal/LoggingProviderImpl$JULWrapper done
Event: 19.820 loading class java/io/ObjectInputFilter
Event: 19.820 loading class java/io/ObjectInputFilter done
Event: 19.821 loading class java/io/ObjectInputFilter$Config$BuiltinFilterFactory
Event: 19.821 loading class java/io/ObjectInputFilter$Config$BuiltinFilterFactory done
Event: 19.821 loading class jdk/internal/access/JavaObjectInputFilterAccess
Event: 19.821 loading class jdk/internal/access/JavaObjectInputFilterAccess done
Event: 19.822 loading class java/lang/System$Logger$Level
Event: 19.822 loading class java/lang/System$Logger$Level done
Event: 19.822 loading class java/io/Bits
Event: 19.822 loading class java/io/Bits done


Dynamic libraries:
0x00007ff689c60000 - 0x00007ff689c6e000 	C:\Program Files\Microsoft\jdk-17.0.10.7-hotspot\bin\java.exe
0x00007ffd6dc20000 - 0x00007ffd6de87000 	C:\WINDOWS\SYSTEM32\ntdll.dll
0x00007ffd6d250000 - 0x00007ffd6d319000 	C:\WINDOWS\System32\KERNEL32.DLL
0x00007ffd6b470000 - 0x00007ffd6b860000 	C:\WINDOWS\System32\KERNELBASE.dll
0x00007ffd6af90000 - 0x00007ffd6b0db000 	C:\WINDOWS\System32\ucrtbase.dll
0x00007ffcf50b0000 - 0x00007ffcf50cb000 	C:\Program Files\Microsoft\jdk-17.0.10.7-hotspot\bin\VCRUNTIME140.dll
0x00007ffcf1fb0000 - 0x00007ffcf1fc7000 	C:\Program Files\Microsoft\jdk-17.0.10.7-hotspot\bin\jli.dll
0x00007ffd6d9d0000 - 0x00007ffd6db95000 	C:\WINDOWS\System32\USER32.dll
0x00007ffd6ade0000 - 0x00007ffd6ae07000 	C:\WINDOWS\System32\win32u.dll
0x00007ffd50890000 - 0x00007ffd50b2a000 	C:\WINDOWS\WinSxS\amd64_microsoft.windows.common-controls_6595b64144ccf1df_6.0.26100.4768_none_3e0c112ce331287c\COMCTL32.dll
0x00007ffd6bbc0000 - 0x00007ffd6bc69000 	C:\WINDOWS\System32\msvcrt.dll
0x00007ffd6d220000 - 0x00007ffd6d24b000 	C:\WINDOWS\System32\GDI32.dll
0x00007ffd6b870000 - 0x00007ffd6b9a8000 	C:\WINDOWS\System32\gdi32full.dll
0x00007ffd6b180000 - 0x00007ffd6b223000 	C:\WINDOWS\System32\msvcp_win.dll
0x00007ffd6dba0000 - 0x00007ffd6dbcf000 	C:\WINDOWS\System32\IMM32.DLL
0x00007ffd301a0000 - 0x00007ffd301ac000 	C:\Program Files\Microsoft\jdk-17.0.10.7-hotspot\bin\vcruntime140_1.dll
0x00007ffcea2e0000 - 0x00007ffcea36d000 	C:\Program Files\Microsoft\jdk-17.0.10.7-hotspot\bin\msvcp140.dll
0x00007ffcc5180000 - 0x00007ffcc5de5000 	C:\Program Files\Microsoft\jdk-17.0.10.7-hotspot\bin\server\jvm.dll
0x00007ffd6d900000 - 0x00007ffd6d9b4000 	C:\WINDOWS\System32\ADVAPI32.dll
0x00007ffd6d700000 - 0x00007ffd6d7a6000 	C:\WINDOWS\System32\sechost.dll
0x00007ffd6ba30000 - 0x00007ffd6bb48000 	C:\WINDOWS\System32\RPCRT4.dll
0x00007ffd16640000 - 0x00007ffd1664a000 	C:\WINDOWS\SYSTEM32\WSOCK32.dll
0x00007ffd6abd0000 - 0x00007ffd6ac2e000 	C:\WINDOWS\SYSTEM32\POWRPROF.dll
0x00007ffd62bc0000 - 0x00007ffd62bf5000 	C:\WINDOWS\SYSTEM32\WINMM.dll
0x00007ffd6d0a0000 - 0x00007ffd6d114000 	C:\WINDOWS\System32\WS2_32.dll
0x00007ffd648f0000 - 0x00007ffd648fb000 	C:\WINDOWS\SYSTEM32\VERSION.dll
0x00007ffd6abb0000 - 0x00007ffd6abc4000 	C:\WINDOWS\SYSTEM32\UMPDC.dll
0x00007ffd69ad0000 - 0x00007ffd69aeb000 	C:\WINDOWS\SYSTEM32\kernel.appcore.dll
0x00007ffd16650000 - 0x00007ffd1665a000 	C:\Program Files\Microsoft\jdk-17.0.10.7-hotspot\bin\jimage.dll
0x00007ffd5e120000 - 0x00007ffd5e361000 	C:\WINDOWS\SYSTEM32\DBGHELP.DLL
0x00007ffd6d370000 - 0x00007ffd6d6f5000 	C:\WINDOWS\System32\combase.dll
0x00007ffd6cd70000 - 0x00007ffd6ce50000 	C:\WINDOWS\System32\OLEAUT32.dll
0x00007ffd4b790000 - 0x00007ffd4b7d3000 	C:\WINDOWS\SYSTEM32\dbgcore.DLL
0x00007ffd6b0e0000 - 0x00007ffd6b179000 	C:\WINDOWS\System32\bcryptPrimitives.dll
0x00007ffceb130000 - 0x00007ffceb155000 	C:\Program Files\Microsoft\jdk-17.0.10.7-hotspot\bin\java.dll
0x00007ffccce20000 - 0x00007ffcccef7000 	C:\Program Files\Microsoft\jdk-17.0.10.7-hotspot\bin\jsvml.dll
0x00007ffd6c600000 - 0x00007ffd6cd4d000 	C:\WINDOWS\System32\SHELL32.dll
0x00007ffd6ae10000 - 0x00007ffd6af83000 	C:\WINDOWS\System32\wintypes.dll
0x00007ffd68910000 - 0x00007ffd69170000 	C:\WINDOWS\SYSTEM32\windows.storage.dll
0x00007ffd6d120000 - 0x00007ffd6d215000 	C:\WINDOWS\System32\SHCORE.dll
0x00007ffd6bb50000 - 0x00007ffd6bbba000 	C:\WINDOWS\System32\shlwapi.dll
0x00007ffd6ac70000 - 0x00007ffd6ac99000 	C:\WINDOWS\SYSTEM32\profapi.dll
0x00007ffcf0af0000 - 0x00007ffcf0b09000 	C:\Program Files\Microsoft\jdk-17.0.10.7-hotspot\bin\net.dll
0x00007ffd63ab0000 - 0x00007ffd63bce000 	C:\WINDOWS\SYSTEM32\WINHTTP.dll
0x00007ffd6a060000 - 0x00007ffd6a0cb000 	C:\WINDOWS\system32\mswsock.dll
0x00007ffcf0ad0000 - 0x00007ffcf0ae6000 	C:\Program Files\Microsoft\jdk-17.0.10.7-hotspot\bin\nio.dll
0x00007ffcf0080000 - 0x00007ffcf0098000 	C:\Program Files\Microsoft\jdk-17.0.10.7-hotspot\bin\zip.dll
0x00007ffd130e0000 - 0x00007ffd130f0000 	C:\Program Files\Microsoft\jdk-17.0.10.7-hotspot\bin\verify.dll
0x00007ffd66060000 - 0x00007ffd66069000 	C:\Program Files\Microsoft\jdk-17.0.10.7-hotspot\bin\management.dll
0x00007ffd12090000 - 0x00007ffd1209b000 	C:\Program Files\Microsoft\jdk-17.0.10.7-hotspot\bin\management_ext.dll
0x00007ffd6d9c0000 - 0x00007ffd6d9c8000 	C:\WINDOWS\System32\PSAPI.DLL
0x00007ffd04aa0000 - 0x00007ffd04ac7000 	C:\Users\Mazahir Ali\.gradle\native\1def1411415f61bf3af743bc5b6707747c0891f09f0c88961ee8f79bc544acac\windows-amd64\native-platform.dll
0x00007ffd66110000 - 0x00007ffd6611a000 	C:\Users\Mazahir Ali\.gradle\native\jansi\1.18\windows64\jansi.dll
0x00007ffd69490000 - 0x00007ffd694c3000 	C:\WINDOWS\SYSTEM32\IPHLPAPI.DLL
0x00007ffd6d090000 - 0x00007ffd6d09a000 	C:\WINDOWS\System32\NSI.dll
0x00007ffd64200000 - 0x00007ffd6421f000 	C:\WINDOWS\SYSTEM32\dhcpcsvc6.DLL
0x00007ffd63840000 - 0x00007ffd63865000 	C:\WINDOWS\SYSTEM32\dhcpcsvc.DLL
0x00007ffd69580000 - 0x00007ffd696a6000 	C:\WINDOWS\SYSTEM32\DNSAPI.dll
0x00007ffd11360000 - 0x00007ffd11369000 	C:\Program Files\Microsoft\jdk-17.0.10.7-hotspot\bin\extnet.dll
0x00007ffd6a320000 - 0x00007ffd6a33b000 	C:\WINDOWS\SYSTEM32\CRYPTSP.dll
0x00007ffd69a10000 - 0x00007ffd69a4b000 	C:\WINDOWS\system32\rsaenh.dll
0x00007ffd6a100000 - 0x00007ffd6a12b000 	C:\WINDOWS\SYSTEM32\USERENV.dll
0x00007ffd6ac40000 - 0x00007ffd6ac66000 	C:\WINDOWS\SYSTEM32\bcrypt.dll
0x00007ffd6a340000 - 0x00007ffd6a34c000 	C:\WINDOWS\SYSTEM32\CRYPTBASE.dll
0x00007ffd34f90000 - 0x00007ffd34f9e000 	C:\Program Files\Microsoft\jdk-17.0.10.7-hotspot\bin\sunmscapi.dll
0x00007ffd6b230000 - 0x00007ffd6b3a7000 	C:\WINDOWS\System32\CRYPT32.dll
0x00007ffd6a540000 - 0x00007ffd6a570000 	C:\WINDOWS\SYSTEM32\ncrypt.dll
0x00007ffd6a4f0000 - 0x00007ffd6a52f000 	C:\WINDOWS\SYSTEM32\NTASN1.dll
0x00007ffcdf3f0000 - 0x00007ffcdf3f8000 	C:\WINDOWS\system32\wshunix.dll

dbghelp: loaded successfully - version: 4.0.5 - missing functions: none
symbol engine: initialized successfully - sym options: 0x614 - pdb path: .;C:\Program Files\Microsoft\jdk-17.0.10.7-hotspot\bin;C:\WINDOWS\SYSTEM32;C:\WINDOWS\WinSxS\amd64_microsoft.windows.common-controls_6595b64144ccf1df_6.0.26100.4768_none_3e0c112ce331287c;C:\Program Files\Microsoft\jdk-17.0.10.7-hotspot\bin\server;C:\Users\Mazahir Ali\.gradle\native\1def1411415f61bf3af743bc5b6707747c0891f09f0c88961ee8f79bc544acac\windows-amd64;C:\Users\Mazahir Ali\.gradle\native\jansi\1.18\windows64

VM Arguments:
jvm_args: -Xmx64m -Xms64m -Dorg.gradle.appname=gradlew 
java_command: C:\Utils\UtilsApp\android\\gradle\wrapper\gradle-wrapper.jar assembleRelease
java_class_path (initial): C:\Utils\UtilsApp\android\\gradle\wrapper\gradle-wrapper.jar
Launcher Type: SUN_STANDARD

[Global flags]
     intx CICompilerCount                          = 4                                         {product} {ergonomic}
     uint ConcGCThreads                            = 3                                         {product} {ergonomic}
     uint G1ConcRefinementThreads                  = 10                                        {product} {ergonomic}
   size_t G1HeapRegionSize                         = 1048576                                   {product} {ergonomic}
    uintx GCDrainStackTargetSize                   = 64                                        {product} {ergonomic}
   size_t InitialHeapSize                          = 67108864                                  {product} {command line}
   size_t MarkStackSize                            = 4194304                                   {product} {ergonomic}
   size_t MaxHeapSize                              = 67108864                                  {product} {command line}
   size_t MaxNewSize                               = 39845888                                  {product} {ergonomic}
   size_t MinHeapDeltaBytes                        = 1048576                                   {product} {ergonomic}
   size_t MinHeapSize                              = 67108864                                  {product} {command line}
    uintx NonNMethodCodeHeapSize                   = 5839372                                {pd product} {ergonomic}
    uintx NonProfiledCodeHeapSize                  = 122909434                              {pd product} {ergonomic}
    uintx ProfiledCodeHeapSize                     = 122909434                              {pd product} {ergonomic}
    uintx ReservedCodeCacheSize                    = 251658240                              {pd product} {ergonomic}
     bool SegmentedCodeCache                       = true                                      {product} {ergonomic}
   size_t SoftMaxHeapSize                          = 67108864                               {manageable} {ergonomic}
     bool UseCompressedClassPointers               = true                           {product lp64_product} {ergonomic}
     bool UseCompressedOops                        = true                           {product lp64_product} {ergonomic}
     bool UseG1GC                                  = true                                      {product} {ergonomic}
     bool UseLargePagesIndividualAllocation        = false                                  {pd product} {ergonomic}

Logging:
Log output configuration:
 #0: stdout all=warning uptime,level,tags
 #1: stderr all=off uptime,level,tags

Environment Variables:
JAVA_HOME=C:\Program Files\Microsoft\jdk-17.0.10.7-hotspot\
PATH=C:\Python313\Scripts\;C:\Python313\;C:\Program Files\Eclipse Adoptium\jdk-17.0.10.7-hotspot\bin;C:\Program Files\Microsoft\jdk-17.0.10.7-hotspot\bin;C:\Python312\Scripts\;C:\Python312\;C:\Program Files\Common Files\Oracle\Java\javapath;C:\windows\system32;C:\windows;C:\windows\System32\Wbem;C:\windows\System32\WindowsPowerShell\v1.0\;C:\windows\System32\OpenSSH\;C:\Program Files (x86)\NVIDIA Corporation\PhysX\Common;C:\Program Files\NVIDIA Corporation\NVIDIA NvDLISR;C:\Program Files\MySQL\MySQL Server 8.0\bin;C:\WINDOWS\system32;C:\WINDOWS;C:\WINDOWS\System32\Wbem;C:\WINDOWS\System32\WindowsPowerShell\v1.0\;C:\WINDOWS\System32\OpenSSH\;C:\TDM-GCC-32\bin;C:\Program Files\MongoDB\Server\6.0\bin;C:\Users\Mazahir Ali\Desktop\mongosh-1.8.0-win32-x64.zip\mongosh-1.8.0-win32-x64\bin;C:\ProgramData\chocolatey\bin;C:\Users\Mazahir Ali\AppData\Local\Android\Sdk\platform-tools;C:\Program Files\HP\HP One Agent;C:\Program Files\Git\cmd;C:\Program Files\nodejs\;C:\Program Files\Docker\Docker\resources\bin;C:\WINDOWS\system32;C:\WINDOWS;C:\WINDOWS\System32\Wbem;C:\WINDOWS\System32\WindowsPowerShell\v1.0\;C:\WINDOWS\System32\OpenSSH\;C:\flutter\bin;;c:\Users\Mazahir Ali\AppData\Local\Programs\cursor\resources\app\bin;C:\Program Files\Cloudflare\Cloudflare WARP\;C:\Program Files\MySQL\MySQL Shell 8.0\bin\;C:\Users\Mazahir Ali\AppData\Local\Microsoft\WindowsApps;C:\Users\Mazahir Ali\AppData\Local\Programs\Microsoft VS Code\bin;C:\Program Files\JetBrains\IntelliJ IDEA Community Edition 2022.2.1\bin;;C:\Users\Mazahir Ali\AppData\Local\Programs\Hyper\resources\bin;C:\Program Files\nodejs;C:\Program Files\heroku\bin;C:\Program Files\MongoDB\Server\6.0\bin;C:\Users\Mazahir Ali\Desktop\mongosh-1.8.0-win32-x64.zip\mongosh-1.8.0-win32-x64\bin;C:\Program Files\Java\jdk-18.0.2.1\bin;C:\Users\Mazahir Ali\AppData\Local\Android\Sdk\platform-tools;C:\Users\Mazahir Ali\AppData\Local\Android\Sdk;C:\Program Files\OpenSSL-Win64\bin;C:\Users\Mazahir Ali\AppData\Roaming\npm;C:\src\flutter\bin;C:\Users
USERNAME=Mazahir Ali
LANG=en_US.UTF-8
OS=Windows_NT
PROCESSOR_IDENTIFIER=AMD64 Family 25 Model 80 Stepping 0, AuthenticAMD
TMP=C:\Users\MAZAHI~1\AppData\Local\Temp
TEMP=C:\Users\MAZAHI~1\AppData\Local\Temp



Periodic native trim disabled


---------------  S Y S T E M  ---------------

OS:
 Windows 11 , 64 bit Build 26100 (10.0.26100.4768)
OS uptime: 0 days 23:09 hours
Hyper-V role detected

CPU: total 12 (initial active 12) (12 cores per cpu, 2 threads per core) family 25 model 80 stepping 0 microcode 0xa50000d, cx8, cmov, fxsr, ht, mmx, 3dnowpref, sse, sse2, sse3, ssse3, sse4a, sse4.1, sse4.2, popcnt, lzcnt, tsc, tscinvbit, avx, avx2, aes, erms, clmul, bmi1, bmi2, adx, sha, fma, vzeroupper, clflush, clflushopt, hv
Processor Information for processor 0
  Max Mhz: 3301, Current Mhz: 412, Mhz Limit: 0
Processor Information for processor 1
  Max Mhz: 3301, Current Mhz: 412, Mhz Limit: 0
Processor Information for processor 2
  Max Mhz: 3301, Current Mhz: 3301, Mhz Limit: 3301
Processor Information for processor 3
  Max Mhz: 3301, Current Mhz: 2630, Mhz Limit: 3301
Processor Information for processor 4
  Max Mhz: 3301, Current Mhz: 2630, Mhz Limit: 3301
Processor Information for processor 5
  Max Mhz: 3301, Current Mhz: 2630, Mhz Limit: 3301
Processor Information for processor 6
  Max Mhz: 3301, Current Mhz: 2630, Mhz Limit: 3301
Processor Information for processor 7
  Max Mhz: 3301, Current Mhz: 2630, Mhz Limit: 3301
Processor Information for processor 8
  Max Mhz: 3301, Current Mhz: 2630, Mhz Limit: 3301
Processor Information for processor 9
  Max Mhz: 3301, Current Mhz: 2630, Mhz Limit: 3301
Processor Information for processor 10
  Max Mhz: 3301, Current Mhz: 2630, Mhz Limit: 3301
Processor Information for processor 11
  Max Mhz: 3301, Current Mhz: 2630, Mhz Limit: 3301

Memory: 4k page, system-wide physical 7521M (697M free)
TotalPageFile size 31073M (AvailPageFile size 51M)
current process WorkingSet (physical memory assigned to process): 14M, peak: 116M
current process commit charge ("private bytes"): 171M, peak: 189M

vm_info: OpenJDK 64-Bit Server VM (17.0.10+7-LTS) for windows-amd64 JRE (17.0.10+7-LTS), built on Jan 10 2024 19:47:12 by "MicrosoftCorporation" with MS VC++ 16.10 / 16.11 (VS2019)

END.
